<?xml version="1.0" encoding="UTF-8"?>
<!-- Generated by org.testng.reporters.JUnitXMLReporter -->
<testsuite ignored="0" hostname="Dineshs-MacBook-Pro.local" failures="9" tests="13" name="Default test" time="10.044" errors="0" timestamp="2026-01-16T00:10:17 EST">
  <testcase classname="io.cucumber.testng.AbstractTestNGCucumberTests" name="runScenario" time="3.818"/>
  <testcase classname="io.cucumber.testng.AbstractTestNGCucumberTests" name="runScenario" time="0.55"/>
  <testcase classname="io.cucumber.testng.AbstractTestNGCucumberTests" name="runScenario" time="0.481">
    <failure type="java.lang.AssertionError" message="Status Code Mismatch! expected [401] but found [400]">
      <![CDATA[java.lang.AssertionError: Status Code Mismatch! expected [401] but found [400]
at org.testng.Assert.fail(Assert.java:111)
at org.testng.Assert.failNotEquals(Assert.java:1590)
at org.testng.Assert.assertEqualsImpl(Assert.java:150)
at org.testng.Assert.assertEquals(Assert.java:132)
at org.testng.Assert.assertEquals(Assert.java:1431)
at org.testng.Assert.assertEquals(Assert.java:1395)
at stepDefinitions.UserLoginSteps.admin_validates_response(UserLoginSteps.java:70)
at ✽.Admin validates response(file:///Users/dineshdeshmukh/eclipse-workspace/Team05APISquadHackathon/src/test/resources/Feature/01UserLoginModule.feature:13)
]]>
    </failure>
  </testcase> <!-- runScenario -->
  <testcase classname="io.cucumber.testng.AbstractTestNGCucumberTests" name="runScenario" time="0.526">
    <failure type="java.lang.AssertionError" message="Status Code Mismatch! expected [401] but found [400]">
      <![CDATA[java.lang.AssertionError: Status Code Mismatch! expected [401] but found [400]
at org.testng.Assert.fail(Assert.java:111)
at org.testng.Assert.failNotEquals(Assert.java:1590)
at org.testng.Assert.assertEqualsImpl(Assert.java:150)
at org.testng.Assert.assertEquals(Assert.java:132)
at org.testng.Assert.assertEquals(Assert.java:1431)
at org.testng.Assert.assertEquals(Assert.java:1395)
at stepDefinitions.UserLoginSteps.admin_validates_response(UserLoginSteps.java:70)
at ✽.Admin validates response(file:///Users/dineshdeshmukh/eclipse-workspace/Team05APISquadHackathon/src/test/resources/Feature/01UserLoginModule.feature:13)
]]>
    </failure>
  </testcase> <!-- runScenario -->
  <testcase classname="io.cucumber.testng.AbstractTestNGCucumberTests" name="runScenario" time="0.165">
    <failure type="java.lang.RuntimeException" message="Scenario not found in Excel: numbers in email">
      <![CDATA[java.lang.RuntimeException: Scenario not found in Excel: numbers in email
at payload.UserLoginPayload.lambda$1(UserLoginPayload.java:39)
at java.base/java.util.Optional.orElseThrow(Optional.java:403)
at payload.UserLoginPayload.getRowData(UserLoginPayload.java:39)
at payload.UserLoginPayload.getLoginPayload(UserLoginPayload.java:22)
at requests.UserLoginRequests.createLoginRequest(UserLoginRequests.java:46)
at stepDefinitions.UserLoginSteps.admin_creates_login_request(UserLoginSteps.java:40)
at ✽.Admin creates request with "numbers in email"(file:///Users/dineshdeshmukh/eclipse-workspace/Team05APISquadHackathon/src/test/resources/Feature/01UserLoginModule.feature:11)
]]>
    </failure>
  </testcase> <!-- runScenario -->
  <testcase classname="io.cucumber.testng.AbstractTestNGCucumberTests" name="runScenario" time="0.181">
    <failure type="java.lang.RuntimeException" message="Scenario not found in Excel: numbers in password">
      <![CDATA[java.lang.RuntimeException: Scenario not found in Excel: numbers in password
at payload.UserLoginPayload.lambda$1(UserLoginPayload.java:39)
at java.base/java.util.Optional.orElseThrow(Optional.java:403)
at payload.UserLoginPayload.getRowData(UserLoginPayload.java:39)
at payload.UserLoginPayload.getLoginPayload(UserLoginPayload.java:22)
at requests.UserLoginRequests.createLoginRequest(UserLoginRequests.java:46)
at stepDefinitions.UserLoginSteps.admin_creates_login_request(UserLoginSteps.java:40)
at ✽.Admin creates request with "numbers in password"(file:///Users/dineshdeshmukh/eclipse-workspace/Team05APISquadHackathon/src/test/resources/Feature/01UserLoginModule.feature:11)
]]>
    </failure>
  </testcase> <!-- runScenario -->
  <testcase classname="io.cucumber.testng.AbstractTestNGCucumberTests" name="runScenario" time="0.474">
    <failure type="java.lang.AssertionError" message="Status Code Mismatch! expected [401] but found [400]">
      <![CDATA[java.lang.AssertionError: Status Code Mismatch! expected [401] but found [400]
at org.testng.Assert.fail(Assert.java:111)
at org.testng.Assert.failNotEquals(Assert.java:1590)
at org.testng.Assert.assertEqualsImpl(Assert.java:150)
at org.testng.Assert.assertEquals(Assert.java:132)
at org.testng.Assert.assertEquals(Assert.java:1431)
at org.testng.Assert.assertEquals(Assert.java:1395)
at stepDefinitions.UserLoginSteps.admin_validates_response(UserLoginSteps.java:70)
at ✽.Admin validates response(file:///Users/dineshdeshmukh/eclipse-workspace/Team05APISquadHackathon/src/test/resources/Feature/01UserLoginModule.feature:13)
]]>
    </failure>
  </testcase> <!-- runScenario -->
  <testcase classname="io.cucumber.testng.AbstractTestNGCucumberTests" name="runScenario" time="0.509">
    <failure type="java.lang.AssertionError" message="Status Code Mismatch! expected [401] but found [400]">
      <![CDATA[java.lang.AssertionError: Status Code Mismatch! expected [401] but found [400]
at org.testng.Assert.fail(Assert.java:111)
at org.testng.Assert.failNotEquals(Assert.java:1590)
at org.testng.Assert.assertEqualsImpl(Assert.java:150)
at org.testng.Assert.assertEquals(Assert.java:132)
at org.testng.Assert.assertEquals(Assert.java:1431)
at org.testng.Assert.assertEquals(Assert.java:1395)
at stepDefinitions.UserLoginSteps.admin_validates_response(UserLoginSteps.java:70)
at ✽.Admin validates response(file:///Users/dineshdeshmukh/eclipse-workspace/Team05APISquadHackathon/src/test/resources/Feature/01UserLoginModule.feature:13)
]]>
    </failure>
  </testcase> <!-- runScenario -->
  <testcase classname="io.cucumber.testng.AbstractTestNGCucumberTests" name="runScenario" time="0.366"/>
  <testcase classname="io.cucumber.testng.AbstractTestNGCucumberTests" name="runScenario" time="0.65"/>
  <testcase classname="io.cucumber.testng.AbstractTestNGCucumberTests" name="runScenario" time="0.616">
    <failure type="java.lang.AssertionError" message="Status Code Mismatch! expected [400] but found [401]">
      <![CDATA[java.lang.AssertionError: Status Code Mismatch! expected [400] but found [401]
at org.testng.Assert.fail(Assert.java:111)
at org.testng.Assert.failNotEquals(Assert.java:1590)
at org.testng.Assert.assertEqualsImpl(Assert.java:150)
at org.testng.Assert.assertEquals(Assert.java:132)
at org.testng.Assert.assertEquals(Assert.java:1431)
at org.testng.Assert.assertEquals(Assert.java:1395)
at stepDefinitions.UserLoginSteps.admin_validates_response(UserLoginSteps.java:70)
at ✽.Admin validates response(file:///Users/dineshdeshmukh/eclipse-workspace/Team05APISquadHackathon/src/test/resources/Feature/01UserLoginModule.feature:13)
]]>
    </failure>
  </testcase> <!-- runScenario -->
  <testcase classname="io.cucumber.testng.AbstractTestNGCucumberTests" name="runScenario" time="0.183">
    <failure type="java.lang.RuntimeException" message="Scenario not found in Excel: invalid content">
      <![CDATA[java.lang.RuntimeException: Scenario not found in Excel: invalid content
at payload.UserLoginPayload.lambda$1(UserLoginPayload.java:39)
at java.base/java.util.Optional.orElseThrow(Optional.java:403)
at payload.UserLoginPayload.getRowData(UserLoginPayload.java:39)
at payload.UserLoginPayload.getLoginPayload(UserLoginPayload.java:22)
at requests.UserLoginRequests.createLoginRequest(UserLoginRequests.java:46)
at stepDefinitions.UserLoginSteps.admin_creates_login_request(UserLoginSteps.java:40)
at ✽.Admin creates request with "invalid content"(file:///Users/dineshdeshmukh/eclipse-workspace/Team05APISquadHackathon/src/test/resources/Feature/01UserLoginModule.feature:11)
]]>
    </failure>
  </testcase> <!-- runScenario -->
  <testcase classname="io.cucumber.testng.AbstractTestNGCucumberTests" name="runScenario" time="0.206">
    <failure type="java.lang.RuntimeException" message="Scenario not found in Excel: GET method test">
      <![CDATA[java.lang.RuntimeException: Scenario not found in Excel: GET method test
at payload.UserLoginPayload.lambda$1(UserLoginPayload.java:39)
at java.base/java.util.Optional.orElseThrow(Optional.java:403)
at payload.UserLoginPayload.getRowData(UserLoginPayload.java:39)
at payload.UserLoginPayload.getLoginPayload(UserLoginPayload.java:22)
at requests.UserLoginRequests.createLoginRequest(UserLoginRequests.java:46)
at stepDefinitions.UserLoginSteps.admin_creates_login_request(UserLoginSteps.java:40)
at ✽.Admin creates request with "GET method test"(file:///Users/dineshdeshmukh/eclipse-workspace/Team05APISquadHackathon/src/test/resources/Feature/01UserLoginModule.feature:11)
]]>
    </failure>
  </testcase> <!-- runScenario -->
</testsuite> <!-- Default test -->
