<html>
<head>
<title>TestNG:  Default test</title>
<link href="../testng.css" rel="stylesheet" type="text/css" />
<link href="../my-testng.css" rel="stylesheet" type="text/css" />

<style type="text/css">
.log { display: none;} 
.stack-trace { display: none;} 
</style>
<script type="text/javascript">
<!--
function flip(e) {
  current = e.style.display;
  if (current == 'block') {
    e.style.display = 'none';
    return 0;
  }
  else {
    e.style.display = 'block';
    return 1;
  }
}

function toggleBox(szDivId, elem, msg1, msg2)
{
  var res = -1;  if (document.getElementById) {
    res = flip(document.getElementById(szDivId));
  }
  else if (document.all) {
    // this is the way old msie versions work
    res = flip(document.all[szDivId]);
  }
  if(elem) {
    if(res == 0) elem.innerHTML = msg1; else elem.innerHTML = msg2;
  }

}

function toggleAllBoxes() {
  if (document.getElementsByTagName) {
    d = document.getElementsByTagName('div');
    for (i = 0; i < d.length; i++) {
      if (d[i].className == 'log') {
        flip(d[i]);
      }
    }
  }
}

// -->
</script>

</head>
<body>
<h2 align='center'>Default test</h2><table border='1' align="center">
<tr>
<td>Tests passed/Failed/Skipped:</td><td>4/135/0</td>
</tr><tr>
<td>Started on:</td><td>Fri Jan 16 16:16:04 EST 2026</td>
</tr>
<tr><td>Total time:</td><td>16 seconds (16446 ms)</td>
</tr><tr>
<td>Included groups:</td><td></td>
</tr><tr>
<td>Excluded groups:</td><td></td>
</tr>
</table><p/>
<small><i>(Hover the method name to see the test class name)</i></small><p/>
<table width='100%' border='1' class='invocation-failed'>
<tr><td colspan='4' align='center'><b>FAILED TESTS</b></td></tr>
<tr><td><b>Test method</b></td>
<td><b>Attribute(s)</b></td>
<td width="30%"><b>Exception</b></td>
<td width="10%"><b>Time (seconds)</b></td>
<td><b>Instance</b></td>
</tr>
<tr>
<td title='runner.TestRunner.runScenario()'><b>runScenario</b><br>Test class: runner.TestRunner<br>Test method: Runs Cucumber Scenarios<br>Parameters: "Check if Admin is able to assign User Role to Program/Batch", "GET operations for User Module"</td>
<td><div><pre>java.lang.RuntimeException: Login Token is missing!
	at utilities.TokenManager.getToken(TokenManager.java:20)
	at requests.UserRequest1.setAuth(UserRequest1.java:28)
	at stepDefinitions.UserModuleSteps2.admin_has_valid_bearer_token(UserModuleSteps2.java:28)
	at ✽.Admin has valid Bearer token(file:///Users/dineshdeshmukh/eclipse-workspace/Team05APISquadHackathon/src/test/resources/Feature/06UserModule2.feature:3)
</pre></div><a href='#' onClick='toggleBox("stack-trace176150399", this, "Click to show all stack frames", "Click to hide stack frames")'>Click to show all stack frames</a>
<div class='stack-trace' id='stack-trace176150399'><pre>java.lang.RuntimeException: Login Token is missing!
	at utilities.TokenManager.getToken(TokenManager.java:20)
	at requests.UserRequest1.setAuth(UserRequest1.java:28)
	at stepDefinitions.UserModuleSteps2.admin_has_valid_bearer_token(UserModuleSteps2.java:28)
	at ✽.Admin has valid Bearer token(file:///Users/dineshdeshmukh/eclipse-workspace/Team05APISquadHackathon/src/test/resources/Feature/06UserModule2.feature:3)
</pre></div></td>
<td>0</td>
<td>runner.TestRunner@560348e6</td></tr>
<tr>
<td title='runner.TestRunner.runScenario()'><b>runScenario</b><br>Test class: runner.TestRunner<br>Test method: Runs Cucumber Scenarios<br>Parameters: "Check if Admin is able to retrieve users batchid with valid/invalid userid", "GET operations for User Module"</td>
<td><div><pre>java.lang.RuntimeException: Login Token is missing!
	at utilities.TokenManager.getToken(TokenManager.java:20)
	at requests.UserRequest1.setAuth(UserRequest1.java:28)
	at stepDefinitions.UserModuleSteps2.admin_has_valid_bearer_token(UserModuleSteps2.java:28)
	at ✽.Admin has valid Bearer token(file:///Users/dineshdeshmukh/eclipse-workspace/Team05APISquadHackathon/src/test/resources/Feature/06UserModule2.feature:3)
</pre></div><a href='#' onClick='toggleBox("stack-trace1264380765", this, "Click to show all stack frames", "Click to hide stack frames")'>Click to show all stack frames</a>
<div class='stack-trace' id='stack-trace1264380765'><pre>java.lang.RuntimeException: Login Token is missing!
	at utilities.TokenManager.getToken(TokenManager.java:20)
	at requests.UserRequest1.setAuth(UserRequest1.java:28)
	at stepDefinitions.UserModuleSteps2.admin_has_valid_bearer_token(UserModuleSteps2.java:28)
	at ✽.Admin has valid Bearer token(file:///Users/dineshdeshmukh/eclipse-workspace/Team05APISquadHackathon/src/test/resources/Feature/06UserModule2.feature:3)
</pre></div></td>
<td>0</td>
<td>runner.TestRunner@560348e6</td></tr>
<tr>
<td title='runner.TestRunner.runScenario()'><b>runScenario</b><br>Test class: runner.TestRunner<br>Test method: Runs Cucumber Scenarios<br>Parameters: "Check if admin able to create a New Skill Master with valid endpoint and request body missing some mandatory fields", "Validating Skill Master Module API"</td>
<td><div><pre>java.lang.RuntimeException: Login Token is missing!
	at utilities.TokenManager.getToken(TokenManager.java:20)
	at stepDefinitions.SkillMasterSteps.admin_creates_post_request_for_the_skill_master_lms_api_endpoint(SkillMasterSteps.java:43)
	at ✽.Admin creates POST Request for the Skill Master LMS API endpoint(file:///Users/dineshdeshmukh/eclipse-workspace/Team05APISquadHackathon/src/test/resources/Feature/07SkillMasterModule.feature:19)
</pre></div><a href='#' onClick='toggleBox("stack-trace1964740634", this, "Click to show all stack frames", "Click to hide stack frames")'>Click to show all stack frames</a>
<div class='stack-trace' id='stack-trace1964740634'><pre>java.lang.RuntimeException: Login Token is missing!
	at utilities.TokenManager.getToken(TokenManager.java:20)
	at stepDefinitions.SkillMasterSteps.admin_creates_post_request_for_the_skill_master_lms_api_endpoint(SkillMasterSteps.java:43)
	at ✽.Admin creates POST Request for the Skill Master LMS API endpoint(file:///Users/dineshdeshmukh/eclipse-workspace/Team05APISquadHackathon/src/test/resources/Feature/07SkillMasterModule.feature:19)
</pre></div></td>
<td>0</td>
<td>runner.TestRunner@560348e6</td></tr>
<tr>
<td title='runner.TestRunner.runScenario()'><b>runScenario</b><br>Test class: runner.TestRunner<br>Test method: Runs Cucumber Scenarios<br>Parameters: "Check if admin is able to update program by programName with valid/invalid details", "Validating Program Module API"</td>
<td><div><pre>java.lang.RuntimeException: Login Token is missing!
	at utilities.TokenManager.getToken(TokenManager.java:20)
	at requests.ProgramRequest.setAuth(ProgramRequest.java:32)
	at stepDefinitions.ProgramStepDefinition.admin_set_authorization_to_bearer_token(ProgramStepDefinition.java:25)
	at ✽.Admin set Authorization to Bearer token(file:///Users/dineshdeshmukh/eclipse-workspace/Team05APISquadHackathon/src/test/resources/Feature/04ProgramModule.feature:4)
</pre></div><a href='#' onClick='toggleBox("stack-trace589058590", this, "Click to show all stack frames", "Click to hide stack frames")'>Click to show all stack frames</a>
<div class='stack-trace' id='stack-trace589058590'><pre>java.lang.RuntimeException: Login Token is missing!
	at utilities.TokenManager.getToken(TokenManager.java:20)
	at requests.ProgramRequest.setAuth(ProgramRequest.java:32)
	at stepDefinitions.ProgramStepDefinition.admin_set_authorization_to_bearer_token(ProgramStepDefinition.java:25)
	at ✽.Admin set Authorization to Bearer token(file:///Users/dineshdeshmukh/eclipse-workspace/Team05APISquadHackathon/src/test/resources/Feature/04ProgramModule.feature:4)
</pre></div></td>
<td>0</td>
<td>runner.TestRunner@560348e6</td></tr>
<tr>
<td title='runner.TestRunner.runScenario()'><b>runScenario</b><br>Test class: runner.TestRunner<br>Test method: Runs Cucumber Scenarios<br>Parameters: "Admin login token generation", "Admin Login Controller"</td>
<td><div><pre>java.lang.AssertionError: Status Code Mismatch! expected [401] but found [400]
	at org.testng.Assert.fail(Assert.java:111)
	at org.testng.Assert.failNotEquals(Assert.java:1590)
	at org.testng.Assert.assertEqualsImpl(Assert.java:150)
	at org.testng.Assert.assertEquals(Assert.java:132)
	at org.testng.Assert.assertEquals(Assert.java:1431)
	at org.testng.Assert.assertEquals(Assert.java:1395)
	at stepDefinitions.UserLoginSteps.admin_validates_response(UserLoginSteps.java:35)
	at ✽.Admin validates response(file:///Users/dineshdeshmukh/eclipse-workspace/Team05APISquadHackathon/src/test/resources/Feature/01UserLoginModule.feature:13)
</pre></div><a href='#' onClick='toggleBox("stack-trace1309912859", this, "Click to show all stack frames", "Click to hide stack frames")'>Click to show all stack frames</a>
<div class='stack-trace' id='stack-trace1309912859'><pre>java.lang.AssertionError: Status Code Mismatch! expected [401] but found [400]
	at org.testng.Assert.fail(Assert.java:111)
	at org.testng.Assert.failNotEquals(Assert.java:1590)
	at org.testng.Assert.assertEqualsImpl(Assert.java:150)
	at org.testng.Assert.assertEquals(Assert.java:132)
	at org.testng.Assert.assertEquals(Assert.java:1431)
	at org.testng.Assert.assertEquals(Assert.java:1395)
	at stepDefinitions.UserLoginSteps.admin_validates_response(UserLoginSteps.java:35)
	at ✽.Admin validates response(file:///Users/dineshdeshmukh/eclipse-workspace/Team05APISquadHackathon/src/test/resources/Feature/01UserLoginModule.feature:13)
</pre></div></td>
<td>0</td>
<td>runner.TestRunner@560348e6</td></tr>
<tr>
<td title='runner.TestRunner.runScenario()'><b>runScenario</b><br>Test class: runner.TestRunner<br>Test method: Runs Cucumber Scenarios<br>Parameters: "Check if Admin is able to update user details for existing User ID", "GET operations for User Module"</td>
<td><div><pre>java.lang.RuntimeException: Login Token is missing!
	at utilities.TokenManager.getToken(TokenManager.java:20)
	at requests.UserRequest1.setAuth(UserRequest1.java:28)
	at stepDefinitions.UserModuleSteps2.admin_has_valid_bearer_token(UserModuleSteps2.java:28)
	at ✽.Admin has valid Bearer token(file:///Users/dineshdeshmukh/eclipse-workspace/Team05APISquadHackathon/src/test/resources/Feature/06UserModule2.feature:3)
</pre></div><a href='#' onClick='toggleBox("stack-trace582627504", this, "Click to show all stack frames", "Click to hide stack frames")'>Click to show all stack frames</a>
<div class='stack-trace' id='stack-trace582627504'><pre>java.lang.RuntimeException: Login Token is missing!
	at utilities.TokenManager.getToken(TokenManager.java:20)
	at requests.UserRequest1.setAuth(UserRequest1.java:28)
	at stepDefinitions.UserModuleSteps2.admin_has_valid_bearer_token(UserModuleSteps2.java:28)
	at ✽.Admin has valid Bearer token(file:///Users/dineshdeshmukh/eclipse-workspace/Team05APISquadHackathon/src/test/resources/Feature/06UserModule2.feature:3)
</pre></div></td>
<td>0</td>
<td>runner.TestRunner@560348e6</td></tr>
<tr>
<td title='runner.TestRunner.runScenario()'><b>runScenario</b><br>Test class: runner.TestRunner<br>Test method: Runs Cucumber Scenarios<br>Parameters: "Check if Admin is able to update user Role ID for existing User ID", "GET operations for User Module"</td>
<td><div><pre>java.lang.RuntimeException: Login Token is missing!
	at utilities.TokenManager.getToken(TokenManager.java:20)
	at requests.UserRequest1.setAuth(UserRequest1.java:28)
	at stepDefinitions.UserModuleSteps2.admin_has_valid_bearer_token(UserModuleSteps2.java:28)
	at ✽.Admin has valid Bearer token(file:///Users/dineshdeshmukh/eclipse-workspace/Team05APISquadHackathon/src/test/resources/Feature/06UserModule2.feature:3)
</pre></div><a href='#' onClick='toggleBox("stack-trace815903405", this, "Click to show all stack frames", "Click to hide stack frames")'>Click to show all stack frames</a>
<div class='stack-trace' id='stack-trace815903405'><pre>java.lang.RuntimeException: Login Token is missing!
	at utilities.TokenManager.getToken(TokenManager.java:20)
	at requests.UserRequest1.setAuth(UserRequest1.java:28)
	at stepDefinitions.UserModuleSteps2.admin_has_valid_bearer_token(UserModuleSteps2.java:28)
	at ✽.Admin has valid Bearer token(file:///Users/dineshdeshmukh/eclipse-workspace/Team05APISquadHackathon/src/test/resources/Feature/06UserModule2.feature:3)
</pre></div></td>
<td>0</td>
<td>runner.TestRunner@560348e6</td></tr>
<tr>
<td title='runner.TestRunner.runScenario()'><b>runScenario</b><br>Test class: runner.TestRunner<br>Test method: Runs Cucumber Scenarios<br>Parameters: "Check if admin is able to GET program by programID with valid/invalid details", "Validating Program Module API"</td>
<td><div><pre>java.lang.RuntimeException: Login Token is missing!
	at utilities.TokenManager.getToken(TokenManager.java:20)
	at requests.ProgramRequest.setAuth(ProgramRequest.java:32)
	at stepDefinitions.ProgramStepDefinition.admin_set_authorization_to_bearer_token(ProgramStepDefinition.java:25)
	at ✽.Admin set Authorization to Bearer token(file:///Users/dineshdeshmukh/eclipse-workspace/Team05APISquadHackathon/src/test/resources/Feature/04ProgramModule.feature:4)
</pre></div><a href='#' onClick='toggleBox("stack-trace307663451", this, "Click to show all stack frames", "Click to hide stack frames")'>Click to show all stack frames</a>
<div class='stack-trace' id='stack-trace307663451'><pre>java.lang.RuntimeException: Login Token is missing!
	at utilities.TokenManager.getToken(TokenManager.java:20)
	at requests.ProgramRequest.setAuth(ProgramRequest.java:32)
	at stepDefinitions.ProgramStepDefinition.admin_set_authorization_to_bearer_token(ProgramStepDefinition.java:25)
	at ✽.Admin set Authorization to Bearer token(file:///Users/dineshdeshmukh/eclipse-workspace/Team05APISquadHackathon/src/test/resources/Feature/04ProgramModule.feature:4)
</pre></div></td>
<td>0</td>
<td>runner.TestRunner@560348e6</td></tr>
<tr>
<td title='runner.TestRunner.runScenario()'><b>runScenario</b><br>Test class: runner.TestRunner<br>Test method: Runs Cucumber Scenarios<br>Parameters: "Admin login token generation", "Admin Login Controller"</td>
<td><div><pre>io.restassured.path.json.exception.JsonPathException: Failed to parse the JSON document
	at io.restassured.path.json.JsonPath$ExceptionCatcher.invoke(JsonPath.java:1002)
	at io.restassured.path.json.JsonPath$4.doParseWith(JsonPath.java:967)
	at io.restassured.path.json.JsonPath$JsonParser.parseWith(JsonPath.java:1047)
	at io.restassured.path.json.JsonPath.get(JsonPath.java:202)
	at io.restassured.path.json.JsonPath.getString(JsonPath.java:352)
	at utilities.CommonUtils.validateResponseMessage(CommonUtils.java:91)
	at stepDefinitions.UserLoginSteps.admin_validates_response(UserLoginSteps.java:40)
	at ✽.Admin validates response(file:///Users/dineshdeshmukh/eclipse-workspace/Team05APISquadHackathon/src/test/resources/Feature/01UserLoginModule.feature:13)
Caused by: java.lang.IllegalArgumentException: The JSON input text should neither be null nor empty.
	at java.base/jdk.internal.reflect.DirectConstructorHandleAccessor.newInstance(DirectConstructorHandleAccessor.java:62)
	at java.base/java.lang.reflect.Constructor.newInstanceWithCaller(Constructor.java:501)
	at java.base/java.lang.reflect.Constructor.newInstance(Constructor.java:485)
	at org.codehaus.groovy.reflection.CachedConstructor.invoke(CachedConstructor.java:73)
	at org.codehaus.groovy.runtime.callsite.ConstructorSite$ConstructorSiteNoUnwrapNoCoerce.callConstructor(ConstructorSite.java:108)
	at org.codehaus.groovy.runtime.callsite.CallSiteArray.defaultCallConstructor(CallSiteArray.java:57)
	at org.codehaus.groovy.runtime.callsite.AbstractCallSite.callConstructor(AbstractCallSite.java:263)
	at org.codehaus.groovy.runtime.callsite.AbstractCallSite.callConstructor(AbstractCallSite.java:277)
	at io.restassured.internal.path.json.ConfigurableJsonSlurper.parseText(ConfigurableJsonSlurper.groovy:80)
	at io.restassured.path.json.JsonPath$4$1.method(JsonPath.java:965)
	at io.restassured.path.json.JsonPath$ExceptionCatcher.invoke(JsonPath.java:1000)
	... 7 more
</pre></div><a href='#' onClick='toggleBox("stack-trace402847244", this, "Click to show all stack frames", "Click to hide stack frames")'>Click to show all stack frames</a>
<div class='stack-trace' id='stack-trace402847244'><pre>io.restassured.path.json.exception.JsonPathException: Failed to parse the JSON document
	at io.restassured.path.json.JsonPath$ExceptionCatcher.invoke(JsonPath.java:1002)
	at io.restassured.path.json.JsonPath$4.doParseWith(JsonPath.java:967)
	at io.restassured.path.json.JsonPath$JsonParser.parseWith(JsonPath.java:1047)
	at io.restassured.path.json.JsonPath.get(JsonPath.java:202)
	at io.restassured.path.json.JsonPath.getString(JsonPath.java:352)
	at utilities.CommonUtils.validateResponseMessage(CommonUtils.java:91)
	at stepDefinitions.UserLoginSteps.admin_validates_response(UserLoginSteps.java:40)
	at ✽.Admin validates response(file:///Users/dineshdeshmukh/eclipse-workspace/Team05APISquadHackathon/src/test/resources/Feature/01UserLoginModule.feature:13)
Caused by: java.lang.IllegalArgumentException: The JSON input text should neither be null nor empty.
	at java.base/jdk.internal.reflect.DirectConstructorHandleAccessor.newInstance(DirectConstructorHandleAccessor.java:62)
	at java.base/java.lang.reflect.Constructor.newInstanceWithCaller(Constructor.java:501)
	at java.base/java.lang.reflect.Constructor.newInstance(Constructor.java:485)
	at org.codehaus.groovy.reflection.CachedConstructor.invoke(CachedConstructor.java:73)
	at org.codehaus.groovy.runtime.callsite.ConstructorSite$ConstructorSiteNoUnwrapNoCoerce.callConstructor(ConstructorSite.java:108)
	at org.codehaus.groovy.runtime.callsite.CallSiteArray.defaultCallConstructor(CallSiteArray.java:57)
	at org.codehaus.groovy.runtime.callsite.AbstractCallSite.callConstructor(AbstractCallSite.java:263)
	at org.codehaus.groovy.runtime.callsite.AbstractCallSite.callConstructor(AbstractCallSite.java:277)
	at io.restassured.internal.path.json.ConfigurableJsonSlurper.parseText(ConfigurableJsonSlurper.groovy:80)
	at io.restassured.path.json.JsonPath$4$1.method(JsonPath.java:965)
	at io.restassured.path.json.JsonPath$ExceptionCatcher.invoke(JsonPath.java:1000)
	... 7 more
</pre></div></td>
<td>0</td>
<td>runner.TestRunner@560348e6</td></tr>
<tr>
<td title='runner.TestRunner.runScenario()'><b>runScenario</b><br>Test class: runner.TestRunner<br>Test method: Runs Cucumber Scenarios<br>Parameters: "Check if admin is able to create program with valid/invalid details", "Validating Program Module API"</td>
<td><div><pre>java.lang.RuntimeException: Login Token is missing!
	at utilities.TokenManager.getToken(TokenManager.java:20)
	at requests.ProgramRequest.setAuth(ProgramRequest.java:32)
	at stepDefinitions.ProgramStepDefinition.admin_set_authorization_to_bearer_token(ProgramStepDefinition.java:25)
	at ✽.Admin set Authorization to Bearer token(file:///Users/dineshdeshmukh/eclipse-workspace/Team05APISquadHackathon/src/test/resources/Feature/04ProgramModule.feature:4)
</pre></div><a href='#' onClick='toggleBox("stack-trace1057161751", this, "Click to show all stack frames", "Click to hide stack frames")'>Click to show all stack frames</a>
<div class='stack-trace' id='stack-trace1057161751'><pre>java.lang.RuntimeException: Login Token is missing!
	at utilities.TokenManager.getToken(TokenManager.java:20)
	at requests.ProgramRequest.setAuth(ProgramRequest.java:32)
	at stepDefinitions.ProgramStepDefinition.admin_set_authorization_to_bearer_token(ProgramStepDefinition.java:25)
	at ✽.Admin set Authorization to Bearer token(file:///Users/dineshdeshmukh/eclipse-workspace/Team05APISquadHackathon/src/test/resources/Feature/04ProgramModule.feature:4)
</pre></div></td>
<td>0</td>
<td>runner.TestRunner@560348e6</td></tr>
<tr>
<td title='runner.TestRunner.runScenario()'><b>runScenario</b><br>Test class: runner.TestRunner<br>Test method: Runs Cucumber Scenarios<br>Parameters: "Admin login token generation", "Admin Login Controller"</td>
<td><div><pre>java.lang.AssertionError: Status Code Mismatch! expected [401] but found [400]
	at org.testng.Assert.fail(Assert.java:111)
	at org.testng.Assert.failNotEquals(Assert.java:1590)
	at org.testng.Assert.assertEqualsImpl(Assert.java:150)
	at org.testng.Assert.assertEquals(Assert.java:132)
	at org.testng.Assert.assertEquals(Assert.java:1431)
	at org.testng.Assert.assertEquals(Assert.java:1395)
	at stepDefinitions.UserLoginSteps.admin_validates_response(UserLoginSteps.java:35)
	at ✽.Admin validates response(file:///Users/dineshdeshmukh/eclipse-workspace/Team05APISquadHackathon/src/test/resources/Feature/01UserLoginModule.feature:13)
</pre></div><a href='#' onClick='toggleBox("stack-trace129730220", this, "Click to show all stack frames", "Click to hide stack frames")'>Click to show all stack frames</a>
<div class='stack-trace' id='stack-trace129730220'><pre>java.lang.AssertionError: Status Code Mismatch! expected [401] but found [400]
	at org.testng.Assert.fail(Assert.java:111)
	at org.testng.Assert.failNotEquals(Assert.java:1590)
	at org.testng.Assert.assertEqualsImpl(Assert.java:150)
	at org.testng.Assert.assertEquals(Assert.java:132)
	at org.testng.Assert.assertEquals(Assert.java:1431)
	at org.testng.Assert.assertEquals(Assert.java:1395)
	at stepDefinitions.UserLoginSteps.admin_validates_response(UserLoginSteps.java:35)
	at ✽.Admin validates response(file:///Users/dineshdeshmukh/eclipse-workspace/Team05APISquadHackathon/src/test/resources/Feature/01UserLoginModule.feature:13)
</pre></div></td>
<td>0</td>
<td>runner.TestRunner@560348e6</td></tr>
<tr>
<td title='runner.TestRunner.runScenario()'><b>runScenario</b><br>Test class: runner.TestRunner<br>Test method: Runs Cucumber Scenarios<br>Parameters: "Check if admin able to retrieve active user emails with valid/invalid Endpoints", "User Module1 [Post Operation]"</td>
<td><div><pre>java.lang.RuntimeException: Login Token is missing!
	at utilities.TokenManager.getToken(TokenManager.java:20)
	at requests.UserRequest.setAuth(UserRequest.java:36)
	at stepDefinitions.UserModuleSteps1.admin_sets_bearer_token(UserModuleSteps1.java:30)
	at ✽.Admin sets Bearer token(file:///Users/dineshdeshmukh/eclipse-workspace/Team05APISquadHackathon/src/test/resources/Feature/02UserModule1Create.feature:5)
</pre></div><a href='#' onClick='toggleBox("stack-trace516753877", this, "Click to show all stack frames", "Click to hide stack frames")'>Click to show all stack frames</a>
<div class='stack-trace' id='stack-trace516753877'><pre>java.lang.RuntimeException: Login Token is missing!
	at utilities.TokenManager.getToken(TokenManager.java:20)
	at requests.UserRequest.setAuth(UserRequest.java:36)
	at stepDefinitions.UserModuleSteps1.admin_sets_bearer_token(UserModuleSteps1.java:30)
	at ✽.Admin sets Bearer token(file:///Users/dineshdeshmukh/eclipse-workspace/Team05APISquadHackathon/src/test/resources/Feature/02UserModule1Create.feature:5)
</pre></div></td>
<td>0</td>
<td>runner.TestRunner@560348e6</td></tr>
<tr>
<td title='runner.TestRunner.runScenario()'><b>runScenario</b><br>Test class: runner.TestRunner<br>Test method: Runs Cucumber Scenarios<br>Parameters: "Check if admin is able to create user with valid/invalid details", "User Module1 [Post Operation]"</td>
<td><div><pre>java.lang.RuntimeException: Login Token is missing!
	at utilities.TokenManager.getToken(TokenManager.java:20)
	at requests.UserRequest.setAuth(UserRequest.java:36)
	at stepDefinitions.UserModuleSteps1.admin_sets_bearer_token(UserModuleSteps1.java:30)
	at ✽.Admin sets Bearer token(file:///Users/dineshdeshmukh/eclipse-workspace/Team05APISquadHackathon/src/test/resources/Feature/02UserModule1Create.feature:5)
</pre></div><a href='#' onClick='toggleBox("stack-trace1002650329", this, "Click to show all stack frames", "Click to hide stack frames")'>Click to show all stack frames</a>
<div class='stack-trace' id='stack-trace1002650329'><pre>java.lang.RuntimeException: Login Token is missing!
	at utilities.TokenManager.getToken(TokenManager.java:20)
	at requests.UserRequest.setAuth(UserRequest.java:36)
	at stepDefinitions.UserModuleSteps1.admin_sets_bearer_token(UserModuleSteps1.java:30)
	at ✽.Admin sets Bearer token(file:///Users/dineshdeshmukh/eclipse-workspace/Team05APISquadHackathon/src/test/resources/Feature/02UserModule1Create.feature:5)
</pre></div></td>
<td>0</td>
<td>runner.TestRunner@560348e6</td></tr>
<tr>
<td title='runner.TestRunner.runScenario()'><b>runScenario</b><br>Test class: runner.TestRunner<br>Test method: Runs Cucumber Scenarios<br>Parameters: "Check if admin is able to update program by programName with valid/invalid details", "Validating Program Module API"</td>
<td><div><pre>java.lang.RuntimeException: Login Token is missing!
	at utilities.TokenManager.getToken(TokenManager.java:20)
	at requests.ProgramRequest.setAuth(ProgramRequest.java:32)
	at stepDefinitions.ProgramStepDefinition.admin_set_authorization_to_bearer_token(ProgramStepDefinition.java:25)
	at ✽.Admin set Authorization to Bearer token(file:///Users/dineshdeshmukh/eclipse-workspace/Team05APISquadHackathon/src/test/resources/Feature/04ProgramModule.feature:4)
</pre></div><a href='#' onClick='toggleBox("stack-trace1562669118", this, "Click to show all stack frames", "Click to hide stack frames")'>Click to show all stack frames</a>
<div class='stack-trace' id='stack-trace1562669118'><pre>java.lang.RuntimeException: Login Token is missing!
	at utilities.TokenManager.getToken(TokenManager.java:20)
	at requests.ProgramRequest.setAuth(ProgramRequest.java:32)
	at stepDefinitions.ProgramStepDefinition.admin_set_authorization_to_bearer_token(ProgramStepDefinition.java:25)
	at ✽.Admin set Authorization to Bearer token(file:///Users/dineshdeshmukh/eclipse-workspace/Team05APISquadHackathon/src/test/resources/Feature/04ProgramModule.feature:4)
</pre></div></td>
<td>0</td>
<td>runner.TestRunner@560348e6</td></tr>
<tr>
<td title='runner.TestRunner.runScenario()'><b>runScenario</b><br>Test class: runner.TestRunner<br>Test method: Runs Cucumber Scenarios<br>Parameters: "Admin login token generation", "Admin Login Controller"</td>
<td><div><pre>java.lang.RuntimeException: StatusCode is missing in Excel for scenario: numbers in email
	at requests.UserLoginRequests.getStatusCode(UserLoginRequests.java:127)
	at stepDefinitions.UserLoginSteps.admin_validates_response(UserLoginSteps.java:34)
	at ✽.Admin validates response(file:///Users/dineshdeshmukh/eclipse-workspace/Team05APISquadHackathon/src/test/resources/Feature/01UserLoginModule.feature:13)
</pre></div><a href='#' onClick='toggleBox("stack-trace1374685679", this, "Click to show all stack frames", "Click to hide stack frames")'>Click to show all stack frames</a>
<div class='stack-trace' id='stack-trace1374685679'><pre>java.lang.RuntimeException: StatusCode is missing in Excel for scenario: numbers in email
	at requests.UserLoginRequests.getStatusCode(UserLoginRequests.java:127)
	at stepDefinitions.UserLoginSteps.admin_validates_response(UserLoginSteps.java:34)
	at ✽.Admin validates response(file:///Users/dineshdeshmukh/eclipse-workspace/Team05APISquadHackathon/src/test/resources/Feature/01UserLoginModule.feature:13)
</pre></div></td>
<td>0</td>
<td>runner.TestRunner@560348e6</td></tr>
<tr>
<td title='runner.TestRunner.runScenario()'><b>runScenario</b><br>Test class: runner.TestRunner<br>Test method: Runs Cucumber Scenarios<br>Parameters: "Check if admin is able to create a Batch with valid/invalid details "ValidDetailsBatchPost"", "To test the API request of Batch Module"</td>
<td><div><pre>java.lang.RuntimeException: Login Token is missing!
	at utilities.TokenManager.getToken(TokenManager.java:20)
	at requests.ProgramBatchRequests.setAuth(ProgramBatchRequests.java:32)
	at stepDefinitions.ProgramBatchSteps.admin_set_authorization_for_batch(ProgramBatchSteps.java:26)
	at ✽.Admin set Authorization for batch(file:///Users/dineshdeshmukh/eclipse-workspace/Team05APISquadHackathon/src/test/resources/Feature/05ProgramBatchModule.feature:4)
</pre></div><a href='#' onClick='toggleBox("stack-trace1202402952", this, "Click to show all stack frames", "Click to hide stack frames")'>Click to show all stack frames</a>
<div class='stack-trace' id='stack-trace1202402952'><pre>java.lang.RuntimeException: Login Token is missing!
	at utilities.TokenManager.getToken(TokenManager.java:20)
	at requests.ProgramBatchRequests.setAuth(ProgramBatchRequests.java:32)
	at stepDefinitions.ProgramBatchSteps.admin_set_authorization_for_batch(ProgramBatchSteps.java:26)
	at ✽.Admin set Authorization for batch(file:///Users/dineshdeshmukh/eclipse-workspace/Team05APISquadHackathon/src/test/resources/Feature/05ProgramBatchModule.feature:4)
</pre></div></td>
<td>0</td>
<td>runner.TestRunner@560348e6</td></tr>
<tr>
<td title='runner.TestRunner.runScenario()'><b>runScenario</b><br>Test class: runner.TestRunner<br>Test method: Runs Cucumber Scenarios<br>Parameters: "Check if Admin able to delete a program with valid/invalid program ID", "Validating Program Module API"</td>
<td><div><pre>java.lang.RuntimeException: Login Token is missing!
	at utilities.TokenManager.getToken(TokenManager.java:20)
	at requests.ProgramRequest.setAuth(ProgramRequest.java:32)
	at stepDefinitions.ProgramStepDefinition.admin_set_authorization_to_bearer_token(ProgramStepDefinition.java:25)
	at ✽.Admin set Authorization to Bearer token(file:///Users/dineshdeshmukh/eclipse-workspace/Team05APISquadHackathon/src/test/resources/Feature/08Delete.feature:4)
</pre></div><a href='#' onClick='toggleBox("stack-trace1533987146", this, "Click to show all stack frames", "Click to hide stack frames")'>Click to show all stack frames</a>
<div class='stack-trace' id='stack-trace1533987146'><pre>java.lang.RuntimeException: Login Token is missing!
	at utilities.TokenManager.getToken(TokenManager.java:20)
	at requests.ProgramRequest.setAuth(ProgramRequest.java:32)
	at stepDefinitions.ProgramStepDefinition.admin_set_authorization_to_bearer_token(ProgramStepDefinition.java:25)
	at ✽.Admin set Authorization to Bearer token(file:///Users/dineshdeshmukh/eclipse-workspace/Team05APISquadHackathon/src/test/resources/Feature/08Delete.feature:4)
</pre></div></td>
<td>0</td>
<td>runner.TestRunner@560348e6</td></tr>
<tr>
<td title='runner.TestRunner.runScenario()'><b>runScenario</b><br>Test class: runner.TestRunner<br>Test method: Runs Cucumber Scenarios<br>Parameters: "Check if admin is able to GetAllProgram with valid/invalid details", "Validating Program Module API"</td>
<td><div><pre>java.lang.RuntimeException: Login Token is missing!
	at utilities.TokenManager.getToken(TokenManager.java:20)
	at requests.ProgramRequest.setAuth(ProgramRequest.java:32)
	at stepDefinitions.ProgramStepDefinition.admin_set_authorization_to_bearer_token(ProgramStepDefinition.java:25)
	at ✽.Admin set Authorization to Bearer token(file:///Users/dineshdeshmukh/eclipse-workspace/Team05APISquadHackathon/src/test/resources/Feature/04ProgramModule.feature:4)
</pre></div><a href='#' onClick='toggleBox("stack-trace1500512598", this, "Click to show all stack frames", "Click to hide stack frames")'>Click to show all stack frames</a>
<div class='stack-trace' id='stack-trace1500512598'><pre>java.lang.RuntimeException: Login Token is missing!
	at utilities.TokenManager.getToken(TokenManager.java:20)
	at requests.ProgramRequest.setAuth(ProgramRequest.java:32)
	at stepDefinitions.ProgramStepDefinition.admin_set_authorization_to_bearer_token(ProgramStepDefinition.java:25)
	at ✽.Admin set Authorization to Bearer token(file:///Users/dineshdeshmukh/eclipse-workspace/Team05APISquadHackathon/src/test/resources/Feature/04ProgramModule.feature:4)
</pre></div></td>
<td>0</td>
<td>runner.TestRunner@560348e6</td></tr>
<tr>
<td title='runner.TestRunner.runScenario()'><b>runScenario</b><br>Test class: runner.TestRunner<br>Test method: Runs Cucumber Scenarios<br>Parameters: "Check if Admin is able to delete Valid/Invalid UserID", "Validating Program Module API"</td>
<td><div><pre>java.lang.RuntimeException: Login Token is missing!
	at utilities.TokenManager.getToken(TokenManager.java:20)
	at requests.ProgramRequest.setAuth(ProgramRequest.java:32)
	at stepDefinitions.ProgramStepDefinition.admin_set_authorization_to_bearer_token(ProgramStepDefinition.java:25)
	at ✽.Admin set Authorization to Bearer token(file:///Users/dineshdeshmukh/eclipse-workspace/Team05APISquadHackathon/src/test/resources/Feature/08Delete.feature:4)
</pre></div><a href='#' onClick='toggleBox("stack-trace1733433977", this, "Click to show all stack frames", "Click to hide stack frames")'>Click to show all stack frames</a>
<div class='stack-trace' id='stack-trace1733433977'><pre>java.lang.RuntimeException: Login Token is missing!
	at utilities.TokenManager.getToken(TokenManager.java:20)
	at requests.ProgramRequest.setAuth(ProgramRequest.java:32)
	at stepDefinitions.ProgramStepDefinition.admin_set_authorization_to_bearer_token(ProgramStepDefinition.java:25)
	at ✽.Admin set Authorization to Bearer token(file:///Users/dineshdeshmukh/eclipse-workspace/Team05APISquadHackathon/src/test/resources/Feature/08Delete.feature:4)
</pre></div></td>
<td>0</td>
<td>runner.TestRunner@560348e6</td></tr>
<tr>
<td title='runner.TestRunner.runScenario()'><b>runScenario</b><br>Test class: runner.TestRunner<br>Test method: Runs Cucumber Scenarios<br>Parameters: "Check if Admin is able to update User Login Status", "GET operations for User Module"</td>
<td><div><pre>java.lang.RuntimeException: Login Token is missing!
	at utilities.TokenManager.getToken(TokenManager.java:20)
	at requests.UserRequest1.setAuth(UserRequest1.java:28)
	at stepDefinitions.UserModuleSteps2.admin_has_valid_bearer_token(UserModuleSteps2.java:28)
	at ✽.Admin has valid Bearer token(file:///Users/dineshdeshmukh/eclipse-workspace/Team05APISquadHackathon/src/test/resources/Feature/06UserModule2.feature:3)
</pre></div><a href='#' onClick='toggleBox("stack-trace2083643423", this, "Click to show all stack frames", "Click to hide stack frames")'>Click to show all stack frames</a>
<div class='stack-trace' id='stack-trace2083643423'><pre>java.lang.RuntimeException: Login Token is missing!
	at utilities.TokenManager.getToken(TokenManager.java:20)
	at requests.UserRequest1.setAuth(UserRequest1.java:28)
	at stepDefinitions.UserModuleSteps2.admin_has_valid_bearer_token(UserModuleSteps2.java:28)
	at ✽.Admin has valid Bearer token(file:///Users/dineshdeshmukh/eclipse-workspace/Team05APISquadHackathon/src/test/resources/Feature/06UserModule2.feature:3)
</pre></div></td>
<td>0</td>
<td>runner.TestRunner@560348e6</td></tr>
<tr>
<td title='runner.TestRunner.runScenario()'><b>runScenario</b><br>Test class: runner.TestRunner<br>Test method: Runs Cucumber Scenarios<br>Parameters: "Check if admin is able to update program by programName with valid/invalid details", "Validating Program Module API"</td>
<td><div><pre>java.lang.RuntimeException: Login Token is missing!
	at utilities.TokenManager.getToken(TokenManager.java:20)
	at requests.ProgramRequest.setAuth(ProgramRequest.java:32)
	at stepDefinitions.ProgramStepDefinition.admin_set_authorization_to_bearer_token(ProgramStepDefinition.java:25)
	at ✽.Admin set Authorization to Bearer token(file:///Users/dineshdeshmukh/eclipse-workspace/Team05APISquadHackathon/src/test/resources/Feature/04ProgramModule.feature:4)
</pre></div><a href='#' onClick='toggleBox("stack-trace388551431", this, "Click to show all stack frames", "Click to hide stack frames")'>Click to show all stack frames</a>
<div class='stack-trace' id='stack-trace388551431'><pre>java.lang.RuntimeException: Login Token is missing!
	at utilities.TokenManager.getToken(TokenManager.java:20)
	at requests.ProgramRequest.setAuth(ProgramRequest.java:32)
	at stepDefinitions.ProgramStepDefinition.admin_set_authorization_to_bearer_token(ProgramStepDefinition.java:25)
	at ✽.Admin set Authorization to Bearer token(file:///Users/dineshdeshmukh/eclipse-workspace/Team05APISquadHackathon/src/test/resources/Feature/04ProgramModule.feature:4)
</pre></div></td>
<td>0</td>
<td>runner.TestRunner@560348e6</td></tr>
<tr>
<td title='runner.TestRunner.runScenario()'><b>runScenario</b><br>Test class: runner.TestRunner<br>Test method: Runs Cucumber Scenarios<br>Parameters: "Check if admin able to retrieve user by ID with valid/invalid details", "User Module1 [Post Operation]"</td>
<td><div><pre>java.lang.RuntimeException: Login Token is missing!
	at utilities.TokenManager.getToken(TokenManager.java:20)
	at requests.UserRequest.setAuth(UserRequest.java:36)
	at stepDefinitions.UserModuleSteps1.admin_sets_bearer_token(UserModuleSteps1.java:30)
	at ✽.Admin sets Bearer token(file:///Users/dineshdeshmukh/eclipse-workspace/Team05APISquadHackathon/src/test/resources/Feature/02UserModule1Create.feature:5)
</pre></div><a href='#' onClick='toggleBox("stack-trace362023079", this, "Click to show all stack frames", "Click to hide stack frames")'>Click to show all stack frames</a>
<div class='stack-trace' id='stack-trace362023079'><pre>java.lang.RuntimeException: Login Token is missing!
	at utilities.TokenManager.getToken(TokenManager.java:20)
	at requests.UserRequest.setAuth(UserRequest.java:36)
	at stepDefinitions.UserModuleSteps1.admin_sets_bearer_token(UserModuleSteps1.java:30)
	at ✽.Admin sets Bearer token(file:///Users/dineshdeshmukh/eclipse-workspace/Team05APISquadHackathon/src/test/resources/Feature/02UserModule1Create.feature:5)
</pre></div></td>
<td>0</td>
<td>runner.TestRunner@560348e6</td></tr>
<tr>
<td title='runner.TestRunner.runScenario()'><b>runScenario</b><br>Test class: runner.TestRunner<br>Test method: Runs Cucumber Scenarios<br>Parameters: "Check if admin able to retrieve user counts by status/role", "User Module1 [Post Operation]"</td>
<td><div><pre>java.lang.RuntimeException: Login Token is missing!
	at utilities.TokenManager.getToken(TokenManager.java:20)
	at requests.UserRequest.setAuth(UserRequest.java:36)
	at stepDefinitions.UserModuleSteps1.admin_sets_bearer_token(UserModuleSteps1.java:30)
	at ✽.Admin sets Bearer token(file:///Users/dineshdeshmukh/eclipse-workspace/Team05APISquadHackathon/src/test/resources/Feature/02UserModule1Create.feature:5)
</pre></div><a href='#' onClick='toggleBox("stack-trace1981749800", this, "Click to show all stack frames", "Click to hide stack frames")'>Click to show all stack frames</a>
<div class='stack-trace' id='stack-trace1981749800'><pre>java.lang.RuntimeException: Login Token is missing!
	at utilities.TokenManager.getToken(TokenManager.java:20)
	at requests.UserRequest.setAuth(UserRequest.java:36)
	at stepDefinitions.UserModuleSteps1.admin_sets_bearer_token(UserModuleSteps1.java:30)
	at ✽.Admin sets Bearer token(file:///Users/dineshdeshmukh/eclipse-workspace/Team05APISquadHackathon/src/test/resources/Feature/02UserModule1Create.feature:5)
</pre></div></td>
<td>0</td>
<td>runner.TestRunner@560348e6</td></tr>
<tr>
<td title='runner.TestRunner.runScenario()'><b>runScenario</b><br>Test class: runner.TestRunner<br>Test method: Runs Cucumber Scenarios<br>Parameters: "Check if admin is able to update program by programName with valid/invalid details", "Validating Program Module API"</td>
<td><div><pre>java.lang.RuntimeException: Login Token is missing!
	at utilities.TokenManager.getToken(TokenManager.java:20)
	at requests.ProgramRequest.setAuth(ProgramRequest.java:32)
	at stepDefinitions.ProgramStepDefinition.admin_set_authorization_to_bearer_token(ProgramStepDefinition.java:25)
	at ✽.Admin set Authorization to Bearer token(file:///Users/dineshdeshmukh/eclipse-workspace/Team05APISquadHackathon/src/test/resources/Feature/04ProgramModule.feature:4)
</pre></div><a href='#' onClick='toggleBox("stack-trace391463702", this, "Click to show all stack frames", "Click to hide stack frames")'>Click to show all stack frames</a>
<div class='stack-trace' id='stack-trace391463702'><pre>java.lang.RuntimeException: Login Token is missing!
	at utilities.TokenManager.getToken(TokenManager.java:20)
	at requests.ProgramRequest.setAuth(ProgramRequest.java:32)
	at stepDefinitions.ProgramStepDefinition.admin_set_authorization_to_bearer_token(ProgramStepDefinition.java:25)
	at ✽.Admin set Authorization to Bearer token(file:///Users/dineshdeshmukh/eclipse-workspace/Team05APISquadHackathon/src/test/resources/Feature/04ProgramModule.feature:4)
</pre></div></td>
<td>0</td>
<td>runner.TestRunner@560348e6</td></tr>
<tr>
<td title='runner.TestRunner.runScenario()'><b>runScenario</b><br>Test class: runner.TestRunner<br>Test method: Runs Cucumber Scenarios<br>Parameters: "Check if admin able to retrieve all roles", "User Module1 [Post Operation]"</td>
<td><div><pre>java.lang.RuntimeException: Login Token is missing!
	at utilities.TokenManager.getToken(TokenManager.java:20)
	at requests.UserRequest.setAuth(UserRequest.java:36)
	at stepDefinitions.UserModuleSteps1.admin_sets_bearer_token(UserModuleSteps1.java:30)
	at ✽.Admin sets Bearer token(file:///Users/dineshdeshmukh/eclipse-workspace/Team05APISquadHackathon/src/test/resources/Feature/02UserModule1Create.feature:5)
</pre></div><a href='#' onClick='toggleBox("stack-trace1000871406", this, "Click to show all stack frames", "Click to hide stack frames")'>Click to show all stack frames</a>
<div class='stack-trace' id='stack-trace1000871406'><pre>java.lang.RuntimeException: Login Token is missing!
	at utilities.TokenManager.getToken(TokenManager.java:20)
	at requests.UserRequest.setAuth(UserRequest.java:36)
	at stepDefinitions.UserModuleSteps1.admin_sets_bearer_token(UserModuleSteps1.java:30)
	at ✽.Admin sets Bearer token(file:///Users/dineshdeshmukh/eclipse-workspace/Team05APISquadHackathon/src/test/resources/Feature/02UserModule1Create.feature:5)
</pre></div></td>
<td>0</td>
<td>runner.TestRunner@560348e6</td></tr>
<tr>
<td title='runner.TestRunner.runScenario()'><b>runScenario</b><br>Test class: runner.TestRunner<br>Test method: Runs Cucumber Scenarios<br>Parameters: "Check if admin able to retrieve user by ID with valid/invalid details", "User Module1 [Post Operation]"</td>
<td><div><pre>java.lang.RuntimeException: Login Token is missing!
	at utilities.TokenManager.getToken(TokenManager.java:20)
	at requests.UserRequest.setAuth(UserRequest.java:36)
	at stepDefinitions.UserModuleSteps1.admin_sets_bearer_token(UserModuleSteps1.java:30)
	at ✽.Admin sets Bearer token(file:///Users/dineshdeshmukh/eclipse-workspace/Team05APISquadHackathon/src/test/resources/Feature/02UserModule1Create.feature:5)
</pre></div><a href='#' onClick='toggleBox("stack-trace69338216", this, "Click to show all stack frames", "Click to hide stack frames")'>Click to show all stack frames</a>
<div class='stack-trace' id='stack-trace69338216'><pre>java.lang.RuntimeException: Login Token is missing!
	at utilities.TokenManager.getToken(TokenManager.java:20)
	at requests.UserRequest.setAuth(UserRequest.java:36)
	at stepDefinitions.UserModuleSteps1.admin_sets_bearer_token(UserModuleSteps1.java:30)
	at ✽.Admin sets Bearer token(file:///Users/dineshdeshmukh/eclipse-workspace/Team05APISquadHackathon/src/test/resources/Feature/02UserModule1Create.feature:5)
</pre></div></td>
<td>0</td>
<td>runner.TestRunner@560348e6</td></tr>
<tr>
<td title='runner.TestRunner.runScenario()'><b>runScenario</b><br>Test class: runner.TestRunner<br>Test method: Runs Cucumber Scenarios<br>Parameters: "Check if admin is able to create a Batch with valid/invalid details "InvalidEndpointBatchPost"", "To test the API request of Batch Module"</td>
<td><div><pre>java.lang.RuntimeException: Login Token is missing!
	at utilities.TokenManager.getToken(TokenManager.java:20)
	at requests.ProgramBatchRequests.setAuth(ProgramBatchRequests.java:32)
	at stepDefinitions.ProgramBatchSteps.admin_set_authorization_for_batch(ProgramBatchSteps.java:26)
	at ✽.Admin set Authorization for batch(file:///Users/dineshdeshmukh/eclipse-workspace/Team05APISquadHackathon/src/test/resources/Feature/05ProgramBatchModule.feature:4)
</pre></div><a href='#' onClick='toggleBox("stack-trace1935880752", this, "Click to show all stack frames", "Click to hide stack frames")'>Click to show all stack frames</a>
<div class='stack-trace' id='stack-trace1935880752'><pre>java.lang.RuntimeException: Login Token is missing!
	at utilities.TokenManager.getToken(TokenManager.java:20)
	at requests.ProgramBatchRequests.setAuth(ProgramBatchRequests.java:32)
	at stepDefinitions.ProgramBatchSteps.admin_set_authorization_for_batch(ProgramBatchSteps.java:26)
	at ✽.Admin set Authorization for batch(file:///Users/dineshdeshmukh/eclipse-workspace/Team05APISquadHackathon/src/test/resources/Feature/05ProgramBatchModule.feature:4)
</pre></div></td>
<td>0</td>
<td>runner.TestRunner@560348e6</td></tr>
<tr>
<td title='runner.TestRunner.runScenario()'><b>runScenario</b><br>Test class: runner.TestRunner<br>Test method: Runs Cucumber Scenarios<br>Parameters: "Check if admin able to retrieve active users with valid/invalid Endpoints", "User Module1 [Post Operation]"</td>
<td><div><pre>java.lang.RuntimeException: Login Token is missing!
	at utilities.TokenManager.getToken(TokenManager.java:20)
	at requests.UserRequest.setAuth(UserRequest.java:36)
	at stepDefinitions.UserModuleSteps1.admin_sets_bearer_token(UserModuleSteps1.java:30)
	at ✽.Admin sets Bearer token(file:///Users/dineshdeshmukh/eclipse-workspace/Team05APISquadHackathon/src/test/resources/Feature/02UserModule1Create.feature:5)
</pre></div><a href='#' onClick='toggleBox("stack-trace344954076", this, "Click to show all stack frames", "Click to hide stack frames")'>Click to show all stack frames</a>
<div class='stack-trace' id='stack-trace344954076'><pre>java.lang.RuntimeException: Login Token is missing!
	at utilities.TokenManager.getToken(TokenManager.java:20)
	at requests.UserRequest.setAuth(UserRequest.java:36)
	at stepDefinitions.UserModuleSteps1.admin_sets_bearer_token(UserModuleSteps1.java:30)
	at ✽.Admin sets Bearer token(file:///Users/dineshdeshmukh/eclipse-workspace/Team05APISquadHackathon/src/test/resources/Feature/02UserModule1Create.feature:5)
</pre></div></td>
<td>0</td>
<td>runner.TestRunner@560348e6</td></tr>
<tr>
<td title='runner.TestRunner.runScenario()'><b>runScenario</b><br>Test class: runner.TestRunner<br>Test method: Runs Cucumber Scenarios<br>Parameters: "Check if admin is able to update program by programName with valid/invalid details", "Validating Program Module API"</td>
<td><div><pre>java.lang.RuntimeException: Login Token is missing!
	at utilities.TokenManager.getToken(TokenManager.java:20)
	at requests.ProgramRequest.setAuth(ProgramRequest.java:32)
	at stepDefinitions.ProgramStepDefinition.admin_set_authorization_to_bearer_token(ProgramStepDefinition.java:25)
	at ✽.Admin set Authorization to Bearer token(file:///Users/dineshdeshmukh/eclipse-workspace/Team05APISquadHackathon/src/test/resources/Feature/04ProgramModule.feature:4)
</pre></div><a href='#' onClick='toggleBox("stack-trace1956642247", this, "Click to show all stack frames", "Click to hide stack frames")'>Click to show all stack frames</a>
<div class='stack-trace' id='stack-trace1956642247'><pre>java.lang.RuntimeException: Login Token is missing!
	at utilities.TokenManager.getToken(TokenManager.java:20)
	at requests.ProgramRequest.setAuth(ProgramRequest.java:32)
	at stepDefinitions.ProgramStepDefinition.admin_set_authorization_to_bearer_token(ProgramStepDefinition.java:25)
	at ✽.Admin set Authorization to Bearer token(file:///Users/dineshdeshmukh/eclipse-workspace/Team05APISquadHackathon/src/test/resources/Feature/04ProgramModule.feature:4)
</pre></div></td>
<td>0</td>
<td>runner.TestRunner@560348e6</td></tr>
<tr>
<td title='runner.TestRunner.runScenario()'><b>runScenario</b><br>Test class: runner.TestRunner<br>Test method: Runs Cucumber Scenarios<br>Parameters: "Admin logout", "Validating User logout Module API"</td>
<td><div><pre>java.lang.RuntimeException: Failed to find row for test case in Excel file: Admin logout
	at utilities.CommonUtils.getCurrentRow(CommonUtils.java:40)
	at requests.UserLoginRequests.createGenericRequest(UserLoginRequests.java:39)
	at stepDefinitions.UserLoginSteps.admin_sets_authorization_and_creates_logout_request_for_user_login_module(UserLoginSteps.java:99)
	at ✽.Admin sets authorization &quot;No Auth&quot; and creates logout request for userLoginModule(file:///Users/dineshdeshmukh/eclipse-workspace/Team05APISquadHackathon/src/test/resources/Feature/09Logout.feature:9)
</pre></div><a href='#' onClick='toggleBox("stack-trace181814414", this, "Click to show all stack frames", "Click to hide stack frames")'>Click to show all stack frames</a>
<div class='stack-trace' id='stack-trace181814414'><pre>java.lang.RuntimeException: Failed to find row for test case in Excel file: Admin logout
	at utilities.CommonUtils.getCurrentRow(CommonUtils.java:40)
	at requests.UserLoginRequests.createGenericRequest(UserLoginRequests.java:39)
	at stepDefinitions.UserLoginSteps.admin_sets_authorization_and_creates_logout_request_for_user_login_module(UserLoginSteps.java:99)
	at ✽.Admin sets authorization &quot;No Auth&quot; and creates logout request for userLoginModule(file:///Users/dineshdeshmukh/eclipse-workspace/Team05APISquadHackathon/src/test/resources/Feature/09Logout.feature:9)
</pre></div></td>
<td>0</td>
<td>runner.TestRunner@560348e6</td></tr>
<tr>
<td title='runner.TestRunner.runScenario()'><b>runScenario</b><br>Test class: runner.TestRunner<br>Test method: Runs Cucumber Scenarios<br>Parameters: "Check if admin able to retrieve active users with valid/invalid Endpoints", "User Module1 [Post Operation]"</td>
<td><div><pre>java.lang.RuntimeException: Login Token is missing!
	at utilities.TokenManager.getToken(TokenManager.java:20)
	at requests.UserRequest.setAuth(UserRequest.java:36)
	at stepDefinitions.UserModuleSteps1.admin_sets_bearer_token(UserModuleSteps1.java:30)
	at ✽.Admin sets Bearer token(file:///Users/dineshdeshmukh/eclipse-workspace/Team05APISquadHackathon/src/test/resources/Feature/02UserModule1Create.feature:5)
</pre></div><a href='#' onClick='toggleBox("stack-trace1934240791", this, "Click to show all stack frames", "Click to hide stack frames")'>Click to show all stack frames</a>
<div class='stack-trace' id='stack-trace1934240791'><pre>java.lang.RuntimeException: Login Token is missing!
	at utilities.TokenManager.getToken(TokenManager.java:20)
	at requests.UserRequest.setAuth(UserRequest.java:36)
	at stepDefinitions.UserModuleSteps1.admin_sets_bearer_token(UserModuleSteps1.java:30)
	at ✽.Admin sets Bearer token(file:///Users/dineshdeshmukh/eclipse-workspace/Team05APISquadHackathon/src/test/resources/Feature/02UserModule1Create.feature:5)
</pre></div></td>
<td>0</td>
<td>runner.TestRunner@560348e6</td></tr>
<tr>
<td title='runner.TestRunner.runScenario()'><b>runScenario</b><br>Test class: runner.TestRunner<br>Test method: Runs Cucumber Scenarios<br>Parameters: "Check if Admin is able to update User Login Status", "GET operations for User Module"</td>
<td><div><pre>java.lang.RuntimeException: Login Token is missing!
	at utilities.TokenManager.getToken(TokenManager.java:20)
	at requests.UserRequest1.setAuth(UserRequest1.java:28)
	at stepDefinitions.UserModuleSteps2.admin_has_valid_bearer_token(UserModuleSteps2.java:28)
	at ✽.Admin has valid Bearer token(file:///Users/dineshdeshmukh/eclipse-workspace/Team05APISquadHackathon/src/test/resources/Feature/06UserModule2.feature:3)
</pre></div><a href='#' onClick='toggleBox("stack-trace2030568021", this, "Click to show all stack frames", "Click to hide stack frames")'>Click to show all stack frames</a>
<div class='stack-trace' id='stack-trace2030568021'><pre>java.lang.RuntimeException: Login Token is missing!
	at utilities.TokenManager.getToken(TokenManager.java:20)
	at requests.UserRequest1.setAuth(UserRequest1.java:28)
	at stepDefinitions.UserModuleSteps2.admin_has_valid_bearer_token(UserModuleSteps2.java:28)
	at ✽.Admin has valid Bearer token(file:///Users/dineshdeshmukh/eclipse-workspace/Team05APISquadHackathon/src/test/resources/Feature/06UserModule2.feature:3)
</pre></div></td>
<td>0</td>
<td>runner.TestRunner@560348e6</td></tr>
<tr>
<td title='runner.TestRunner.runScenario()'><b>runScenario</b><br>Test class: runner.TestRunner<br>Test method: Runs Cucumber Scenarios<br>Parameters: "Check if Admin is able to update user Role ID for existing User ID", "GET operations for User Module"</td>
<td><div><pre>java.lang.RuntimeException: Login Token is missing!
	at utilities.TokenManager.getToken(TokenManager.java:20)
	at requests.UserRequest1.setAuth(UserRequest1.java:28)
	at stepDefinitions.UserModuleSteps2.admin_has_valid_bearer_token(UserModuleSteps2.java:28)
	at ✽.Admin has valid Bearer token(file:///Users/dineshdeshmukh/eclipse-workspace/Team05APISquadHackathon/src/test/resources/Feature/06UserModule2.feature:3)
</pre></div><a href='#' onClick='toggleBox("stack-trace68439370", this, "Click to show all stack frames", "Click to hide stack frames")'>Click to show all stack frames</a>
<div class='stack-trace' id='stack-trace68439370'><pre>java.lang.RuntimeException: Login Token is missing!
	at utilities.TokenManager.getToken(TokenManager.java:20)
	at requests.UserRequest1.setAuth(UserRequest1.java:28)
	at stepDefinitions.UserModuleSteps2.admin_has_valid_bearer_token(UserModuleSteps2.java:28)
	at ✽.Admin has valid Bearer token(file:///Users/dineshdeshmukh/eclipse-workspace/Team05APISquadHackathon/src/test/resources/Feature/06UserModule2.feature:3)
</pre></div></td>
<td>0</td>
<td>runner.TestRunner@560348e6</td></tr>
<tr>
<td title='runner.TestRunner.runScenario()'><b>runScenario</b><br>Test class: runner.TestRunner<br>Test method: Runs Cucumber Scenarios<br>Parameters: "Admin login token generation", "Admin Login Controller"</td>
<td><div><pre>java.lang.AssertionError: Status Code Mismatch! expected [401] but found [400]
	at org.testng.Assert.fail(Assert.java:111)
	at org.testng.Assert.failNotEquals(Assert.java:1590)
	at org.testng.Assert.assertEqualsImpl(Assert.java:150)
	at org.testng.Assert.assertEquals(Assert.java:132)
	at org.testng.Assert.assertEquals(Assert.java:1431)
	at org.testng.Assert.assertEquals(Assert.java:1395)
	at stepDefinitions.UserLoginSteps.admin_validates_response(UserLoginSteps.java:35)
	at ✽.Admin validates response(file:///Users/dineshdeshmukh/eclipse-workspace/Team05APISquadHackathon/src/test/resources/Feature/01UserLoginModule.feature:13)
</pre></div><a href='#' onClick='toggleBox("stack-trace670244241", this, "Click to show all stack frames", "Click to hide stack frames")'>Click to show all stack frames</a>
<div class='stack-trace' id='stack-trace670244241'><pre>java.lang.AssertionError: Status Code Mismatch! expected [401] but found [400]
	at org.testng.Assert.fail(Assert.java:111)
	at org.testng.Assert.failNotEquals(Assert.java:1590)
	at org.testng.Assert.assertEqualsImpl(Assert.java:150)
	at org.testng.Assert.assertEquals(Assert.java:132)
	at org.testng.Assert.assertEquals(Assert.java:1431)
	at org.testng.Assert.assertEquals(Assert.java:1395)
	at stepDefinitions.UserLoginSteps.admin_validates_response(UserLoginSteps.java:35)
	at ✽.Admin validates response(file:///Users/dineshdeshmukh/eclipse-workspace/Team05APISquadHackathon/src/test/resources/Feature/01UserLoginModule.feature:13)
</pre></div></td>
<td>0</td>
<td>runner.TestRunner@560348e6</td></tr>
<tr>
<td title='runner.TestRunner.runScenario()'><b>runScenario</b><br>Test class: runner.TestRunner<br>Test method: Runs Cucumber Scenarios<br>Parameters: "Check if admin is able to GetAllProgramwithUsers with valid/invalid details", "Validating Program Module API"</td>
<td><div><pre>java.lang.RuntimeException: Login Token is missing!
	at utilities.TokenManager.getToken(TokenManager.java:20)
	at requests.ProgramRequest.setAuth(ProgramRequest.java:32)
	at stepDefinitions.ProgramStepDefinition.admin_set_authorization_to_bearer_token(ProgramStepDefinition.java:25)
	at ✽.Admin set Authorization to Bearer token(file:///Users/dineshdeshmukh/eclipse-workspace/Team05APISquadHackathon/src/test/resources/Feature/04ProgramModule.feature:4)
</pre></div><a href='#' onClick='toggleBox("stack-trace1857237713", this, "Click to show all stack frames", "Click to hide stack frames")'>Click to show all stack frames</a>
<div class='stack-trace' id='stack-trace1857237713'><pre>java.lang.RuntimeException: Login Token is missing!
	at utilities.TokenManager.getToken(TokenManager.java:20)
	at requests.ProgramRequest.setAuth(ProgramRequest.java:32)
	at stepDefinitions.ProgramStepDefinition.admin_set_authorization_to_bearer_token(ProgramStepDefinition.java:25)
	at ✽.Admin set Authorization to Bearer token(file:///Users/dineshdeshmukh/eclipse-workspace/Team05APISquadHackathon/src/test/resources/Feature/04ProgramModule.feature:4)
</pre></div></td>
<td>0</td>
<td>runner.TestRunner@560348e6</td></tr>
<tr>
<td title='runner.TestRunner.runScenario()'><b>runScenario</b><br>Test class: runner.TestRunner<br>Test method: Runs Cucumber Scenarios<br>Parameters: "Check if admin is able to update program by programID with valid/invalid details", "Validating Program Module API"</td>
<td><div><pre>java.lang.RuntimeException: Login Token is missing!
	at utilities.TokenManager.getToken(TokenManager.java:20)
	at requests.ProgramRequest.setAuth(ProgramRequest.java:32)
	at stepDefinitions.ProgramStepDefinition.admin_set_authorization_to_bearer_token(ProgramStepDefinition.java:25)
	at ✽.Admin set Authorization to Bearer token(file:///Users/dineshdeshmukh/eclipse-workspace/Team05APISquadHackathon/src/test/resources/Feature/04ProgramModule.feature:4)
</pre></div><a href='#' onClick='toggleBox("stack-trace1231345665", this, "Click to show all stack frames", "Click to hide stack frames")'>Click to show all stack frames</a>
<div class='stack-trace' id='stack-trace1231345665'><pre>java.lang.RuntimeException: Login Token is missing!
	at utilities.TokenManager.getToken(TokenManager.java:20)
	at requests.ProgramRequest.setAuth(ProgramRequest.java:32)
	at stepDefinitions.ProgramStepDefinition.admin_set_authorization_to_bearer_token(ProgramStepDefinition.java:25)
	at ✽.Admin set Authorization to Bearer token(file:///Users/dineshdeshmukh/eclipse-workspace/Team05APISquadHackathon/src/test/resources/Feature/04ProgramModule.feature:4)
</pre></div></td>
<td>0</td>
<td>runner.TestRunner@560348e6</td></tr>
<tr>
<td title='runner.TestRunner.runScenario()'><b>runScenario</b><br>Test class: runner.TestRunner<br>Test method: Runs Cucumber Scenarios<br>Parameters: "Check if admin is able to create a Batch with valid/invalid details "MissingBatchNameBatchPost"", "To test the API request of Batch Module"</td>
<td><div><pre>java.lang.RuntimeException: Login Token is missing!
	at utilities.TokenManager.getToken(TokenManager.java:20)
	at requests.ProgramBatchRequests.setAuth(ProgramBatchRequests.java:32)
	at stepDefinitions.ProgramBatchSteps.admin_set_authorization_for_batch(ProgramBatchSteps.java:26)
	at ✽.Admin set Authorization for batch(file:///Users/dineshdeshmukh/eclipse-workspace/Team05APISquadHackathon/src/test/resources/Feature/05ProgramBatchModule.feature:4)
</pre></div><a href='#' onClick='toggleBox("stack-trace230944166", this, "Click to show all stack frames", "Click to hide stack frames")'>Click to show all stack frames</a>
<div class='stack-trace' id='stack-trace230944166'><pre>java.lang.RuntimeException: Login Token is missing!
	at utilities.TokenManager.getToken(TokenManager.java:20)
	at requests.ProgramBatchRequests.setAuth(ProgramBatchRequests.java:32)
	at stepDefinitions.ProgramBatchSteps.admin_set_authorization_for_batch(ProgramBatchSteps.java:26)
	at ✽.Admin set Authorization for batch(file:///Users/dineshdeshmukh/eclipse-workspace/Team05APISquadHackathon/src/test/resources/Feature/05ProgramBatchModule.feature:4)
</pre></div></td>
<td>0</td>
<td>runner.TestRunner@560348e6</td></tr>
<tr>
<td title='runner.TestRunner.runScenario()'><b>runScenario</b><br>Test class: runner.TestRunner<br>Test method: Runs Cucumber Scenarios<br>Parameters: "Check if admin able to retrieve active user emails with valid/invalid Endpoints", "User Module1 [Post Operation]"</td>
<td><div><pre>java.lang.RuntimeException: Login Token is missing!
	at utilities.TokenManager.getToken(TokenManager.java:20)
	at requests.UserRequest.setAuth(UserRequest.java:36)
	at stepDefinitions.UserModuleSteps1.admin_sets_bearer_token(UserModuleSteps1.java:30)
	at ✽.Admin sets Bearer token(file:///Users/dineshdeshmukh/eclipse-workspace/Team05APISquadHackathon/src/test/resources/Feature/02UserModule1Create.feature:5)
</pre></div><a href='#' onClick='toggleBox("stack-trace860326447", this, "Click to show all stack frames", "Click to hide stack frames")'>Click to show all stack frames</a>
<div class='stack-trace' id='stack-trace860326447'><pre>java.lang.RuntimeException: Login Token is missing!
	at utilities.TokenManager.getToken(TokenManager.java:20)
	at requests.UserRequest.setAuth(UserRequest.java:36)
	at stepDefinitions.UserModuleSteps1.admin_sets_bearer_token(UserModuleSteps1.java:30)
	at ✽.Admin sets Bearer token(file:///Users/dineshdeshmukh/eclipse-workspace/Team05APISquadHackathon/src/test/resources/Feature/02UserModule1Create.feature:5)
</pre></div></td>
<td>0</td>
<td>runner.TestRunner@560348e6</td></tr>
<tr>
<td title='runner.TestRunner.runScenario()'><b>runScenario</b><br>Test class: runner.TestRunner<br>Test method: Runs Cucumber Scenarios<br>Parameters: "Check if admin able to retrieve all roles", "User Module1 [Post Operation]"</td>
<td><div><pre>java.lang.RuntimeException: Login Token is missing!
	at utilities.TokenManager.getToken(TokenManager.java:20)
	at requests.UserRequest.setAuth(UserRequest.java:36)
	at stepDefinitions.UserModuleSteps1.admin_sets_bearer_token(UserModuleSteps1.java:30)
	at ✽.Admin sets Bearer token(file:///Users/dineshdeshmukh/eclipse-workspace/Team05APISquadHackathon/src/test/resources/Feature/02UserModule1Create.feature:5)
</pre></div><a href='#' onClick='toggleBox("stack-trace785197732", this, "Click to show all stack frames", "Click to hide stack frames")'>Click to show all stack frames</a>
<div class='stack-trace' id='stack-trace785197732'><pre>java.lang.RuntimeException: Login Token is missing!
	at utilities.TokenManager.getToken(TokenManager.java:20)
	at requests.UserRequest.setAuth(UserRequest.java:36)
	at stepDefinitions.UserModuleSteps1.admin_sets_bearer_token(UserModuleSteps1.java:30)
	at ✽.Admin sets Bearer token(file:///Users/dineshdeshmukh/eclipse-workspace/Team05APISquadHackathon/src/test/resources/Feature/02UserModule1Create.feature:5)
</pre></div></td>
<td>0</td>
<td>runner.TestRunner@560348e6</td></tr>
<tr>
<td title='runner.TestRunner.runScenario()'><b>runScenario</b><br>Test class: runner.TestRunner<br>Test method: Runs Cucumber Scenarios<br>Parameters: "Check if admin able to retrieve user counts by status/role", "User Module1 [Post Operation]"</td>
<td><div><pre>java.lang.RuntimeException: Login Token is missing!
	at utilities.TokenManager.getToken(TokenManager.java:20)
	at requests.UserRequest.setAuth(UserRequest.java:36)
	at stepDefinitions.UserModuleSteps1.admin_sets_bearer_token(UserModuleSteps1.java:30)
	at ✽.Admin sets Bearer token(file:///Users/dineshdeshmukh/eclipse-workspace/Team05APISquadHackathon/src/test/resources/Feature/02UserModule1Create.feature:5)
</pre></div><a href='#' onClick='toggleBox("stack-trace428156140", this, "Click to show all stack frames", "Click to hide stack frames")'>Click to show all stack frames</a>
<div class='stack-trace' id='stack-trace428156140'><pre>java.lang.RuntimeException: Login Token is missing!
	at utilities.TokenManager.getToken(TokenManager.java:20)
	at requests.UserRequest.setAuth(UserRequest.java:36)
	at stepDefinitions.UserModuleSteps1.admin_sets_bearer_token(UserModuleSteps1.java:30)
	at ✽.Admin sets Bearer token(file:///Users/dineshdeshmukh/eclipse-workspace/Team05APISquadHackathon/src/test/resources/Feature/02UserModule1Create.feature:5)
</pre></div></td>
<td>0</td>
<td>runner.TestRunner@560348e6</td></tr>
<tr>
<td title='runner.TestRunner.runScenario()'><b>runScenario</b><br>Test class: runner.TestRunner<br>Test method: Runs Cucumber Scenarios<br>Parameters: "Check if Admin is able to retreive user details by ID", "GET operations for User Module"</td>
<td><div><pre>java.lang.RuntimeException: Login Token is missing!
	at utilities.TokenManager.getToken(TokenManager.java:20)
	at requests.UserRequest1.setAuth(UserRequest1.java:28)
	at stepDefinitions.UserModuleSteps2.admin_has_valid_bearer_token(UserModuleSteps2.java:28)
	at ✽.Admin has valid Bearer token(file:///Users/dineshdeshmukh/eclipse-workspace/Team05APISquadHackathon/src/test/resources/Feature/06UserModule2.feature:3)
</pre></div><a href='#' onClick='toggleBox("stack-trace978799163", this, "Click to show all stack frames", "Click to hide stack frames")'>Click to show all stack frames</a>
<div class='stack-trace' id='stack-trace978799163'><pre>java.lang.RuntimeException: Login Token is missing!
	at utilities.TokenManager.getToken(TokenManager.java:20)
	at requests.UserRequest1.setAuth(UserRequest1.java:28)
	at stepDefinitions.UserModuleSteps2.admin_has_valid_bearer_token(UserModuleSteps2.java:28)
	at ✽.Admin has valid Bearer token(file:///Users/dineshdeshmukh/eclipse-workspace/Team05APISquadHackathon/src/test/resources/Feature/06UserModule2.feature:3)
</pre></div></td>
<td>0</td>
<td>runner.TestRunner@560348e6</td></tr>
<tr>
<td title='runner.TestRunner.runScenario()'><b>runScenario</b><br>Test class: runner.TestRunner<br>Test method: Runs Cucumber Scenarios<br>Parameters: "Check if admin able to retrieve users with roles", "User Module1 [Post Operation]"</td>
<td><div><pre>java.lang.RuntimeException: Login Token is missing!
	at utilities.TokenManager.getToken(TokenManager.java:20)
	at requests.UserRequest.setAuth(UserRequest.java:36)
	at stepDefinitions.UserModuleSteps1.admin_sets_bearer_token(UserModuleSteps1.java:30)
	at ✽.Admin sets Bearer token(file:///Users/dineshdeshmukh/eclipse-workspace/Team05APISquadHackathon/src/test/resources/Feature/02UserModule1Create.feature:5)
</pre></div><a href='#' onClick='toggleBox("stack-trace858989662", this, "Click to show all stack frames", "Click to hide stack frames")'>Click to show all stack frames</a>
<div class='stack-trace' id='stack-trace858989662'><pre>java.lang.RuntimeException: Login Token is missing!
	at utilities.TokenManager.getToken(TokenManager.java:20)
	at requests.UserRequest.setAuth(UserRequest.java:36)
	at stepDefinitions.UserModuleSteps1.admin_sets_bearer_token(UserModuleSteps1.java:30)
	at ✽.Admin sets Bearer token(file:///Users/dineshdeshmukh/eclipse-workspace/Team05APISquadHackathon/src/test/resources/Feature/02UserModule1Create.feature:5)
</pre></div></td>
<td>0</td>
<td>runner.TestRunner@560348e6</td></tr>
<tr>
<td title='runner.TestRunner.runScenario()'><b>runScenario</b><br>Test class: runner.TestRunner<br>Test method: Runs Cucumber Scenarios<br>Parameters: "Check if admin is able to create program with valid/invalid details", "Validating Program Module API"</td>
<td><div><pre>java.lang.RuntimeException: Login Token is missing!
	at utilities.TokenManager.getToken(TokenManager.java:20)
	at requests.ProgramRequest.setAuth(ProgramRequest.java:32)
	at stepDefinitions.ProgramStepDefinition.admin_set_authorization_to_bearer_token(ProgramStepDefinition.java:25)
	at ✽.Admin set Authorization to Bearer token(file:///Users/dineshdeshmukh/eclipse-workspace/Team05APISquadHackathon/src/test/resources/Feature/04ProgramModule.feature:4)
</pre></div><a href='#' onClick='toggleBox("stack-trace285519210", this, "Click to show all stack frames", "Click to hide stack frames")'>Click to show all stack frames</a>
<div class='stack-trace' id='stack-trace285519210'><pre>java.lang.RuntimeException: Login Token is missing!
	at utilities.TokenManager.getToken(TokenManager.java:20)
	at requests.ProgramRequest.setAuth(ProgramRequest.java:32)
	at stepDefinitions.ProgramStepDefinition.admin_set_authorization_to_bearer_token(ProgramStepDefinition.java:25)
	at ✽.Admin set Authorization to Bearer token(file:///Users/dineshdeshmukh/eclipse-workspace/Team05APISquadHackathon/src/test/resources/Feature/04ProgramModule.feature:4)
</pre></div></td>
<td>0</td>
<td>runner.TestRunner@560348e6</td></tr>
<tr>
<td title='runner.TestRunner.runScenario()'><b>runScenario</b><br>Test class: runner.TestRunner<br>Test method: Runs Cucumber Scenarios<br>Parameters: "Check if admin is able to create a Batch with valid/invalid details "InvalidBatchNameFormatBatchPost"", "To test the API request of Batch Module"</td>
<td><div><pre>java.lang.RuntimeException: Login Token is missing!
	at utilities.TokenManager.getToken(TokenManager.java:20)
	at requests.ProgramBatchRequests.setAuth(ProgramBatchRequests.java:32)
	at stepDefinitions.ProgramBatchSteps.admin_set_authorization_for_batch(ProgramBatchSteps.java:26)
	at ✽.Admin set Authorization for batch(file:///Users/dineshdeshmukh/eclipse-workspace/Team05APISquadHackathon/src/test/resources/Feature/05ProgramBatchModule.feature:4)
</pre></div><a href='#' onClick='toggleBox("stack-trace895175732", this, "Click to show all stack frames", "Click to hide stack frames")'>Click to show all stack frames</a>
<div class='stack-trace' id='stack-trace895175732'><pre>java.lang.RuntimeException: Login Token is missing!
	at utilities.TokenManager.getToken(TokenManager.java:20)
	at requests.ProgramBatchRequests.setAuth(ProgramBatchRequests.java:32)
	at stepDefinitions.ProgramBatchSteps.admin_set_authorization_for_batch(ProgramBatchSteps.java:26)
	at ✽.Admin set Authorization for batch(file:///Users/dineshdeshmukh/eclipse-workspace/Team05APISquadHackathon/src/test/resources/Feature/05ProgramBatchModule.feature:4)
</pre></div></td>
<td>0</td>
<td>runner.TestRunner@560348e6</td></tr>
<tr>
<td title='runner.TestRunner.runScenario()'><b>runScenario</b><br>Test class: runner.TestRunner<br>Test method: Runs Cucumber Scenarios<br>Parameters: "Check if admin able to retrieve users by program batch ID", "User Module1 [Post Operation]"</td>
<td><div><pre>java.lang.RuntimeException: Login Token is missing!
	at utilities.TokenManager.getToken(TokenManager.java:20)
	at requests.UserRequest.setAuth(UserRequest.java:36)
	at stepDefinitions.UserModuleSteps1.admin_sets_bearer_token(UserModuleSteps1.java:30)
	at ✽.Admin sets Bearer token(file:///Users/dineshdeshmukh/eclipse-workspace/Team05APISquadHackathon/src/test/resources/Feature/02UserModule1Create.feature:5)
</pre></div><a href='#' onClick='toggleBox("stack-trace1531670331", this, "Click to show all stack frames", "Click to hide stack frames")'>Click to show all stack frames</a>
<div class='stack-trace' id='stack-trace1531670331'><pre>java.lang.RuntimeException: Login Token is missing!
	at utilities.TokenManager.getToken(TokenManager.java:20)
	at requests.UserRequest.setAuth(UserRequest.java:36)
	at stepDefinitions.UserModuleSteps1.admin_sets_bearer_token(UserModuleSteps1.java:30)
	at ✽.Admin sets Bearer token(file:///Users/dineshdeshmukh/eclipse-workspace/Team05APISquadHackathon/src/test/resources/Feature/02UserModule1Create.feature:5)
</pre></div></td>
<td>0</td>
<td>runner.TestRunner@560348e6</td></tr>
<tr>
<td title='runner.TestRunner.runScenario()'><b>runScenario</b><br>Test class: runner.TestRunner<br>Test method: Runs Cucumber Scenarios<br>Parameters: "Check if admin is able to update program by programName with valid/invalid details", "Validating Program Module API"</td>
<td><div><pre>java.lang.RuntimeException: Login Token is missing!
	at utilities.TokenManager.getToken(TokenManager.java:20)
	at requests.ProgramRequest.setAuth(ProgramRequest.java:32)
	at stepDefinitions.ProgramStepDefinition.admin_set_authorization_to_bearer_token(ProgramStepDefinition.java:25)
	at ✽.Admin set Authorization to Bearer token(file:///Users/dineshdeshmukh/eclipse-workspace/Team05APISquadHackathon/src/test/resources/Feature/04ProgramModule.feature:4)
</pre></div><a href='#' onClick='toggleBox("stack-trace467903124", this, "Click to show all stack frames", "Click to hide stack frames")'>Click to show all stack frames</a>
<div class='stack-trace' id='stack-trace467903124'><pre>java.lang.RuntimeException: Login Token is missing!
	at utilities.TokenManager.getToken(TokenManager.java:20)
	at requests.ProgramRequest.setAuth(ProgramRequest.java:32)
	at stepDefinitions.ProgramStepDefinition.admin_set_authorization_to_bearer_token(ProgramStepDefinition.java:25)
	at ✽.Admin set Authorization to Bearer token(file:///Users/dineshdeshmukh/eclipse-workspace/Team05APISquadHackathon/src/test/resources/Feature/04ProgramModule.feature:4)
</pre></div></td>
<td>0</td>
<td>runner.TestRunner@560348e6</td></tr>
<tr>
<td title='runner.TestRunner.runScenario()'><b>runScenario</b><br>Test class: runner.TestRunner<br>Test method: Runs Cucumber Scenarios<br>Parameters: "Check if admin is able to create a Batch with valid/invalid details "SequenceMoreThan99BatchPost"", "To test the API request of Batch Module"</td>
<td><div><pre>java.lang.RuntimeException: Login Token is missing!
	at utilities.TokenManager.getToken(TokenManager.java:20)
	at requests.ProgramBatchRequests.setAuth(ProgramBatchRequests.java:32)
	at stepDefinitions.ProgramBatchSteps.admin_set_authorization_for_batch(ProgramBatchSteps.java:26)
	at ✽.Admin set Authorization for batch(file:///Users/dineshdeshmukh/eclipse-workspace/Team05APISquadHackathon/src/test/resources/Feature/05ProgramBatchModule.feature:4)
</pre></div><a href='#' onClick='toggleBox("stack-trace2091367901", this, "Click to show all stack frames", "Click to hide stack frames")'>Click to show all stack frames</a>
<div class='stack-trace' id='stack-trace2091367901'><pre>java.lang.RuntimeException: Login Token is missing!
	at utilities.TokenManager.getToken(TokenManager.java:20)
	at requests.ProgramBatchRequests.setAuth(ProgramBatchRequests.java:32)
	at stepDefinitions.ProgramBatchSteps.admin_set_authorization_for_batch(ProgramBatchSteps.java:26)
	at ✽.Admin set Authorization for batch(file:///Users/dineshdeshmukh/eclipse-workspace/Team05APISquadHackathon/src/test/resources/Feature/05ProgramBatchModule.feature:4)
</pre></div></td>
<td>0</td>
<td>runner.TestRunner@560348e6</td></tr>
<tr>
<td title='runner.TestRunner.runScenario()'><b>runScenario</b><br>Test class: runner.TestRunner<br>Test method: Runs Cucumber Scenarios<br>Parameters: "Admin login token generation", "Admin Login Controller"</td>
<td><div><pre>java.lang.AssertionError: Status Code Mismatch! expected [401] but found [405]
	at org.testng.Assert.fail(Assert.java:111)
	at org.testng.Assert.failNotEquals(Assert.java:1590)
	at org.testng.Assert.assertEqualsImpl(Assert.java:150)
	at org.testng.Assert.assertEquals(Assert.java:132)
	at org.testng.Assert.assertEquals(Assert.java:1431)
	at org.testng.Assert.assertEquals(Assert.java:1395)
	at stepDefinitions.UserLoginSteps.admin_validates_response(UserLoginSteps.java:35)
	at ✽.Admin validates response(file:///Users/dineshdeshmukh/eclipse-workspace/Team05APISquadHackathon/src/test/resources/Feature/01UserLoginModule.feature:13)
</pre></div><a href='#' onClick='toggleBox("stack-trace475172655", this, "Click to show all stack frames", "Click to hide stack frames")'>Click to show all stack frames</a>
<div class='stack-trace' id='stack-trace475172655'><pre>java.lang.AssertionError: Status Code Mismatch! expected [401] but found [405]
	at org.testng.Assert.fail(Assert.java:111)
	at org.testng.Assert.failNotEquals(Assert.java:1590)
	at org.testng.Assert.assertEqualsImpl(Assert.java:150)
	at org.testng.Assert.assertEquals(Assert.java:132)
	at org.testng.Assert.assertEquals(Assert.java:1431)
	at org.testng.Assert.assertEquals(Assert.java:1395)
	at stepDefinitions.UserLoginSteps.admin_validates_response(UserLoginSteps.java:35)
	at ✽.Admin validates response(file:///Users/dineshdeshmukh/eclipse-workspace/Team05APISquadHackathon/src/test/resources/Feature/01UserLoginModule.feature:13)
</pre></div></td>
<td>0</td>
<td>runner.TestRunner@560348e6</td></tr>
<tr>
<td title='runner.TestRunner.runScenario()'><b>runScenario</b><br>Test class: runner.TestRunner<br>Test method: Runs Cucumber Scenarios<br>Parameters: "Check if admin is able to update program by programName with valid/invalid details", "Validating Program Module API"</td>
<td><div><pre>java.lang.RuntimeException: Login Token is missing!
	at utilities.TokenManager.getToken(TokenManager.java:20)
	at requests.ProgramRequest.setAuth(ProgramRequest.java:32)
	at stepDefinitions.ProgramStepDefinition.admin_set_authorization_to_bearer_token(ProgramStepDefinition.java:25)
	at ✽.Admin set Authorization to Bearer token(file:///Users/dineshdeshmukh/eclipse-workspace/Team05APISquadHackathon/src/test/resources/Feature/04ProgramModule.feature:4)
</pre></div><a href='#' onClick='toggleBox("stack-trace2102001207", this, "Click to show all stack frames", "Click to hide stack frames")'>Click to show all stack frames</a>
<div class='stack-trace' id='stack-trace2102001207'><pre>java.lang.RuntimeException: Login Token is missing!
	at utilities.TokenManager.getToken(TokenManager.java:20)
	at requests.ProgramRequest.setAuth(ProgramRequest.java:32)
	at stepDefinitions.ProgramStepDefinition.admin_set_authorization_to_bearer_token(ProgramStepDefinition.java:25)
	at ✽.Admin set Authorization to Bearer token(file:///Users/dineshdeshmukh/eclipse-workspace/Team05APISquadHackathon/src/test/resources/Feature/04ProgramModule.feature:4)
</pre></div></td>
<td>0</td>
<td>runner.TestRunner@560348e6</td></tr>
<tr>
<td title='runner.TestRunner.runScenario()'><b>runScenario</b><br>Test class: runner.TestRunner<br>Test method: Runs Cucumber Scenarios<br>Parameters: "Check if Admin is able to retrieve users batchid with valid/invalid userid", "GET operations for User Module"</td>
<td><div><pre>java.lang.RuntimeException: Login Token is missing!
	at utilities.TokenManager.getToken(TokenManager.java:20)
	at requests.UserRequest1.setAuth(UserRequest1.java:28)
	at stepDefinitions.UserModuleSteps2.admin_has_valid_bearer_token(UserModuleSteps2.java:28)
	at ✽.Admin has valid Bearer token(file:///Users/dineshdeshmukh/eclipse-workspace/Team05APISquadHackathon/src/test/resources/Feature/06UserModule2.feature:3)
</pre></div><a href='#' onClick='toggleBox("stack-trace2091447767", this, "Click to show all stack frames", "Click to hide stack frames")'>Click to show all stack frames</a>
<div class='stack-trace' id='stack-trace2091447767'><pre>java.lang.RuntimeException: Login Token is missing!
	at utilities.TokenManager.getToken(TokenManager.java:20)
	at requests.UserRequest1.setAuth(UserRequest1.java:28)
	at stepDefinitions.UserModuleSteps2.admin_has_valid_bearer_token(UserModuleSteps2.java:28)
	at ✽.Admin has valid Bearer token(file:///Users/dineshdeshmukh/eclipse-workspace/Team05APISquadHackathon/src/test/resources/Feature/06UserModule2.feature:3)
</pre></div></td>
<td>0</td>
<td>runner.TestRunner@560348e6</td></tr>
<tr>
<td title='runner.TestRunner.runScenario()'><b>runScenario</b><br>Test class: runner.TestRunner<br>Test method: Runs Cucumber Scenarios<br>Parameters: "Check if admin is able to GetAllProgramwithUsers with valid/invalid details", "Validating Program Module API"</td>
<td><div><pre>java.lang.RuntimeException: Login Token is missing!
	at utilities.TokenManager.getToken(TokenManager.java:20)
	at requests.ProgramRequest.setAuth(ProgramRequest.java:32)
	at stepDefinitions.ProgramStepDefinition.admin_set_authorization_to_bearer_token(ProgramStepDefinition.java:25)
	at ✽.Admin set Authorization to Bearer token(file:///Users/dineshdeshmukh/eclipse-workspace/Team05APISquadHackathon/src/test/resources/Feature/04ProgramModule.feature:4)
</pre></div><a href='#' onClick='toggleBox("stack-trace1813410454", this, "Click to show all stack frames", "Click to hide stack frames")'>Click to show all stack frames</a>
<div class='stack-trace' id='stack-trace1813410454'><pre>java.lang.RuntimeException: Login Token is missing!
	at utilities.TokenManager.getToken(TokenManager.java:20)
	at requests.ProgramRequest.setAuth(ProgramRequest.java:32)
	at stepDefinitions.ProgramStepDefinition.admin_set_authorization_to_bearer_token(ProgramStepDefinition.java:25)
	at ✽.Admin set Authorization to Bearer token(file:///Users/dineshdeshmukh/eclipse-workspace/Team05APISquadHackathon/src/test/resources/Feature/04ProgramModule.feature:4)
</pre></div></td>
<td>0</td>
<td>runner.TestRunner@560348e6</td></tr>
<tr>
<td title='runner.TestRunner.runScenario()'><b>runScenario</b><br>Test class: runner.TestRunner<br>Test method: Runs Cucumber Scenarios<br>Parameters: "Check if admin is able to update program by programID with valid/invalid details", "Validating Program Module API"</td>
<td><div><pre>java.lang.RuntimeException: Login Token is missing!
	at utilities.TokenManager.getToken(TokenManager.java:20)
	at requests.ProgramRequest.setAuth(ProgramRequest.java:32)
	at stepDefinitions.ProgramStepDefinition.admin_set_authorization_to_bearer_token(ProgramStepDefinition.java:25)
	at ✽.Admin set Authorization to Bearer token(file:///Users/dineshdeshmukh/eclipse-workspace/Team05APISquadHackathon/src/test/resources/Feature/04ProgramModule.feature:4)
</pre></div><a href='#' onClick='toggleBox("stack-trace1936362218", this, "Click to show all stack frames", "Click to hide stack frames")'>Click to show all stack frames</a>
<div class='stack-trace' id='stack-trace1936362218'><pre>java.lang.RuntimeException: Login Token is missing!
	at utilities.TokenManager.getToken(TokenManager.java:20)
	at requests.ProgramRequest.setAuth(ProgramRequest.java:32)
	at stepDefinitions.ProgramStepDefinition.admin_set_authorization_to_bearer_token(ProgramStepDefinition.java:25)
	at ✽.Admin set Authorization to Bearer token(file:///Users/dineshdeshmukh/eclipse-workspace/Team05APISquadHackathon/src/test/resources/Feature/04ProgramModule.feature:4)
</pre></div></td>
<td>0</td>
<td>runner.TestRunner@560348e6</td></tr>
<tr>
<td title='runner.TestRunner.runScenario()'><b>runScenario</b><br>Test class: runner.TestRunner<br>Test method: Runs Cucumber Scenarios<br>Parameters: "Admin Reset Password Validation", "User Controller Operations"</td>
<td><div><pre>java.lang.RuntimeException: Token1 is missing! Run Confirm Email scenario first.
	at utilities.TokenManager.getToken1(TokenManager.java:33)
	at stepDefinitions.UserLoginSteps.admin_creates_reset_pwd(UserLoginSteps.java:88)
	at ✽.Admin creates reset password request with &quot;valid email and new password&quot;(file:///Users/dineshdeshmukh/eclipse-workspace/Team05APISquadHackathon/src/test/resources/Feature/03UserForgotPassword.feature:27)
</pre></div><a href='#' onClick='toggleBox("stack-trace37858242", this, "Click to show all stack frames", "Click to hide stack frames")'>Click to show all stack frames</a>
<div class='stack-trace' id='stack-trace37858242'><pre>java.lang.RuntimeException: Token1 is missing! Run Confirm Email scenario first.
	at utilities.TokenManager.getToken1(TokenManager.java:33)
	at stepDefinitions.UserLoginSteps.admin_creates_reset_pwd(UserLoginSteps.java:88)
	at ✽.Admin creates reset password request with &quot;valid email and new password&quot;(file:///Users/dineshdeshmukh/eclipse-workspace/Team05APISquadHackathon/src/test/resources/Feature/03UserForgotPassword.feature:27)
</pre></div></td>
<td>0</td>
<td>runner.TestRunner@560348e6</td></tr>
<tr>
<td title='runner.TestRunner.runScenario()'><b>runScenario</b><br>Test class: runner.TestRunner<br>Test method: Runs Cucumber Scenarios<br>Parameters: "Check if admin is able to create program with valid/invalid details", "Validating Program Module API"</td>
<td><div><pre>java.lang.RuntimeException: Login Token is missing!
	at utilities.TokenManager.getToken(TokenManager.java:20)
	at requests.ProgramRequest.setAuth(ProgramRequest.java:32)
	at stepDefinitions.ProgramStepDefinition.admin_set_authorization_to_bearer_token(ProgramStepDefinition.java:25)
	at ✽.Admin set Authorization to Bearer token(file:///Users/dineshdeshmukh/eclipse-workspace/Team05APISquadHackathon/src/test/resources/Feature/04ProgramModule.feature:4)
</pre></div><a href='#' onClick='toggleBox("stack-trace1014071026", this, "Click to show all stack frames", "Click to hide stack frames")'>Click to show all stack frames</a>
<div class='stack-trace' id='stack-trace1014071026'><pre>java.lang.RuntimeException: Login Token is missing!
	at utilities.TokenManager.getToken(TokenManager.java:20)
	at requests.ProgramRequest.setAuth(ProgramRequest.java:32)
	at stepDefinitions.ProgramStepDefinition.admin_set_authorization_to_bearer_token(ProgramStepDefinition.java:25)
	at ✽.Admin set Authorization to Bearer token(file:///Users/dineshdeshmukh/eclipse-workspace/Team05APISquadHackathon/src/test/resources/Feature/04ProgramModule.feature:4)
</pre></div></td>
<td>0</td>
<td>runner.TestRunner@560348e6</td></tr>
<tr>
<td title='runner.TestRunner.runScenario()'><b>runScenario</b><br>Test class: runner.TestRunner<br>Test method: Runs Cucumber Scenarios<br>Parameters: "Check if admin able to create a New Skill Master with valid endpoint and request body ( existing values)", "Validating Skill Master Module API"</td>
<td><div><pre>java.lang.RuntimeException: Login Token is missing!
	at utilities.TokenManager.getToken(TokenManager.java:20)
	at stepDefinitions.SkillMasterSteps.admin_creates_post_request_for_the_skill_master_lms_api_endpoint(SkillMasterSteps.java:43)
	at ✽.Admin creates POST Request for the Skill Master LMS API endpoint(file:///Users/dineshdeshmukh/eclipse-workspace/Team05APISquadHackathon/src/test/resources/Feature/07SkillMasterModule.feature:14)
</pre></div><a href='#' onClick='toggleBox("stack-trace1271109184", this, "Click to show all stack frames", "Click to hide stack frames")'>Click to show all stack frames</a>
<div class='stack-trace' id='stack-trace1271109184'><pre>java.lang.RuntimeException: Login Token is missing!
	at utilities.TokenManager.getToken(TokenManager.java:20)
	at stepDefinitions.SkillMasterSteps.admin_creates_post_request_for_the_skill_master_lms_api_endpoint(SkillMasterSteps.java:43)
	at ✽.Admin creates POST Request for the Skill Master LMS API endpoint(file:///Users/dineshdeshmukh/eclipse-workspace/Team05APISquadHackathon/src/test/resources/Feature/07SkillMasterModule.feature:14)
</pre></div></td>
<td>0</td>
<td>runner.TestRunner@560348e6</td></tr>
<tr>
<td title='runner.TestRunner.runScenario()'><b>runScenario</b><br>Test class: runner.TestRunner<br>Test method: Runs Cucumber Scenarios<br>Parameters: "Check if Admin is able to assign User Role to Program/Batch", "GET operations for User Module"</td>
<td><div><pre>java.lang.RuntimeException: Login Token is missing!
	at utilities.TokenManager.getToken(TokenManager.java:20)
	at requests.UserRequest1.setAuth(UserRequest1.java:28)
	at stepDefinitions.UserModuleSteps2.admin_has_valid_bearer_token(UserModuleSteps2.java:28)
	at ✽.Admin has valid Bearer token(file:///Users/dineshdeshmukh/eclipse-workspace/Team05APISquadHackathon/src/test/resources/Feature/06UserModule2.feature:3)
</pre></div><a href='#' onClick='toggleBox("stack-trace175168244", this, "Click to show all stack frames", "Click to hide stack frames")'>Click to show all stack frames</a>
<div class='stack-trace' id='stack-trace175168244'><pre>java.lang.RuntimeException: Login Token is missing!
	at utilities.TokenManager.getToken(TokenManager.java:20)
	at requests.UserRequest1.setAuth(UserRequest1.java:28)
	at stepDefinitions.UserModuleSteps2.admin_has_valid_bearer_token(UserModuleSteps2.java:28)
	at ✽.Admin has valid Bearer token(file:///Users/dineshdeshmukh/eclipse-workspace/Team05APISquadHackathon/src/test/resources/Feature/06UserModule2.feature:3)
</pre></div></td>
<td>0</td>
<td>runner.TestRunner@560348e6</td></tr>
<tr>
<td title='runner.TestRunner.runScenario()'><b>runScenario</b><br>Test class: runner.TestRunner<br>Test method: Runs Cucumber Scenarios<br>Parameters: "Check if Admin is able to assign User Role to Program/Batch", "GET operations for User Module"</td>
<td><div><pre>java.lang.RuntimeException: Login Token is missing!
	at utilities.TokenManager.getToken(TokenManager.java:20)
	at requests.UserRequest1.setAuth(UserRequest1.java:28)
	at stepDefinitions.UserModuleSteps2.admin_has_valid_bearer_token(UserModuleSteps2.java:28)
	at ✽.Admin has valid Bearer token(file:///Users/dineshdeshmukh/eclipse-workspace/Team05APISquadHackathon/src/test/resources/Feature/06UserModule2.feature:3)
</pre></div><a href='#' onClick='toggleBox("stack-trace1980883605", this, "Click to show all stack frames", "Click to hide stack frames")'>Click to show all stack frames</a>
<div class='stack-trace' id='stack-trace1980883605'><pre>java.lang.RuntimeException: Login Token is missing!
	at utilities.TokenManager.getToken(TokenManager.java:20)
	at requests.UserRequest1.setAuth(UserRequest1.java:28)
	at stepDefinitions.UserModuleSteps2.admin_has_valid_bearer_token(UserModuleSteps2.java:28)
	at ✽.Admin has valid Bearer token(file:///Users/dineshdeshmukh/eclipse-workspace/Team05APISquadHackathon/src/test/resources/Feature/06UserModule2.feature:3)
</pre></div></td>
<td>0</td>
<td>runner.TestRunner@560348e6</td></tr>
<tr>
<td title='runner.TestRunner.runScenario()'><b>runScenario</b><br>Test class: runner.TestRunner<br>Test method: Runs Cucumber Scenarios<br>Parameters: "Check if admin is able to GET program by programID with valid/invalid details", "Validating Program Module API"</td>
<td><div><pre>java.lang.RuntimeException: Login Token is missing!
	at utilities.TokenManager.getToken(TokenManager.java:20)
	at requests.ProgramRequest.setAuth(ProgramRequest.java:32)
	at stepDefinitions.ProgramStepDefinition.admin_set_authorization_to_bearer_token(ProgramStepDefinition.java:25)
	at ✽.Admin set Authorization to Bearer token(file:///Users/dineshdeshmukh/eclipse-workspace/Team05APISquadHackathon/src/test/resources/Feature/04ProgramModule.feature:4)
</pre></div><a href='#' onClick='toggleBox("stack-trace676470485", this, "Click to show all stack frames", "Click to hide stack frames")'>Click to show all stack frames</a>
<div class='stack-trace' id='stack-trace676470485'><pre>java.lang.RuntimeException: Login Token is missing!
	at utilities.TokenManager.getToken(TokenManager.java:20)
	at requests.ProgramRequest.setAuth(ProgramRequest.java:32)
	at stepDefinitions.ProgramStepDefinition.admin_set_authorization_to_bearer_token(ProgramStepDefinition.java:25)
	at ✽.Admin set Authorization to Bearer token(file:///Users/dineshdeshmukh/eclipse-workspace/Team05APISquadHackathon/src/test/resources/Feature/04ProgramModule.feature:4)
</pre></div></td>
<td>0</td>
<td>runner.TestRunner@560348e6</td></tr>
<tr>
<td title='runner.TestRunner.runScenario()'><b>runScenario</b><br>Test class: runner.TestRunner<br>Test method: Runs Cucumber Scenarios<br>Parameters: "Check if admin is able to update program by programID with valid/invalid details", "Validating Program Module API"</td>
<td><div><pre>java.lang.RuntimeException: Login Token is missing!
	at utilities.TokenManager.getToken(TokenManager.java:20)
	at requests.ProgramRequest.setAuth(ProgramRequest.java:32)
	at stepDefinitions.ProgramStepDefinition.admin_set_authorization_to_bearer_token(ProgramStepDefinition.java:25)
	at ✽.Admin set Authorization to Bearer token(file:///Users/dineshdeshmukh/eclipse-workspace/Team05APISquadHackathon/src/test/resources/Feature/04ProgramModule.feature:4)
</pre></div><a href='#' onClick='toggleBox("stack-trace646359041", this, "Click to show all stack frames", "Click to hide stack frames")'>Click to show all stack frames</a>
<div class='stack-trace' id='stack-trace646359041'><pre>java.lang.RuntimeException: Login Token is missing!
	at utilities.TokenManager.getToken(TokenManager.java:20)
	at requests.ProgramRequest.setAuth(ProgramRequest.java:32)
	at stepDefinitions.ProgramStepDefinition.admin_set_authorization_to_bearer_token(ProgramStepDefinition.java:25)
	at ✽.Admin set Authorization to Bearer token(file:///Users/dineshdeshmukh/eclipse-workspace/Team05APISquadHackathon/src/test/resources/Feature/04ProgramModule.feature:4)
</pre></div></td>
<td>0</td>
<td>runner.TestRunner@560348e6</td></tr>
<tr>
<td title='runner.TestRunner.runScenario()'><b>runScenario</b><br>Test class: runner.TestRunner<br>Test method: Runs Cucumber Scenarios<br>Parameters: "Check if admin is able to create program with valid/invalid details", "Validating Program Module API"</td>
<td><div><pre>java.lang.RuntimeException: Login Token is missing!
	at utilities.TokenManager.getToken(TokenManager.java:20)
	at requests.ProgramRequest.setAuth(ProgramRequest.java:32)
	at stepDefinitions.ProgramStepDefinition.admin_set_authorization_to_bearer_token(ProgramStepDefinition.java:25)
	at ✽.Admin set Authorization to Bearer token(file:///Users/dineshdeshmukh/eclipse-workspace/Team05APISquadHackathon/src/test/resources/Feature/04ProgramModule.feature:4)
</pre></div><a href='#' onClick='toggleBox("stack-trace1046401236", this, "Click to show all stack frames", "Click to hide stack frames")'>Click to show all stack frames</a>
<div class='stack-trace' id='stack-trace1046401236'><pre>java.lang.RuntimeException: Login Token is missing!
	at utilities.TokenManager.getToken(TokenManager.java:20)
	at requests.ProgramRequest.setAuth(ProgramRequest.java:32)
	at stepDefinitions.ProgramStepDefinition.admin_set_authorization_to_bearer_token(ProgramStepDefinition.java:25)
	at ✽.Admin set Authorization to Bearer token(file:///Users/dineshdeshmukh/eclipse-workspace/Team05APISquadHackathon/src/test/resources/Feature/04ProgramModule.feature:4)
</pre></div></td>
<td>0</td>
<td>runner.TestRunner@560348e6</td></tr>
<tr>
<td title='runner.TestRunner.runScenario()'><b>runScenario</b><br>Test class: runner.TestRunner<br>Test method: Runs Cucumber Scenarios<br>Parameters: "Check if admin able to update New Skill Master with invalid endpoint and request body", "Validating Skill Master Module API"</td>
<td><div><pre>java.lang.RuntimeException: Login Token is missing!
	at utilities.TokenManager.getToken(TokenManager.java:20)
	at stepDefinitions.SkillMasterSteps.admin_creates_put_request_for_the_lms_api_endpoint_for_put_skill(SkillMasterSteps.java:219)
	at ✽.Admin creates PUT Request for the LMS API endpoint for PUT Skill(file:///Users/dineshdeshmukh/eclipse-workspace/Team05APISquadHackathon/src/test/resources/Feature/07SkillMasterModule.feature:47)
</pre></div><a href='#' onClick='toggleBox("stack-trace1750711252", this, "Click to show all stack frames", "Click to hide stack frames")'>Click to show all stack frames</a>
<div class='stack-trace' id='stack-trace1750711252'><pre>java.lang.RuntimeException: Login Token is missing!
	at utilities.TokenManager.getToken(TokenManager.java:20)
	at stepDefinitions.SkillMasterSteps.admin_creates_put_request_for_the_lms_api_endpoint_for_put_skill(SkillMasterSteps.java:219)
	at ✽.Admin creates PUT Request for the LMS API endpoint for PUT Skill(file:///Users/dineshdeshmukh/eclipse-workspace/Team05APISquadHackathon/src/test/resources/Feature/07SkillMasterModule.feature:47)
</pre></div></td>
<td>0</td>
<td>runner.TestRunner@560348e6</td></tr>
<tr>
<td title='runner.TestRunner.runScenario()'><b>runScenario</b><br>Test class: runner.TestRunner<br>Test method: Runs Cucumber Scenarios<br>Parameters: "Check if admin is able to Delete program by programName with valid/invalid details", "Validating Program Module API"</td>
<td><div><pre>java.lang.RuntimeException: Login Token is missing!
	at utilities.TokenManager.getToken(TokenManager.java:20)
	at requests.ProgramRequest.setAuth(ProgramRequest.java:32)
	at stepDefinitions.ProgramStepDefinition.admin_set_authorization_to_bearer_token(ProgramStepDefinition.java:25)
	at ✽.Admin set Authorization to Bearer token(file:///Users/dineshdeshmukh/eclipse-workspace/Team05APISquadHackathon/src/test/resources/Feature/08Delete.feature:4)
</pre></div><a href='#' onClick='toggleBox("stack-trace1488129598", this, "Click to show all stack frames", "Click to hide stack frames")'>Click to show all stack frames</a>
<div class='stack-trace' id='stack-trace1488129598'><pre>java.lang.RuntimeException: Login Token is missing!
	at utilities.TokenManager.getToken(TokenManager.java:20)
	at requests.ProgramRequest.setAuth(ProgramRequest.java:32)
	at stepDefinitions.ProgramStepDefinition.admin_set_authorization_to_bearer_token(ProgramStepDefinition.java:25)
	at ✽.Admin set Authorization to Bearer token(file:///Users/dineshdeshmukh/eclipse-workspace/Team05APISquadHackathon/src/test/resources/Feature/08Delete.feature:4)
</pre></div></td>
<td>0</td>
<td>runner.TestRunner@560348e6</td></tr>
<tr>
<td title='runner.TestRunner.runScenario()'><b>runScenario</b><br>Test class: runner.TestRunner<br>Test method: Runs Cucumber Scenarios<br>Parameters: "Check if admin is able to create a Batch with valid/invalid details "InvalidMethodCreateBatchPost"", "To test the API request of Batch Module"</td>
<td><div><pre>java.lang.RuntimeException: Login Token is missing!
	at utilities.TokenManager.getToken(TokenManager.java:20)
	at requests.ProgramBatchRequests.setAuth(ProgramBatchRequests.java:32)
	at stepDefinitions.ProgramBatchSteps.admin_set_authorization_for_batch(ProgramBatchSteps.java:26)
	at ✽.Admin set Authorization for batch(file:///Users/dineshdeshmukh/eclipse-workspace/Team05APISquadHackathon/src/test/resources/Feature/05ProgramBatchModule.feature:4)
</pre></div><a href='#' onClick='toggleBox("stack-trace732214059", this, "Click to show all stack frames", "Click to hide stack frames")'>Click to show all stack frames</a>
<div class='stack-trace' id='stack-trace732214059'><pre>java.lang.RuntimeException: Login Token is missing!
	at utilities.TokenManager.getToken(TokenManager.java:20)
	at requests.ProgramBatchRequests.setAuth(ProgramBatchRequests.java:32)
	at stepDefinitions.ProgramBatchSteps.admin_set_authorization_for_batch(ProgramBatchSteps.java:26)
	at ✽.Admin set Authorization for batch(file:///Users/dineshdeshmukh/eclipse-workspace/Team05APISquadHackathon/src/test/resources/Feature/05ProgramBatchModule.feature:4)
</pre></div></td>
<td>0</td>
<td>runner.TestRunner@560348e6</td></tr>
<tr>
<td title='runner.TestRunner.runScenario()'><b>runScenario</b><br>Test class: runner.TestRunner<br>Test method: Runs Cucumber Scenarios<br>Parameters: "Check if admin is able to create a Batch with valid/invalid details "InvalidStatusBatchPost"", "To test the API request of Batch Module"</td>
<td><div><pre>java.lang.RuntimeException: Login Token is missing!
	at utilities.TokenManager.getToken(TokenManager.java:20)
	at requests.ProgramBatchRequests.setAuth(ProgramBatchRequests.java:32)
	at stepDefinitions.ProgramBatchSteps.admin_set_authorization_for_batch(ProgramBatchSteps.java:26)
	at ✽.Admin set Authorization for batch(file:///Users/dineshdeshmukh/eclipse-workspace/Team05APISquadHackathon/src/test/resources/Feature/05ProgramBatchModule.feature:4)
</pre></div><a href='#' onClick='toggleBox("stack-trace55220696", this, "Click to show all stack frames", "Click to hide stack frames")'>Click to show all stack frames</a>
<div class='stack-trace' id='stack-trace55220696'><pre>java.lang.RuntimeException: Login Token is missing!
	at utilities.TokenManager.getToken(TokenManager.java:20)
	at requests.ProgramBatchRequests.setAuth(ProgramBatchRequests.java:32)
	at stepDefinitions.ProgramBatchSteps.admin_set_authorization_for_batch(ProgramBatchSteps.java:26)
	at ✽.Admin set Authorization for batch(file:///Users/dineshdeshmukh/eclipse-workspace/Team05APISquadHackathon/src/test/resources/Feature/05ProgramBatchModule.feature:4)
</pre></div></td>
<td>0</td>
<td>runner.TestRunner@560348e6</td></tr>
<tr>
<td title='runner.TestRunner.runScenario()'><b>runScenario</b><br>Test class: runner.TestRunner<br>Test method: Runs Cucumber Scenarios<br>Parameters: "Check if admin able to retrieve active users with valid/invalid Endpoints", "User Module1 [Post Operation]"</td>
<td><div><pre>java.lang.RuntimeException: Login Token is missing!
	at utilities.TokenManager.getToken(TokenManager.java:20)
	at requests.UserRequest.setAuth(UserRequest.java:36)
	at stepDefinitions.UserModuleSteps1.admin_sets_bearer_token(UserModuleSteps1.java:30)
	at ✽.Admin sets Bearer token(file:///Users/dineshdeshmukh/eclipse-workspace/Team05APISquadHackathon/src/test/resources/Feature/02UserModule1Create.feature:5)
</pre></div><a href='#' onClick='toggleBox("stack-trace1989797386", this, "Click to show all stack frames", "Click to hide stack frames")'>Click to show all stack frames</a>
<div class='stack-trace' id='stack-trace1989797386'><pre>java.lang.RuntimeException: Login Token is missing!
	at utilities.TokenManager.getToken(TokenManager.java:20)
	at requests.UserRequest.setAuth(UserRequest.java:36)
	at stepDefinitions.UserModuleSteps1.admin_sets_bearer_token(UserModuleSteps1.java:30)
	at ✽.Admin sets Bearer token(file:///Users/dineshdeshmukh/eclipse-workspace/Team05APISquadHackathon/src/test/resources/Feature/02UserModule1Create.feature:5)
</pre></div></td>
<td>0</td>
<td>runner.TestRunner@560348e6</td></tr>
<tr>
<td title='runner.TestRunner.runScenario()'><b>runScenario</b><br>Test class: runner.TestRunner<br>Test method: Runs Cucumber Scenarios<br>Parameters: "Check if admin able to retrieve users by program batch ID", "User Module1 [Post Operation]"</td>
<td><div><pre>java.lang.RuntimeException: Login Token is missing!
	at utilities.TokenManager.getToken(TokenManager.java:20)
	at requests.UserRequest.setAuth(UserRequest.java:36)
	at stepDefinitions.UserModuleSteps1.admin_sets_bearer_token(UserModuleSteps1.java:30)
	at ✽.Admin sets Bearer token(file:///Users/dineshdeshmukh/eclipse-workspace/Team05APISquadHackathon/src/test/resources/Feature/02UserModule1Create.feature:5)
</pre></div><a href='#' onClick='toggleBox("stack-trace2142914862", this, "Click to show all stack frames", "Click to hide stack frames")'>Click to show all stack frames</a>
<div class='stack-trace' id='stack-trace2142914862'><pre>java.lang.RuntimeException: Login Token is missing!
	at utilities.TokenManager.getToken(TokenManager.java:20)
	at requests.UserRequest.setAuth(UserRequest.java:36)
	at stepDefinitions.UserModuleSteps1.admin_sets_bearer_token(UserModuleSteps1.java:30)
	at ✽.Admin sets Bearer token(file:///Users/dineshdeshmukh/eclipse-workspace/Team05APISquadHackathon/src/test/resources/Feature/02UserModule1Create.feature:5)
</pre></div></td>
<td>0</td>
<td>runner.TestRunner@560348e6</td></tr>
<tr>
<td title='runner.TestRunner.runScenario()'><b>runScenario</b><br>Test class: runner.TestRunner<br>Test method: Runs Cucumber Scenarios<br>Parameters: "Check if Admin is able to retrieve users batchid with valid/invalid userid", "GET operations for User Module"</td>
<td><div><pre>java.lang.RuntimeException: Login Token is missing!
	at utilities.TokenManager.getToken(TokenManager.java:20)
	at requests.UserRequest1.setAuth(UserRequest1.java:28)
	at stepDefinitions.UserModuleSteps2.admin_has_valid_bearer_token(UserModuleSteps2.java:28)
	at ✽.Admin has valid Bearer token(file:///Users/dineshdeshmukh/eclipse-workspace/Team05APISquadHackathon/src/test/resources/Feature/06UserModule2.feature:3)
</pre></div><a href='#' onClick='toggleBox("stack-trace1825984578", this, "Click to show all stack frames", "Click to hide stack frames")'>Click to show all stack frames</a>
<div class='stack-trace' id='stack-trace1825984578'><pre>java.lang.RuntimeException: Login Token is missing!
	at utilities.TokenManager.getToken(TokenManager.java:20)
	at requests.UserRequest1.setAuth(UserRequest1.java:28)
	at stepDefinitions.UserModuleSteps2.admin_has_valid_bearer_token(UserModuleSteps2.java:28)
	at ✽.Admin has valid Bearer token(file:///Users/dineshdeshmukh/eclipse-workspace/Team05APISquadHackathon/src/test/resources/Feature/06UserModule2.feature:3)
</pre></div></td>
<td>0</td>
<td>runner.TestRunner@560348e6</td></tr>
<tr>
<td title='runner.TestRunner.runScenario()'><b>runScenario</b><br>Test class: runner.TestRunner<br>Test method: Runs Cucumber Scenarios<br>Parameters: "Check if Admin able to delete a program with valid/invalid program ID", "Validating Program Module API"</td>
<td><div><pre>java.lang.RuntimeException: Login Token is missing!
	at utilities.TokenManager.getToken(TokenManager.java:20)
	at requests.ProgramRequest.setAuth(ProgramRequest.java:32)
	at stepDefinitions.ProgramStepDefinition.admin_set_authorization_to_bearer_token(ProgramStepDefinition.java:25)
	at ✽.Admin set Authorization to Bearer token(file:///Users/dineshdeshmukh/eclipse-workspace/Team05APISquadHackathon/src/test/resources/Feature/08Delete.feature:4)
</pre></div><a href='#' onClick='toggleBox("stack-trace413880637", this, "Click to show all stack frames", "Click to hide stack frames")'>Click to show all stack frames</a>
<div class='stack-trace' id='stack-trace413880637'><pre>java.lang.RuntimeException: Login Token is missing!
	at utilities.TokenManager.getToken(TokenManager.java:20)
	at requests.ProgramRequest.setAuth(ProgramRequest.java:32)
	at stepDefinitions.ProgramStepDefinition.admin_set_authorization_to_bearer_token(ProgramStepDefinition.java:25)
	at ✽.Admin set Authorization to Bearer token(file:///Users/dineshdeshmukh/eclipse-workspace/Team05APISquadHackathon/src/test/resources/Feature/08Delete.feature:4)
</pre></div></td>
<td>0</td>
<td>runner.TestRunner@560348e6</td></tr>
<tr>
<td title='runner.TestRunner.runScenario()'><b>runScenario</b><br>Test class: runner.TestRunner<br>Test method: Runs Cucumber Scenarios<br>Parameters: "Check if admin able to get all Skill Master with valid endpoint", "Validating Skill Master Module API"</td>
<td><div><pre>java.lang.RuntimeException: Login Token is missing!
	at utilities.TokenManager.getToken(TokenManager.java:20)
	at stepDefinitions.SkillMasterSteps.admin_creates_get_request_for_the_skill_master_lms_api_endpoint(SkillMasterSteps.java:139)
	at ✽.Admin creates GET Request for the Skill Master LMS API endpoint(file:///Users/dineshdeshmukh/eclipse-workspace/Team05APISquadHackathon/src/test/resources/Feature/07SkillMasterModule.feature:25)
</pre></div><a href='#' onClick='toggleBox("stack-trace1023063405", this, "Click to show all stack frames", "Click to hide stack frames")'>Click to show all stack frames</a>
<div class='stack-trace' id='stack-trace1023063405'><pre>java.lang.RuntimeException: Login Token is missing!
	at utilities.TokenManager.getToken(TokenManager.java:20)
	at stepDefinitions.SkillMasterSteps.admin_creates_get_request_for_the_skill_master_lms_api_endpoint(SkillMasterSteps.java:139)
	at ✽.Admin creates GET Request for the Skill Master LMS API endpoint(file:///Users/dineshdeshmukh/eclipse-workspace/Team05APISquadHackathon/src/test/resources/Feature/07SkillMasterModule.feature:25)
</pre></div></td>
<td>0</td>
<td>runner.TestRunner@560348e6</td></tr>
<tr>
<td title='runner.TestRunner.runScenario()'><b>runScenario</b><br>Test class: runner.TestRunner<br>Test method: Runs Cucumber Scenarios<br>Parameters: "Check if admin able to get Skill Master Name with invalid endpoint", "Validating Skill Master Module API"</td>
<td><div><pre>java.lang.RuntimeException: Login Token is missing!
	at utilities.TokenManager.getToken(TokenManager.java:20)
	at stepDefinitions.SkillMasterSteps.admin_creates_get_request_for_the_lms_api_endpoint_for_get_skill(SkillMasterSteps.java:167)
	at ✽.Admin creates GET Request for the LMS API endpoint for GETSkill(file:///Users/dineshdeshmukh/eclipse-workspace/Team05APISquadHackathon/src/test/resources/Feature/07SkillMasterModule.feature:36)
</pre></div><a href='#' onClick='toggleBox("stack-trace449822808", this, "Click to show all stack frames", "Click to hide stack frames")'>Click to show all stack frames</a>
<div class='stack-trace' id='stack-trace449822808'><pre>java.lang.RuntimeException: Login Token is missing!
	at utilities.TokenManager.getToken(TokenManager.java:20)
	at stepDefinitions.SkillMasterSteps.admin_creates_get_request_for_the_lms_api_endpoint_for_get_skill(SkillMasterSteps.java:167)
	at ✽.Admin creates GET Request for the LMS API endpoint for GETSkill(file:///Users/dineshdeshmukh/eclipse-workspace/Team05APISquadHackathon/src/test/resources/Feature/07SkillMasterModule.feature:36)
</pre></div></td>
<td>0</td>
<td>runner.TestRunner@560348e6</td></tr>
<tr>
<td title='runner.TestRunner.runScenario()'><b>runScenario</b><br>Test class: runner.TestRunner<br>Test method: Runs Cucumber Scenarios<br>Parameters: "Check if Admin is able to delete Valid/Invalid UserID", "Validating Program Module API"</td>
<td><div><pre>java.lang.RuntimeException: Login Token is missing!
	at utilities.TokenManager.getToken(TokenManager.java:20)
	at requests.ProgramRequest.setAuth(ProgramRequest.java:32)
	at stepDefinitions.ProgramStepDefinition.admin_set_authorization_to_bearer_token(ProgramStepDefinition.java:25)
	at ✽.Admin set Authorization to Bearer token(file:///Users/dineshdeshmukh/eclipse-workspace/Team05APISquadHackathon/src/test/resources/Feature/08Delete.feature:4)
</pre></div><a href='#' onClick='toggleBox("stack-trace909773218", this, "Click to show all stack frames", "Click to hide stack frames")'>Click to show all stack frames</a>
<div class='stack-trace' id='stack-trace909773218'><pre>java.lang.RuntimeException: Login Token is missing!
	at utilities.TokenManager.getToken(TokenManager.java:20)
	at requests.ProgramRequest.setAuth(ProgramRequest.java:32)
	at stepDefinitions.ProgramStepDefinition.admin_set_authorization_to_bearer_token(ProgramStepDefinition.java:25)
	at ✽.Admin set Authorization to Bearer token(file:///Users/dineshdeshmukh/eclipse-workspace/Team05APISquadHackathon/src/test/resources/Feature/08Delete.feature:4)
</pre></div></td>
<td>0</td>
<td>runner.TestRunner@560348e6</td></tr>
<tr>
<td title='runner.TestRunner.runScenario()'><b>runScenario</b><br>Test class: runner.TestRunner<br>Test method: Runs Cucumber Scenarios<br>Parameters: "Check if Admin able to delete a program with valid/invalid program ID", "Validating Program Module API"</td>
<td><div><pre>java.lang.RuntimeException: Login Token is missing!
	at utilities.TokenManager.getToken(TokenManager.java:20)
	at requests.ProgramRequest.setAuth(ProgramRequest.java:32)
	at stepDefinitions.ProgramStepDefinition.admin_set_authorization_to_bearer_token(ProgramStepDefinition.java:25)
	at ✽.Admin set Authorization to Bearer token(file:///Users/dineshdeshmukh/eclipse-workspace/Team05APISquadHackathon/src/test/resources/Feature/08Delete.feature:4)
</pre></div><a href='#' onClick='toggleBox("stack-trace1500321780", this, "Click to show all stack frames", "Click to hide stack frames")'>Click to show all stack frames</a>
<div class='stack-trace' id='stack-trace1500321780'><pre>java.lang.RuntimeException: Login Token is missing!
	at utilities.TokenManager.getToken(TokenManager.java:20)
	at requests.ProgramRequest.setAuth(ProgramRequest.java:32)
	at stepDefinitions.ProgramStepDefinition.admin_set_authorization_to_bearer_token(ProgramStepDefinition.java:25)
	at ✽.Admin set Authorization to Bearer token(file:///Users/dineshdeshmukh/eclipse-workspace/Team05APISquadHackathon/src/test/resources/Feature/08Delete.feature:4)
</pre></div></td>
<td>0</td>
<td>runner.TestRunner@560348e6</td></tr>
<tr>
<td title='runner.TestRunner.runScenario()'><b>runScenario</b><br>Test class: runner.TestRunner<br>Test method: Runs Cucumber Scenarios<br>Parameters: "Check if admin is able to GetAllProgram with valid/invalid details", "Validating Program Module API"</td>
<td><div><pre>java.lang.RuntimeException: Login Token is missing!
	at utilities.TokenManager.getToken(TokenManager.java:20)
	at requests.ProgramRequest.setAuth(ProgramRequest.java:32)
	at stepDefinitions.ProgramStepDefinition.admin_set_authorization_to_bearer_token(ProgramStepDefinition.java:25)
	at ✽.Admin set Authorization to Bearer token(file:///Users/dineshdeshmukh/eclipse-workspace/Team05APISquadHackathon/src/test/resources/Feature/04ProgramModule.feature:4)
</pre></div><a href='#' onClick='toggleBox("stack-trace921452657", this, "Click to show all stack frames", "Click to hide stack frames")'>Click to show all stack frames</a>
<div class='stack-trace' id='stack-trace921452657'><pre>java.lang.RuntimeException: Login Token is missing!
	at utilities.TokenManager.getToken(TokenManager.java:20)
	at requests.ProgramRequest.setAuth(ProgramRequest.java:32)
	at stepDefinitions.ProgramStepDefinition.admin_set_authorization_to_bearer_token(ProgramStepDefinition.java:25)
	at ✽.Admin set Authorization to Bearer token(file:///Users/dineshdeshmukh/eclipse-workspace/Team05APISquadHackathon/src/test/resources/Feature/04ProgramModule.feature:4)
</pre></div></td>
<td>0</td>
<td>runner.TestRunner@560348e6</td></tr>
<tr>
<td title='runner.TestRunner.runScenario()'><b>runScenario</b><br>Test class: runner.TestRunner<br>Test method: Runs Cucumber Scenarios<br>Parameters: "Check if admin able to retrieve user by ID with valid/invalid details", "User Module1 [Post Operation]"</td>
<td><div><pre>java.lang.RuntimeException: Login Token is missing!
	at utilities.TokenManager.getToken(TokenManager.java:20)
	at requests.UserRequest.setAuth(UserRequest.java:36)
	at stepDefinitions.UserModuleSteps1.admin_sets_bearer_token(UserModuleSteps1.java:30)
	at ✽.Admin sets Bearer token(file:///Users/dineshdeshmukh/eclipse-workspace/Team05APISquadHackathon/src/test/resources/Feature/02UserModule1Create.feature:5)
</pre></div><a href='#' onClick='toggleBox("stack-trace122225111", this, "Click to show all stack frames", "Click to hide stack frames")'>Click to show all stack frames</a>
<div class='stack-trace' id='stack-trace122225111'><pre>java.lang.RuntimeException: Login Token is missing!
	at utilities.TokenManager.getToken(TokenManager.java:20)
	at requests.UserRequest.setAuth(UserRequest.java:36)
	at stepDefinitions.UserModuleSteps1.admin_sets_bearer_token(UserModuleSteps1.java:30)
	at ✽.Admin sets Bearer token(file:///Users/dineshdeshmukh/eclipse-workspace/Team05APISquadHackathon/src/test/resources/Feature/02UserModule1Create.feature:5)
</pre></div></td>
<td>0</td>
<td>runner.TestRunner@560348e6</td></tr>
<tr>
<td title='runner.TestRunner.runScenario()'><b>runScenario</b><br>Test class: runner.TestRunner<br>Test method: Runs Cucumber Scenarios<br>Parameters: "Check if admin able to create a New Skill Master with valid endpoint and request body non existing values", "Validating Skill Master Module API"</td>
<td><div><pre>java.lang.RuntimeException: Login Token is missing!
	at utilities.TokenManager.getToken(TokenManager.java:20)
	at stepDefinitions.SkillMasterSteps.admin_creates_post_request_for_the_skill_master_lms_api_endpoint(SkillMasterSteps.java:43)
	at ✽.Admin creates POST Request for the Skill Master LMS API endpoint(file:///Users/dineshdeshmukh/eclipse-workspace/Team05APISquadHackathon/src/test/resources/Feature/07SkillMasterModule.feature:9)
</pre></div><a href='#' onClick='toggleBox("stack-trace581486647", this, "Click to show all stack frames", "Click to hide stack frames")'>Click to show all stack frames</a>
<div class='stack-trace' id='stack-trace581486647'><pre>java.lang.RuntimeException: Login Token is missing!
	at utilities.TokenManager.getToken(TokenManager.java:20)
	at stepDefinitions.SkillMasterSteps.admin_creates_post_request_for_the_skill_master_lms_api_endpoint(SkillMasterSteps.java:43)
	at ✽.Admin creates POST Request for the Skill Master LMS API endpoint(file:///Users/dineshdeshmukh/eclipse-workspace/Team05APISquadHackathon/src/test/resources/Feature/07SkillMasterModule.feature:9)
</pre></div></td>
<td>0</td>
<td>runner.TestRunner@560348e6</td></tr>
<tr>
<td title='runner.TestRunner.runScenario()'><b>runScenario</b><br>Test class: runner.TestRunner<br>Test method: Runs Cucumber Scenarios<br>Parameters: "Check if admin is able to GetAllProgramwithUsers with valid/invalid details", "Validating Program Module API"</td>
<td><div><pre>java.lang.RuntimeException: Login Token is missing!
	at utilities.TokenManager.getToken(TokenManager.java:20)
	at requests.ProgramRequest.setAuth(ProgramRequest.java:32)
	at stepDefinitions.ProgramStepDefinition.admin_set_authorization_to_bearer_token(ProgramStepDefinition.java:25)
	at ✽.Admin set Authorization to Bearer token(file:///Users/dineshdeshmukh/eclipse-workspace/Team05APISquadHackathon/src/test/resources/Feature/04ProgramModule.feature:4)
</pre></div><a href='#' onClick='toggleBox("stack-trace1514556391", this, "Click to show all stack frames", "Click to hide stack frames")'>Click to show all stack frames</a>
<div class='stack-trace' id='stack-trace1514556391'><pre>java.lang.RuntimeException: Login Token is missing!
	at utilities.TokenManager.getToken(TokenManager.java:20)
	at requests.ProgramRequest.setAuth(ProgramRequest.java:32)
	at stepDefinitions.ProgramStepDefinition.admin_set_authorization_to_bearer_token(ProgramStepDefinition.java:25)
	at ✽.Admin set Authorization to Bearer token(file:///Users/dineshdeshmukh/eclipse-workspace/Team05APISquadHackathon/src/test/resources/Feature/04ProgramModule.feature:4)
</pre></div></td>
<td>0</td>
<td>runner.TestRunner@560348e6</td></tr>
<tr>
<td title='runner.TestRunner.runScenario()'><b>runScenario</b><br>Test class: runner.TestRunner<br>Test method: Runs Cucumber Scenarios<br>Parameters: "Check if admin is able to create a Batch with valid/invalid details "NoAuthBatchPost"", "To test the API request of Batch Module"</td>
<td><div><pre>java.lang.RuntimeException: Login Token is missing!
	at utilities.TokenManager.getToken(TokenManager.java:20)
	at requests.ProgramBatchRequests.setAuth(ProgramBatchRequests.java:32)
	at stepDefinitions.ProgramBatchSteps.admin_set_authorization_for_batch(ProgramBatchSteps.java:26)
	at ✽.Admin set Authorization for batch(file:///Users/dineshdeshmukh/eclipse-workspace/Team05APISquadHackathon/src/test/resources/Feature/05ProgramBatchModule.feature:4)
</pre></div><a href='#' onClick='toggleBox("stack-trace333890884", this, "Click to show all stack frames", "Click to hide stack frames")'>Click to show all stack frames</a>
<div class='stack-trace' id='stack-trace333890884'><pre>java.lang.RuntimeException: Login Token is missing!
	at utilities.TokenManager.getToken(TokenManager.java:20)
	at requests.ProgramBatchRequests.setAuth(ProgramBatchRequests.java:32)
	at stepDefinitions.ProgramBatchSteps.admin_set_authorization_for_batch(ProgramBatchSteps.java:26)
	at ✽.Admin set Authorization for batch(file:///Users/dineshdeshmukh/eclipse-workspace/Team05APISquadHackathon/src/test/resources/Feature/05ProgramBatchModule.feature:4)
</pre></div></td>
<td>0</td>
<td>runner.TestRunner@560348e6</td></tr>
<tr>
<td title='runner.TestRunner.runScenario()'><b>runScenario</b><br>Test class: runner.TestRunner<br>Test method: Runs Cucumber Scenarios<br>Parameters: "Check if admin is able to create a Batch with valid/invalid details "MissingMandatoryFieldStatusBatchPost"", "To test the API request of Batch Module"</td>
<td><div><pre>java.lang.RuntimeException: Login Token is missing!
	at utilities.TokenManager.getToken(TokenManager.java:20)
	at requests.ProgramBatchRequests.setAuth(ProgramBatchRequests.java:32)
	at stepDefinitions.ProgramBatchSteps.admin_set_authorization_for_batch(ProgramBatchSteps.java:26)
	at ✽.Admin set Authorization for batch(file:///Users/dineshdeshmukh/eclipse-workspace/Team05APISquadHackathon/src/test/resources/Feature/05ProgramBatchModule.feature:4)
</pre></div><a href='#' onClick='toggleBox("stack-trace115112831", this, "Click to show all stack frames", "Click to hide stack frames")'>Click to show all stack frames</a>
<div class='stack-trace' id='stack-trace115112831'><pre>java.lang.RuntimeException: Login Token is missing!
	at utilities.TokenManager.getToken(TokenManager.java:20)
	at requests.ProgramBatchRequests.setAuth(ProgramBatchRequests.java:32)
	at stepDefinitions.ProgramBatchSteps.admin_set_authorization_for_batch(ProgramBatchSteps.java:26)
	at ✽.Admin set Authorization for batch(file:///Users/dineshdeshmukh/eclipse-workspace/Team05APISquadHackathon/src/test/resources/Feature/05ProgramBatchModule.feature:4)
</pre></div></td>
<td>0</td>
<td>runner.TestRunner@560348e6</td></tr>
<tr>
<td title='runner.TestRunner.runScenario()'><b>runScenario</b><br>Test class: runner.TestRunner<br>Test method: Runs Cucumber Scenarios<br>Parameters: "Admin login token generation", "Admin Login Controller"</td>
<td><div><pre>java.lang.AssertionError: Status Code Mismatch! expected [401] but found [400]
	at org.testng.Assert.fail(Assert.java:111)
	at org.testng.Assert.failNotEquals(Assert.java:1590)
	at org.testng.Assert.assertEqualsImpl(Assert.java:150)
	at org.testng.Assert.assertEquals(Assert.java:132)
	at org.testng.Assert.assertEquals(Assert.java:1431)
	at org.testng.Assert.assertEquals(Assert.java:1395)
	at stepDefinitions.UserLoginSteps.admin_validates_response(UserLoginSteps.java:35)
	at ✽.Admin validates response(file:///Users/dineshdeshmukh/eclipse-workspace/Team05APISquadHackathon/src/test/resources/Feature/01UserLoginModule.feature:13)
</pre></div><a href='#' onClick='toggleBox("stack-trace1126178692", this, "Click to show all stack frames", "Click to hide stack frames")'>Click to show all stack frames</a>
<div class='stack-trace' id='stack-trace1126178692'><pre>java.lang.AssertionError: Status Code Mismatch! expected [401] but found [400]
	at org.testng.Assert.fail(Assert.java:111)
	at org.testng.Assert.failNotEquals(Assert.java:1590)
	at org.testng.Assert.assertEqualsImpl(Assert.java:150)
	at org.testng.Assert.assertEquals(Assert.java:132)
	at org.testng.Assert.assertEquals(Assert.java:1431)
	at org.testng.Assert.assertEquals(Assert.java:1395)
	at stepDefinitions.UserLoginSteps.admin_validates_response(UserLoginSteps.java:35)
	at ✽.Admin validates response(file:///Users/dineshdeshmukh/eclipse-workspace/Team05APISquadHackathon/src/test/resources/Feature/01UserLoginModule.feature:13)
</pre></div></td>
<td>0</td>
<td>runner.TestRunner@560348e6</td></tr>
<tr>
<td title='runner.TestRunner.runScenario()'><b>runScenario</b><br>Test class: runner.TestRunner<br>Test method: Runs Cucumber Scenarios<br>Parameters: "Check if Admin is able to retrieve user with valid/invalid Program ID", "GET operations for User Module"</td>
<td><div><pre>java.lang.RuntimeException: Login Token is missing!
	at utilities.TokenManager.getToken(TokenManager.java:20)
	at requests.UserRequest1.setAuth(UserRequest1.java:28)
	at stepDefinitions.UserModuleSteps2.admin_has_valid_bearer_token(UserModuleSteps2.java:28)
	at ✽.Admin has valid Bearer token(file:///Users/dineshdeshmukh/eclipse-workspace/Team05APISquadHackathon/src/test/resources/Feature/06UserModule2.feature:3)
</pre></div><a href='#' onClick='toggleBox("stack-trace1679027895", this, "Click to show all stack frames", "Click to hide stack frames")'>Click to show all stack frames</a>
<div class='stack-trace' id='stack-trace1679027895'><pre>java.lang.RuntimeException: Login Token is missing!
	at utilities.TokenManager.getToken(TokenManager.java:20)
	at requests.UserRequest1.setAuth(UserRequest1.java:28)
	at stepDefinitions.UserModuleSteps2.admin_has_valid_bearer_token(UserModuleSteps2.java:28)
	at ✽.Admin has valid Bearer token(file:///Users/dineshdeshmukh/eclipse-workspace/Team05APISquadHackathon/src/test/resources/Feature/06UserModule2.feature:3)
</pre></div></td>
<td>0</td>
<td>runner.TestRunner@560348e6</td></tr>
<tr>
<td title='runner.TestRunner.runScenario()'><b>runScenario</b><br>Test class: runner.TestRunner<br>Test method: Runs Cucumber Scenarios<br>Parameters: "Check if admin able to get Skill Master Name with valid endpoint", "Validating Skill Master Module API"</td>
<td><div><pre>java.lang.RuntimeException: Login Token is missing!
	at utilities.TokenManager.getToken(TokenManager.java:20)
	at stepDefinitions.SkillMasterSteps.admin_creates_get_request_for_the_lms_api_endpoint_for_get_skill(SkillMasterSteps.java:167)
	at ✽.Admin creates GET Request for the LMS API endpoint for GETSkill(file:///Users/dineshdeshmukh/eclipse-workspace/Team05APISquadHackathon/src/test/resources/Feature/07SkillMasterModule.feature:31)
</pre></div><a href='#' onClick='toggleBox("stack-trace2146952019", this, "Click to show all stack frames", "Click to hide stack frames")'>Click to show all stack frames</a>
<div class='stack-trace' id='stack-trace2146952019'><pre>java.lang.RuntimeException: Login Token is missing!
	at utilities.TokenManager.getToken(TokenManager.java:20)
	at stepDefinitions.SkillMasterSteps.admin_creates_get_request_for_the_lms_api_endpoint_for_get_skill(SkillMasterSteps.java:167)
	at ✽.Admin creates GET Request for the LMS API endpoint for GETSkill(file:///Users/dineshdeshmukh/eclipse-workspace/Team05APISquadHackathon/src/test/resources/Feature/07SkillMasterModule.feature:31)
</pre></div></td>
<td>0</td>
<td>runner.TestRunner@560348e6</td></tr>
<tr>
<td title='runner.TestRunner.runScenario()'><b>runScenario</b><br>Test class: runner.TestRunner<br>Test method: Runs Cucumber Scenarios<br>Parameters: "Check if admin is able to update program by programID with valid/invalid details", "Validating Program Module API"</td>
<td><div><pre>java.lang.RuntimeException: Login Token is missing!
	at utilities.TokenManager.getToken(TokenManager.java:20)
	at requests.ProgramRequest.setAuth(ProgramRequest.java:32)
	at stepDefinitions.ProgramStepDefinition.admin_set_authorization_to_bearer_token(ProgramStepDefinition.java:25)
	at ✽.Admin set Authorization to Bearer token(file:///Users/dineshdeshmukh/eclipse-workspace/Team05APISquadHackathon/src/test/resources/Feature/04ProgramModule.feature:4)
</pre></div><a href='#' onClick='toggleBox("stack-trace612873761", this, "Click to show all stack frames", "Click to hide stack frames")'>Click to show all stack frames</a>
<div class='stack-trace' id='stack-trace612873761'><pre>java.lang.RuntimeException: Login Token is missing!
	at utilities.TokenManager.getToken(TokenManager.java:20)
	at requests.ProgramRequest.setAuth(ProgramRequest.java:32)
	at stepDefinitions.ProgramStepDefinition.admin_set_authorization_to_bearer_token(ProgramStepDefinition.java:25)
	at ✽.Admin set Authorization to Bearer token(file:///Users/dineshdeshmukh/eclipse-workspace/Team05APISquadHackathon/src/test/resources/Feature/04ProgramModule.feature:4)
</pre></div></td>
<td>0</td>
<td>runner.TestRunner@560348e6</td></tr>
<tr>
<td title='runner.TestRunner.runScenario()'><b>runScenario</b><br>Test class: runner.TestRunner<br>Test method: Runs Cucumber Scenarios<br>Parameters: "Check if admin is able to create a Batch with valid/invalid details "NegativeClassesBatchPost"", "To test the API request of Batch Module"</td>
<td><div><pre>java.lang.RuntimeException: Login Token is missing!
	at utilities.TokenManager.getToken(TokenManager.java:20)
	at requests.ProgramBatchRequests.setAuth(ProgramBatchRequests.java:32)
	at stepDefinitions.ProgramBatchSteps.admin_set_authorization_for_batch(ProgramBatchSteps.java:26)
	at ✽.Admin set Authorization for batch(file:///Users/dineshdeshmukh/eclipse-workspace/Team05APISquadHackathon/src/test/resources/Feature/05ProgramBatchModule.feature:4)
</pre></div><a href='#' onClick='toggleBox("stack-trace844248821", this, "Click to show all stack frames", "Click to hide stack frames")'>Click to show all stack frames</a>
<div class='stack-trace' id='stack-trace844248821'><pre>java.lang.RuntimeException: Login Token is missing!
	at utilities.TokenManager.getToken(TokenManager.java:20)
	at requests.ProgramBatchRequests.setAuth(ProgramBatchRequests.java:32)
	at stepDefinitions.ProgramBatchSteps.admin_set_authorization_for_batch(ProgramBatchSteps.java:26)
	at ✽.Admin set Authorization for batch(file:///Users/dineshdeshmukh/eclipse-workspace/Team05APISquadHackathon/src/test/resources/Feature/05ProgramBatchModule.feature:4)
</pre></div></td>
<td>0</td>
<td>runner.TestRunner@560348e6</td></tr>
<tr>
<td title='runner.TestRunner.runScenario()'><b>runScenario</b><br>Test class: runner.TestRunner<br>Test method: Runs Cucumber Scenarios<br>Parameters: "Check if Admin is able to retrieve user with valid/invalid Role ID V2", "GET operations for User Module"</td>
<td><div><pre>java.lang.RuntimeException: Login Token is missing!
	at utilities.TokenManager.getToken(TokenManager.java:20)
	at requests.UserRequest1.setAuth(UserRequest1.java:28)
	at stepDefinitions.UserModuleSteps2.admin_has_valid_bearer_token(UserModuleSteps2.java:28)
	at ✽.Admin has valid Bearer token(file:///Users/dineshdeshmukh/eclipse-workspace/Team05APISquadHackathon/src/test/resources/Feature/06UserModule2.feature:3)
</pre></div><a href='#' onClick='toggleBox("stack-trace515938920", this, "Click to show all stack frames", "Click to hide stack frames")'>Click to show all stack frames</a>
<div class='stack-trace' id='stack-trace515938920'><pre>java.lang.RuntimeException: Login Token is missing!
	at utilities.TokenManager.getToken(TokenManager.java:20)
	at requests.UserRequest1.setAuth(UserRequest1.java:28)
	at stepDefinitions.UserModuleSteps2.admin_has_valid_bearer_token(UserModuleSteps2.java:28)
	at ✽.Admin has valid Bearer token(file:///Users/dineshdeshmukh/eclipse-workspace/Team05APISquadHackathon/src/test/resources/Feature/06UserModule2.feature:3)
</pre></div></td>
<td>0</td>
<td>runner.TestRunner@560348e6</td></tr>
<tr>
<td title='runner.TestRunner.runScenario()'><b>runScenario</b><br>Test class: runner.TestRunner<br>Test method: Runs Cucumber Scenarios<br>Parameters: "Check if admin is able to create program with valid/invalid details", "Validating Program Module API"</td>
<td><div><pre>java.lang.RuntimeException: Login Token is missing!
	at utilities.TokenManager.getToken(TokenManager.java:20)
	at requests.ProgramRequest.setAuth(ProgramRequest.java:32)
	at stepDefinitions.ProgramStepDefinition.admin_set_authorization_to_bearer_token(ProgramStepDefinition.java:25)
	at ✽.Admin set Authorization to Bearer token(file:///Users/dineshdeshmukh/eclipse-workspace/Team05APISquadHackathon/src/test/resources/Feature/04ProgramModule.feature:4)
</pre></div><a href='#' onClick='toggleBox("stack-trace1944468301", this, "Click to show all stack frames", "Click to hide stack frames")'>Click to show all stack frames</a>
<div class='stack-trace' id='stack-trace1944468301'><pre>java.lang.RuntimeException: Login Token is missing!
	at utilities.TokenManager.getToken(TokenManager.java:20)
	at requests.ProgramRequest.setAuth(ProgramRequest.java:32)
	at stepDefinitions.ProgramStepDefinition.admin_set_authorization_to_bearer_token(ProgramStepDefinition.java:25)
	at ✽.Admin set Authorization to Bearer token(file:///Users/dineshdeshmukh/eclipse-workspace/Team05APISquadHackathon/src/test/resources/Feature/04ProgramModule.feature:4)
</pre></div></td>
<td>0</td>
<td>runner.TestRunner@560348e6</td></tr>
<tr>
<td title='runner.TestRunner.runScenario()'><b>runScenario</b><br>Test class: runner.TestRunner<br>Test method: Runs Cucumber Scenarios<br>Parameters: "Check if admin is able to create a Batch with valid/invalid details "InvalidTokenBatchPost"", "To test the API request of Batch Module"</td>
<td><div><pre>java.lang.RuntimeException: Login Token is missing!
	at utilities.TokenManager.getToken(TokenManager.java:20)
	at requests.ProgramBatchRequests.setAuth(ProgramBatchRequests.java:32)
	at stepDefinitions.ProgramBatchSteps.admin_set_authorization_for_batch(ProgramBatchSteps.java:26)
	at ✽.Admin set Authorization for batch(file:///Users/dineshdeshmukh/eclipse-workspace/Team05APISquadHackathon/src/test/resources/Feature/05ProgramBatchModule.feature:4)
</pre></div><a href='#' onClick='toggleBox("stack-trace993731216", this, "Click to show all stack frames", "Click to hide stack frames")'>Click to show all stack frames</a>
<div class='stack-trace' id='stack-trace993731216'><pre>java.lang.RuntimeException: Login Token is missing!
	at utilities.TokenManager.getToken(TokenManager.java:20)
	at requests.ProgramBatchRequests.setAuth(ProgramBatchRequests.java:32)
	at stepDefinitions.ProgramBatchSteps.admin_set_authorization_for_batch(ProgramBatchSteps.java:26)
	at ✽.Admin set Authorization for batch(file:///Users/dineshdeshmukh/eclipse-workspace/Team05APISquadHackathon/src/test/resources/Feature/05ProgramBatchModule.feature:4)
</pre></div></td>
<td>0</td>
<td>runner.TestRunner@560348e6</td></tr>
<tr>
<td title='runner.TestRunner.runScenario()'><b>runScenario</b><br>Test class: runner.TestRunner<br>Test method: Runs Cucumber Scenarios<br>Parameters: "Check if admin able to retrieve users with roles", "User Module1 [Post Operation]"</td>
<td><div><pre>java.lang.RuntimeException: Login Token is missing!
	at utilities.TokenManager.getToken(TokenManager.java:20)
	at requests.UserRequest.setAuth(UserRequest.java:36)
	at stepDefinitions.UserModuleSteps1.admin_sets_bearer_token(UserModuleSteps1.java:30)
	at ✽.Admin sets Bearer token(file:///Users/dineshdeshmukh/eclipse-workspace/Team05APISquadHackathon/src/test/resources/Feature/02UserModule1Create.feature:5)
</pre></div><a href='#' onClick='toggleBox("stack-trace1555478555", this, "Click to show all stack frames", "Click to hide stack frames")'>Click to show all stack frames</a>
<div class='stack-trace' id='stack-trace1555478555'><pre>java.lang.RuntimeException: Login Token is missing!
	at utilities.TokenManager.getToken(TokenManager.java:20)
	at requests.UserRequest.setAuth(UserRequest.java:36)
	at stepDefinitions.UserModuleSteps1.admin_sets_bearer_token(UserModuleSteps1.java:30)
	at ✽.Admin sets Bearer token(file:///Users/dineshdeshmukh/eclipse-workspace/Team05APISquadHackathon/src/test/resources/Feature/02UserModule1Create.feature:5)
</pre></div></td>
<td>0</td>
<td>runner.TestRunner@560348e6</td></tr>
<tr>
<td title='runner.TestRunner.runScenario()'><b>runScenario</b><br>Test class: runner.TestRunner<br>Test method: Runs Cucumber Scenarios<br>Parameters: "Check if admin able to retrieve user by ID with valid/invalid details", "User Module1 [Post Operation]"</td>
<td><div><pre>java.lang.RuntimeException: Login Token is missing!
	at utilities.TokenManager.getToken(TokenManager.java:20)
	at requests.UserRequest.setAuth(UserRequest.java:36)
	at stepDefinitions.UserModuleSteps1.admin_sets_bearer_token(UserModuleSteps1.java:30)
	at ✽.Admin sets Bearer token(file:///Users/dineshdeshmukh/eclipse-workspace/Team05APISquadHackathon/src/test/resources/Feature/02UserModule1Create.feature:5)
</pre></div><a href='#' onClick='toggleBox("stack-trace1554058510", this, "Click to show all stack frames", "Click to hide stack frames")'>Click to show all stack frames</a>
<div class='stack-trace' id='stack-trace1554058510'><pre>java.lang.RuntimeException: Login Token is missing!
	at utilities.TokenManager.getToken(TokenManager.java:20)
	at requests.UserRequest.setAuth(UserRequest.java:36)
	at stepDefinitions.UserModuleSteps1.admin_sets_bearer_token(UserModuleSteps1.java:30)
	at ✽.Admin sets Bearer token(file:///Users/dineshdeshmukh/eclipse-workspace/Team05APISquadHackathon/src/test/resources/Feature/02UserModule1Create.feature:5)
</pre></div></td>
<td>0</td>
<td>runner.TestRunner@560348e6</td></tr>
<tr>
<td title='runner.TestRunner.runScenario()'><b>runScenario</b><br>Test class: runner.TestRunner<br>Test method: Runs Cucumber Scenarios<br>Parameters: "Check if admin is able to create program with valid/invalid details", "Validating Program Module API"</td>
<td><div><pre>java.lang.RuntimeException: Login Token is missing!
	at utilities.TokenManager.getToken(TokenManager.java:20)
	at requests.ProgramRequest.setAuth(ProgramRequest.java:32)
	at stepDefinitions.ProgramStepDefinition.admin_set_authorization_to_bearer_token(ProgramStepDefinition.java:25)
	at ✽.Admin set Authorization to Bearer token(file:///Users/dineshdeshmukh/eclipse-workspace/Team05APISquadHackathon/src/test/resources/Feature/04ProgramModule.feature:4)
</pre></div><a href='#' onClick='toggleBox("stack-trace1657509754", this, "Click to show all stack frames", "Click to hide stack frames")'>Click to show all stack frames</a>
<div class='stack-trace' id='stack-trace1657509754'><pre>java.lang.RuntimeException: Login Token is missing!
	at utilities.TokenManager.getToken(TokenManager.java:20)
	at requests.ProgramRequest.setAuth(ProgramRequest.java:32)
	at stepDefinitions.ProgramStepDefinition.admin_set_authorization_to_bearer_token(ProgramStepDefinition.java:25)
	at ✽.Admin set Authorization to Bearer token(file:///Users/dineshdeshmukh/eclipse-workspace/Team05APISquadHackathon/src/test/resources/Feature/04ProgramModule.feature:4)
</pre></div></td>
<td>0</td>
<td>runner.TestRunner@560348e6</td></tr>
<tr>
<td title='runner.TestRunner.runScenario()'><b>runScenario</b><br>Test class: runner.TestRunner<br>Test method: Runs Cucumber Scenarios<br>Parameters: "Check if admin is able to GetAllProgramwithUsers with valid/invalid details", "Validating Program Module API"</td>
<td><div><pre>java.lang.RuntimeException: Login Token is missing!
	at utilities.TokenManager.getToken(TokenManager.java:20)
	at requests.ProgramRequest.setAuth(ProgramRequest.java:32)
	at stepDefinitions.ProgramStepDefinition.admin_set_authorization_to_bearer_token(ProgramStepDefinition.java:25)
	at ✽.Admin set Authorization to Bearer token(file:///Users/dineshdeshmukh/eclipse-workspace/Team05APISquadHackathon/src/test/resources/Feature/04ProgramModule.feature:4)
</pre></div><a href='#' onClick='toggleBox("stack-trace1221741923", this, "Click to show all stack frames", "Click to hide stack frames")'>Click to show all stack frames</a>
<div class='stack-trace' id='stack-trace1221741923'><pre>java.lang.RuntimeException: Login Token is missing!
	at utilities.TokenManager.getToken(TokenManager.java:20)
	at requests.ProgramRequest.setAuth(ProgramRequest.java:32)
	at stepDefinitions.ProgramStepDefinition.admin_set_authorization_to_bearer_token(ProgramStepDefinition.java:25)
	at ✽.Admin set Authorization to Bearer token(file:///Users/dineshdeshmukh/eclipse-workspace/Team05APISquadHackathon/src/test/resources/Feature/04ProgramModule.feature:4)
</pre></div></td>
<td>0</td>
<td>runner.TestRunner@560348e6</td></tr>
<tr>
<td title='runner.TestRunner.runScenario()'><b>runScenario</b><br>Test class: runner.TestRunner<br>Test method: Runs Cucumber Scenarios<br>Parameters: "Check if admin is able to create program with valid/invalid details", "Validating Program Module API"</td>
<td><div><pre>java.lang.RuntimeException: Login Token is missing!
	at utilities.TokenManager.getToken(TokenManager.java:20)
	at requests.ProgramRequest.setAuth(ProgramRequest.java:32)
	at stepDefinitions.ProgramStepDefinition.admin_set_authorization_to_bearer_token(ProgramStepDefinition.java:25)
	at ✽.Admin set Authorization to Bearer token(file:///Users/dineshdeshmukh/eclipse-workspace/Team05APISquadHackathon/src/test/resources/Feature/04ProgramModule.feature:4)
</pre></div><a href='#' onClick='toggleBox("stack-trace992521115", this, "Click to show all stack frames", "Click to hide stack frames")'>Click to show all stack frames</a>
<div class='stack-trace' id='stack-trace992521115'><pre>java.lang.RuntimeException: Login Token is missing!
	at utilities.TokenManager.getToken(TokenManager.java:20)
	at requests.ProgramRequest.setAuth(ProgramRequest.java:32)
	at stepDefinitions.ProgramStepDefinition.admin_set_authorization_to_bearer_token(ProgramStepDefinition.java:25)
	at ✽.Admin set Authorization to Bearer token(file:///Users/dineshdeshmukh/eclipse-workspace/Team05APISquadHackathon/src/test/resources/Feature/04ProgramModule.feature:4)
</pre></div></td>
<td>0</td>
<td>runner.TestRunner@560348e6</td></tr>
<tr>
<td title='runner.TestRunner.runScenario()'><b>runScenario</b><br>Test class: runner.TestRunner<br>Test method: Runs Cucumber Scenarios<br>Parameters: "Check if admin is able to update program by programName with valid/invalid details", "Validating Program Module API"</td>
<td><div><pre>java.lang.RuntimeException: Login Token is missing!
	at utilities.TokenManager.getToken(TokenManager.java:20)
	at requests.ProgramRequest.setAuth(ProgramRequest.java:32)
	at stepDefinitions.ProgramStepDefinition.admin_set_authorization_to_bearer_token(ProgramStepDefinition.java:25)
	at ✽.Admin set Authorization to Bearer token(file:///Users/dineshdeshmukh/eclipse-workspace/Team05APISquadHackathon/src/test/resources/Feature/04ProgramModule.feature:4)
</pre></div><a href='#' onClick='toggleBox("stack-trace1922896936", this, "Click to show all stack frames", "Click to hide stack frames")'>Click to show all stack frames</a>
<div class='stack-trace' id='stack-trace1922896936'><pre>java.lang.RuntimeException: Login Token is missing!
	at utilities.TokenManager.getToken(TokenManager.java:20)
	at requests.ProgramRequest.setAuth(ProgramRequest.java:32)
	at stepDefinitions.ProgramStepDefinition.admin_set_authorization_to_bearer_token(ProgramStepDefinition.java:25)
	at ✽.Admin set Authorization to Bearer token(file:///Users/dineshdeshmukh/eclipse-workspace/Team05APISquadHackathon/src/test/resources/Feature/04ProgramModule.feature:4)
</pre></div></td>
<td>0</td>
<td>runner.TestRunner@560348e6</td></tr>
<tr>
<td title='runner.TestRunner.runScenario()'><b>runScenario</b><br>Test class: runner.TestRunner<br>Test method: Runs Cucumber Scenarios<br>Parameters: "Check if admin is able to Delete program by programName with valid/invalid details", "Validating Program Module API"</td>
<td><div><pre>java.lang.RuntimeException: Login Token is missing!
	at utilities.TokenManager.getToken(TokenManager.java:20)
	at requests.ProgramRequest.setAuth(ProgramRequest.java:32)
	at stepDefinitions.ProgramStepDefinition.admin_set_authorization_to_bearer_token(ProgramStepDefinition.java:25)
	at ✽.Admin set Authorization to Bearer token(file:///Users/dineshdeshmukh/eclipse-workspace/Team05APISquadHackathon/src/test/resources/Feature/08Delete.feature:4)
</pre></div><a href='#' onClick='toggleBox("stack-trace998901309", this, "Click to show all stack frames", "Click to hide stack frames")'>Click to show all stack frames</a>
<div class='stack-trace' id='stack-trace998901309'><pre>java.lang.RuntimeException: Login Token is missing!
	at utilities.TokenManager.getToken(TokenManager.java:20)
	at requests.ProgramRequest.setAuth(ProgramRequest.java:32)
	at stepDefinitions.ProgramStepDefinition.admin_set_authorization_to_bearer_token(ProgramStepDefinition.java:25)
	at ✽.Admin set Authorization to Bearer token(file:///Users/dineshdeshmukh/eclipse-workspace/Team05APISquadHackathon/src/test/resources/Feature/08Delete.feature:4)
</pre></div></td>
<td>0</td>
<td>runner.TestRunner@560348e6</td></tr>
<tr>
<td title='runner.TestRunner.runScenario()'><b>runScenario</b><br>Test class: runner.TestRunner<br>Test method: Runs Cucumber Scenarios<br>Parameters: "Check if admin is able to GET program by programID with valid/invalid details", "Validating Program Module API"</td>
<td><div><pre>java.lang.RuntimeException: Login Token is missing!
	at utilities.TokenManager.getToken(TokenManager.java:20)
	at requests.ProgramRequest.setAuth(ProgramRequest.java:32)
	at stepDefinitions.ProgramStepDefinition.admin_set_authorization_to_bearer_token(ProgramStepDefinition.java:25)
	at ✽.Admin set Authorization to Bearer token(file:///Users/dineshdeshmukh/eclipse-workspace/Team05APISquadHackathon/src/test/resources/Feature/04ProgramModule.feature:4)
</pre></div><a href='#' onClick='toggleBox("stack-trace1182015948", this, "Click to show all stack frames", "Click to hide stack frames")'>Click to show all stack frames</a>
<div class='stack-trace' id='stack-trace1182015948'><pre>java.lang.RuntimeException: Login Token is missing!
	at utilities.TokenManager.getToken(TokenManager.java:20)
	at requests.ProgramRequest.setAuth(ProgramRequest.java:32)
	at stepDefinitions.ProgramStepDefinition.admin_set_authorization_to_bearer_token(ProgramStepDefinition.java:25)
	at ✽.Admin set Authorization to Bearer token(file:///Users/dineshdeshmukh/eclipse-workspace/Team05APISquadHackathon/src/test/resources/Feature/04ProgramModule.feature:4)
</pre></div></td>
<td>0</td>
<td>runner.TestRunner@560348e6</td></tr>
<tr>
<td title='runner.TestRunner.runScenario()'><b>runScenario</b><br>Test class: runner.TestRunner<br>Test method: Runs Cucumber Scenarios<br>Parameters: "Check if admin able to retrieve users by program batch ID", "User Module1 [Post Operation]"</td>
<td><div><pre>java.lang.RuntimeException: Login Token is missing!
	at utilities.TokenManager.getToken(TokenManager.java:20)
	at requests.UserRequest.setAuth(UserRequest.java:36)
	at stepDefinitions.UserModuleSteps1.admin_sets_bearer_token(UserModuleSteps1.java:30)
	at ✽.Admin sets Bearer token(file:///Users/dineshdeshmukh/eclipse-workspace/Team05APISquadHackathon/src/test/resources/Feature/02UserModule1Create.feature:5)
</pre></div><a href='#' onClick='toggleBox("stack-trace890867107", this, "Click to show all stack frames", "Click to hide stack frames")'>Click to show all stack frames</a>
<div class='stack-trace' id='stack-trace890867107'><pre>java.lang.RuntimeException: Login Token is missing!
	at utilities.TokenManager.getToken(TokenManager.java:20)
	at requests.UserRequest.setAuth(UserRequest.java:36)
	at stepDefinitions.UserModuleSteps1.admin_sets_bearer_token(UserModuleSteps1.java:30)
	at ✽.Admin sets Bearer token(file:///Users/dineshdeshmukh/eclipse-workspace/Team05APISquadHackathon/src/test/resources/Feature/02UserModule1Create.feature:5)
</pre></div></td>
<td>0</td>
<td>runner.TestRunner@560348e6</td></tr>
<tr>
<td title='runner.TestRunner.runScenario()'><b>runScenario</b><br>Test class: runner.TestRunner<br>Test method: Runs Cucumber Scenarios<br>Parameters: "Check if Admin is able to retreive user details by ID", "GET operations for User Module"</td>
<td><div><pre>java.lang.RuntimeException: Login Token is missing!
	at utilities.TokenManager.getToken(TokenManager.java:20)
	at requests.UserRequest1.setAuth(UserRequest1.java:28)
	at stepDefinitions.UserModuleSteps2.admin_has_valid_bearer_token(UserModuleSteps2.java:28)
	at ✽.Admin has valid Bearer token(file:///Users/dineshdeshmukh/eclipse-workspace/Team05APISquadHackathon/src/test/resources/Feature/06UserModule2.feature:3)
</pre></div><a href='#' onClick='toggleBox("stack-trace886205032", this, "Click to show all stack frames", "Click to hide stack frames")'>Click to show all stack frames</a>
<div class='stack-trace' id='stack-trace886205032'><pre>java.lang.RuntimeException: Login Token is missing!
	at utilities.TokenManager.getToken(TokenManager.java:20)
	at requests.UserRequest1.setAuth(UserRequest1.java:28)
	at stepDefinitions.UserModuleSteps2.admin_has_valid_bearer_token(UserModuleSteps2.java:28)
	at ✽.Admin has valid Bearer token(file:///Users/dineshdeshmukh/eclipse-workspace/Team05APISquadHackathon/src/test/resources/Feature/06UserModule2.feature:3)
</pre></div></td>
<td>0</td>
<td>runner.TestRunner@560348e6</td></tr>
<tr>
<td title='runner.TestRunner.runScenario()'><b>runScenario</b><br>Test class: runner.TestRunner<br>Test method: Runs Cucumber Scenarios<br>Parameters: "Check if admin able to retrieve all users with valid/invalid Endpoints", "User Module1 [Post Operation]"</td>
<td><div><pre>java.lang.RuntimeException: Login Token is missing!
	at utilities.TokenManager.getToken(TokenManager.java:20)
	at requests.UserRequest.setAuth(UserRequest.java:36)
	at stepDefinitions.UserModuleSteps1.admin_sets_bearer_token(UserModuleSteps1.java:30)
	at ✽.Admin sets Bearer token(file:///Users/dineshdeshmukh/eclipse-workspace/Team05APISquadHackathon/src/test/resources/Feature/02UserModule1Create.feature:5)
</pre></div><a href='#' onClick='toggleBox("stack-trace2075983878", this, "Click to show all stack frames", "Click to hide stack frames")'>Click to show all stack frames</a>
<div class='stack-trace' id='stack-trace2075983878'><pre>java.lang.RuntimeException: Login Token is missing!
	at utilities.TokenManager.getToken(TokenManager.java:20)
	at requests.UserRequest.setAuth(UserRequest.java:36)
	at stepDefinitions.UserModuleSteps1.admin_sets_bearer_token(UserModuleSteps1.java:30)
	at ✽.Admin sets Bearer token(file:///Users/dineshdeshmukh/eclipse-workspace/Team05APISquadHackathon/src/test/resources/Feature/02UserModule1Create.feature:5)
</pre></div></td>
<td>0</td>
<td>runner.TestRunner@560348e6</td></tr>
<tr>
<td title='runner.TestRunner.runScenario()'><b>runScenario</b><br>Test class: runner.TestRunner<br>Test method: Runs Cucumber Scenarios<br>Parameters: "Check if admin able to retrieve active user emails with valid/invalid Endpoints", "User Module1 [Post Operation]"</td>
<td><div><pre>java.lang.RuntimeException: Login Token is missing!
	at utilities.TokenManager.getToken(TokenManager.java:20)
	at requests.UserRequest.setAuth(UserRequest.java:36)
	at stepDefinitions.UserModuleSteps1.admin_sets_bearer_token(UserModuleSteps1.java:30)
	at ✽.Admin sets Bearer token(file:///Users/dineshdeshmukh/eclipse-workspace/Team05APISquadHackathon/src/test/resources/Feature/02UserModule1Create.feature:5)
</pre></div><a href='#' onClick='toggleBox("stack-trace96213251", this, "Click to show all stack frames", "Click to hide stack frames")'>Click to show all stack frames</a>
<div class='stack-trace' id='stack-trace96213251'><pre>java.lang.RuntimeException: Login Token is missing!
	at utilities.TokenManager.getToken(TokenManager.java:20)
	at requests.UserRequest.setAuth(UserRequest.java:36)
	at stepDefinitions.UserModuleSteps1.admin_sets_bearer_token(UserModuleSteps1.java:30)
	at ✽.Admin sets Bearer token(file:///Users/dineshdeshmukh/eclipse-workspace/Team05APISquadHackathon/src/test/resources/Feature/02UserModule1Create.feature:5)
</pre></div></td>
<td>0</td>
<td>runner.TestRunner@560348e6</td></tr>
<tr>
<td title='runner.TestRunner.runScenario()'><b>runScenario</b><br>Test class: runner.TestRunner<br>Test method: Runs Cucumber Scenarios<br>Parameters: "Check if Admin is able to retrieve user with valid/invalid Role ID", "GET operations for User Module"</td>
<td><div><pre>java.lang.RuntimeException: Login Token is missing!
	at utilities.TokenManager.getToken(TokenManager.java:20)
	at requests.UserRequest1.setAuth(UserRequest1.java:28)
	at stepDefinitions.UserModuleSteps2.admin_has_valid_bearer_token(UserModuleSteps2.java:28)
	at ✽.Admin has valid Bearer token(file:///Users/dineshdeshmukh/eclipse-workspace/Team05APISquadHackathon/src/test/resources/Feature/06UserModule2.feature:3)
</pre></div><a href='#' onClick='toggleBox("stack-trace471180970", this, "Click to show all stack frames", "Click to hide stack frames")'>Click to show all stack frames</a>
<div class='stack-trace' id='stack-trace471180970'><pre>java.lang.RuntimeException: Login Token is missing!
	at utilities.TokenManager.getToken(TokenManager.java:20)
	at requests.UserRequest1.setAuth(UserRequest1.java:28)
	at stepDefinitions.UserModuleSteps2.admin_has_valid_bearer_token(UserModuleSteps2.java:28)
	at ✽.Admin has valid Bearer token(file:///Users/dineshdeshmukh/eclipse-workspace/Team05APISquadHackathon/src/test/resources/Feature/06UserModule2.feature:3)
</pre></div></td>
<td>0</td>
<td>runner.TestRunner@560348e6</td></tr>
<tr>
<td title='runner.TestRunner.runScenario()'><b>runScenario</b><br>Test class: runner.TestRunner<br>Test method: Runs Cucumber Scenarios<br>Parameters: "Check if admin is able to update program by programID with valid/invalid details", "Validating Program Module API"</td>
<td><div><pre>java.lang.RuntimeException: Login Token is missing!
	at utilities.TokenManager.getToken(TokenManager.java:20)
	at requests.ProgramRequest.setAuth(ProgramRequest.java:32)
	at stepDefinitions.ProgramStepDefinition.admin_set_authorization_to_bearer_token(ProgramStepDefinition.java:25)
	at ✽.Admin set Authorization to Bearer token(file:///Users/dineshdeshmukh/eclipse-workspace/Team05APISquadHackathon/src/test/resources/Feature/04ProgramModule.feature:4)
</pre></div><a href='#' onClick='toggleBox("stack-trace1681552378", this, "Click to show all stack frames", "Click to hide stack frames")'>Click to show all stack frames</a>
<div class='stack-trace' id='stack-trace1681552378'><pre>java.lang.RuntimeException: Login Token is missing!
	at utilities.TokenManager.getToken(TokenManager.java:20)
	at requests.ProgramRequest.setAuth(ProgramRequest.java:32)
	at stepDefinitions.ProgramStepDefinition.admin_set_authorization_to_bearer_token(ProgramStepDefinition.java:25)
	at ✽.Admin set Authorization to Bearer token(file:///Users/dineshdeshmukh/eclipse-workspace/Team05APISquadHackathon/src/test/resources/Feature/04ProgramModule.feature:4)
</pre></div></td>
<td>0</td>
<td>runner.TestRunner@560348e6</td></tr>
<tr>
<td title='runner.TestRunner.runScenario()'><b>runScenario</b><br>Test class: runner.TestRunner<br>Test method: Runs Cucumber Scenarios<br>Parameters: "Check if admin is able to create a Batch with valid/invalid details "WithoutRequestBodyBatchPost"", "To test the API request of Batch Module"</td>
<td><div><pre>java.lang.RuntimeException: Login Token is missing!
	at utilities.TokenManager.getToken(TokenManager.java:20)
	at requests.ProgramBatchRequests.setAuth(ProgramBatchRequests.java:32)
	at stepDefinitions.ProgramBatchSteps.admin_set_authorization_for_batch(ProgramBatchSteps.java:26)
	at ✽.Admin set Authorization for batch(file:///Users/dineshdeshmukh/eclipse-workspace/Team05APISquadHackathon/src/test/resources/Feature/05ProgramBatchModule.feature:4)
</pre></div><a href='#' onClick='toggleBox("stack-trace34994391", this, "Click to show all stack frames", "Click to hide stack frames")'>Click to show all stack frames</a>
<div class='stack-trace' id='stack-trace34994391'><pre>java.lang.RuntimeException: Login Token is missing!
	at utilities.TokenManager.getToken(TokenManager.java:20)
	at requests.ProgramBatchRequests.setAuth(ProgramBatchRequests.java:32)
	at stepDefinitions.ProgramBatchSteps.admin_set_authorization_for_batch(ProgramBatchSteps.java:26)
	at ✽.Admin set Authorization for batch(file:///Users/dineshdeshmukh/eclipse-workspace/Team05APISquadHackathon/src/test/resources/Feature/05ProgramBatchModule.feature:4)
</pre></div></td>
<td>0</td>
<td>runner.TestRunner@560348e6</td></tr>
<tr>
<td title='runner.TestRunner.runScenario()'><b>runScenario</b><br>Test class: runner.TestRunner<br>Test method: Runs Cucumber Scenarios<br>Parameters: "Check if admin is able to create program with valid/invalid details", "Validating Program Module API"</td>
<td><div><pre>java.lang.RuntimeException: Login Token is missing!
	at utilities.TokenManager.getToken(TokenManager.java:20)
	at requests.ProgramRequest.setAuth(ProgramRequest.java:32)
	at stepDefinitions.ProgramStepDefinition.admin_set_authorization_to_bearer_token(ProgramStepDefinition.java:25)
	at ✽.Admin set Authorization to Bearer token(file:///Users/dineshdeshmukh/eclipse-workspace/Team05APISquadHackathon/src/test/resources/Feature/04ProgramModule.feature:4)
</pre></div><a href='#' onClick='toggleBox("stack-trace1458675510", this, "Click to show all stack frames", "Click to hide stack frames")'>Click to show all stack frames</a>
<div class='stack-trace' id='stack-trace1458675510'><pre>java.lang.RuntimeException: Login Token is missing!
	at utilities.TokenManager.getToken(TokenManager.java:20)
	at requests.ProgramRequest.setAuth(ProgramRequest.java:32)
	at stepDefinitions.ProgramStepDefinition.admin_set_authorization_to_bearer_token(ProgramStepDefinition.java:25)
	at ✽.Admin set Authorization to Bearer token(file:///Users/dineshdeshmukh/eclipse-workspace/Team05APISquadHackathon/src/test/resources/Feature/04ProgramModule.feature:4)
</pre></div></td>
<td>0</td>
<td>runner.TestRunner@560348e6</td></tr>
<tr>
<td title='runner.TestRunner.runScenario()'><b>runScenario</b><br>Test class: runner.TestRunner<br>Test method: Runs Cucumber Scenarios<br>Parameters: "Check if admin is able to GetAllProgram with valid/invalid details", "Validating Program Module API"</td>
<td><div><pre>java.lang.RuntimeException: Login Token is missing!
	at utilities.TokenManager.getToken(TokenManager.java:20)
	at requests.ProgramRequest.setAuth(ProgramRequest.java:32)
	at stepDefinitions.ProgramStepDefinition.admin_set_authorization_to_bearer_token(ProgramStepDefinition.java:25)
	at ✽.Admin set Authorization to Bearer token(file:///Users/dineshdeshmukh/eclipse-workspace/Team05APISquadHackathon/src/test/resources/Feature/04ProgramModule.feature:4)
</pre></div><a href='#' onClick='toggleBox("stack-trace551104286", this, "Click to show all stack frames", "Click to hide stack frames")'>Click to show all stack frames</a>
<div class='stack-trace' id='stack-trace551104286'><pre>java.lang.RuntimeException: Login Token is missing!
	at utilities.TokenManager.getToken(TokenManager.java:20)
	at requests.ProgramRequest.setAuth(ProgramRequest.java:32)
	at stepDefinitions.ProgramStepDefinition.admin_set_authorization_to_bearer_token(ProgramStepDefinition.java:25)
	at ✽.Admin set Authorization to Bearer token(file:///Users/dineshdeshmukh/eclipse-workspace/Team05APISquadHackathon/src/test/resources/Feature/04ProgramModule.feature:4)
</pre></div></td>
<td>0</td>
<td>runner.TestRunner@560348e6</td></tr>
<tr>
<td title='runner.TestRunner.runScenario()'><b>runScenario</b><br>Test class: runner.TestRunner<br>Test method: Runs Cucumber Scenarios<br>Parameters: "Check if admin is able to update program by programID with valid/invalid details", "Validating Program Module API"</td>
<td><div><pre>java.lang.RuntimeException: Login Token is missing!
	at utilities.TokenManager.getToken(TokenManager.java:20)
	at requests.ProgramRequest.setAuth(ProgramRequest.java:32)
	at stepDefinitions.ProgramStepDefinition.admin_set_authorization_to_bearer_token(ProgramStepDefinition.java:25)
	at ✽.Admin set Authorization to Bearer token(file:///Users/dineshdeshmukh/eclipse-workspace/Team05APISquadHackathon/src/test/resources/Feature/04ProgramModule.feature:4)
</pre></div><a href='#' onClick='toggleBox("stack-trace749377126", this, "Click to show all stack frames", "Click to hide stack frames")'>Click to show all stack frames</a>
<div class='stack-trace' id='stack-trace749377126'><pre>java.lang.RuntimeException: Login Token is missing!
	at utilities.TokenManager.getToken(TokenManager.java:20)
	at requests.ProgramRequest.setAuth(ProgramRequest.java:32)
	at stepDefinitions.ProgramStepDefinition.admin_set_authorization_to_bearer_token(ProgramStepDefinition.java:25)
	at ✽.Admin set Authorization to Bearer token(file:///Users/dineshdeshmukh/eclipse-workspace/Team05APISquadHackathon/src/test/resources/Feature/04ProgramModule.feature:4)
</pre></div></td>
<td>0</td>
<td>runner.TestRunner@560348e6</td></tr>
<tr>
<td title='runner.TestRunner.runScenario()'><b>runScenario</b><br>Test class: runner.TestRunner<br>Test method: Runs Cucumber Scenarios<br>Parameters: "Check if admin able to retrieve user counts by status/role", "User Module1 [Post Operation]"</td>
<td><div><pre>java.lang.RuntimeException: Login Token is missing!
	at utilities.TokenManager.getToken(TokenManager.java:20)
	at requests.UserRequest.setAuth(UserRequest.java:36)
	at stepDefinitions.UserModuleSteps1.admin_sets_bearer_token(UserModuleSteps1.java:30)
	at ✽.Admin sets Bearer token(file:///Users/dineshdeshmukh/eclipse-workspace/Team05APISquadHackathon/src/test/resources/Feature/02UserModule1Create.feature:5)
</pre></div><a href='#' onClick='toggleBox("stack-trace412255839", this, "Click to show all stack frames", "Click to hide stack frames")'>Click to show all stack frames</a>
<div class='stack-trace' id='stack-trace412255839'><pre>java.lang.RuntimeException: Login Token is missing!
	at utilities.TokenManager.getToken(TokenManager.java:20)
	at requests.UserRequest.setAuth(UserRequest.java:36)
	at stepDefinitions.UserModuleSteps1.admin_sets_bearer_token(UserModuleSteps1.java:30)
	at ✽.Admin sets Bearer token(file:///Users/dineshdeshmukh/eclipse-workspace/Team05APISquadHackathon/src/test/resources/Feature/02UserModule1Create.feature:5)
</pre></div></td>
<td>0</td>
<td>runner.TestRunner@560348e6</td></tr>
<tr>
<td title='runner.TestRunner.runScenario()'><b>runScenario</b><br>Test class: runner.TestRunner<br>Test method: Runs Cucumber Scenarios<br>Parameters: "Check if Admin is able to retrieve user with valid/invalid Program ID", "GET operations for User Module"</td>
<td><div><pre>java.lang.RuntimeException: Login Token is missing!
	at utilities.TokenManager.getToken(TokenManager.java:20)
	at requests.UserRequest1.setAuth(UserRequest1.java:28)
	at stepDefinitions.UserModuleSteps2.admin_has_valid_bearer_token(UserModuleSteps2.java:28)
	at ✽.Admin has valid Bearer token(file:///Users/dineshdeshmukh/eclipse-workspace/Team05APISquadHackathon/src/test/resources/Feature/06UserModule2.feature:3)
</pre></div><a href='#' onClick='toggleBox("stack-trace1898058733", this, "Click to show all stack frames", "Click to hide stack frames")'>Click to show all stack frames</a>
<div class='stack-trace' id='stack-trace1898058733'><pre>java.lang.RuntimeException: Login Token is missing!
	at utilities.TokenManager.getToken(TokenManager.java:20)
	at requests.UserRequest1.setAuth(UserRequest1.java:28)
	at stepDefinitions.UserModuleSteps2.admin_has_valid_bearer_token(UserModuleSteps2.java:28)
	at ✽.Admin has valid Bearer token(file:///Users/dineshdeshmukh/eclipse-workspace/Team05APISquadHackathon/src/test/resources/Feature/06UserModule2.feature:3)
</pre></div></td>
<td>0</td>
<td>runner.TestRunner@560348e6</td></tr>
<tr>
<td title='runner.TestRunner.runScenario()'><b>runScenario</b><br>Test class: runner.TestRunner<br>Test method: Runs Cucumber Scenarios<br>Parameters: "Check if Admin is able to update user Role ID for existing User ID", "GET operations for User Module"</td>
<td><div><pre>java.lang.RuntimeException: Login Token is missing!
	at utilities.TokenManager.getToken(TokenManager.java:20)
	at requests.UserRequest1.setAuth(UserRequest1.java:28)
	at stepDefinitions.UserModuleSteps2.admin_has_valid_bearer_token(UserModuleSteps2.java:28)
	at ✽.Admin has valid Bearer token(file:///Users/dineshdeshmukh/eclipse-workspace/Team05APISquadHackathon/src/test/resources/Feature/06UserModule2.feature:3)
</pre></div><a href='#' onClick='toggleBox("stack-trace497983073", this, "Click to show all stack frames", "Click to hide stack frames")'>Click to show all stack frames</a>
<div class='stack-trace' id='stack-trace497983073'><pre>java.lang.RuntimeException: Login Token is missing!
	at utilities.TokenManager.getToken(TokenManager.java:20)
	at requests.UserRequest1.setAuth(UserRequest1.java:28)
	at stepDefinitions.UserModuleSteps2.admin_has_valid_bearer_token(UserModuleSteps2.java:28)
	at ✽.Admin has valid Bearer token(file:///Users/dineshdeshmukh/eclipse-workspace/Team05APISquadHackathon/src/test/resources/Feature/06UserModule2.feature:3)
</pre></div></td>
<td>0</td>
<td>runner.TestRunner@560348e6</td></tr>
<tr>
<td title='runner.TestRunner.runScenario()'><b>runScenario</b><br>Test class: runner.TestRunner<br>Test method: Runs Cucumber Scenarios<br>Parameters: "Check if admin is able to update program by programName with valid/invalid details", "Validating Program Module API"</td>
<td><div><pre>java.lang.RuntimeException: Login Token is missing!
	at utilities.TokenManager.getToken(TokenManager.java:20)
	at requests.ProgramRequest.setAuth(ProgramRequest.java:32)
	at stepDefinitions.ProgramStepDefinition.admin_set_authorization_to_bearer_token(ProgramStepDefinition.java:25)
	at ✽.Admin set Authorization to Bearer token(file:///Users/dineshdeshmukh/eclipse-workspace/Team05APISquadHackathon/src/test/resources/Feature/04ProgramModule.feature:4)
</pre></div><a href='#' onClick='toggleBox("stack-trace1525789217", this, "Click to show all stack frames", "Click to hide stack frames")'>Click to show all stack frames</a>
<div class='stack-trace' id='stack-trace1525789217'><pre>java.lang.RuntimeException: Login Token is missing!
	at utilities.TokenManager.getToken(TokenManager.java:20)
	at requests.ProgramRequest.setAuth(ProgramRequest.java:32)
	at stepDefinitions.ProgramStepDefinition.admin_set_authorization_to_bearer_token(ProgramStepDefinition.java:25)
	at ✽.Admin set Authorization to Bearer token(file:///Users/dineshdeshmukh/eclipse-workspace/Team05APISquadHackathon/src/test/resources/Feature/04ProgramModule.feature:4)
</pre></div></td>
<td>0</td>
<td>runner.TestRunner@560348e6</td></tr>
<tr>
<td title='runner.TestRunner.runScenario()'><b>runScenario</b><br>Test class: runner.TestRunner<br>Test method: Runs Cucumber Scenarios<br>Parameters: "Check if admin is able to create a Batch with valid/invalid details "InactiveProgIdBatchPost"", "To test the API request of Batch Module"</td>
<td><div><pre>java.lang.RuntimeException: Login Token is missing!
	at utilities.TokenManager.getToken(TokenManager.java:20)
	at requests.ProgramBatchRequests.setAuth(ProgramBatchRequests.java:32)
	at stepDefinitions.ProgramBatchSteps.admin_set_authorization_for_batch(ProgramBatchSteps.java:26)
	at ✽.Admin set Authorization for batch(file:///Users/dineshdeshmukh/eclipse-workspace/Team05APISquadHackathon/src/test/resources/Feature/05ProgramBatchModule.feature:4)
</pre></div><a href='#' onClick='toggleBox("stack-trace1648285165", this, "Click to show all stack frames", "Click to hide stack frames")'>Click to show all stack frames</a>
<div class='stack-trace' id='stack-trace1648285165'><pre>java.lang.RuntimeException: Login Token is missing!
	at utilities.TokenManager.getToken(TokenManager.java:20)
	at requests.ProgramBatchRequests.setAuth(ProgramBatchRequests.java:32)
	at stepDefinitions.ProgramBatchSteps.admin_set_authorization_for_batch(ProgramBatchSteps.java:26)
	at ✽.Admin set Authorization for batch(file:///Users/dineshdeshmukh/eclipse-workspace/Team05APISquadHackathon/src/test/resources/Feature/05ProgramBatchModule.feature:4)
</pre></div></td>
<td>0</td>
<td>runner.TestRunner@560348e6</td></tr>
<tr>
<td title='runner.TestRunner.runScenario()'><b>runScenario</b><br>Test class: runner.TestRunner<br>Test method: Runs Cucumber Scenarios<br>Parameters: "Check if admin is able to GetAllProgram with valid/invalid details", "Validating Program Module API"</td>
<td><div><pre>java.lang.RuntimeException: Login Token is missing!
	at utilities.TokenManager.getToken(TokenManager.java:20)
	at requests.ProgramRequest.setAuth(ProgramRequest.java:32)
	at stepDefinitions.ProgramStepDefinition.admin_set_authorization_to_bearer_token(ProgramStepDefinition.java:25)
	at ✽.Admin set Authorization to Bearer token(file:///Users/dineshdeshmukh/eclipse-workspace/Team05APISquadHackathon/src/test/resources/Feature/04ProgramModule.feature:4)
</pre></div><a href='#' onClick='toggleBox("stack-trace1758225177", this, "Click to show all stack frames", "Click to hide stack frames")'>Click to show all stack frames</a>
<div class='stack-trace' id='stack-trace1758225177'><pre>java.lang.RuntimeException: Login Token is missing!
	at utilities.TokenManager.getToken(TokenManager.java:20)
	at requests.ProgramRequest.setAuth(ProgramRequest.java:32)
	at stepDefinitions.ProgramStepDefinition.admin_set_authorization_to_bearer_token(ProgramStepDefinition.java:25)
	at ✽.Admin set Authorization to Bearer token(file:///Users/dineshdeshmukh/eclipse-workspace/Team05APISquadHackathon/src/test/resources/Feature/04ProgramModule.feature:4)
</pre></div></td>
<td>0</td>
<td>runner.TestRunner@560348e6</td></tr>
<tr>
<td title='runner.TestRunner.runScenario()'><b>runScenario</b><br>Test class: runner.TestRunner<br>Test method: Runs Cucumber Scenarios<br>Parameters: "Check if admin is able to create program with valid/invalid details", "Validating Program Module API"</td>
<td><div><pre>java.lang.RuntimeException: Login Token is missing!
	at utilities.TokenManager.getToken(TokenManager.java:20)
	at requests.ProgramRequest.setAuth(ProgramRequest.java:32)
	at stepDefinitions.ProgramStepDefinition.admin_set_authorization_to_bearer_token(ProgramStepDefinition.java:25)
	at ✽.Admin set Authorization to Bearer token(file:///Users/dineshdeshmukh/eclipse-workspace/Team05APISquadHackathon/src/test/resources/Feature/04ProgramModule.feature:4)
</pre></div><a href='#' onClick='toggleBox("stack-trace663535450", this, "Click to show all stack frames", "Click to hide stack frames")'>Click to show all stack frames</a>
<div class='stack-trace' id='stack-trace663535450'><pre>java.lang.RuntimeException: Login Token is missing!
	at utilities.TokenManager.getToken(TokenManager.java:20)
	at requests.ProgramRequest.setAuth(ProgramRequest.java:32)
	at stepDefinitions.ProgramStepDefinition.admin_set_authorization_to_bearer_token(ProgramStepDefinition.java:25)
	at ✽.Admin set Authorization to Bearer token(file:///Users/dineshdeshmukh/eclipse-workspace/Team05APISquadHackathon/src/test/resources/Feature/04ProgramModule.feature:4)
</pre></div></td>
<td>0</td>
<td>runner.TestRunner@560348e6</td></tr>
<tr>
<td title='runner.TestRunner.runScenario()'><b>runScenario</b><br>Test class: runner.TestRunner<br>Test method: Runs Cucumber Scenarios<br>Parameters: "Check if admin able to update New Skill Master with valid endpoint and request body", "Validating Skill Master Module API"</td>
<td><div><pre>java.lang.RuntimeException: Login Token is missing!
	at utilities.TokenManager.getToken(TokenManager.java:20)
	at stepDefinitions.SkillMasterSteps.admin_creates_put_request_for_the_lms_api_endpoint_for_put_skill(SkillMasterSteps.java:219)
	at ✽.Admin creates PUT Request for the LMS API endpoint for PUT Skill(file:///Users/dineshdeshmukh/eclipse-workspace/Team05APISquadHackathon/src/test/resources/Feature/07SkillMasterModule.feature:42)
</pre></div><a href='#' onClick='toggleBox("stack-trace68195016", this, "Click to show all stack frames", "Click to hide stack frames")'>Click to show all stack frames</a>
<div class='stack-trace' id='stack-trace68195016'><pre>java.lang.RuntimeException: Login Token is missing!
	at utilities.TokenManager.getToken(TokenManager.java:20)
	at stepDefinitions.SkillMasterSteps.admin_creates_put_request_for_the_lms_api_endpoint_for_put_skill(SkillMasterSteps.java:219)
	at ✽.Admin creates PUT Request for the LMS API endpoint for PUT Skill(file:///Users/dineshdeshmukh/eclipse-workspace/Team05APISquadHackathon/src/test/resources/Feature/07SkillMasterModule.feature:42)
</pre></div></td>
<td>0</td>
<td>runner.TestRunner@560348e6</td></tr>
<tr>
<td title='runner.TestRunner.runScenario()'><b>runScenario</b><br>Test class: runner.TestRunner<br>Test method: Runs Cucumber Scenarios<br>Parameters: "Check if Admin is able to retrieve user with valid/invalid Role ID V2", "GET operations for User Module"</td>
<td><div><pre>java.lang.RuntimeException: Login Token is missing!
	at utilities.TokenManager.getToken(TokenManager.java:20)
	at requests.UserRequest1.setAuth(UserRequest1.java:28)
	at stepDefinitions.UserModuleSteps2.admin_has_valid_bearer_token(UserModuleSteps2.java:28)
	at ✽.Admin has valid Bearer token(file:///Users/dineshdeshmukh/eclipse-workspace/Team05APISquadHackathon/src/test/resources/Feature/06UserModule2.feature:3)
</pre></div><a href='#' onClick='toggleBox("stack-trace2119994496", this, "Click to show all stack frames", "Click to hide stack frames")'>Click to show all stack frames</a>
<div class='stack-trace' id='stack-trace2119994496'><pre>java.lang.RuntimeException: Login Token is missing!
	at utilities.TokenManager.getToken(TokenManager.java:20)
	at requests.UserRequest1.setAuth(UserRequest1.java:28)
	at stepDefinitions.UserModuleSteps2.admin_has_valid_bearer_token(UserModuleSteps2.java:28)
	at ✽.Admin has valid Bearer token(file:///Users/dineshdeshmukh/eclipse-workspace/Team05APISquadHackathon/src/test/resources/Feature/06UserModule2.feature:3)
</pre></div></td>
<td>0</td>
<td>runner.TestRunner@560348e6</td></tr>
<tr>
<td title='runner.TestRunner.runScenario()'><b>runScenario</b><br>Test class: runner.TestRunner<br>Test method: Runs Cucumber Scenarios<br>Parameters: "Check if admin is able to GET program by programID with valid/invalid details", "Validating Program Module API"</td>
<td><div><pre>java.lang.RuntimeException: Login Token is missing!
	at utilities.TokenManager.getToken(TokenManager.java:20)
	at requests.ProgramRequest.setAuth(ProgramRequest.java:32)
	at stepDefinitions.ProgramStepDefinition.admin_set_authorization_to_bearer_token(ProgramStepDefinition.java:25)
	at ✽.Admin set Authorization to Bearer token(file:///Users/dineshdeshmukh/eclipse-workspace/Team05APISquadHackathon/src/test/resources/Feature/04ProgramModule.feature:4)
</pre></div><a href='#' onClick='toggleBox("stack-trace1467974048", this, "Click to show all stack frames", "Click to hide stack frames")'>Click to show all stack frames</a>
<div class='stack-trace' id='stack-trace1467974048'><pre>java.lang.RuntimeException: Login Token is missing!
	at utilities.TokenManager.getToken(TokenManager.java:20)
	at requests.ProgramRequest.setAuth(ProgramRequest.java:32)
	at stepDefinitions.ProgramStepDefinition.admin_set_authorization_to_bearer_token(ProgramStepDefinition.java:25)
	at ✽.Admin set Authorization to Bearer token(file:///Users/dineshdeshmukh/eclipse-workspace/Team05APISquadHackathon/src/test/resources/Feature/04ProgramModule.feature:4)
</pre></div></td>
<td>0</td>
<td>runner.TestRunner@560348e6</td></tr>
<tr>
<td title='runner.TestRunner.runScenario()'><b>runScenario</b><br>Test class: runner.TestRunner<br>Test method: Runs Cucumber Scenarios<br>Parameters: "Check if Admin is able to retrieve user with valid/invalid Role ID V2", "GET operations for User Module"</td>
<td><div><pre>java.lang.RuntimeException: Login Token is missing!
	at utilities.TokenManager.getToken(TokenManager.java:20)
	at requests.UserRequest1.setAuth(UserRequest1.java:28)
	at stepDefinitions.UserModuleSteps2.admin_has_valid_bearer_token(UserModuleSteps2.java:28)
	at ✽.Admin has valid Bearer token(file:///Users/dineshdeshmukh/eclipse-workspace/Team05APISquadHackathon/src/test/resources/Feature/06UserModule2.feature:3)
</pre></div><a href='#' onClick='toggleBox("stack-trace33570527", this, "Click to show all stack frames", "Click to hide stack frames")'>Click to show all stack frames</a>
<div class='stack-trace' id='stack-trace33570527'><pre>java.lang.RuntimeException: Login Token is missing!
	at utilities.TokenManager.getToken(TokenManager.java:20)
	at requests.UserRequest1.setAuth(UserRequest1.java:28)
	at stepDefinitions.UserModuleSteps2.admin_has_valid_bearer_token(UserModuleSteps2.java:28)
	at ✽.Admin has valid Bearer token(file:///Users/dineshdeshmukh/eclipse-workspace/Team05APISquadHackathon/src/test/resources/Feature/06UserModule2.feature:3)
</pre></div></td>
<td>0</td>
<td>runner.TestRunner@560348e6</td></tr>
<tr>
<td title='runner.TestRunner.runScenario()'><b>runScenario</b><br>Test class: runner.TestRunner<br>Test method: Runs Cucumber Scenarios<br>Parameters: "Check if admin is able to GetAllProgramwithUsers with valid/invalid details", "Validating Program Module API"</td>
<td><div><pre>java.lang.RuntimeException: Login Token is missing!
	at utilities.TokenManager.getToken(TokenManager.java:20)
	at requests.ProgramRequest.setAuth(ProgramRequest.java:32)
	at stepDefinitions.ProgramStepDefinition.admin_set_authorization_to_bearer_token(ProgramStepDefinition.java:25)
	at ✽.Admin set Authorization to Bearer token(file:///Users/dineshdeshmukh/eclipse-workspace/Team05APISquadHackathon/src/test/resources/Feature/04ProgramModule.feature:4)
</pre></div><a href='#' onClick='toggleBox("stack-trace1526336282", this, "Click to show all stack frames", "Click to hide stack frames")'>Click to show all stack frames</a>
<div class='stack-trace' id='stack-trace1526336282'><pre>java.lang.RuntimeException: Login Token is missing!
	at utilities.TokenManager.getToken(TokenManager.java:20)
	at requests.ProgramRequest.setAuth(ProgramRequest.java:32)
	at stepDefinitions.ProgramStepDefinition.admin_set_authorization_to_bearer_token(ProgramStepDefinition.java:25)
	at ✽.Admin set Authorization to Bearer token(file:///Users/dineshdeshmukh/eclipse-workspace/Team05APISquadHackathon/src/test/resources/Feature/04ProgramModule.feature:4)
</pre></div></td>
<td>0</td>
<td>runner.TestRunner@560348e6</td></tr>
<tr>
<td title='runner.TestRunner.runScenario()'><b>runScenario</b><br>Test class: runner.TestRunner<br>Test method: Runs Cucumber Scenarios<br>Parameters: "Check if admin is able to Delete program by programName with valid/invalid details", "Validating Program Module API"</td>
<td><div><pre>java.lang.RuntimeException: Login Token is missing!
	at utilities.TokenManager.getToken(TokenManager.java:20)
	at requests.ProgramRequest.setAuth(ProgramRequest.java:32)
	at stepDefinitions.ProgramStepDefinition.admin_set_authorization_to_bearer_token(ProgramStepDefinition.java:25)
	at ✽.Admin set Authorization to Bearer token(file:///Users/dineshdeshmukh/eclipse-workspace/Team05APISquadHackathon/src/test/resources/Feature/08Delete.feature:4)
</pre></div><a href='#' onClick='toggleBox("stack-trace727867010", this, "Click to show all stack frames", "Click to hide stack frames")'>Click to show all stack frames</a>
<div class='stack-trace' id='stack-trace727867010'><pre>java.lang.RuntimeException: Login Token is missing!
	at utilities.TokenManager.getToken(TokenManager.java:20)
	at requests.ProgramRequest.setAuth(ProgramRequest.java:32)
	at stepDefinitions.ProgramStepDefinition.admin_set_authorization_to_bearer_token(ProgramStepDefinition.java:25)
	at ✽.Admin set Authorization to Bearer token(file:///Users/dineshdeshmukh/eclipse-workspace/Team05APISquadHackathon/src/test/resources/Feature/08Delete.feature:4)
</pre></div></td>
<td>0</td>
<td>runner.TestRunner@560348e6</td></tr>
<tr>
<td title='runner.TestRunner.runScenario()'><b>runScenario</b><br>Test class: runner.TestRunner<br>Test method: Runs Cucumber Scenarios<br>Parameters: "Admin logout", "Validating User logout Module API"</td>
<td><div><pre>java.lang.RuntimeException: Failed to find row for test case in Excel file: Admin logout
	at utilities.CommonUtils.getCurrentRow(CommonUtils.java:40)
	at requests.UserLoginRequests.createGenericRequest(UserLoginRequests.java:39)
	at stepDefinitions.UserLoginSteps.admin_sets_authorization_and_creates_logout_request_for_user_login_module(UserLoginSteps.java:99)
	at ✽.Admin sets authorization &quot;Bearer Token&quot; and creates logout request for userLoginModule(file:///Users/dineshdeshmukh/eclipse-workspace/Team05APISquadHackathon/src/test/resources/Feature/09Logout.feature:9)
</pre></div><a href='#' onClick='toggleBox("stack-trace1185648203", this, "Click to show all stack frames", "Click to hide stack frames")'>Click to show all stack frames</a>
<div class='stack-trace' id='stack-trace1185648203'><pre>java.lang.RuntimeException: Failed to find row for test case in Excel file: Admin logout
	at utilities.CommonUtils.getCurrentRow(CommonUtils.java:40)
	at requests.UserLoginRequests.createGenericRequest(UserLoginRequests.java:39)
	at stepDefinitions.UserLoginSteps.admin_sets_authorization_and_creates_logout_request_for_user_login_module(UserLoginSteps.java:99)
	at ✽.Admin sets authorization &quot;Bearer Token&quot; and creates logout request for userLoginModule(file:///Users/dineshdeshmukh/eclipse-workspace/Team05APISquadHackathon/src/test/resources/Feature/09Logout.feature:9)
</pre></div></td>
<td>0</td>
<td>runner.TestRunner@560348e6</td></tr>
<tr>
<td title='runner.TestRunner.runScenario()'><b>runScenario</b><br>Test class: runner.TestRunner<br>Test method: Runs Cucumber Scenarios<br>Parameters: "Check if admin is able to GetAllProgram with valid/invalid details", "Validating Program Module API"</td>
<td><div><pre>java.lang.RuntimeException: Login Token is missing!
	at utilities.TokenManager.getToken(TokenManager.java:20)
	at requests.ProgramRequest.setAuth(ProgramRequest.java:32)
	at stepDefinitions.ProgramStepDefinition.admin_set_authorization_to_bearer_token(ProgramStepDefinition.java:25)
	at ✽.Admin set Authorization to Bearer token(file:///Users/dineshdeshmukh/eclipse-workspace/Team05APISquadHackathon/src/test/resources/Feature/04ProgramModule.feature:4)
</pre></div><a href='#' onClick='toggleBox("stack-trace1413952420", this, "Click to show all stack frames", "Click to hide stack frames")'>Click to show all stack frames</a>
<div class='stack-trace' id='stack-trace1413952420'><pre>java.lang.RuntimeException: Login Token is missing!
	at utilities.TokenManager.getToken(TokenManager.java:20)
	at requests.ProgramRequest.setAuth(ProgramRequest.java:32)
	at stepDefinitions.ProgramStepDefinition.admin_set_authorization_to_bearer_token(ProgramStepDefinition.java:25)
	at ✽.Admin set Authorization to Bearer token(file:///Users/dineshdeshmukh/eclipse-workspace/Team05APISquadHackathon/src/test/resources/Feature/04ProgramModule.feature:4)
</pre></div></td>
<td>0</td>
<td>runner.TestRunner@560348e6</td></tr>
<tr>
<td title='runner.TestRunner.runScenario()'><b>runScenario</b><br>Test class: runner.TestRunner<br>Test method: Runs Cucumber Scenarios<br>Parameters: "Check if admin is able to create a Batch with valid/invalid details "ExistingBatchNameBatchPost"", "To test the API request of Batch Module"</td>
<td><div><pre>java.lang.RuntimeException: Login Token is missing!
	at utilities.TokenManager.getToken(TokenManager.java:20)
	at requests.ProgramBatchRequests.setAuth(ProgramBatchRequests.java:32)
	at stepDefinitions.ProgramBatchSteps.admin_set_authorization_for_batch(ProgramBatchSteps.java:26)
	at ✽.Admin set Authorization for batch(file:///Users/dineshdeshmukh/eclipse-workspace/Team05APISquadHackathon/src/test/resources/Feature/05ProgramBatchModule.feature:4)
</pre></div><a href='#' onClick='toggleBox("stack-trace2054805916", this, "Click to show all stack frames", "Click to hide stack frames")'>Click to show all stack frames</a>
<div class='stack-trace' id='stack-trace2054805916'><pre>java.lang.RuntimeException: Login Token is missing!
	at utilities.TokenManager.getToken(TokenManager.java:20)
	at requests.ProgramBatchRequests.setAuth(ProgramBatchRequests.java:32)
	at stepDefinitions.ProgramBatchSteps.admin_set_authorization_for_batch(ProgramBatchSteps.java:26)
	at ✽.Admin set Authorization for batch(file:///Users/dineshdeshmukh/eclipse-workspace/Team05APISquadHackathon/src/test/resources/Feature/05ProgramBatchModule.feature:4)
</pre></div></td>
<td>0</td>
<td>runner.TestRunner@560348e6</td></tr>
<tr>
<td title='runner.TestRunner.runScenario()'><b>runScenario</b><br>Test class: runner.TestRunner<br>Test method: Runs Cucumber Scenarios<br>Parameters: "Check if admin able to retrieve user counts by status/role", "User Module1 [Post Operation]"</td>
<td><div><pre>java.lang.RuntimeException: Login Token is missing!
	at utilities.TokenManager.getToken(TokenManager.java:20)
	at requests.UserRequest.setAuth(UserRequest.java:36)
	at stepDefinitions.UserModuleSteps1.admin_sets_bearer_token(UserModuleSteps1.java:30)
	at ✽.Admin sets Bearer token(file:///Users/dineshdeshmukh/eclipse-workspace/Team05APISquadHackathon/src/test/resources/Feature/02UserModule1Create.feature:5)
</pre></div><a href='#' onClick='toggleBox("stack-trace1909002529", this, "Click to show all stack frames", "Click to hide stack frames")'>Click to show all stack frames</a>
<div class='stack-trace' id='stack-trace1909002529'><pre>java.lang.RuntimeException: Login Token is missing!
	at utilities.TokenManager.getToken(TokenManager.java:20)
	at requests.UserRequest.setAuth(UserRequest.java:36)
	at stepDefinitions.UserModuleSteps1.admin_sets_bearer_token(UserModuleSteps1.java:30)
	at ✽.Admin sets Bearer token(file:///Users/dineshdeshmukh/eclipse-workspace/Team05APISquadHackathon/src/test/resources/Feature/02UserModule1Create.feature:5)
</pre></div></td>
<td>0</td>
<td>runner.TestRunner@560348e6</td></tr>
<tr>
<td title='runner.TestRunner.runScenario()'><b>runScenario</b><br>Test class: runner.TestRunner<br>Test method: Runs Cucumber Scenarios<br>Parameters: "Check if admin is able to create a Batch with valid/invalid details "MissingAdditionalFieldsBatchPost"", "To test the API request of Batch Module"</td>
<td><div><pre>java.lang.RuntimeException: Login Token is missing!
	at utilities.TokenManager.getToken(TokenManager.java:20)
	at requests.ProgramBatchRequests.setAuth(ProgramBatchRequests.java:32)
	at stepDefinitions.ProgramBatchSteps.admin_set_authorization_for_batch(ProgramBatchSteps.java:26)
	at ✽.Admin set Authorization for batch(file:///Users/dineshdeshmukh/eclipse-workspace/Team05APISquadHackathon/src/test/resources/Feature/05ProgramBatchModule.feature:4)
</pre></div><a href='#' onClick='toggleBox("stack-trace1881420492", this, "Click to show all stack frames", "Click to hide stack frames")'>Click to show all stack frames</a>
<div class='stack-trace' id='stack-trace1881420492'><pre>java.lang.RuntimeException: Login Token is missing!
	at utilities.TokenManager.getToken(TokenManager.java:20)
	at requests.ProgramBatchRequests.setAuth(ProgramBatchRequests.java:32)
	at stepDefinitions.ProgramBatchSteps.admin_set_authorization_for_batch(ProgramBatchSteps.java:26)
	at ✽.Admin set Authorization for batch(file:///Users/dineshdeshmukh/eclipse-workspace/Team05APISquadHackathon/src/test/resources/Feature/05ProgramBatchModule.feature:4)
</pre></div></td>
<td>0</td>
<td>runner.TestRunner@560348e6</td></tr>
<tr>
<td title='runner.TestRunner.runScenario()'><b>runScenario</b><br>Test class: runner.TestRunner<br>Test method: Runs Cucumber Scenarios<br>Parameters: "Check if admin is able to Delete program by programName with valid/invalid details", "Validating Program Module API"</td>
<td><div><pre>java.lang.RuntimeException: Login Token is missing!
	at utilities.TokenManager.getToken(TokenManager.java:20)
	at requests.ProgramRequest.setAuth(ProgramRequest.java:32)
	at stepDefinitions.ProgramStepDefinition.admin_set_authorization_to_bearer_token(ProgramStepDefinition.java:25)
	at ✽.Admin set Authorization to Bearer token(file:///Users/dineshdeshmukh/eclipse-workspace/Team05APISquadHackathon/src/test/resources/Feature/08Delete.feature:4)
</pre></div><a href='#' onClick='toggleBox("stack-trace1779082722", this, "Click to show all stack frames", "Click to hide stack frames")'>Click to show all stack frames</a>
<div class='stack-trace' id='stack-trace1779082722'><pre>java.lang.RuntimeException: Login Token is missing!
	at utilities.TokenManager.getToken(TokenManager.java:20)
	at requests.ProgramRequest.setAuth(ProgramRequest.java:32)
	at stepDefinitions.ProgramStepDefinition.admin_set_authorization_to_bearer_token(ProgramStepDefinition.java:25)
	at ✽.Admin set Authorization to Bearer token(file:///Users/dineshdeshmukh/eclipse-workspace/Team05APISquadHackathon/src/test/resources/Feature/08Delete.feature:4)
</pre></div></td>
<td>0</td>
<td>runner.TestRunner@560348e6</td></tr>
<tr>
<td title='runner.TestRunner.runScenario()'><b>runScenario</b><br>Test class: runner.TestRunner<br>Test method: Runs Cucumber Scenarios<br>Parameters: "Admin login token generation", "Admin Login Controller"</td>
<td><div><pre>java.lang.AssertionError: Status Code Mismatch! expected [401] but found [400]
	at org.testng.Assert.fail(Assert.java:111)
	at org.testng.Assert.failNotEquals(Assert.java:1590)
	at org.testng.Assert.assertEqualsImpl(Assert.java:150)
	at org.testng.Assert.assertEquals(Assert.java:132)
	at org.testng.Assert.assertEquals(Assert.java:1431)
	at org.testng.Assert.assertEquals(Assert.java:1395)
	at stepDefinitions.UserLoginSteps.admin_validates_response(UserLoginSteps.java:35)
	at ✽.Admin validates response(file:///Users/dineshdeshmukh/eclipse-workspace/Team05APISquadHackathon/src/test/resources/Feature/01UserLoginModule.feature:13)
</pre></div><a href='#' onClick='toggleBox("stack-trace1136115034", this, "Click to show all stack frames", "Click to hide stack frames")'>Click to show all stack frames</a>
<div class='stack-trace' id='stack-trace1136115034'><pre>java.lang.AssertionError: Status Code Mismatch! expected [401] but found [400]
	at org.testng.Assert.fail(Assert.java:111)
	at org.testng.Assert.failNotEquals(Assert.java:1590)
	at org.testng.Assert.assertEqualsImpl(Assert.java:150)
	at org.testng.Assert.assertEquals(Assert.java:132)
	at org.testng.Assert.assertEquals(Assert.java:1431)
	at org.testng.Assert.assertEquals(Assert.java:1395)
	at stepDefinitions.UserLoginSteps.admin_validates_response(UserLoginSteps.java:35)
	at ✽.Admin validates response(file:///Users/dineshdeshmukh/eclipse-workspace/Team05APISquadHackathon/src/test/resources/Feature/01UserLoginModule.feature:13)
</pre></div></td>
<td>0</td>
<td>runner.TestRunner@560348e6</td></tr>
<tr>
<td title='runner.TestRunner.runScenario()'><b>runScenario</b><br>Test class: runner.TestRunner<br>Test method: Runs Cucumber Scenarios<br>Parameters: "Check if Admin is able to retrieve user with valid/invalid Role ID", "GET operations for User Module"</td>
<td><div><pre>java.lang.RuntimeException: Login Token is missing!
	at utilities.TokenManager.getToken(TokenManager.java:20)
	at requests.UserRequest1.setAuth(UserRequest1.java:28)
	at stepDefinitions.UserModuleSteps2.admin_has_valid_bearer_token(UserModuleSteps2.java:28)
	at ✽.Admin has valid Bearer token(file:///Users/dineshdeshmukh/eclipse-workspace/Team05APISquadHackathon/src/test/resources/Feature/06UserModule2.feature:3)
</pre></div><a href='#' onClick='toggleBox("stack-trace1640299572", this, "Click to show all stack frames", "Click to hide stack frames")'>Click to show all stack frames</a>
<div class='stack-trace' id='stack-trace1640299572'><pre>java.lang.RuntimeException: Login Token is missing!
	at utilities.TokenManager.getToken(TokenManager.java:20)
	at requests.UserRequest1.setAuth(UserRequest1.java:28)
	at stepDefinitions.UserModuleSteps2.admin_has_valid_bearer_token(UserModuleSteps2.java:28)
	at ✽.Admin has valid Bearer token(file:///Users/dineshdeshmukh/eclipse-workspace/Team05APISquadHackathon/src/test/resources/Feature/06UserModule2.feature:3)
</pre></div></td>
<td>0</td>
<td>runner.TestRunner@560348e6</td></tr>
<tr>
<td title='runner.TestRunner.runScenario()'><b>runScenario</b><br>Test class: runner.TestRunner<br>Test method: Runs Cucumber Scenarios<br>Parameters: "Check if Admin is able to update User Login Status", "GET operations for User Module"</td>
<td><div><pre>java.lang.RuntimeException: Login Token is missing!
	at utilities.TokenManager.getToken(TokenManager.java:20)
	at requests.UserRequest1.setAuth(UserRequest1.java:28)
	at stepDefinitions.UserModuleSteps2.admin_has_valid_bearer_token(UserModuleSteps2.java:28)
	at ✽.Admin has valid Bearer token(file:///Users/dineshdeshmukh/eclipse-workspace/Team05APISquadHackathon/src/test/resources/Feature/06UserModule2.feature:3)
</pre></div><a href='#' onClick='toggleBox("stack-trace1143034321", this, "Click to show all stack frames", "Click to hide stack frames")'>Click to show all stack frames</a>
<div class='stack-trace' id='stack-trace1143034321'><pre>java.lang.RuntimeException: Login Token is missing!
	at utilities.TokenManager.getToken(TokenManager.java:20)
	at requests.UserRequest1.setAuth(UserRequest1.java:28)
	at stepDefinitions.UserModuleSteps2.admin_has_valid_bearer_token(UserModuleSteps2.java:28)
	at ✽.Admin has valid Bearer token(file:///Users/dineshdeshmukh/eclipse-workspace/Team05APISquadHackathon/src/test/resources/Feature/06UserModule2.feature:3)
</pre></div></td>
<td>0</td>
<td>runner.TestRunner@560348e6</td></tr>
<tr>
<td title='runner.TestRunner.runScenario()'><b>runScenario</b><br>Test class: runner.TestRunner<br>Test method: Runs Cucumber Scenarios<br>Parameters: "Check if admin able to retrieve users with roles", "User Module1 [Post Operation]"</td>
<td><div><pre>java.lang.RuntimeException: Login Token is missing!
	at utilities.TokenManager.getToken(TokenManager.java:20)
	at requests.UserRequest.setAuth(UserRequest.java:36)
	at stepDefinitions.UserModuleSteps1.admin_sets_bearer_token(UserModuleSteps1.java:30)
	at ✽.Admin sets Bearer token(file:///Users/dineshdeshmukh/eclipse-workspace/Team05APISquadHackathon/src/test/resources/Feature/02UserModule1Create.feature:5)
</pre></div><a href='#' onClick='toggleBox("stack-trace1427580388", this, "Click to show all stack frames", "Click to hide stack frames")'>Click to show all stack frames</a>
<div class='stack-trace' id='stack-trace1427580388'><pre>java.lang.RuntimeException: Login Token is missing!
	at utilities.TokenManager.getToken(TokenManager.java:20)
	at requests.UserRequest.setAuth(UserRequest.java:36)
	at stepDefinitions.UserModuleSteps1.admin_sets_bearer_token(UserModuleSteps1.java:30)
	at ✽.Admin sets Bearer token(file:///Users/dineshdeshmukh/eclipse-workspace/Team05APISquadHackathon/src/test/resources/Feature/02UserModule1Create.feature:5)
</pre></div></td>
<td>0</td>
<td>runner.TestRunner@560348e6</td></tr>
<tr>
<td title='runner.TestRunner.runScenario()'><b>runScenario</b><br>Test class: runner.TestRunner<br>Test method: Runs Cucumber Scenarios<br>Parameters: "Check if Admin is able to assign User Role to Program/Batch", "GET operations for User Module"</td>
<td><div><pre>java.lang.RuntimeException: Login Token is missing!
	at utilities.TokenManager.getToken(TokenManager.java:20)
	at requests.UserRequest1.setAuth(UserRequest1.java:28)
	at stepDefinitions.UserModuleSteps2.admin_has_valid_bearer_token(UserModuleSteps2.java:28)
	at ✽.Admin has valid Bearer token(file:///Users/dineshdeshmukh/eclipse-workspace/Team05APISquadHackathon/src/test/resources/Feature/06UserModule2.feature:3)
</pre></div><a href='#' onClick='toggleBox("stack-trace805744373", this, "Click to show all stack frames", "Click to hide stack frames")'>Click to show all stack frames</a>
<div class='stack-trace' id='stack-trace805744373'><pre>java.lang.RuntimeException: Login Token is missing!
	at utilities.TokenManager.getToken(TokenManager.java:20)
	at requests.UserRequest1.setAuth(UserRequest1.java:28)
	at stepDefinitions.UserModuleSteps2.admin_has_valid_bearer_token(UserModuleSteps2.java:28)
	at ✽.Admin has valid Bearer token(file:///Users/dineshdeshmukh/eclipse-workspace/Team05APISquadHackathon/src/test/resources/Feature/06UserModule2.feature:3)
</pre></div></td>
<td>0</td>
<td>runner.TestRunner@560348e6</td></tr>
<tr>
<td title='runner.TestRunner.runScenario()'><b>runScenario</b><br>Test class: runner.TestRunner<br>Test method: Runs Cucumber Scenarios<br>Parameters: "Admin login token generation", "Admin Login Controller"</td>
<td><div><pre>java.lang.AssertionError: Status Code Mismatch! expected [415] but found [401]
	at org.testng.Assert.fail(Assert.java:111)
	at org.testng.Assert.failNotEquals(Assert.java:1590)
	at org.testng.Assert.assertEqualsImpl(Assert.java:150)
	at org.testng.Assert.assertEquals(Assert.java:132)
	at org.testng.Assert.assertEquals(Assert.java:1431)
	at org.testng.Assert.assertEquals(Assert.java:1395)
	at stepDefinitions.UserLoginSteps.admin_validates_response(UserLoginSteps.java:35)
	at ✽.Admin validates response(file:///Users/dineshdeshmukh/eclipse-workspace/Team05APISquadHackathon/src/test/resources/Feature/01UserLoginModule.feature:13)
</pre></div><a href='#' onClick='toggleBox("stack-trace1159119599", this, "Click to show all stack frames", "Click to hide stack frames")'>Click to show all stack frames</a>
<div class='stack-trace' id='stack-trace1159119599'><pre>java.lang.AssertionError: Status Code Mismatch! expected [415] but found [401]
	at org.testng.Assert.fail(Assert.java:111)
	at org.testng.Assert.failNotEquals(Assert.java:1590)
	at org.testng.Assert.assertEqualsImpl(Assert.java:150)
	at org.testng.Assert.assertEquals(Assert.java:132)
	at org.testng.Assert.assertEquals(Assert.java:1431)
	at org.testng.Assert.assertEquals(Assert.java:1395)
	at stepDefinitions.UserLoginSteps.admin_validates_response(UserLoginSteps.java:35)
	at ✽.Admin validates response(file:///Users/dineshdeshmukh/eclipse-workspace/Team05APISquadHackathon/src/test/resources/Feature/01UserLoginModule.feature:13)
</pre></div></td>
<td>0</td>
<td>runner.TestRunner@560348e6</td></tr>
<tr>
<td title='runner.TestRunner.runScenario()'><b>runScenario</b><br>Test class: runner.TestRunner<br>Test method: Runs Cucumber Scenarios<br>Parameters: "Check if admin is able to Delete program by programName with valid/invalid details", "Validating Program Module API"</td>
<td><div><pre>java.lang.RuntimeException: Login Token is missing!
	at utilities.TokenManager.getToken(TokenManager.java:20)
	at requests.ProgramRequest.setAuth(ProgramRequest.java:32)
	at stepDefinitions.ProgramStepDefinition.admin_set_authorization_to_bearer_token(ProgramStepDefinition.java:25)
	at ✽.Admin set Authorization to Bearer token(file:///Users/dineshdeshmukh/eclipse-workspace/Team05APISquadHackathon/src/test/resources/Feature/08Delete.feature:4)
</pre></div><a href='#' onClick='toggleBox("stack-trace1213548460", this, "Click to show all stack frames", "Click to hide stack frames")'>Click to show all stack frames</a>
<div class='stack-trace' id='stack-trace1213548460'><pre>java.lang.RuntimeException: Login Token is missing!
	at utilities.TokenManager.getToken(TokenManager.java:20)
	at requests.ProgramRequest.setAuth(ProgramRequest.java:32)
	at stepDefinitions.ProgramStepDefinition.admin_set_authorization_to_bearer_token(ProgramStepDefinition.java:25)
	at ✽.Admin set Authorization to Bearer token(file:///Users/dineshdeshmukh/eclipse-workspace/Team05APISquadHackathon/src/test/resources/Feature/08Delete.feature:4)
</pre></div></td>
<td>0</td>
<td>runner.TestRunner@560348e6</td></tr>
<tr>
<td title='runner.TestRunner.runScenario()'><b>runScenario</b><br>Test class: runner.TestRunner<br>Test method: Runs Cucumber Scenarios<br>Parameters: "Check if Admin is able to retrieve user with valid/invalid Program ID", "GET operations for User Module"</td>
<td><div><pre>java.lang.RuntimeException: Login Token is missing!
	at utilities.TokenManager.getToken(TokenManager.java:20)
	at requests.UserRequest1.setAuth(UserRequest1.java:28)
	at stepDefinitions.UserModuleSteps2.admin_has_valid_bearer_token(UserModuleSteps2.java:28)
	at ✽.Admin has valid Bearer token(file:///Users/dineshdeshmukh/eclipse-workspace/Team05APISquadHackathon/src/test/resources/Feature/06UserModule2.feature:3)
</pre></div><a href='#' onClick='toggleBox("stack-trace1950456251", this, "Click to show all stack frames", "Click to hide stack frames")'>Click to show all stack frames</a>
<div class='stack-trace' id='stack-trace1950456251'><pre>java.lang.RuntimeException: Login Token is missing!
	at utilities.TokenManager.getToken(TokenManager.java:20)
	at requests.UserRequest1.setAuth(UserRequest1.java:28)
	at stepDefinitions.UserModuleSteps2.admin_has_valid_bearer_token(UserModuleSteps2.java:28)
	at ✽.Admin has valid Bearer token(file:///Users/dineshdeshmukh/eclipse-workspace/Team05APISquadHackathon/src/test/resources/Feature/06UserModule2.feature:3)
</pre></div></td>
<td>0</td>
<td>runner.TestRunner@560348e6</td></tr>
<tr>
<td title='runner.TestRunner.runScenario()'><b>runScenario</b><br>Test class: runner.TestRunner<br>Test method: Runs Cucumber Scenarios<br>Parameters: "Admin login token generation", "Admin Login Controller"</td>
<td><div><pre>java.lang.AssertionError: Status Code Mismatch! expected [400] but found [401]
	at org.testng.Assert.fail(Assert.java:111)
	at org.testng.Assert.failNotEquals(Assert.java:1590)
	at org.testng.Assert.assertEqualsImpl(Assert.java:150)
	at org.testng.Assert.assertEquals(Assert.java:132)
	at org.testng.Assert.assertEquals(Assert.java:1431)
	at org.testng.Assert.assertEquals(Assert.java:1395)
	at stepDefinitions.UserLoginSteps.admin_validates_response(UserLoginSteps.java:35)
	at ✽.Admin validates response(file:///Users/dineshdeshmukh/eclipse-workspace/Team05APISquadHackathon/src/test/resources/Feature/01UserLoginModule.feature:13)
</pre></div><a href='#' onClick='toggleBox("stack-trace680794728", this, "Click to show all stack frames", "Click to hide stack frames")'>Click to show all stack frames</a>
<div class='stack-trace' id='stack-trace680794728'><pre>java.lang.AssertionError: Status Code Mismatch! expected [400] but found [401]
	at org.testng.Assert.fail(Assert.java:111)
	at org.testng.Assert.failNotEquals(Assert.java:1590)
	at org.testng.Assert.assertEqualsImpl(Assert.java:150)
	at org.testng.Assert.assertEquals(Assert.java:132)
	at org.testng.Assert.assertEquals(Assert.java:1431)
	at org.testng.Assert.assertEquals(Assert.java:1395)
	at stepDefinitions.UserLoginSteps.admin_validates_response(UserLoginSteps.java:35)
	at ✽.Admin validates response(file:///Users/dineshdeshmukh/eclipse-workspace/Team05APISquadHackathon/src/test/resources/Feature/01UserLoginModule.feature:13)
</pre></div></td>
<td>0</td>
<td>runner.TestRunner@560348e6</td></tr>
<tr>
<td title='runner.TestRunner.runScenario()'><b>runScenario</b><br>Test class: runner.TestRunner<br>Test method: Runs Cucumber Scenarios<br>Parameters: "Check if admin is able to Delete program by programName with valid/invalid details", "Validating Program Module API"</td>
<td><div><pre>java.lang.RuntimeException: Login Token is missing!
	at utilities.TokenManager.getToken(TokenManager.java:20)
	at requests.ProgramRequest.setAuth(ProgramRequest.java:32)
	at stepDefinitions.ProgramStepDefinition.admin_set_authorization_to_bearer_token(ProgramStepDefinition.java:25)
	at ✽.Admin set Authorization to Bearer token(file:///Users/dineshdeshmukh/eclipse-workspace/Team05APISquadHackathon/src/test/resources/Feature/08Delete.feature:4)
</pre></div><a href='#' onClick='toggleBox("stack-trace1593084680", this, "Click to show all stack frames", "Click to hide stack frames")'>Click to show all stack frames</a>
<div class='stack-trace' id='stack-trace1593084680'><pre>java.lang.RuntimeException: Login Token is missing!
	at utilities.TokenManager.getToken(TokenManager.java:20)
	at requests.ProgramRequest.setAuth(ProgramRequest.java:32)
	at stepDefinitions.ProgramStepDefinition.admin_set_authorization_to_bearer_token(ProgramStepDefinition.java:25)
	at ✽.Admin set Authorization to Bearer token(file:///Users/dineshdeshmukh/eclipse-workspace/Team05APISquadHackathon/src/test/resources/Feature/08Delete.feature:4)
</pre></div></td>
<td>0</td>
<td>runner.TestRunner@560348e6</td></tr>
<tr>
<td title='runner.TestRunner.runScenario()'><b>runScenario</b><br>Test class: runner.TestRunner<br>Test method: Runs Cucumber Scenarios<br>Parameters: "Check if admin is able to GET program by programID with valid/invalid details", "Validating Program Module API"</td>
<td><div><pre>java.lang.RuntimeException: Login Token is missing!
	at utilities.TokenManager.getToken(TokenManager.java:20)
	at requests.ProgramRequest.setAuth(ProgramRequest.java:32)
	at stepDefinitions.ProgramStepDefinition.admin_set_authorization_to_bearer_token(ProgramStepDefinition.java:25)
	at ✽.Admin set Authorization to Bearer token(file:///Users/dineshdeshmukh/eclipse-workspace/Team05APISquadHackathon/src/test/resources/Feature/04ProgramModule.feature:4)
</pre></div><a href='#' onClick='toggleBox("stack-trace1285287269", this, "Click to show all stack frames", "Click to hide stack frames")'>Click to show all stack frames</a>
<div class='stack-trace' id='stack-trace1285287269'><pre>java.lang.RuntimeException: Login Token is missing!
	at utilities.TokenManager.getToken(TokenManager.java:20)
	at requests.ProgramRequest.setAuth(ProgramRequest.java:32)
	at stepDefinitions.ProgramStepDefinition.admin_set_authorization_to_bearer_token(ProgramStepDefinition.java:25)
	at ✽.Admin set Authorization to Bearer token(file:///Users/dineshdeshmukh/eclipse-workspace/Team05APISquadHackathon/src/test/resources/Feature/04ProgramModule.feature:4)
</pre></div></td>
<td>0</td>
<td>runner.TestRunner@560348e6</td></tr>
<tr>
<td title='runner.TestRunner.runScenario()'><b>runScenario</b><br>Test class: runner.TestRunner<br>Test method: Runs Cucumber Scenarios<br>Parameters: "Admin logout", "Validating User logout Module API"</td>
<td><div><pre>java.lang.RuntimeException: Failed to find row for test case in Excel file: Admin logout
	at utilities.CommonUtils.getCurrentRow(CommonUtils.java:40)
	at requests.UserLoginRequests.createGenericRequest(UserLoginRequests.java:39)
	at stepDefinitions.UserLoginSteps.admin_sets_authorization_and_creates_logout_request_for_user_login_module(UserLoginSteps.java:99)
	at ✽.Admin sets authorization &quot;Old Token&quot; and creates logout request for userLoginModule(file:///Users/dineshdeshmukh/eclipse-workspace/Team05APISquadHackathon/src/test/resources/Feature/09Logout.feature:9)
</pre></div><a href='#' onClick='toggleBox("stack-trace1726361113", this, "Click to show all stack frames", "Click to hide stack frames")'>Click to show all stack frames</a>
<div class='stack-trace' id='stack-trace1726361113'><pre>java.lang.RuntimeException: Failed to find row for test case in Excel file: Admin logout
	at utilities.CommonUtils.getCurrentRow(CommonUtils.java:40)
	at requests.UserLoginRequests.createGenericRequest(UserLoginRequests.java:39)
	at stepDefinitions.UserLoginSteps.admin_sets_authorization_and_creates_logout_request_for_user_login_module(UserLoginSteps.java:99)
	at ✽.Admin sets authorization &quot;Old Token&quot; and creates logout request for userLoginModule(file:///Users/dineshdeshmukh/eclipse-workspace/Team05APISquadHackathon/src/test/resources/Feature/09Logout.feature:9)
</pre></div></td>
<td>0</td>
<td>runner.TestRunner@560348e6</td></tr>
</table><p>
<table width='100%' border='1' class='invocation-passed'>
<tr><td colspan='4' align='center'><b>PASSED TESTS</b></td></tr>
<tr><td><b>Test method</b></td>
<td><b>Attribute(s)</b></td>
<td width="30%"><b>Exception</b></td>
<td width="10%"><b>Time (seconds)</b></td>
<td><b>Instance</b></td>
</tr>
<tr>
<td title='runner.TestRunner.runScenario()'><b>runScenario</b><br>Test class: runner.TestRunner<br>Test method: Runs Cucumber Scenarios<br>Parameters: "Admin login token generation", "Admin Login Controller"</td>
<td></td>
<td>0</td>
<td>runner.TestRunner@560348e6</td></tr>
<tr>
<td title='runner.TestRunner.runScenario()'><b>runScenario</b><br>Test class: runner.TestRunner<br>Test method: Runs Cucumber Scenarios<br>Parameters: "Admin login token generation", "Admin Login Controller"</td>
<td></td>
<td>4</td>
<td>runner.TestRunner@560348e6</td></tr>
<tr>
<td title='runner.TestRunner.runScenario()'><b>runScenario</b><br>Test class: runner.TestRunner<br>Test method: Runs Cucumber Scenarios<br>Parameters: "Admin forgot password", "User Controller Operations"</td>
<td></td>
<td>1</td>
<td>runner.TestRunner@560348e6</td></tr>
<tr>
<td title='runner.TestRunner.runScenario()'><b>runScenario</b><br>Test class: runner.TestRunner<br>Test method: Runs Cucumber Scenarios<br>Parameters: "Admin login token generation", "Admin Login Controller"</td>
<td></td>
<td>0</td>
<td>runner.TestRunner@560348e6</td></tr>
</table><p>
</body>
</html>