<?xml version="1.0" encoding="UTF-8"?>
<!-- Generated by org.testng.reporters.JUnitXMLReporter -->
<testsuite ignored="0" hostname="Dineshs-MacBook-Pro.local" failures="135" tests="139" name="Default test" time="16.446" errors="0" timestamp="2026-01-16T16:16:20 EST">
  <testcase classname="io.cucumber.testng.AbstractTestNGCucumberTests" name="runScenario" time="4.116"/>
  <testcase classname="io.cucumber.testng.AbstractTestNGCucumberTests" name="runScenario" time="0.617">
    <failure type="java.lang.AssertionError" message="Status Code Mismatch! expected [401] but found [405]">
      <![CDATA[java.lang.AssertionError: Status Code Mismatch! expected [401] but found [405]
at org.testng.Assert.fail(Assert.java:111)
at org.testng.Assert.failNotEquals(Assert.java:1590)
at org.testng.Assert.assertEqualsImpl(Assert.java:150)
at org.testng.Assert.assertEquals(Assert.java:132)
at org.testng.Assert.assertEquals(Assert.java:1431)
at org.testng.Assert.assertEquals(Assert.java:1395)
at stepDefinitions.UserLoginSteps.admin_validates_response(UserLoginSteps.java:35)
at ✽.Admin validates response(file:///Users/dineshdeshmukh/eclipse-workspace/Team05APISquadHackathon/src/test/resources/Feature/01UserLoginModule.feature:13)
]]>
    </failure>
  </testcase> <!-- runScenario -->
  <testcase classname="io.cucumber.testng.AbstractTestNGCucumberTests" name="runScenario" time="0.641">
    <failure type="java.lang.AssertionError" message="Status Code Mismatch! expected [401] but found [400]">
      <![CDATA[java.lang.AssertionError: Status Code Mismatch! expected [401] but found [400]
at org.testng.Assert.fail(Assert.java:111)
at org.testng.Assert.failNotEquals(Assert.java:1590)
at org.testng.Assert.assertEqualsImpl(Assert.java:150)
at org.testng.Assert.assertEquals(Assert.java:132)
at org.testng.Assert.assertEquals(Assert.java:1431)
at org.testng.Assert.assertEquals(Assert.java:1395)
at stepDefinitions.UserLoginSteps.admin_validates_response(UserLoginSteps.java:35)
at ✽.Admin validates response(file:///Users/dineshdeshmukh/eclipse-workspace/Team05APISquadHackathon/src/test/resources/Feature/01UserLoginModule.feature:13)
]]>
    </failure>
  </testcase> <!-- runScenario -->
  <testcase classname="io.cucumber.testng.AbstractTestNGCucumberTests" name="runScenario" time="0.639">
    <failure type="java.lang.AssertionError" message="Status Code Mismatch! expected [401] but found [400]">
      <![CDATA[java.lang.AssertionError: Status Code Mismatch! expected [401] but found [400]
at org.testng.Assert.fail(Assert.java:111)
at org.testng.Assert.failNotEquals(Assert.java:1590)
at org.testng.Assert.assertEqualsImpl(Assert.java:150)
at org.testng.Assert.assertEquals(Assert.java:132)
at org.testng.Assert.assertEquals(Assert.java:1431)
at org.testng.Assert.assertEquals(Assert.java:1395)
at stepDefinitions.UserLoginSteps.admin_validates_response(UserLoginSteps.java:35)
at ✽.Admin validates response(file:///Users/dineshdeshmukh/eclipse-workspace/Team05APISquadHackathon/src/test/resources/Feature/01UserLoginModule.feature:13)
]]>
    </failure>
  </testcase> <!-- runScenario -->
  <testcase classname="io.cucumber.testng.AbstractTestNGCucumberTests" name="runScenario" time="0.533">
    <failure type="java.lang.RuntimeException" message="StatusCode is missing in Excel for scenario: numbers in email">
      <![CDATA[java.lang.RuntimeException: StatusCode is missing in Excel for scenario: numbers in email
at requests.UserLoginRequests.getStatusCode(UserLoginRequests.java:127)
at stepDefinitions.UserLoginSteps.admin_validates_response(UserLoginSteps.java:34)
at ✽.Admin validates response(file:///Users/dineshdeshmukh/eclipse-workspace/Team05APISquadHackathon/src/test/resources/Feature/01UserLoginModule.feature:13)
]]>
    </failure>
  </testcase> <!-- runScenario -->
  <testcase classname="io.cucumber.testng.AbstractTestNGCucumberTests" name="runScenario" time="0.503">
    <failure type="java.lang.AssertionError" message="Status Code Mismatch! expected [401] but found [400]">
      <![CDATA[java.lang.AssertionError: Status Code Mismatch! expected [401] but found [400]
at org.testng.Assert.fail(Assert.java:111)
at org.testng.Assert.failNotEquals(Assert.java:1590)
at org.testng.Assert.assertEqualsImpl(Assert.java:150)
at org.testng.Assert.assertEquals(Assert.java:132)
at org.testng.Assert.assertEquals(Assert.java:1431)
at org.testng.Assert.assertEquals(Assert.java:1395)
at stepDefinitions.UserLoginSteps.admin_validates_response(UserLoginSteps.java:35)
at ✽.Admin validates response(file:///Users/dineshdeshmukh/eclipse-workspace/Team05APISquadHackathon/src/test/resources/Feature/01UserLoginModule.feature:13)
]]>
    </failure>
  </testcase> <!-- runScenario -->
  <testcase classname="io.cucumber.testng.AbstractTestNGCucumberTests" name="runScenario" time="0.54">
    <failure type="java.lang.AssertionError" message="Status Code Mismatch! expected [401] but found [400]">
      <![CDATA[java.lang.AssertionError: Status Code Mismatch! expected [401] but found [400]
at org.testng.Assert.fail(Assert.java:111)
at org.testng.Assert.failNotEquals(Assert.java:1590)
at org.testng.Assert.assertEqualsImpl(Assert.java:150)
at org.testng.Assert.assertEquals(Assert.java:132)
at org.testng.Assert.assertEquals(Assert.java:1431)
at org.testng.Assert.assertEquals(Assert.java:1395)
at stepDefinitions.UserLoginSteps.admin_validates_response(UserLoginSteps.java:35)
at ✽.Admin validates response(file:///Users/dineshdeshmukh/eclipse-workspace/Team05APISquadHackathon/src/test/resources/Feature/01UserLoginModule.feature:13)
]]>
    </failure>
  </testcase> <!-- runScenario -->
  <testcase classname="io.cucumber.testng.AbstractTestNGCucumberTests" name="runScenario" time="0.523">
    <failure type="java.lang.AssertionError" message="Status Code Mismatch! expected [401] but found [400]">
      <![CDATA[java.lang.AssertionError: Status Code Mismatch! expected [401] but found [400]
at org.testng.Assert.fail(Assert.java:111)
at org.testng.Assert.failNotEquals(Assert.java:1590)
at org.testng.Assert.assertEqualsImpl(Assert.java:150)
at org.testng.Assert.assertEquals(Assert.java:132)
at org.testng.Assert.assertEquals(Assert.java:1431)
at org.testng.Assert.assertEquals(Assert.java:1395)
at stepDefinitions.UserLoginSteps.admin_validates_response(UserLoginSteps.java:35)
at ✽.Admin validates response(file:///Users/dineshdeshmukh/eclipse-workspace/Team05APISquadHackathon/src/test/resources/Feature/01UserLoginModule.feature:13)
]]>
    </failure>
  </testcase> <!-- runScenario -->
  <testcase classname="io.cucumber.testng.AbstractTestNGCucumberTests" name="runScenario" time="0.345"/>
  <testcase classname="io.cucumber.testng.AbstractTestNGCucumberTests" name="runScenario" time="0.473">
    <failure type="io.restassured.path.json.exception.JsonPathException" message="Failed to parse the JSON document">
      <![CDATA[io.restassured.path.json.exception.JsonPathException: Failed to parse the JSON document
at io.restassured.path.json.JsonPath$ExceptionCatcher.invoke(JsonPath.java:1002)
at io.restassured.path.json.JsonPath$4.doParseWith(JsonPath.java:967)
at io.restassured.path.json.JsonPath$JsonParser.parseWith(JsonPath.java:1047)
at io.restassured.path.json.JsonPath.get(JsonPath.java:202)
at io.restassured.path.json.JsonPath.getString(JsonPath.java:352)
at utilities.CommonUtils.validateResponseMessage(CommonUtils.java:91)
at stepDefinitions.UserLoginSteps.admin_validates_response(UserLoginSteps.java:40)
at ✽.Admin validates response(file:///Users/dineshdeshmukh/eclipse-workspace/Team05APISquadHackathon/src/test/resources/Feature/01UserLoginModule.feature:13)
Caused by: java.lang.IllegalArgumentException: The JSON input text should neither be null nor empty.
at java.base/jdk.internal.reflect.DirectConstructorHandleAccessor.newInstance(DirectConstructorHandleAccessor.java:62)
at java.base/java.lang.reflect.Constructor.newInstanceWithCaller(Constructor.java:501)
at java.base/java.lang.reflect.Constructor.newInstance(Constructor.java:485)
at org.codehaus.groovy.reflection.CachedConstructor.invoke(CachedConstructor.java:73)
at org.codehaus.groovy.runtime.callsite.ConstructorSite$ConstructorSiteNoUnwrapNoCoerce.callConstructor(ConstructorSite.java:108)
at org.codehaus.groovy.runtime.callsite.CallSiteArray.defaultCallConstructor(CallSiteArray.java:57)
at org.codehaus.groovy.runtime.callsite.AbstractCallSite.callConstructor(AbstractCallSite.java:263)
at org.codehaus.groovy.runtime.callsite.AbstractCallSite.callConstructor(AbstractCallSite.java:277)
at io.restassured.internal.path.json.ConfigurableJsonSlurper.parseText(ConfigurableJsonSlurper.groovy:80)
at io.restassured.path.json.JsonPath$4$1.method(JsonPath.java:965)
at io.restassured.path.json.JsonPath$ExceptionCatcher.invoke(JsonPath.java:1000)
... 7 more
]]>
    </failure>
  </testcase> <!-- runScenario -->
  <testcase classname="io.cucumber.testng.AbstractTestNGCucumberTests" name="runScenario" time="0.551">
    <failure type="java.lang.AssertionError" message="Status Code Mismatch! expected [400] but found [401]">
      <![CDATA[java.lang.AssertionError: Status Code Mismatch! expected [400] but found [401]
at org.testng.Assert.fail(Assert.java:111)
at org.testng.Assert.failNotEquals(Assert.java:1590)
at org.testng.Assert.assertEqualsImpl(Assert.java:150)
at org.testng.Assert.assertEquals(Assert.java:132)
at org.testng.Assert.assertEquals(Assert.java:1431)
at org.testng.Assert.assertEquals(Assert.java:1395)
at stepDefinitions.UserLoginSteps.admin_validates_response(UserLoginSteps.java:35)
at ✽.Admin validates response(file:///Users/dineshdeshmukh/eclipse-workspace/Team05APISquadHackathon/src/test/resources/Feature/01UserLoginModule.feature:13)
]]>
    </failure>
  </testcase> <!-- runScenario -->
  <testcase classname="io.cucumber.testng.AbstractTestNGCucumberTests" name="runScenario" time="0.551">
    <failure type="java.lang.AssertionError" message="Status Code Mismatch! expected [415] but found [401]">
      <![CDATA[java.lang.AssertionError: Status Code Mismatch! expected [415] but found [401]
at org.testng.Assert.fail(Assert.java:111)
at org.testng.Assert.failNotEquals(Assert.java:1590)
at org.testng.Assert.assertEqualsImpl(Assert.java:150)
at org.testng.Assert.assertEquals(Assert.java:132)
at org.testng.Assert.assertEquals(Assert.java:1431)
at org.testng.Assert.assertEquals(Assert.java:1395)
at stepDefinitions.UserLoginSteps.admin_validates_response(UserLoginSteps.java:35)
at ✽.Admin validates response(file:///Users/dineshdeshmukh/eclipse-workspace/Team05APISquadHackathon/src/test/resources/Feature/01UserLoginModule.feature:13)
]]>
    </failure>
  </testcase> <!-- runScenario -->
  <testcase classname="io.cucumber.testng.AbstractTestNGCucumberTests" name="runScenario" time="0.484"/>
  <testcase classname="io.cucumber.testng.AbstractTestNGCucumberTests" name="runScenario" time="0.024">
    <failure type="java.lang.RuntimeException" message="Login Token is missing!">
      <![CDATA[java.lang.RuntimeException: Login Token is missing!
at utilities.TokenManager.getToken(TokenManager.java:20)
at requests.UserRequest.setAuth(UserRequest.java:36)
at stepDefinitions.UserModuleSteps1.admin_sets_bearer_token(UserModuleSteps1.java:30)
at ✽.Admin sets Bearer token(file:///Users/dineshdeshmukh/eclipse-workspace/Team05APISquadHackathon/src/test/resources/Feature/02UserModule1Create.feature:5)
]]>
    </failure>
  </testcase> <!-- runScenario -->
  <testcase classname="io.cucumber.testng.AbstractTestNGCucumberTests" name="runScenario" time="0.012">
    <failure type="java.lang.RuntimeException" message="Login Token is missing!">
      <![CDATA[java.lang.RuntimeException: Login Token is missing!
at utilities.TokenManager.getToken(TokenManager.java:20)
at requests.UserRequest.setAuth(UserRequest.java:36)
at stepDefinitions.UserModuleSteps1.admin_sets_bearer_token(UserModuleSteps1.java:30)
at ✽.Admin sets Bearer token(file:///Users/dineshdeshmukh/eclipse-workspace/Team05APISquadHackathon/src/test/resources/Feature/02UserModule1Create.feature:5)
]]>
    </failure>
  </testcase> <!-- runScenario -->
  <testcase classname="io.cucumber.testng.AbstractTestNGCucumberTests" name="runScenario" time="0.017">
    <failure type="java.lang.RuntimeException" message="Login Token is missing!">
      <![CDATA[java.lang.RuntimeException: Login Token is missing!
at utilities.TokenManager.getToken(TokenManager.java:20)
at requests.UserRequest.setAuth(UserRequest.java:36)
at stepDefinitions.UserModuleSteps1.admin_sets_bearer_token(UserModuleSteps1.java:30)
at ✽.Admin sets Bearer token(file:///Users/dineshdeshmukh/eclipse-workspace/Team05APISquadHackathon/src/test/resources/Feature/02UserModule1Create.feature:5)
]]>
    </failure>
  </testcase> <!-- runScenario -->
  <testcase classname="io.cucumber.testng.AbstractTestNGCucumberTests" name="runScenario" time="0.012">
    <failure type="java.lang.RuntimeException" message="Login Token is missing!">
      <![CDATA[java.lang.RuntimeException: Login Token is missing!
at utilities.TokenManager.getToken(TokenManager.java:20)
at requests.UserRequest.setAuth(UserRequest.java:36)
at stepDefinitions.UserModuleSteps1.admin_sets_bearer_token(UserModuleSteps1.java:30)
at ✽.Admin sets Bearer token(file:///Users/dineshdeshmukh/eclipse-workspace/Team05APISquadHackathon/src/test/resources/Feature/02UserModule1Create.feature:5)
]]>
    </failure>
  </testcase> <!-- runScenario -->
  <testcase classname="io.cucumber.testng.AbstractTestNGCucumberTests" name="runScenario" time="0.01">
    <failure type="java.lang.RuntimeException" message="Login Token is missing!">
      <![CDATA[java.lang.RuntimeException: Login Token is missing!
at utilities.TokenManager.getToken(TokenManager.java:20)
at requests.UserRequest.setAuth(UserRequest.java:36)
at stepDefinitions.UserModuleSteps1.admin_sets_bearer_token(UserModuleSteps1.java:30)
at ✽.Admin sets Bearer token(file:///Users/dineshdeshmukh/eclipse-workspace/Team05APISquadHackathon/src/test/resources/Feature/02UserModule1Create.feature:5)
]]>
    </failure>
  </testcase> <!-- runScenario -->
  <testcase classname="io.cucumber.testng.AbstractTestNGCucumberTests" name="runScenario" time="0.011">
    <failure type="java.lang.RuntimeException" message="Login Token is missing!">
      <![CDATA[java.lang.RuntimeException: Login Token is missing!
at utilities.TokenManager.getToken(TokenManager.java:20)
at requests.UserRequest.setAuth(UserRequest.java:36)
at stepDefinitions.UserModuleSteps1.admin_sets_bearer_token(UserModuleSteps1.java:30)
at ✽.Admin sets Bearer token(file:///Users/dineshdeshmukh/eclipse-workspace/Team05APISquadHackathon/src/test/resources/Feature/02UserModule1Create.feature:5)
]]>
    </failure>
  </testcase> <!-- runScenario -->
  <testcase classname="io.cucumber.testng.AbstractTestNGCucumberTests" name="runScenario" time="0.014">
    <failure type="java.lang.RuntimeException" message="Login Token is missing!">
      <![CDATA[java.lang.RuntimeException: Login Token is missing!
at utilities.TokenManager.getToken(TokenManager.java:20)
at requests.UserRequest.setAuth(UserRequest.java:36)
at stepDefinitions.UserModuleSteps1.admin_sets_bearer_token(UserModuleSteps1.java:30)
at ✽.Admin sets Bearer token(file:///Users/dineshdeshmukh/eclipse-workspace/Team05APISquadHackathon/src/test/resources/Feature/02UserModule1Create.feature:5)
]]>
    </failure>
  </testcase> <!-- runScenario -->
  <testcase classname="io.cucumber.testng.AbstractTestNGCucumberTests" name="runScenario" time="0.01">
    <failure type="java.lang.RuntimeException" message="Login Token is missing!">
      <![CDATA[java.lang.RuntimeException: Login Token is missing!
at utilities.TokenManager.getToken(TokenManager.java:20)
at requests.UserRequest.setAuth(UserRequest.java:36)
at stepDefinitions.UserModuleSteps1.admin_sets_bearer_token(UserModuleSteps1.java:30)
at ✽.Admin sets Bearer token(file:///Users/dineshdeshmukh/eclipse-workspace/Team05APISquadHackathon/src/test/resources/Feature/02UserModule1Create.feature:5)
]]>
    </failure>
  </testcase> <!-- runScenario -->
  <testcase classname="io.cucumber.testng.AbstractTestNGCucumberTests" name="runScenario" time="0.012">
    <failure type="java.lang.RuntimeException" message="Login Token is missing!">
      <![CDATA[java.lang.RuntimeException: Login Token is missing!
at utilities.TokenManager.getToken(TokenManager.java:20)
at requests.UserRequest.setAuth(UserRequest.java:36)
at stepDefinitions.UserModuleSteps1.admin_sets_bearer_token(UserModuleSteps1.java:30)
at ✽.Admin sets Bearer token(file:///Users/dineshdeshmukh/eclipse-workspace/Team05APISquadHackathon/src/test/resources/Feature/02UserModule1Create.feature:5)
]]>
    </failure>
  </testcase> <!-- runScenario -->
  <testcase classname="io.cucumber.testng.AbstractTestNGCucumberTests" name="runScenario" time="0.01">
    <failure type="java.lang.RuntimeException" message="Login Token is missing!">
      <![CDATA[java.lang.RuntimeException: Login Token is missing!
at utilities.TokenManager.getToken(TokenManager.java:20)
at requests.UserRequest.setAuth(UserRequest.java:36)
at stepDefinitions.UserModuleSteps1.admin_sets_bearer_token(UserModuleSteps1.java:30)
at ✽.Admin sets Bearer token(file:///Users/dineshdeshmukh/eclipse-workspace/Team05APISquadHackathon/src/test/resources/Feature/02UserModule1Create.feature:5)
]]>
    </failure>
  </testcase> <!-- runScenario -->
  <testcase classname="io.cucumber.testng.AbstractTestNGCucumberTests" name="runScenario" time="0.016">
    <failure type="java.lang.RuntimeException" message="Login Token is missing!">
      <![CDATA[java.lang.RuntimeException: Login Token is missing!
at utilities.TokenManager.getToken(TokenManager.java:20)
at requests.UserRequest.setAuth(UserRequest.java:36)
at stepDefinitions.UserModuleSteps1.admin_sets_bearer_token(UserModuleSteps1.java:30)
at ✽.Admin sets Bearer token(file:///Users/dineshdeshmukh/eclipse-workspace/Team05APISquadHackathon/src/test/resources/Feature/02UserModule1Create.feature:5)
]]>
    </failure>
  </testcase> <!-- runScenario -->
  <testcase classname="io.cucumber.testng.AbstractTestNGCucumberTests" name="runScenario" time="0.01">
    <failure type="java.lang.RuntimeException" message="Login Token is missing!">
      <![CDATA[java.lang.RuntimeException: Login Token is missing!
at utilities.TokenManager.getToken(TokenManager.java:20)
at requests.UserRequest.setAuth(UserRequest.java:36)
at stepDefinitions.UserModuleSteps1.admin_sets_bearer_token(UserModuleSteps1.java:30)
at ✽.Admin sets Bearer token(file:///Users/dineshdeshmukh/eclipse-workspace/Team05APISquadHackathon/src/test/resources/Feature/02UserModule1Create.feature:5)
]]>
    </failure>
  </testcase> <!-- runScenario -->
  <testcase classname="io.cucumber.testng.AbstractTestNGCucumberTests" name="runScenario" time="0.009">
    <failure type="java.lang.RuntimeException" message="Login Token is missing!">
      <![CDATA[java.lang.RuntimeException: Login Token is missing!
at utilities.TokenManager.getToken(TokenManager.java:20)
at requests.UserRequest.setAuth(UserRequest.java:36)
at stepDefinitions.UserModuleSteps1.admin_sets_bearer_token(UserModuleSteps1.java:30)
at ✽.Admin sets Bearer token(file:///Users/dineshdeshmukh/eclipse-workspace/Team05APISquadHackathon/src/test/resources/Feature/02UserModule1Create.feature:5)
]]>
    </failure>
  </testcase> <!-- runScenario -->
  <testcase classname="io.cucumber.testng.AbstractTestNGCucumberTests" name="runScenario" time="0.01">
    <failure type="java.lang.RuntimeException" message="Login Token is missing!">
      <![CDATA[java.lang.RuntimeException: Login Token is missing!
at utilities.TokenManager.getToken(TokenManager.java:20)
at requests.UserRequest.setAuth(UserRequest.java:36)
at stepDefinitions.UserModuleSteps1.admin_sets_bearer_token(UserModuleSteps1.java:30)
at ✽.Admin sets Bearer token(file:///Users/dineshdeshmukh/eclipse-workspace/Team05APISquadHackathon/src/test/resources/Feature/02UserModule1Create.feature:5)
]]>
    </failure>
  </testcase> <!-- runScenario -->
  <testcase classname="io.cucumber.testng.AbstractTestNGCucumberTests" name="runScenario" time="0.014">
    <failure type="java.lang.RuntimeException" message="Login Token is missing!">
      <![CDATA[java.lang.RuntimeException: Login Token is missing!
at utilities.TokenManager.getToken(TokenManager.java:20)
at requests.UserRequest.setAuth(UserRequest.java:36)
at stepDefinitions.UserModuleSteps1.admin_sets_bearer_token(UserModuleSteps1.java:30)
at ✽.Admin sets Bearer token(file:///Users/dineshdeshmukh/eclipse-workspace/Team05APISquadHackathon/src/test/resources/Feature/02UserModule1Create.feature:5)
]]>
    </failure>
  </testcase> <!-- runScenario -->
  <testcase classname="io.cucumber.testng.AbstractTestNGCucumberTests" name="runScenario" time="0.015">
    <failure type="java.lang.RuntimeException" message="Login Token is missing!">
      <![CDATA[java.lang.RuntimeException: Login Token is missing!
at utilities.TokenManager.getToken(TokenManager.java:20)
at requests.UserRequest.setAuth(UserRequest.java:36)
at stepDefinitions.UserModuleSteps1.admin_sets_bearer_token(UserModuleSteps1.java:30)
at ✽.Admin sets Bearer token(file:///Users/dineshdeshmukh/eclipse-workspace/Team05APISquadHackathon/src/test/resources/Feature/02UserModule1Create.feature:5)
]]>
    </failure>
  </testcase> <!-- runScenario -->
  <testcase classname="io.cucumber.testng.AbstractTestNGCucumberTests" name="runScenario" time="0.011">
    <failure type="java.lang.RuntimeException" message="Login Token is missing!">
      <![CDATA[java.lang.RuntimeException: Login Token is missing!
at utilities.TokenManager.getToken(TokenManager.java:20)
at requests.UserRequest.setAuth(UserRequest.java:36)
at stepDefinitions.UserModuleSteps1.admin_sets_bearer_token(UserModuleSteps1.java:30)
at ✽.Admin sets Bearer token(file:///Users/dineshdeshmukh/eclipse-workspace/Team05APISquadHackathon/src/test/resources/Feature/02UserModule1Create.feature:5)
]]>
    </failure>
  </testcase> <!-- runScenario -->
  <testcase classname="io.cucumber.testng.AbstractTestNGCucumberTests" name="runScenario" time="0.01">
    <failure type="java.lang.RuntimeException" message="Login Token is missing!">
      <![CDATA[java.lang.RuntimeException: Login Token is missing!
at utilities.TokenManager.getToken(TokenManager.java:20)
at requests.UserRequest.setAuth(UserRequest.java:36)
at stepDefinitions.UserModuleSteps1.admin_sets_bearer_token(UserModuleSteps1.java:30)
at ✽.Admin sets Bearer token(file:///Users/dineshdeshmukh/eclipse-workspace/Team05APISquadHackathon/src/test/resources/Feature/02UserModule1Create.feature:5)
]]>
    </failure>
  </testcase> <!-- runScenario -->
  <testcase classname="io.cucumber.testng.AbstractTestNGCucumberTests" name="runScenario" time="0.017">
    <failure type="java.lang.RuntimeException" message="Login Token is missing!">
      <![CDATA[java.lang.RuntimeException: Login Token is missing!
at utilities.TokenManager.getToken(TokenManager.java:20)
at requests.UserRequest.setAuth(UserRequest.java:36)
at stepDefinitions.UserModuleSteps1.admin_sets_bearer_token(UserModuleSteps1.java:30)
at ✽.Admin sets Bearer token(file:///Users/dineshdeshmukh/eclipse-workspace/Team05APISquadHackathon/src/test/resources/Feature/02UserModule1Create.feature:5)
]]>
    </failure>
  </testcase> <!-- runScenario -->
  <testcase classname="io.cucumber.testng.AbstractTestNGCucumberTests" name="runScenario" time="0.009">
    <failure type="java.lang.RuntimeException" message="Login Token is missing!">
      <![CDATA[java.lang.RuntimeException: Login Token is missing!
at utilities.TokenManager.getToken(TokenManager.java:20)
at requests.UserRequest.setAuth(UserRequest.java:36)
at stepDefinitions.UserModuleSteps1.admin_sets_bearer_token(UserModuleSteps1.java:30)
at ✽.Admin sets Bearer token(file:///Users/dineshdeshmukh/eclipse-workspace/Team05APISquadHackathon/src/test/resources/Feature/02UserModule1Create.feature:5)
]]>
    </failure>
  </testcase> <!-- runScenario -->
  <testcase classname="io.cucumber.testng.AbstractTestNGCucumberTests" name="runScenario" time="0.01">
    <failure type="java.lang.RuntimeException" message="Login Token is missing!">
      <![CDATA[java.lang.RuntimeException: Login Token is missing!
at utilities.TokenManager.getToken(TokenManager.java:20)
at requests.UserRequest.setAuth(UserRequest.java:36)
at stepDefinitions.UserModuleSteps1.admin_sets_bearer_token(UserModuleSteps1.java:30)
at ✽.Admin sets Bearer token(file:///Users/dineshdeshmukh/eclipse-workspace/Team05APISquadHackathon/src/test/resources/Feature/02UserModule1Create.feature:5)
]]>
    </failure>
  </testcase> <!-- runScenario -->
  <testcase classname="io.cucumber.testng.AbstractTestNGCucumberTests" name="runScenario" time="0.011">
    <failure type="java.lang.RuntimeException" message="Login Token is missing!">
      <![CDATA[java.lang.RuntimeException: Login Token is missing!
at utilities.TokenManager.getToken(TokenManager.java:20)
at requests.UserRequest.setAuth(UserRequest.java:36)
at stepDefinitions.UserModuleSteps1.admin_sets_bearer_token(UserModuleSteps1.java:30)
at ✽.Admin sets Bearer token(file:///Users/dineshdeshmukh/eclipse-workspace/Team05APISquadHackathon/src/test/resources/Feature/02UserModule1Create.feature:5)
]]>
    </failure>
  </testcase> <!-- runScenario -->
  <testcase classname="io.cucumber.testng.AbstractTestNGCucumberTests" name="runScenario" time="0.013">
    <failure type="java.lang.RuntimeException" message="Login Token is missing!">
      <![CDATA[java.lang.RuntimeException: Login Token is missing!
at utilities.TokenManager.getToken(TokenManager.java:20)
at requests.UserRequest.setAuth(UserRequest.java:36)
at stepDefinitions.UserModuleSteps1.admin_sets_bearer_token(UserModuleSteps1.java:30)
at ✽.Admin sets Bearer token(file:///Users/dineshdeshmukh/eclipse-workspace/Team05APISquadHackathon/src/test/resources/Feature/02UserModule1Create.feature:5)
]]>
    </failure>
  </testcase> <!-- runScenario -->
  <testcase classname="io.cucumber.testng.AbstractTestNGCucumberTests" name="runScenario" time="0.009">
    <failure type="java.lang.RuntimeException" message="Login Token is missing!">
      <![CDATA[java.lang.RuntimeException: Login Token is missing!
at utilities.TokenManager.getToken(TokenManager.java:20)
at requests.UserRequest.setAuth(UserRequest.java:36)
at stepDefinitions.UserModuleSteps1.admin_sets_bearer_token(UserModuleSteps1.java:30)
at ✽.Admin sets Bearer token(file:///Users/dineshdeshmukh/eclipse-workspace/Team05APISquadHackathon/src/test/resources/Feature/02UserModule1Create.feature:5)
]]>
    </failure>
  </testcase> <!-- runScenario -->
  <testcase classname="io.cucumber.testng.AbstractTestNGCucumberTests" name="runScenario" time="1.003"/>
  <testcase classname="io.cucumber.testng.AbstractTestNGCucumberTests" name="runScenario" time="0.165">
    <failure type="java.lang.RuntimeException" message="Token1 is missing! Run Confirm Email scenario first.">
      <![CDATA[java.lang.RuntimeException: Token1 is missing! Run Confirm Email scenario first.
at utilities.TokenManager.getToken1(TokenManager.java:33)
at stepDefinitions.UserLoginSteps.admin_creates_reset_pwd(UserLoginSteps.java:88)
at ✽.Admin creates reset password request with "valid email and new password"(file:///Users/dineshdeshmukh/eclipse-workspace/Team05APISquadHackathon/src/test/resources/Feature/03UserForgotPassword.feature:27)
]]>
    </failure>
  </testcase> <!-- runScenario -->
  <testcase classname="io.cucumber.testng.AbstractTestNGCucumberTests" name="runScenario" time="0.015">
    <failure type="java.lang.RuntimeException" message="Login Token is missing!">
      <![CDATA[java.lang.RuntimeException: Login Token is missing!
at utilities.TokenManager.getToken(TokenManager.java:20)
at requests.ProgramRequest.setAuth(ProgramRequest.java:32)
at stepDefinitions.ProgramStepDefinition.admin_set_authorization_to_bearer_token(ProgramStepDefinition.java:25)
at ✽.Admin set Authorization to Bearer token(file:///Users/dineshdeshmukh/eclipse-workspace/Team05APISquadHackathon/src/test/resources/Feature/04ProgramModule.feature:4)
]]>
    </failure>
  </testcase> <!-- runScenario -->
  <testcase classname="io.cucumber.testng.AbstractTestNGCucumberTests" name="runScenario" time="0.011">
    <failure type="java.lang.RuntimeException" message="Login Token is missing!">
      <![CDATA[java.lang.RuntimeException: Login Token is missing!
at utilities.TokenManager.getToken(TokenManager.java:20)
at requests.ProgramRequest.setAuth(ProgramRequest.java:32)
at stepDefinitions.ProgramStepDefinition.admin_set_authorization_to_bearer_token(ProgramStepDefinition.java:25)
at ✽.Admin set Authorization to Bearer token(file:///Users/dineshdeshmukh/eclipse-workspace/Team05APISquadHackathon/src/test/resources/Feature/04ProgramModule.feature:4)
]]>
    </failure>
  </testcase> <!-- runScenario -->
  <testcase classname="io.cucumber.testng.AbstractTestNGCucumberTests" name="runScenario" time="0.009">
    <failure type="java.lang.RuntimeException" message="Login Token is missing!">
      <![CDATA[java.lang.RuntimeException: Login Token is missing!
at utilities.TokenManager.getToken(TokenManager.java:20)
at requests.ProgramRequest.setAuth(ProgramRequest.java:32)
at stepDefinitions.ProgramStepDefinition.admin_set_authorization_to_bearer_token(ProgramStepDefinition.java:25)
at ✽.Admin set Authorization to Bearer token(file:///Users/dineshdeshmukh/eclipse-workspace/Team05APISquadHackathon/src/test/resources/Feature/04ProgramModule.feature:4)
]]>
    </failure>
  </testcase> <!-- runScenario -->
  <testcase classname="io.cucumber.testng.AbstractTestNGCucumberTests" name="runScenario" time="0.009">
    <failure type="java.lang.RuntimeException" message="Login Token is missing!">
      <![CDATA[java.lang.RuntimeException: Login Token is missing!
at utilities.TokenManager.getToken(TokenManager.java:20)
at requests.ProgramRequest.setAuth(ProgramRequest.java:32)
at stepDefinitions.ProgramStepDefinition.admin_set_authorization_to_bearer_token(ProgramStepDefinition.java:25)
at ✽.Admin set Authorization to Bearer token(file:///Users/dineshdeshmukh/eclipse-workspace/Team05APISquadHackathon/src/test/resources/Feature/04ProgramModule.feature:4)
]]>
    </failure>
  </testcase> <!-- runScenario -->
  <testcase classname="io.cucumber.testng.AbstractTestNGCucumberTests" name="runScenario" time="0.013">
    <failure type="java.lang.RuntimeException" message="Login Token is missing!">
      <![CDATA[java.lang.RuntimeException: Login Token is missing!
at utilities.TokenManager.getToken(TokenManager.java:20)
at requests.ProgramRequest.setAuth(ProgramRequest.java:32)
at stepDefinitions.ProgramStepDefinition.admin_set_authorization_to_bearer_token(ProgramStepDefinition.java:25)
at ✽.Admin set Authorization to Bearer token(file:///Users/dineshdeshmukh/eclipse-workspace/Team05APISquadHackathon/src/test/resources/Feature/04ProgramModule.feature:4)
]]>
    </failure>
  </testcase> <!-- runScenario -->
  <testcase classname="io.cucumber.testng.AbstractTestNGCucumberTests" name="runScenario" time="0.01">
    <failure type="java.lang.RuntimeException" message="Login Token is missing!">
      <![CDATA[java.lang.RuntimeException: Login Token is missing!
at utilities.TokenManager.getToken(TokenManager.java:20)
at requests.ProgramRequest.setAuth(ProgramRequest.java:32)
at stepDefinitions.ProgramStepDefinition.admin_set_authorization_to_bearer_token(ProgramStepDefinition.java:25)
at ✽.Admin set Authorization to Bearer token(file:///Users/dineshdeshmukh/eclipse-workspace/Team05APISquadHackathon/src/test/resources/Feature/04ProgramModule.feature:4)
]]>
    </failure>
  </testcase> <!-- runScenario -->
  <testcase classname="io.cucumber.testng.AbstractTestNGCucumberTests" name="runScenario" time="0.009">
    <failure type="java.lang.RuntimeException" message="Login Token is missing!">
      <![CDATA[java.lang.RuntimeException: Login Token is missing!
at utilities.TokenManager.getToken(TokenManager.java:20)
at requests.ProgramRequest.setAuth(ProgramRequest.java:32)
at stepDefinitions.ProgramStepDefinition.admin_set_authorization_to_bearer_token(ProgramStepDefinition.java:25)
at ✽.Admin set Authorization to Bearer token(file:///Users/dineshdeshmukh/eclipse-workspace/Team05APISquadHackathon/src/test/resources/Feature/04ProgramModule.feature:4)
]]>
    </failure>
  </testcase> <!-- runScenario -->
  <testcase classname="io.cucumber.testng.AbstractTestNGCucumberTests" name="runScenario" time="0.009">
    <failure type="java.lang.RuntimeException" message="Login Token is missing!">
      <![CDATA[java.lang.RuntimeException: Login Token is missing!
at utilities.TokenManager.getToken(TokenManager.java:20)
at requests.ProgramRequest.setAuth(ProgramRequest.java:32)
at stepDefinitions.ProgramStepDefinition.admin_set_authorization_to_bearer_token(ProgramStepDefinition.java:25)
at ✽.Admin set Authorization to Bearer token(file:///Users/dineshdeshmukh/eclipse-workspace/Team05APISquadHackathon/src/test/resources/Feature/04ProgramModule.feature:4)
]]>
    </failure>
  </testcase> <!-- runScenario -->
  <testcase classname="io.cucumber.testng.AbstractTestNGCucumberTests" name="runScenario" time="0.01">
    <failure type="java.lang.RuntimeException" message="Login Token is missing!">
      <![CDATA[java.lang.RuntimeException: Login Token is missing!
at utilities.TokenManager.getToken(TokenManager.java:20)
at requests.ProgramRequest.setAuth(ProgramRequest.java:32)
at stepDefinitions.ProgramStepDefinition.admin_set_authorization_to_bearer_token(ProgramStepDefinition.java:25)
at ✽.Admin set Authorization to Bearer token(file:///Users/dineshdeshmukh/eclipse-workspace/Team05APISquadHackathon/src/test/resources/Feature/04ProgramModule.feature:4)
]]>
    </failure>
  </testcase> <!-- runScenario -->
  <testcase classname="io.cucumber.testng.AbstractTestNGCucumberTests" name="runScenario" time="0.015">
    <failure type="java.lang.RuntimeException" message="Login Token is missing!">
      <![CDATA[java.lang.RuntimeException: Login Token is missing!
at utilities.TokenManager.getToken(TokenManager.java:20)
at requests.ProgramRequest.setAuth(ProgramRequest.java:32)
at stepDefinitions.ProgramStepDefinition.admin_set_authorization_to_bearer_token(ProgramStepDefinition.java:25)
at ✽.Admin set Authorization to Bearer token(file:///Users/dineshdeshmukh/eclipse-workspace/Team05APISquadHackathon/src/test/resources/Feature/04ProgramModule.feature:4)
]]>
    </failure>
  </testcase> <!-- runScenario -->
  <testcase classname="io.cucumber.testng.AbstractTestNGCucumberTests" name="runScenario" time="0.014">
    <failure type="java.lang.RuntimeException" message="Login Token is missing!">
      <![CDATA[java.lang.RuntimeException: Login Token is missing!
at utilities.TokenManager.getToken(TokenManager.java:20)
at requests.ProgramRequest.setAuth(ProgramRequest.java:32)
at stepDefinitions.ProgramStepDefinition.admin_set_authorization_to_bearer_token(ProgramStepDefinition.java:25)
at ✽.Admin set Authorization to Bearer token(file:///Users/dineshdeshmukh/eclipse-workspace/Team05APISquadHackathon/src/test/resources/Feature/04ProgramModule.feature:4)
]]>
    </failure>
  </testcase> <!-- runScenario -->
  <testcase classname="io.cucumber.testng.AbstractTestNGCucumberTests" name="runScenario" time="0.01">
    <failure type="java.lang.RuntimeException" message="Login Token is missing!">
      <![CDATA[java.lang.RuntimeException: Login Token is missing!
at utilities.TokenManager.getToken(TokenManager.java:20)
at requests.ProgramRequest.setAuth(ProgramRequest.java:32)
at stepDefinitions.ProgramStepDefinition.admin_set_authorization_to_bearer_token(ProgramStepDefinition.java:25)
at ✽.Admin set Authorization to Bearer token(file:///Users/dineshdeshmukh/eclipse-workspace/Team05APISquadHackathon/src/test/resources/Feature/04ProgramModule.feature:4)
]]>
    </failure>
  </testcase> <!-- runScenario -->
  <testcase classname="io.cucumber.testng.AbstractTestNGCucumberTests" name="runScenario" time="0.014">
    <failure type="java.lang.RuntimeException" message="Login Token is missing!">
      <![CDATA[java.lang.RuntimeException: Login Token is missing!
at utilities.TokenManager.getToken(TokenManager.java:20)
at requests.ProgramRequest.setAuth(ProgramRequest.java:32)
at stepDefinitions.ProgramStepDefinition.admin_set_authorization_to_bearer_token(ProgramStepDefinition.java:25)
at ✽.Admin set Authorization to Bearer token(file:///Users/dineshdeshmukh/eclipse-workspace/Team05APISquadHackathon/src/test/resources/Feature/04ProgramModule.feature:4)
]]>
    </failure>
  </testcase> <!-- runScenario -->
  <testcase classname="io.cucumber.testng.AbstractTestNGCucumberTests" name="runScenario" time="0.011">
    <failure type="java.lang.RuntimeException" message="Login Token is missing!">
      <![CDATA[java.lang.RuntimeException: Login Token is missing!
at utilities.TokenManager.getToken(TokenManager.java:20)
at requests.ProgramRequest.setAuth(ProgramRequest.java:32)
at stepDefinitions.ProgramStepDefinition.admin_set_authorization_to_bearer_token(ProgramStepDefinition.java:25)
at ✽.Admin set Authorization to Bearer token(file:///Users/dineshdeshmukh/eclipse-workspace/Team05APISquadHackathon/src/test/resources/Feature/04ProgramModule.feature:4)
]]>
    </failure>
  </testcase> <!-- runScenario -->
  <testcase classname="io.cucumber.testng.AbstractTestNGCucumberTests" name="runScenario" time="0.009">
    <failure type="java.lang.RuntimeException" message="Login Token is missing!">
      <![CDATA[java.lang.RuntimeException: Login Token is missing!
at utilities.TokenManager.getToken(TokenManager.java:20)
at requests.ProgramRequest.setAuth(ProgramRequest.java:32)
at stepDefinitions.ProgramStepDefinition.admin_set_authorization_to_bearer_token(ProgramStepDefinition.java:25)
at ✽.Admin set Authorization to Bearer token(file:///Users/dineshdeshmukh/eclipse-workspace/Team05APISquadHackathon/src/test/resources/Feature/04ProgramModule.feature:4)
]]>
    </failure>
  </testcase> <!-- runScenario -->
  <testcase classname="io.cucumber.testng.AbstractTestNGCucumberTests" name="runScenario" time="0.009">
    <failure type="java.lang.RuntimeException" message="Login Token is missing!">
      <![CDATA[java.lang.RuntimeException: Login Token is missing!
at utilities.TokenManager.getToken(TokenManager.java:20)
at requests.ProgramRequest.setAuth(ProgramRequest.java:32)
at stepDefinitions.ProgramStepDefinition.admin_set_authorization_to_bearer_token(ProgramStepDefinition.java:25)
at ✽.Admin set Authorization to Bearer token(file:///Users/dineshdeshmukh/eclipse-workspace/Team05APISquadHackathon/src/test/resources/Feature/04ProgramModule.feature:4)
]]>
    </failure>
  </testcase> <!-- runScenario -->
  <testcase classname="io.cucumber.testng.AbstractTestNGCucumberTests" name="runScenario" time="0.008">
    <failure type="java.lang.RuntimeException" message="Login Token is missing!">
      <![CDATA[java.lang.RuntimeException: Login Token is missing!
at utilities.TokenManager.getToken(TokenManager.java:20)
at requests.ProgramRequest.setAuth(ProgramRequest.java:32)
at stepDefinitions.ProgramStepDefinition.admin_set_authorization_to_bearer_token(ProgramStepDefinition.java:25)
at ✽.Admin set Authorization to Bearer token(file:///Users/dineshdeshmukh/eclipse-workspace/Team05APISquadHackathon/src/test/resources/Feature/04ProgramModule.feature:4)
]]>
    </failure>
  </testcase> <!-- runScenario -->
  <testcase classname="io.cucumber.testng.AbstractTestNGCucumberTests" name="runScenario" time="0.014">
    <failure type="java.lang.RuntimeException" message="Login Token is missing!">
      <![CDATA[java.lang.RuntimeException: Login Token is missing!
at utilities.TokenManager.getToken(TokenManager.java:20)
at requests.ProgramRequest.setAuth(ProgramRequest.java:32)
at stepDefinitions.ProgramStepDefinition.admin_set_authorization_to_bearer_token(ProgramStepDefinition.java:25)
at ✽.Admin set Authorization to Bearer token(file:///Users/dineshdeshmukh/eclipse-workspace/Team05APISquadHackathon/src/test/resources/Feature/04ProgramModule.feature:4)
]]>
    </failure>
  </testcase> <!-- runScenario -->
  <testcase classname="io.cucumber.testng.AbstractTestNGCucumberTests" name="runScenario" time="0.01">
    <failure type="java.lang.RuntimeException" message="Login Token is missing!">
      <![CDATA[java.lang.RuntimeException: Login Token is missing!
at utilities.TokenManager.getToken(TokenManager.java:20)
at requests.ProgramRequest.setAuth(ProgramRequest.java:32)
at stepDefinitions.ProgramStepDefinition.admin_set_authorization_to_bearer_token(ProgramStepDefinition.java:25)
at ✽.Admin set Authorization to Bearer token(file:///Users/dineshdeshmukh/eclipse-workspace/Team05APISquadHackathon/src/test/resources/Feature/04ProgramModule.feature:4)
]]>
    </failure>
  </testcase> <!-- runScenario -->
  <testcase classname="io.cucumber.testng.AbstractTestNGCucumberTests" name="runScenario" time="0.01">
    <failure type="java.lang.RuntimeException" message="Login Token is missing!">
      <![CDATA[java.lang.RuntimeException: Login Token is missing!
at utilities.TokenManager.getToken(TokenManager.java:20)
at requests.ProgramRequest.setAuth(ProgramRequest.java:32)
at stepDefinitions.ProgramStepDefinition.admin_set_authorization_to_bearer_token(ProgramStepDefinition.java:25)
at ✽.Admin set Authorization to Bearer token(file:///Users/dineshdeshmukh/eclipse-workspace/Team05APISquadHackathon/src/test/resources/Feature/04ProgramModule.feature:4)
]]>
    </failure>
  </testcase> <!-- runScenario -->
  <testcase classname="io.cucumber.testng.AbstractTestNGCucumberTests" name="runScenario" time="0.01">
    <failure type="java.lang.RuntimeException" message="Login Token is missing!">
      <![CDATA[java.lang.RuntimeException: Login Token is missing!
at utilities.TokenManager.getToken(TokenManager.java:20)
at requests.ProgramRequest.setAuth(ProgramRequest.java:32)
at stepDefinitions.ProgramStepDefinition.admin_set_authorization_to_bearer_token(ProgramStepDefinition.java:25)
at ✽.Admin set Authorization to Bearer token(file:///Users/dineshdeshmukh/eclipse-workspace/Team05APISquadHackathon/src/test/resources/Feature/04ProgramModule.feature:4)
]]>
    </failure>
  </testcase> <!-- runScenario -->
  <testcase classname="io.cucumber.testng.AbstractTestNGCucumberTests" name="runScenario" time="0.014">
    <failure type="java.lang.RuntimeException" message="Login Token is missing!">
      <![CDATA[java.lang.RuntimeException: Login Token is missing!
at utilities.TokenManager.getToken(TokenManager.java:20)
at requests.ProgramRequest.setAuth(ProgramRequest.java:32)
at stepDefinitions.ProgramStepDefinition.admin_set_authorization_to_bearer_token(ProgramStepDefinition.java:25)
at ✽.Admin set Authorization to Bearer token(file:///Users/dineshdeshmukh/eclipse-workspace/Team05APISquadHackathon/src/test/resources/Feature/04ProgramModule.feature:4)
]]>
    </failure>
  </testcase> <!-- runScenario -->
  <testcase classname="io.cucumber.testng.AbstractTestNGCucumberTests" name="runScenario" time="0.01">
    <failure type="java.lang.RuntimeException" message="Login Token is missing!">
      <![CDATA[java.lang.RuntimeException: Login Token is missing!
at utilities.TokenManager.getToken(TokenManager.java:20)
at requests.ProgramRequest.setAuth(ProgramRequest.java:32)
at stepDefinitions.ProgramStepDefinition.admin_set_authorization_to_bearer_token(ProgramStepDefinition.java:25)
at ✽.Admin set Authorization to Bearer token(file:///Users/dineshdeshmukh/eclipse-workspace/Team05APISquadHackathon/src/test/resources/Feature/04ProgramModule.feature:4)
]]>
    </failure>
  </testcase> <!-- runScenario -->
  <testcase classname="io.cucumber.testng.AbstractTestNGCucumberTests" name="runScenario" time="0.01">
    <failure type="java.lang.RuntimeException" message="Login Token is missing!">
      <![CDATA[java.lang.RuntimeException: Login Token is missing!
at utilities.TokenManager.getToken(TokenManager.java:20)
at requests.ProgramRequest.setAuth(ProgramRequest.java:32)
at stepDefinitions.ProgramStepDefinition.admin_set_authorization_to_bearer_token(ProgramStepDefinition.java:25)
at ✽.Admin set Authorization to Bearer token(file:///Users/dineshdeshmukh/eclipse-workspace/Team05APISquadHackathon/src/test/resources/Feature/04ProgramModule.feature:4)
]]>
    </failure>
  </testcase> <!-- runScenario -->
  <testcase classname="io.cucumber.testng.AbstractTestNGCucumberTests" name="runScenario" time="0.013">
    <failure type="java.lang.RuntimeException" message="Login Token is missing!">
      <![CDATA[java.lang.RuntimeException: Login Token is missing!
at utilities.TokenManager.getToken(TokenManager.java:20)
at requests.ProgramRequest.setAuth(ProgramRequest.java:32)
at stepDefinitions.ProgramStepDefinition.admin_set_authorization_to_bearer_token(ProgramStepDefinition.java:25)
at ✽.Admin set Authorization to Bearer token(file:///Users/dineshdeshmukh/eclipse-workspace/Team05APISquadHackathon/src/test/resources/Feature/04ProgramModule.feature:4)
]]>
    </failure>
  </testcase> <!-- runScenario -->
  <testcase classname="io.cucumber.testng.AbstractTestNGCucumberTests" name="runScenario" time="0.012">
    <failure type="java.lang.RuntimeException" message="Login Token is missing!">
      <![CDATA[java.lang.RuntimeException: Login Token is missing!
at utilities.TokenManager.getToken(TokenManager.java:20)
at requests.ProgramRequest.setAuth(ProgramRequest.java:32)
at stepDefinitions.ProgramStepDefinition.admin_set_authorization_to_bearer_token(ProgramStepDefinition.java:25)
at ✽.Admin set Authorization to Bearer token(file:///Users/dineshdeshmukh/eclipse-workspace/Team05APISquadHackathon/src/test/resources/Feature/04ProgramModule.feature:4)
]]>
    </failure>
  </testcase> <!-- runScenario -->
  <testcase classname="io.cucumber.testng.AbstractTestNGCucumberTests" name="runScenario" time="0.007">
    <failure type="java.lang.RuntimeException" message="Login Token is missing!">
      <![CDATA[java.lang.RuntimeException: Login Token is missing!
at utilities.TokenManager.getToken(TokenManager.java:20)
at requests.ProgramRequest.setAuth(ProgramRequest.java:32)
at stepDefinitions.ProgramStepDefinition.admin_set_authorization_to_bearer_token(ProgramStepDefinition.java:25)
at ✽.Admin set Authorization to Bearer token(file:///Users/dineshdeshmukh/eclipse-workspace/Team05APISquadHackathon/src/test/resources/Feature/04ProgramModule.feature:4)
]]>
    </failure>
  </testcase> <!-- runScenario -->
  <testcase classname="io.cucumber.testng.AbstractTestNGCucumberTests" name="runScenario" time="0.009">
    <failure type="java.lang.RuntimeException" message="Login Token is missing!">
      <![CDATA[java.lang.RuntimeException: Login Token is missing!
at utilities.TokenManager.getToken(TokenManager.java:20)
at requests.ProgramRequest.setAuth(ProgramRequest.java:32)
at stepDefinitions.ProgramStepDefinition.admin_set_authorization_to_bearer_token(ProgramStepDefinition.java:25)
at ✽.Admin set Authorization to Bearer token(file:///Users/dineshdeshmukh/eclipse-workspace/Team05APISquadHackathon/src/test/resources/Feature/04ProgramModule.feature:4)
]]>
    </failure>
  </testcase> <!-- runScenario -->
  <testcase classname="io.cucumber.testng.AbstractTestNGCucumberTests" name="runScenario" time="0.01">
    <failure type="java.lang.RuntimeException" message="Login Token is missing!">
      <![CDATA[java.lang.RuntimeException: Login Token is missing!
at utilities.TokenManager.getToken(TokenManager.java:20)
at requests.ProgramRequest.setAuth(ProgramRequest.java:32)
at stepDefinitions.ProgramStepDefinition.admin_set_authorization_to_bearer_token(ProgramStepDefinition.java:25)
at ✽.Admin set Authorization to Bearer token(file:///Users/dineshdeshmukh/eclipse-workspace/Team05APISquadHackathon/src/test/resources/Feature/04ProgramModule.feature:4)
]]>
    </failure>
  </testcase> <!-- runScenario -->
  <testcase classname="io.cucumber.testng.AbstractTestNGCucumberTests" name="runScenario" time="0.011">
    <failure type="java.lang.RuntimeException" message="Login Token is missing!">
      <![CDATA[java.lang.RuntimeException: Login Token is missing!
at utilities.TokenManager.getToken(TokenManager.java:20)
at requests.ProgramRequest.setAuth(ProgramRequest.java:32)
at stepDefinitions.ProgramStepDefinition.admin_set_authorization_to_bearer_token(ProgramStepDefinition.java:25)
at ✽.Admin set Authorization to Bearer token(file:///Users/dineshdeshmukh/eclipse-workspace/Team05APISquadHackathon/src/test/resources/Feature/04ProgramModule.feature:4)
]]>
    </failure>
  </testcase> <!-- runScenario -->
  <testcase classname="io.cucumber.testng.AbstractTestNGCucumberTests" name="runScenario" time="0.009">
    <failure type="java.lang.RuntimeException" message="Login Token is missing!">
      <![CDATA[java.lang.RuntimeException: Login Token is missing!
at utilities.TokenManager.getToken(TokenManager.java:20)
at requests.ProgramRequest.setAuth(ProgramRequest.java:32)
at stepDefinitions.ProgramStepDefinition.admin_set_authorization_to_bearer_token(ProgramStepDefinition.java:25)
at ✽.Admin set Authorization to Bearer token(file:///Users/dineshdeshmukh/eclipse-workspace/Team05APISquadHackathon/src/test/resources/Feature/04ProgramModule.feature:4)
]]>
    </failure>
  </testcase> <!-- runScenario -->
  <testcase classname="io.cucumber.testng.AbstractTestNGCucumberTests" name="runScenario" time="0.009">
    <failure type="java.lang.RuntimeException" message="Login Token is missing!">
      <![CDATA[java.lang.RuntimeException: Login Token is missing!
at utilities.TokenManager.getToken(TokenManager.java:20)
at requests.ProgramRequest.setAuth(ProgramRequest.java:32)
at stepDefinitions.ProgramStepDefinition.admin_set_authorization_to_bearer_token(ProgramStepDefinition.java:25)
at ✽.Admin set Authorization to Bearer token(file:///Users/dineshdeshmukh/eclipse-workspace/Team05APISquadHackathon/src/test/resources/Feature/04ProgramModule.feature:4)
]]>
    </failure>
  </testcase> <!-- runScenario -->
  <testcase classname="io.cucumber.testng.AbstractTestNGCucumberTests" name="runScenario" time="0.01">
    <failure type="java.lang.RuntimeException" message="Login Token is missing!">
      <![CDATA[java.lang.RuntimeException: Login Token is missing!
at utilities.TokenManager.getToken(TokenManager.java:20)
at requests.ProgramRequest.setAuth(ProgramRequest.java:32)
at stepDefinitions.ProgramStepDefinition.admin_set_authorization_to_bearer_token(ProgramStepDefinition.java:25)
at ✽.Admin set Authorization to Bearer token(file:///Users/dineshdeshmukh/eclipse-workspace/Team05APISquadHackathon/src/test/resources/Feature/04ProgramModule.feature:4)
]]>
    </failure>
  </testcase> <!-- runScenario -->
  <testcase classname="io.cucumber.testng.AbstractTestNGCucumberTests" name="runScenario" time="0.009">
    <failure type="java.lang.RuntimeException" message="Login Token is missing!">
      <![CDATA[java.lang.RuntimeException: Login Token is missing!
at utilities.TokenManager.getToken(TokenManager.java:20)
at requests.ProgramRequest.setAuth(ProgramRequest.java:32)
at stepDefinitions.ProgramStepDefinition.admin_set_authorization_to_bearer_token(ProgramStepDefinition.java:25)
at ✽.Admin set Authorization to Bearer token(file:///Users/dineshdeshmukh/eclipse-workspace/Team05APISquadHackathon/src/test/resources/Feature/04ProgramModule.feature:4)
]]>
    </failure>
  </testcase> <!-- runScenario -->
  <testcase classname="io.cucumber.testng.AbstractTestNGCucumberTests" name="runScenario" time="0.009">
    <failure type="java.lang.RuntimeException" message="Login Token is missing!">
      <![CDATA[java.lang.RuntimeException: Login Token is missing!
at utilities.TokenManager.getToken(TokenManager.java:20)
at requests.ProgramRequest.setAuth(ProgramRequest.java:32)
at stepDefinitions.ProgramStepDefinition.admin_set_authorization_to_bearer_token(ProgramStepDefinition.java:25)
at ✽.Admin set Authorization to Bearer token(file:///Users/dineshdeshmukh/eclipse-workspace/Team05APISquadHackathon/src/test/resources/Feature/04ProgramModule.feature:4)
]]>
    </failure>
  </testcase> <!-- runScenario -->
  <testcase classname="io.cucumber.testng.AbstractTestNGCucumberTests" name="runScenario" time="0.009">
    <failure type="java.lang.RuntimeException" message="Login Token is missing!">
      <![CDATA[java.lang.RuntimeException: Login Token is missing!
at utilities.TokenManager.getToken(TokenManager.java:20)
at requests.ProgramRequest.setAuth(ProgramRequest.java:32)
at stepDefinitions.ProgramStepDefinition.admin_set_authorization_to_bearer_token(ProgramStepDefinition.java:25)
at ✽.Admin set Authorization to Bearer token(file:///Users/dineshdeshmukh/eclipse-workspace/Team05APISquadHackathon/src/test/resources/Feature/04ProgramModule.feature:4)
]]>
    </failure>
  </testcase> <!-- runScenario -->
  <testcase classname="io.cucumber.testng.AbstractTestNGCucumberTests" name="runScenario" time="0.009">
    <failure type="java.lang.RuntimeException" message="Login Token is missing!">
      <![CDATA[java.lang.RuntimeException: Login Token is missing!
at utilities.TokenManager.getToken(TokenManager.java:20)
at requests.ProgramRequest.setAuth(ProgramRequest.java:32)
at stepDefinitions.ProgramStepDefinition.admin_set_authorization_to_bearer_token(ProgramStepDefinition.java:25)
at ✽.Admin set Authorization to Bearer token(file:///Users/dineshdeshmukh/eclipse-workspace/Team05APISquadHackathon/src/test/resources/Feature/04ProgramModule.feature:4)
]]>
    </failure>
  </testcase> <!-- runScenario -->
  <testcase classname="io.cucumber.testng.AbstractTestNGCucumberTests" name="runScenario" time="0.009">
    <failure type="java.lang.RuntimeException" message="Login Token is missing!">
      <![CDATA[java.lang.RuntimeException: Login Token is missing!
at utilities.TokenManager.getToken(TokenManager.java:20)
at requests.ProgramRequest.setAuth(ProgramRequest.java:32)
at stepDefinitions.ProgramStepDefinition.admin_set_authorization_to_bearer_token(ProgramStepDefinition.java:25)
at ✽.Admin set Authorization to Bearer token(file:///Users/dineshdeshmukh/eclipse-workspace/Team05APISquadHackathon/src/test/resources/Feature/04ProgramModule.feature:4)
]]>
    </failure>
  </testcase> <!-- runScenario -->
  <testcase classname="io.cucumber.testng.AbstractTestNGCucumberTests" name="runScenario" time="0.008">
    <failure type="java.lang.RuntimeException" message="Login Token is missing!">
      <![CDATA[java.lang.RuntimeException: Login Token is missing!
at utilities.TokenManager.getToken(TokenManager.java:20)
at requests.ProgramRequest.setAuth(ProgramRequest.java:32)
at stepDefinitions.ProgramStepDefinition.admin_set_authorization_to_bearer_token(ProgramStepDefinition.java:25)
at ✽.Admin set Authorization to Bearer token(file:///Users/dineshdeshmukh/eclipse-workspace/Team05APISquadHackathon/src/test/resources/Feature/04ProgramModule.feature:4)
]]>
    </failure>
  </testcase> <!-- runScenario -->
  <testcase classname="io.cucumber.testng.AbstractTestNGCucumberTests" name="runScenario" time="0.016">
    <failure type="java.lang.RuntimeException" message="Login Token is missing!">
      <![CDATA[java.lang.RuntimeException: Login Token is missing!
at utilities.TokenManager.getToken(TokenManager.java:20)
at requests.ProgramBatchRequests.setAuth(ProgramBatchRequests.java:32)
at stepDefinitions.ProgramBatchSteps.admin_set_authorization_for_batch(ProgramBatchSteps.java:26)
at ✽.Admin set Authorization for batch(file:///Users/dineshdeshmukh/eclipse-workspace/Team05APISquadHackathon/src/test/resources/Feature/05ProgramBatchModule.feature:4)
]]>
    </failure>
  </testcase> <!-- runScenario -->
  <testcase classname="io.cucumber.testng.AbstractTestNGCucumberTests" name="runScenario" time="0.008">
    <failure type="java.lang.RuntimeException" message="Login Token is missing!">
      <![CDATA[java.lang.RuntimeException: Login Token is missing!
at utilities.TokenManager.getToken(TokenManager.java:20)
at requests.ProgramBatchRequests.setAuth(ProgramBatchRequests.java:32)
at stepDefinitions.ProgramBatchSteps.admin_set_authorization_for_batch(ProgramBatchSteps.java:26)
at ✽.Admin set Authorization for batch(file:///Users/dineshdeshmukh/eclipse-workspace/Team05APISquadHackathon/src/test/resources/Feature/05ProgramBatchModule.feature:4)
]]>
    </failure>
  </testcase> <!-- runScenario -->
  <testcase classname="io.cucumber.testng.AbstractTestNGCucumberTests" name="runScenario" time="0.008">
    <failure type="java.lang.RuntimeException" message="Login Token is missing!">
      <![CDATA[java.lang.RuntimeException: Login Token is missing!
at utilities.TokenManager.getToken(TokenManager.java:20)
at requests.ProgramBatchRequests.setAuth(ProgramBatchRequests.java:32)
at stepDefinitions.ProgramBatchSteps.admin_set_authorization_for_batch(ProgramBatchSteps.java:26)
at ✽.Admin set Authorization for batch(file:///Users/dineshdeshmukh/eclipse-workspace/Team05APISquadHackathon/src/test/resources/Feature/05ProgramBatchModule.feature:4)
]]>
    </failure>
  </testcase> <!-- runScenario -->
  <testcase classname="io.cucumber.testng.AbstractTestNGCucumberTests" name="runScenario" time="0.007">
    <failure type="java.lang.RuntimeException" message="Login Token is missing!">
      <![CDATA[java.lang.RuntimeException: Login Token is missing!
at utilities.TokenManager.getToken(TokenManager.java:20)
at requests.ProgramBatchRequests.setAuth(ProgramBatchRequests.java:32)
at stepDefinitions.ProgramBatchSteps.admin_set_authorization_for_batch(ProgramBatchSteps.java:26)
at ✽.Admin set Authorization for batch(file:///Users/dineshdeshmukh/eclipse-workspace/Team05APISquadHackathon/src/test/resources/Feature/05ProgramBatchModule.feature:4)
]]>
    </failure>
  </testcase> <!-- runScenario -->
  <testcase classname="io.cucumber.testng.AbstractTestNGCucumberTests" name="runScenario" time="0.007">
    <failure type="java.lang.RuntimeException" message="Login Token is missing!">
      <![CDATA[java.lang.RuntimeException: Login Token is missing!
at utilities.TokenManager.getToken(TokenManager.java:20)
at requests.ProgramBatchRequests.setAuth(ProgramBatchRequests.java:32)
at stepDefinitions.ProgramBatchSteps.admin_set_authorization_for_batch(ProgramBatchSteps.java:26)
at ✽.Admin set Authorization for batch(file:///Users/dineshdeshmukh/eclipse-workspace/Team05APISquadHackathon/src/test/resources/Feature/05ProgramBatchModule.feature:4)
]]>
    </failure>
  </testcase> <!-- runScenario -->
  <testcase classname="io.cucumber.testng.AbstractTestNGCucumberTests" name="runScenario" time="0.007">
    <failure type="java.lang.RuntimeException" message="Login Token is missing!">
      <![CDATA[java.lang.RuntimeException: Login Token is missing!
at utilities.TokenManager.getToken(TokenManager.java:20)
at requests.ProgramBatchRequests.setAuth(ProgramBatchRequests.java:32)
at stepDefinitions.ProgramBatchSteps.admin_set_authorization_for_batch(ProgramBatchSteps.java:26)
at ✽.Admin set Authorization for batch(file:///Users/dineshdeshmukh/eclipse-workspace/Team05APISquadHackathon/src/test/resources/Feature/05ProgramBatchModule.feature:4)
]]>
    </failure>
  </testcase> <!-- runScenario -->
  <testcase classname="io.cucumber.testng.AbstractTestNGCucumberTests" name="runScenario" time="0.01">
    <failure type="java.lang.RuntimeException" message="Login Token is missing!">
      <![CDATA[java.lang.RuntimeException: Login Token is missing!
at utilities.TokenManager.getToken(TokenManager.java:20)
at requests.ProgramBatchRequests.setAuth(ProgramBatchRequests.java:32)
at stepDefinitions.ProgramBatchSteps.admin_set_authorization_for_batch(ProgramBatchSteps.java:26)
at ✽.Admin set Authorization for batch(file:///Users/dineshdeshmukh/eclipse-workspace/Team05APISquadHackathon/src/test/resources/Feature/05ProgramBatchModule.feature:4)
]]>
    </failure>
  </testcase> <!-- runScenario -->
  <testcase classname="io.cucumber.testng.AbstractTestNGCucumberTests" name="runScenario" time="0.008">
    <failure type="java.lang.RuntimeException" message="Login Token is missing!">
      <![CDATA[java.lang.RuntimeException: Login Token is missing!
at utilities.TokenManager.getToken(TokenManager.java:20)
at requests.ProgramBatchRequests.setAuth(ProgramBatchRequests.java:32)
at stepDefinitions.ProgramBatchSteps.admin_set_authorization_for_batch(ProgramBatchSteps.java:26)
at ✽.Admin set Authorization for batch(file:///Users/dineshdeshmukh/eclipse-workspace/Team05APISquadHackathon/src/test/resources/Feature/05ProgramBatchModule.feature:4)
]]>
    </failure>
  </testcase> <!-- runScenario -->
  <testcase classname="io.cucumber.testng.AbstractTestNGCucumberTests" name="runScenario" time="0.007">
    <failure type="java.lang.RuntimeException" message="Login Token is missing!">
      <![CDATA[java.lang.RuntimeException: Login Token is missing!
at utilities.TokenManager.getToken(TokenManager.java:20)
at requests.ProgramBatchRequests.setAuth(ProgramBatchRequests.java:32)
at stepDefinitions.ProgramBatchSteps.admin_set_authorization_for_batch(ProgramBatchSteps.java:26)
at ✽.Admin set Authorization for batch(file:///Users/dineshdeshmukh/eclipse-workspace/Team05APISquadHackathon/src/test/resources/Feature/05ProgramBatchModule.feature:4)
]]>
    </failure>
  </testcase> <!-- runScenario -->
  <testcase classname="io.cucumber.testng.AbstractTestNGCucumberTests" name="runScenario" time="0.008">
    <failure type="java.lang.RuntimeException" message="Login Token is missing!">
      <![CDATA[java.lang.RuntimeException: Login Token is missing!
at utilities.TokenManager.getToken(TokenManager.java:20)
at requests.ProgramBatchRequests.setAuth(ProgramBatchRequests.java:32)
at stepDefinitions.ProgramBatchSteps.admin_set_authorization_for_batch(ProgramBatchSteps.java:26)
at ✽.Admin set Authorization for batch(file:///Users/dineshdeshmukh/eclipse-workspace/Team05APISquadHackathon/src/test/resources/Feature/05ProgramBatchModule.feature:4)
]]>
    </failure>
  </testcase> <!-- runScenario -->
  <testcase classname="io.cucumber.testng.AbstractTestNGCucumberTests" name="runScenario" time="0.008">
    <failure type="java.lang.RuntimeException" message="Login Token is missing!">
      <![CDATA[java.lang.RuntimeException: Login Token is missing!
at utilities.TokenManager.getToken(TokenManager.java:20)
at requests.ProgramBatchRequests.setAuth(ProgramBatchRequests.java:32)
at stepDefinitions.ProgramBatchSteps.admin_set_authorization_for_batch(ProgramBatchSteps.java:26)
at ✽.Admin set Authorization for batch(file:///Users/dineshdeshmukh/eclipse-workspace/Team05APISquadHackathon/src/test/resources/Feature/05ProgramBatchModule.feature:4)
]]>
    </failure>
  </testcase> <!-- runScenario -->
  <testcase classname="io.cucumber.testng.AbstractTestNGCucumberTests" name="runScenario" time="0.013">
    <failure type="java.lang.RuntimeException" message="Login Token is missing!">
      <![CDATA[java.lang.RuntimeException: Login Token is missing!
at utilities.TokenManager.getToken(TokenManager.java:20)
at requests.ProgramBatchRequests.setAuth(ProgramBatchRequests.java:32)
at stepDefinitions.ProgramBatchSteps.admin_set_authorization_for_batch(ProgramBatchSteps.java:26)
at ✽.Admin set Authorization for batch(file:///Users/dineshdeshmukh/eclipse-workspace/Team05APISquadHackathon/src/test/resources/Feature/05ProgramBatchModule.feature:4)
]]>
    </failure>
  </testcase> <!-- runScenario -->
  <testcase classname="io.cucumber.testng.AbstractTestNGCucumberTests" name="runScenario" time="0.008">
    <failure type="java.lang.RuntimeException" message="Login Token is missing!">
      <![CDATA[java.lang.RuntimeException: Login Token is missing!
at utilities.TokenManager.getToken(TokenManager.java:20)
at requests.ProgramBatchRequests.setAuth(ProgramBatchRequests.java:32)
at stepDefinitions.ProgramBatchSteps.admin_set_authorization_for_batch(ProgramBatchSteps.java:26)
at ✽.Admin set Authorization for batch(file:///Users/dineshdeshmukh/eclipse-workspace/Team05APISquadHackathon/src/test/resources/Feature/05ProgramBatchModule.feature:4)
]]>
    </failure>
  </testcase> <!-- runScenario -->
  <testcase classname="io.cucumber.testng.AbstractTestNGCucumberTests" name="runScenario" time="0.008">
    <failure type="java.lang.RuntimeException" message="Login Token is missing!">
      <![CDATA[java.lang.RuntimeException: Login Token is missing!
at utilities.TokenManager.getToken(TokenManager.java:20)
at requests.ProgramBatchRequests.setAuth(ProgramBatchRequests.java:32)
at stepDefinitions.ProgramBatchSteps.admin_set_authorization_for_batch(ProgramBatchSteps.java:26)
at ✽.Admin set Authorization for batch(file:///Users/dineshdeshmukh/eclipse-workspace/Team05APISquadHackathon/src/test/resources/Feature/05ProgramBatchModule.feature:4)
]]>
    </failure>
  </testcase> <!-- runScenario -->
  <testcase classname="io.cucumber.testng.AbstractTestNGCucumberTests" name="runScenario" time="0.007">
    <failure type="java.lang.RuntimeException" message="Login Token is missing!">
      <![CDATA[java.lang.RuntimeException: Login Token is missing!
at utilities.TokenManager.getToken(TokenManager.java:20)
at requests.ProgramBatchRequests.setAuth(ProgramBatchRequests.java:32)
at stepDefinitions.ProgramBatchSteps.admin_set_authorization_for_batch(ProgramBatchSteps.java:26)
at ✽.Admin set Authorization for batch(file:///Users/dineshdeshmukh/eclipse-workspace/Team05APISquadHackathon/src/test/resources/Feature/05ProgramBatchModule.feature:4)
]]>
    </failure>
  </testcase> <!-- runScenario -->
  <testcase classname="io.cucumber.testng.AbstractTestNGCucumberTests" name="runScenario" time="0.015">
    <failure type="java.lang.RuntimeException" message="Login Token is missing!">
      <![CDATA[java.lang.RuntimeException: Login Token is missing!
at utilities.TokenManager.getToken(TokenManager.java:20)
at requests.UserRequest1.setAuth(UserRequest1.java:28)
at stepDefinitions.UserModuleSteps2.admin_has_valid_bearer_token(UserModuleSteps2.java:28)
at ✽.Admin has valid Bearer token(file:///Users/dineshdeshmukh/eclipse-workspace/Team05APISquadHackathon/src/test/resources/Feature/06UserModule2.feature:3)
]]>
    </failure>
  </testcase> <!-- runScenario -->
  <testcase classname="io.cucumber.testng.AbstractTestNGCucumberTests" name="runScenario" time="0.013">
    <failure type="java.lang.RuntimeException" message="Login Token is missing!">
      <![CDATA[java.lang.RuntimeException: Login Token is missing!
at utilities.TokenManager.getToken(TokenManager.java:20)
at requests.UserRequest1.setAuth(UserRequest1.java:28)
at stepDefinitions.UserModuleSteps2.admin_has_valid_bearer_token(UserModuleSteps2.java:28)
at ✽.Admin has valid Bearer token(file:///Users/dineshdeshmukh/eclipse-workspace/Team05APISquadHackathon/src/test/resources/Feature/06UserModule2.feature:3)
]]>
    </failure>
  </testcase> <!-- runScenario -->
  <testcase classname="io.cucumber.testng.AbstractTestNGCucumberTests" name="runScenario" time="0.008">
    <failure type="java.lang.RuntimeException" message="Login Token is missing!">
      <![CDATA[java.lang.RuntimeException: Login Token is missing!
at utilities.TokenManager.getToken(TokenManager.java:20)
at requests.UserRequest1.setAuth(UserRequest1.java:28)
at stepDefinitions.UserModuleSteps2.admin_has_valid_bearer_token(UserModuleSteps2.java:28)
at ✽.Admin has valid Bearer token(file:///Users/dineshdeshmukh/eclipse-workspace/Team05APISquadHackathon/src/test/resources/Feature/06UserModule2.feature:3)
]]>
    </failure>
  </testcase> <!-- runScenario -->
  <testcase classname="io.cucumber.testng.AbstractTestNGCucumberTests" name="runScenario" time="0.008">
    <failure type="java.lang.RuntimeException" message="Login Token is missing!">
      <![CDATA[java.lang.RuntimeException: Login Token is missing!
at utilities.TokenManager.getToken(TokenManager.java:20)
at requests.UserRequest1.setAuth(UserRequest1.java:28)
at stepDefinitions.UserModuleSteps2.admin_has_valid_bearer_token(UserModuleSteps2.java:28)
at ✽.Admin has valid Bearer token(file:///Users/dineshdeshmukh/eclipse-workspace/Team05APISquadHackathon/src/test/resources/Feature/06UserModule2.feature:3)
]]>
    </failure>
  </testcase> <!-- runScenario -->
  <testcase classname="io.cucumber.testng.AbstractTestNGCucumberTests" name="runScenario" time="0.007">
    <failure type="java.lang.RuntimeException" message="Login Token is missing!">
      <![CDATA[java.lang.RuntimeException: Login Token is missing!
at utilities.TokenManager.getToken(TokenManager.java:20)
at requests.UserRequest1.setAuth(UserRequest1.java:28)
at stepDefinitions.UserModuleSteps2.admin_has_valid_bearer_token(UserModuleSteps2.java:28)
at ✽.Admin has valid Bearer token(file:///Users/dineshdeshmukh/eclipse-workspace/Team05APISquadHackathon/src/test/resources/Feature/06UserModule2.feature:3)
]]>
    </failure>
  </testcase> <!-- runScenario -->
  <testcase classname="io.cucumber.testng.AbstractTestNGCucumberTests" name="runScenario" time="0.031">
    <failure type="java.lang.RuntimeException" message="Login Token is missing!">
      <![CDATA[java.lang.RuntimeException: Login Token is missing!
at utilities.TokenManager.getToken(TokenManager.java:20)
at requests.UserRequest1.setAuth(UserRequest1.java:28)
at stepDefinitions.UserModuleSteps2.admin_has_valid_bearer_token(UserModuleSteps2.java:28)
at ✽.Admin has valid Bearer token(file:///Users/dineshdeshmukh/eclipse-workspace/Team05APISquadHackathon/src/test/resources/Feature/06UserModule2.feature:3)
]]>
    </failure>
  </testcase> <!-- runScenario -->
  <testcase classname="io.cucumber.testng.AbstractTestNGCucumberTests" name="runScenario" time="0.009">
    <failure type="java.lang.RuntimeException" message="Login Token is missing!">
      <![CDATA[java.lang.RuntimeException: Login Token is missing!
at utilities.TokenManager.getToken(TokenManager.java:20)
at requests.UserRequest1.setAuth(UserRequest1.java:28)
at stepDefinitions.UserModuleSteps2.admin_has_valid_bearer_token(UserModuleSteps2.java:28)
at ✽.Admin has valid Bearer token(file:///Users/dineshdeshmukh/eclipse-workspace/Team05APISquadHackathon/src/test/resources/Feature/06UserModule2.feature:3)
]]>
    </failure>
  </testcase> <!-- runScenario -->
  <testcase classname="io.cucumber.testng.AbstractTestNGCucumberTests" name="runScenario" time="0.009">
    <failure type="java.lang.RuntimeException" message="Login Token is missing!">
      <![CDATA[java.lang.RuntimeException: Login Token is missing!
at utilities.TokenManager.getToken(TokenManager.java:20)
at requests.UserRequest1.setAuth(UserRequest1.java:28)
at stepDefinitions.UserModuleSteps2.admin_has_valid_bearer_token(UserModuleSteps2.java:28)
at ✽.Admin has valid Bearer token(file:///Users/dineshdeshmukh/eclipse-workspace/Team05APISquadHackathon/src/test/resources/Feature/06UserModule2.feature:3)
]]>
    </failure>
  </testcase> <!-- runScenario -->
  <testcase classname="io.cucumber.testng.AbstractTestNGCucumberTests" name="runScenario" time="0.009">
    <failure type="java.lang.RuntimeException" message="Login Token is missing!">
      <![CDATA[java.lang.RuntimeException: Login Token is missing!
at utilities.TokenManager.getToken(TokenManager.java:20)
at requests.UserRequest1.setAuth(UserRequest1.java:28)
at stepDefinitions.UserModuleSteps2.admin_has_valid_bearer_token(UserModuleSteps2.java:28)
at ✽.Admin has valid Bearer token(file:///Users/dineshdeshmukh/eclipse-workspace/Team05APISquadHackathon/src/test/resources/Feature/06UserModule2.feature:3)
]]>
    </failure>
  </testcase> <!-- runScenario -->
  <testcase classname="io.cucumber.testng.AbstractTestNGCucumberTests" name="runScenario" time="0.013">
    <failure type="java.lang.RuntimeException" message="Login Token is missing!">
      <![CDATA[java.lang.RuntimeException: Login Token is missing!
at utilities.TokenManager.getToken(TokenManager.java:20)
at requests.UserRequest1.setAuth(UserRequest1.java:28)
at stepDefinitions.UserModuleSteps2.admin_has_valid_bearer_token(UserModuleSteps2.java:28)
at ✽.Admin has valid Bearer token(file:///Users/dineshdeshmukh/eclipse-workspace/Team05APISquadHackathon/src/test/resources/Feature/06UserModule2.feature:3)
]]>
    </failure>
  </testcase> <!-- runScenario -->
  <testcase classname="io.cucumber.testng.AbstractTestNGCucumberTests" name="runScenario" time="0.009">
    <failure type="java.lang.RuntimeException" message="Login Token is missing!">
      <![CDATA[java.lang.RuntimeException: Login Token is missing!
at utilities.TokenManager.getToken(TokenManager.java:20)
at requests.UserRequest1.setAuth(UserRequest1.java:28)
at stepDefinitions.UserModuleSteps2.admin_has_valid_bearer_token(UserModuleSteps2.java:28)
at ✽.Admin has valid Bearer token(file:///Users/dineshdeshmukh/eclipse-workspace/Team05APISquadHackathon/src/test/resources/Feature/06UserModule2.feature:3)
]]>
    </failure>
  </testcase> <!-- runScenario -->
  <testcase classname="io.cucumber.testng.AbstractTestNGCucumberTests" name="runScenario" time="0.008">
    <failure type="java.lang.RuntimeException" message="Login Token is missing!">
      <![CDATA[java.lang.RuntimeException: Login Token is missing!
at utilities.TokenManager.getToken(TokenManager.java:20)
at requests.UserRequest1.setAuth(UserRequest1.java:28)
at stepDefinitions.UserModuleSteps2.admin_has_valid_bearer_token(UserModuleSteps2.java:28)
at ✽.Admin has valid Bearer token(file:///Users/dineshdeshmukh/eclipse-workspace/Team05APISquadHackathon/src/test/resources/Feature/06UserModule2.feature:3)
]]>
    </failure>
  </testcase> <!-- runScenario -->
  <testcase classname="io.cucumber.testng.AbstractTestNGCucumberTests" name="runScenario" time="0.01">
    <failure type="java.lang.RuntimeException" message="Login Token is missing!">
      <![CDATA[java.lang.RuntimeException: Login Token is missing!
at utilities.TokenManager.getToken(TokenManager.java:20)
at requests.UserRequest1.setAuth(UserRequest1.java:28)
at stepDefinitions.UserModuleSteps2.admin_has_valid_bearer_token(UserModuleSteps2.java:28)
at ✽.Admin has valid Bearer token(file:///Users/dineshdeshmukh/eclipse-workspace/Team05APISquadHackathon/src/test/resources/Feature/06UserModule2.feature:3)
]]>
    </failure>
  </testcase> <!-- runScenario -->
  <testcase classname="io.cucumber.testng.AbstractTestNGCucumberTests" name="runScenario" time="0.008">
    <failure type="java.lang.RuntimeException" message="Login Token is missing!">
      <![CDATA[java.lang.RuntimeException: Login Token is missing!
at utilities.TokenManager.getToken(TokenManager.java:20)
at requests.UserRequest1.setAuth(UserRequest1.java:28)
at stepDefinitions.UserModuleSteps2.admin_has_valid_bearer_token(UserModuleSteps2.java:28)
at ✽.Admin has valid Bearer token(file:///Users/dineshdeshmukh/eclipse-workspace/Team05APISquadHackathon/src/test/resources/Feature/06UserModule2.feature:3)
]]>
    </failure>
  </testcase> <!-- runScenario -->
  <testcase classname="io.cucumber.testng.AbstractTestNGCucumberTests" name="runScenario" time="0.011">
    <failure type="java.lang.RuntimeException" message="Login Token is missing!">
      <![CDATA[java.lang.RuntimeException: Login Token is missing!
at utilities.TokenManager.getToken(TokenManager.java:20)
at requests.UserRequest1.setAuth(UserRequest1.java:28)
at stepDefinitions.UserModuleSteps2.admin_has_valid_bearer_token(UserModuleSteps2.java:28)
at ✽.Admin has valid Bearer token(file:///Users/dineshdeshmukh/eclipse-workspace/Team05APISquadHackathon/src/test/resources/Feature/06UserModule2.feature:3)
]]>
    </failure>
  </testcase> <!-- runScenario -->
  <testcase classname="io.cucumber.testng.AbstractTestNGCucumberTests" name="runScenario" time="0.008">
    <failure type="java.lang.RuntimeException" message="Login Token is missing!">
      <![CDATA[java.lang.RuntimeException: Login Token is missing!
at utilities.TokenManager.getToken(TokenManager.java:20)
at requests.UserRequest1.setAuth(UserRequest1.java:28)
at stepDefinitions.UserModuleSteps2.admin_has_valid_bearer_token(UserModuleSteps2.java:28)
at ✽.Admin has valid Bearer token(file:///Users/dineshdeshmukh/eclipse-workspace/Team05APISquadHackathon/src/test/resources/Feature/06UserModule2.feature:3)
]]>
    </failure>
  </testcase> <!-- runScenario -->
  <testcase classname="io.cucumber.testng.AbstractTestNGCucumberTests" name="runScenario" time="0.009">
    <failure type="java.lang.RuntimeException" message="Login Token is missing!">
      <![CDATA[java.lang.RuntimeException: Login Token is missing!
at utilities.TokenManager.getToken(TokenManager.java:20)
at requests.UserRequest1.setAuth(UserRequest1.java:28)
at stepDefinitions.UserModuleSteps2.admin_has_valid_bearer_token(UserModuleSteps2.java:28)
at ✽.Admin has valid Bearer token(file:///Users/dineshdeshmukh/eclipse-workspace/Team05APISquadHackathon/src/test/resources/Feature/06UserModule2.feature:3)
]]>
    </failure>
  </testcase> <!-- runScenario -->
  <testcase classname="io.cucumber.testng.AbstractTestNGCucumberTests" name="runScenario" time="0.008">
    <failure type="java.lang.RuntimeException" message="Login Token is missing!">
      <![CDATA[java.lang.RuntimeException: Login Token is missing!
at utilities.TokenManager.getToken(TokenManager.java:20)
at requests.UserRequest1.setAuth(UserRequest1.java:28)
at stepDefinitions.UserModuleSteps2.admin_has_valid_bearer_token(UserModuleSteps2.java:28)
at ✽.Admin has valid Bearer token(file:///Users/dineshdeshmukh/eclipse-workspace/Team05APISquadHackathon/src/test/resources/Feature/06UserModule2.feature:3)
]]>
    </failure>
  </testcase> <!-- runScenario -->
  <testcase classname="io.cucumber.testng.AbstractTestNGCucumberTests" name="runScenario" time="0.008">
    <failure type="java.lang.RuntimeException" message="Login Token is missing!">
      <![CDATA[java.lang.RuntimeException: Login Token is missing!
at utilities.TokenManager.getToken(TokenManager.java:20)
at requests.UserRequest1.setAuth(UserRequest1.java:28)
at stepDefinitions.UserModuleSteps2.admin_has_valid_bearer_token(UserModuleSteps2.java:28)
at ✽.Admin has valid Bearer token(file:///Users/dineshdeshmukh/eclipse-workspace/Team05APISquadHackathon/src/test/resources/Feature/06UserModule2.feature:3)
]]>
    </failure>
  </testcase> <!-- runScenario -->
  <testcase classname="io.cucumber.testng.AbstractTestNGCucumberTests" name="runScenario" time="0.011">
    <failure type="java.lang.RuntimeException" message="Login Token is missing!">
      <![CDATA[java.lang.RuntimeException: Login Token is missing!
at utilities.TokenManager.getToken(TokenManager.java:20)
at requests.UserRequest1.setAuth(UserRequest1.java:28)
at stepDefinitions.UserModuleSteps2.admin_has_valid_bearer_token(UserModuleSteps2.java:28)
at ✽.Admin has valid Bearer token(file:///Users/dineshdeshmukh/eclipse-workspace/Team05APISquadHackathon/src/test/resources/Feature/06UserModule2.feature:3)
]]>
    </failure>
  </testcase> <!-- runScenario -->
  <testcase classname="io.cucumber.testng.AbstractTestNGCucumberTests" name="runScenario" time="0.016">
    <failure type="java.lang.RuntimeException" message="Login Token is missing!">
      <![CDATA[java.lang.RuntimeException: Login Token is missing!
at utilities.TokenManager.getToken(TokenManager.java:20)
at requests.UserRequest1.setAuth(UserRequest1.java:28)
at stepDefinitions.UserModuleSteps2.admin_has_valid_bearer_token(UserModuleSteps2.java:28)
at ✽.Admin has valid Bearer token(file:///Users/dineshdeshmukh/eclipse-workspace/Team05APISquadHackathon/src/test/resources/Feature/06UserModule2.feature:3)
]]>
    </failure>
  </testcase> <!-- runScenario -->
  <testcase classname="io.cucumber.testng.AbstractTestNGCucumberTests" name="runScenario" time="0.016">
    <failure type="java.lang.RuntimeException" message="Login Token is missing!">
      <![CDATA[java.lang.RuntimeException: Login Token is missing!
at utilities.TokenManager.getToken(TokenManager.java:20)
at requests.UserRequest1.setAuth(UserRequest1.java:28)
at stepDefinitions.UserModuleSteps2.admin_has_valid_bearer_token(UserModuleSteps2.java:28)
at ✽.Admin has valid Bearer token(file:///Users/dineshdeshmukh/eclipse-workspace/Team05APISquadHackathon/src/test/resources/Feature/06UserModule2.feature:3)
]]>
    </failure>
  </testcase> <!-- runScenario -->
  <testcase classname="io.cucumber.testng.AbstractTestNGCucumberTests" name="runScenario" time="0.012">
    <failure type="java.lang.RuntimeException" message="Login Token is missing!">
      <![CDATA[java.lang.RuntimeException: Login Token is missing!
at utilities.TokenManager.getToken(TokenManager.java:20)
at requests.UserRequest1.setAuth(UserRequest1.java:28)
at stepDefinitions.UserModuleSteps2.admin_has_valid_bearer_token(UserModuleSteps2.java:28)
at ✽.Admin has valid Bearer token(file:///Users/dineshdeshmukh/eclipse-workspace/Team05APISquadHackathon/src/test/resources/Feature/06UserModule2.feature:3)
]]>
    </failure>
  </testcase> <!-- runScenario -->
  <testcase classname="io.cucumber.testng.AbstractTestNGCucumberTests" name="runScenario" time="0.013">
    <failure type="java.lang.RuntimeException" message="Login Token is missing!">
      <![CDATA[java.lang.RuntimeException: Login Token is missing!
at utilities.TokenManager.getToken(TokenManager.java:20)
at requests.UserRequest1.setAuth(UserRequest1.java:28)
at stepDefinitions.UserModuleSteps2.admin_has_valid_bearer_token(UserModuleSteps2.java:28)
at ✽.Admin has valid Bearer token(file:///Users/dineshdeshmukh/eclipse-workspace/Team05APISquadHackathon/src/test/resources/Feature/06UserModule2.feature:3)
]]>
    </failure>
  </testcase> <!-- runScenario -->
  <testcase classname="io.cucumber.testng.AbstractTestNGCucumberTests" name="runScenario" time="0.228">
    <failure type="java.lang.RuntimeException" message="Login Token is missing!">
      <![CDATA[java.lang.RuntimeException: Login Token is missing!
at utilities.TokenManager.getToken(TokenManager.java:20)
at stepDefinitions.SkillMasterSteps.admin_creates_post_request_for_the_skill_master_lms_api_endpoint(SkillMasterSteps.java:43)
at ✽.Admin creates POST Request for the Skill Master LMS API endpoint(file:///Users/dineshdeshmukh/eclipse-workspace/Team05APISquadHackathon/src/test/resources/Feature/07SkillMasterModule.feature:9)
]]>
    </failure>
  </testcase> <!-- runScenario -->
  <testcase classname="io.cucumber.testng.AbstractTestNGCucumberTests" name="runScenario" time="0.18">
    <failure type="java.lang.RuntimeException" message="Login Token is missing!">
      <![CDATA[java.lang.RuntimeException: Login Token is missing!
at utilities.TokenManager.getToken(TokenManager.java:20)
at stepDefinitions.SkillMasterSteps.admin_creates_post_request_for_the_skill_master_lms_api_endpoint(SkillMasterSteps.java:43)
at ✽.Admin creates POST Request for the Skill Master LMS API endpoint(file:///Users/dineshdeshmukh/eclipse-workspace/Team05APISquadHackathon/src/test/resources/Feature/07SkillMasterModule.feature:14)
]]>
    </failure>
  </testcase> <!-- runScenario -->
  <testcase classname="io.cucumber.testng.AbstractTestNGCucumberTests" name="runScenario" time="0.162">
    <failure type="java.lang.RuntimeException" message="Login Token is missing!">
      <![CDATA[java.lang.RuntimeException: Login Token is missing!
at utilities.TokenManager.getToken(TokenManager.java:20)
at stepDefinitions.SkillMasterSteps.admin_creates_post_request_for_the_skill_master_lms_api_endpoint(SkillMasterSteps.java:43)
at ✽.Admin creates POST Request for the Skill Master LMS API endpoint(file:///Users/dineshdeshmukh/eclipse-workspace/Team05APISquadHackathon/src/test/resources/Feature/07SkillMasterModule.feature:19)
]]>
    </failure>
  </testcase> <!-- runScenario -->
  <testcase classname="io.cucumber.testng.AbstractTestNGCucumberTests" name="runScenario" time="0.148">
    <failure type="java.lang.RuntimeException" message="Login Token is missing!">
      <![CDATA[java.lang.RuntimeException: Login Token is missing!
at utilities.TokenManager.getToken(TokenManager.java:20)
at stepDefinitions.SkillMasterSteps.admin_creates_get_request_for_the_skill_master_lms_api_endpoint(SkillMasterSteps.java:139)
at ✽.Admin creates GET Request for the Skill Master LMS API endpoint(file:///Users/dineshdeshmukh/eclipse-workspace/Team05APISquadHackathon/src/test/resources/Feature/07SkillMasterModule.feature:25)
]]>
    </failure>
  </testcase> <!-- runScenario -->
  <testcase classname="io.cucumber.testng.AbstractTestNGCucumberTests" name="runScenario" time="0.181">
    <failure type="java.lang.RuntimeException" message="Login Token is missing!">
      <![CDATA[java.lang.RuntimeException: Login Token is missing!
at utilities.TokenManager.getToken(TokenManager.java:20)
at stepDefinitions.SkillMasterSteps.admin_creates_get_request_for_the_lms_api_endpoint_for_get_skill(SkillMasterSteps.java:167)
at ✽.Admin creates GET Request for the LMS API endpoint for GETSkill(file:///Users/dineshdeshmukh/eclipse-workspace/Team05APISquadHackathon/src/test/resources/Feature/07SkillMasterModule.feature:31)
]]>
    </failure>
  </testcase> <!-- runScenario -->
  <testcase classname="io.cucumber.testng.AbstractTestNGCucumberTests" name="runScenario" time="0.174">
    <failure type="java.lang.RuntimeException" message="Login Token is missing!">
      <![CDATA[java.lang.RuntimeException: Login Token is missing!
at utilities.TokenManager.getToken(TokenManager.java:20)
at stepDefinitions.SkillMasterSteps.admin_creates_get_request_for_the_lms_api_endpoint_for_get_skill(SkillMasterSteps.java:167)
at ✽.Admin creates GET Request for the LMS API endpoint for GETSkill(file:///Users/dineshdeshmukh/eclipse-workspace/Team05APISquadHackathon/src/test/resources/Feature/07SkillMasterModule.feature:36)
]]>
    </failure>
  </testcase> <!-- runScenario -->
  <testcase classname="io.cucumber.testng.AbstractTestNGCucumberTests" name="runScenario" time="0.164">
    <failure type="java.lang.RuntimeException" message="Login Token is missing!">
      <![CDATA[java.lang.RuntimeException: Login Token is missing!
at utilities.TokenManager.getToken(TokenManager.java:20)
at stepDefinitions.SkillMasterSteps.admin_creates_put_request_for_the_lms_api_endpoint_for_put_skill(SkillMasterSteps.java:219)
at ✽.Admin creates PUT Request for the LMS API endpoint for PUT Skill(file:///Users/dineshdeshmukh/eclipse-workspace/Team05APISquadHackathon/src/test/resources/Feature/07SkillMasterModule.feature:42)
]]>
    </failure>
  </testcase> <!-- runScenario -->
  <testcase classname="io.cucumber.testng.AbstractTestNGCucumberTests" name="runScenario" time="0.22">
    <failure type="java.lang.RuntimeException" message="Login Token is missing!">
      <![CDATA[java.lang.RuntimeException: Login Token is missing!
at utilities.TokenManager.getToken(TokenManager.java:20)
at stepDefinitions.SkillMasterSteps.admin_creates_put_request_for_the_lms_api_endpoint_for_put_skill(SkillMasterSteps.java:219)
at ✽.Admin creates PUT Request for the LMS API endpoint for PUT Skill(file:///Users/dineshdeshmukh/eclipse-workspace/Team05APISquadHackathon/src/test/resources/Feature/07SkillMasterModule.feature:47)
]]>
    </failure>
  </testcase> <!-- runScenario -->
  <testcase classname="io.cucumber.testng.AbstractTestNGCucumberTests" name="runScenario" time="0.011">
    <failure type="java.lang.RuntimeException" message="Login Token is missing!">
      <![CDATA[java.lang.RuntimeException: Login Token is missing!
at utilities.TokenManager.getToken(TokenManager.java:20)
at requests.ProgramRequest.setAuth(ProgramRequest.java:32)
at stepDefinitions.ProgramStepDefinition.admin_set_authorization_to_bearer_token(ProgramStepDefinition.java:25)
at ✽.Admin set Authorization to Bearer token(file:///Users/dineshdeshmukh/eclipse-workspace/Team05APISquadHackathon/src/test/resources/Feature/08Delete.feature:4)
]]>
    </failure>
  </testcase> <!-- runScenario -->
  <testcase classname="io.cucumber.testng.AbstractTestNGCucumberTests" name="runScenario" time="0.013">
    <failure type="java.lang.RuntimeException" message="Login Token is missing!">
      <![CDATA[java.lang.RuntimeException: Login Token is missing!
at utilities.TokenManager.getToken(TokenManager.java:20)
at requests.ProgramRequest.setAuth(ProgramRequest.java:32)
at stepDefinitions.ProgramStepDefinition.admin_set_authorization_to_bearer_token(ProgramStepDefinition.java:25)
at ✽.Admin set Authorization to Bearer token(file:///Users/dineshdeshmukh/eclipse-workspace/Team05APISquadHackathon/src/test/resources/Feature/08Delete.feature:4)
]]>
    </failure>
  </testcase> <!-- runScenario -->
  <testcase classname="io.cucumber.testng.AbstractTestNGCucumberTests" name="runScenario" time="0.02">
    <failure type="java.lang.RuntimeException" message="Login Token is missing!">
      <![CDATA[java.lang.RuntimeException: Login Token is missing!
at utilities.TokenManager.getToken(TokenManager.java:20)
at requests.ProgramRequest.setAuth(ProgramRequest.java:32)
at stepDefinitions.ProgramStepDefinition.admin_set_authorization_to_bearer_token(ProgramStepDefinition.java:25)
at ✽.Admin set Authorization to Bearer token(file:///Users/dineshdeshmukh/eclipse-workspace/Team05APISquadHackathon/src/test/resources/Feature/08Delete.feature:4)
]]>
    </failure>
  </testcase> <!-- runScenario -->
  <testcase classname="io.cucumber.testng.AbstractTestNGCucumberTests" name="runScenario" time="0.014">
    <failure type="java.lang.RuntimeException" message="Login Token is missing!">
      <![CDATA[java.lang.RuntimeException: Login Token is missing!
at utilities.TokenManager.getToken(TokenManager.java:20)
at requests.ProgramRequest.setAuth(ProgramRequest.java:32)
at stepDefinitions.ProgramStepDefinition.admin_set_authorization_to_bearer_token(ProgramStepDefinition.java:25)
at ✽.Admin set Authorization to Bearer token(file:///Users/dineshdeshmukh/eclipse-workspace/Team05APISquadHackathon/src/test/resources/Feature/08Delete.feature:4)
]]>
    </failure>
  </testcase> <!-- runScenario -->
  <testcase classname="io.cucumber.testng.AbstractTestNGCucumberTests" name="runScenario" time="0.014">
    <failure type="java.lang.RuntimeException" message="Login Token is missing!">
      <![CDATA[java.lang.RuntimeException: Login Token is missing!
at utilities.TokenManager.getToken(TokenManager.java:20)
at requests.ProgramRequest.setAuth(ProgramRequest.java:32)
at stepDefinitions.ProgramStepDefinition.admin_set_authorization_to_bearer_token(ProgramStepDefinition.java:25)
at ✽.Admin set Authorization to Bearer token(file:///Users/dineshdeshmukh/eclipse-workspace/Team05APISquadHackathon/src/test/resources/Feature/08Delete.feature:4)
]]>
    </failure>
  </testcase> <!-- runScenario -->
  <testcase classname="io.cucumber.testng.AbstractTestNGCucumberTests" name="runScenario" time="0.012">
    <failure type="java.lang.RuntimeException" message="Login Token is missing!">
      <![CDATA[java.lang.RuntimeException: Login Token is missing!
at utilities.TokenManager.getToken(TokenManager.java:20)
at requests.ProgramRequest.setAuth(ProgramRequest.java:32)
at stepDefinitions.ProgramStepDefinition.admin_set_authorization_to_bearer_token(ProgramStepDefinition.java:25)
at ✽.Admin set Authorization to Bearer token(file:///Users/dineshdeshmukh/eclipse-workspace/Team05APISquadHackathon/src/test/resources/Feature/08Delete.feature:4)
]]>
    </failure>
  </testcase> <!-- runScenario -->
  <testcase classname="io.cucumber.testng.AbstractTestNGCucumberTests" name="runScenario" time="0.008">
    <failure type="java.lang.RuntimeException" message="Login Token is missing!">
      <![CDATA[java.lang.RuntimeException: Login Token is missing!
at utilities.TokenManager.getToken(TokenManager.java:20)
at requests.ProgramRequest.setAuth(ProgramRequest.java:32)
at stepDefinitions.ProgramStepDefinition.admin_set_authorization_to_bearer_token(ProgramStepDefinition.java:25)
at ✽.Admin set Authorization to Bearer token(file:///Users/dineshdeshmukh/eclipse-workspace/Team05APISquadHackathon/src/test/resources/Feature/08Delete.feature:4)
]]>
    </failure>
  </testcase> <!-- runScenario -->
  <testcase classname="io.cucumber.testng.AbstractTestNGCucumberTests" name="runScenario" time="0.008">
    <failure type="java.lang.RuntimeException" message="Login Token is missing!">
      <![CDATA[java.lang.RuntimeException: Login Token is missing!
at utilities.TokenManager.getToken(TokenManager.java:20)
at requests.ProgramRequest.setAuth(ProgramRequest.java:32)
at stepDefinitions.ProgramStepDefinition.admin_set_authorization_to_bearer_token(ProgramStepDefinition.java:25)
at ✽.Admin set Authorization to Bearer token(file:///Users/dineshdeshmukh/eclipse-workspace/Team05APISquadHackathon/src/test/resources/Feature/08Delete.feature:4)
]]>
    </failure>
  </testcase> <!-- runScenario -->
  <testcase classname="io.cucumber.testng.AbstractTestNGCucumberTests" name="runScenario" time="0.008">
    <failure type="java.lang.RuntimeException" message="Login Token is missing!">
      <![CDATA[java.lang.RuntimeException: Login Token is missing!
at utilities.TokenManager.getToken(TokenManager.java:20)
at requests.ProgramRequest.setAuth(ProgramRequest.java:32)
at stepDefinitions.ProgramStepDefinition.admin_set_authorization_to_bearer_token(ProgramStepDefinition.java:25)
at ✽.Admin set Authorization to Bearer token(file:///Users/dineshdeshmukh/eclipse-workspace/Team05APISquadHackathon/src/test/resources/Feature/08Delete.feature:4)
]]>
    </failure>
  </testcase> <!-- runScenario -->
  <testcase classname="io.cucumber.testng.AbstractTestNGCucumberTests" name="runScenario" time="0.012">
    <failure type="java.lang.RuntimeException" message="Login Token is missing!">
      <![CDATA[java.lang.RuntimeException: Login Token is missing!
at utilities.TokenManager.getToken(TokenManager.java:20)
at requests.ProgramRequest.setAuth(ProgramRequest.java:32)
at stepDefinitions.ProgramStepDefinition.admin_set_authorization_to_bearer_token(ProgramStepDefinition.java:25)
at ✽.Admin set Authorization to Bearer token(file:///Users/dineshdeshmukh/eclipse-workspace/Team05APISquadHackathon/src/test/resources/Feature/08Delete.feature:4)
]]>
    </failure>
  </testcase> <!-- runScenario -->
  <testcase classname="io.cucumber.testng.AbstractTestNGCucumberTests" name="runScenario" time="0.01">
    <failure type="java.lang.RuntimeException" message="Login Token is missing!">
      <![CDATA[java.lang.RuntimeException: Login Token is missing!
at utilities.TokenManager.getToken(TokenManager.java:20)
at requests.ProgramRequest.setAuth(ProgramRequest.java:32)
at stepDefinitions.ProgramStepDefinition.admin_set_authorization_to_bearer_token(ProgramStepDefinition.java:25)
at ✽.Admin set Authorization to Bearer token(file:///Users/dineshdeshmukh/eclipse-workspace/Team05APISquadHackathon/src/test/resources/Feature/08Delete.feature:4)
]]>
    </failure>
  </testcase> <!-- runScenario -->
  <testcase classname="io.cucumber.testng.AbstractTestNGCucumberTests" name="runScenario" time="0.166">
    <failure type="java.lang.RuntimeException" message="Failed to find row for test case in Excel file: Admin logout">
      <![CDATA[java.lang.RuntimeException: Failed to find row for test case in Excel file: Admin logout
at utilities.CommonUtils.getCurrentRow(CommonUtils.java:40)
at requests.UserLoginRequests.createGenericRequest(UserLoginRequests.java:39)
at stepDefinitions.UserLoginSteps.admin_sets_authorization_and_creates_logout_request_for_user_login_module(UserLoginSteps.java:99)
at ✽.Admin sets authorization "Bearer Token" and creates logout request for userLoginModule(file:///Users/dineshdeshmukh/eclipse-workspace/Team05APISquadHackathon/src/test/resources/Feature/09Logout.feature:9)
]]>
    </failure>
  </testcase> <!-- runScenario -->
  <testcase classname="io.cucumber.testng.AbstractTestNGCucumberTests" name="runScenario" time="0.171">
    <failure type="java.lang.RuntimeException" message="Failed to find row for test case in Excel file: Admin logout">
      <![CDATA[java.lang.RuntimeException: Failed to find row for test case in Excel file: Admin logout
at utilities.CommonUtils.getCurrentRow(CommonUtils.java:40)
at requests.UserLoginRequests.createGenericRequest(UserLoginRequests.java:39)
at stepDefinitions.UserLoginSteps.admin_sets_authorization_and_creates_logout_request_for_user_login_module(UserLoginSteps.java:99)
at ✽.Admin sets authorization "No Auth" and creates logout request for userLoginModule(file:///Users/dineshdeshmukh/eclipse-workspace/Team05APISquadHackathon/src/test/resources/Feature/09Logout.feature:9)
]]>
    </failure>
  </testcase> <!-- runScenario -->
  <testcase classname="io.cucumber.testng.AbstractTestNGCucumberTests" name="runScenario" time="0.144">
    <failure type="java.lang.RuntimeException" message="Failed to find row for test case in Excel file: Admin logout">
      <![CDATA[java.lang.RuntimeException: Failed to find row for test case in Excel file: Admin logout
at utilities.CommonUtils.getCurrentRow(CommonUtils.java:40)
at requests.UserLoginRequests.createGenericRequest(UserLoginRequests.java:39)
at stepDefinitions.UserLoginSteps.admin_sets_authorization_and_creates_logout_request_for_user_login_module(UserLoginSteps.java:99)
at ✽.Admin sets authorization "Old Token" and creates logout request for userLoginModule(file:///Users/dineshdeshmukh/eclipse-workspace/Team05APISquadHackathon/src/test/resources/Feature/09Logout.feature:9)
]]>
    </failure>
  </testcase> <!-- runScenario -->
</testsuite> <!-- Default test -->
