<?xml version="1.0" encoding="UTF-8"?>
<!-- Generated by org.testng.reporters.JUnitXMLReporter -->
<testsuite ignored="0" hostname="Dineshs-MacBook-Pro.local" failures="1" tests="2" name="Default test" time="18.944" errors="0" timestamp="2026-01-16T17:21:45 EST">
  <testcase classname="io.cucumber.testng.AbstractTestNGCucumberTests" name="runScenario" time="13.936"/>
  <testcase classname="io.cucumber.testng.AbstractTestNGCucumberTests" name="runScenario" time="1.272">
    <failure type="java.lang.RuntimeException" message="Token1 is missing! Run Confirm Email scenario first.">
      <![CDATA[java.lang.RuntimeException: Token1 is missing! Run Confirm Email scenario first.
at utilities.TokenManager.getToken1(TokenManager.java:33)
at stepDefinitions.UserLoginSteps.admin_creates_reset_pwd(UserLoginSteps.java:88)
at ✽.Admin creates reset password request with "valid email and new password"(file:///Users/dineshdeshmukh/eclipse-workspace/Team05APISquadHackathon/src/test/resources/Feature/03UserForgotPassword.feature:27)
]]>
    </failure>
  </testcase> <!-- runScenario -->
</testsuite> <!-- Default test -->
