<?xml version="1.0" encoding="UTF-8"?>
<testng-results ignored="0" total="139" passed="4" failed="135" skipped="0">
  <reporter-output>
  </reporter-output>
  <suite started-at="2026-01-16T16:16:04 EST" name="Default suite" finished-at="2026-01-16T16:16:20 EST" duration-ms="16446">
    <groups>
      <group name="cucumber">
        <method signature="AbstractTestNGCucumberTests.runScenario(io.cucumber.testng.PickleWrapper,io.cucumber.testng.FeatureWrapper)[pri:0, instance:runner.TestRunner@560348e6]" name="runScenario" class="io.cucumber.testng.AbstractTestNGCucumberTests"/>
      </group> <!-- cucumber -->
    </groups>
    <test started-at="2026-01-16T16:16:04 EST" name="Default test" finished-at="2026-01-16T16:16:20 EST" duration-ms="16446">
      <class name="runner.TestRunner">
        <test-method is-config="true" signature="setUpClass(org.testng.ITestContext)[pri:0, instance:runner.TestRunner@560348e6]" started-at="2026-01-16T16:16:04 EST" name="setUpClass" finished-at="2026-01-16T16:16:04 EST" duration-ms="646" status="PASS">
          <params>
            <param index="0">
              <value>
                <![CDATA[org.testng.TestRunner@642334d6]]>
              </value>
            </param>
          </params>
          <reporter-output>
          </reporter-output>
        </test-method> <!-- setUpClass -->
        <test-method signature="runScenario(io.cucumber.testng.PickleWrapper,io.cucumber.testng.FeatureWrapper)[pri:0, instance:runner.TestRunner@560348e6]" started-at="2026-01-16T16:16:04 EST" name="runScenario" description="Runs Cucumber Scenarios" data-provider="scenarios" finished-at="2026-01-16T16:16:08 EST" duration-ms="4116" status="PASS">
          <params>
            <param index="0">
              <value>
                <![CDATA["Admin login token generation"]]>
              </value>
            </param>
            <param index="1">
              <value>
                <![CDATA["Admin Login Controller"]]>
              </value>
            </param>
          </params>
          <reporter-output>
          </reporter-output>
        </test-method> <!-- runScenario -->
        <test-method signature="runScenario(io.cucumber.testng.PickleWrapper,io.cucumber.testng.FeatureWrapper)[pri:0, instance:runner.TestRunner@560348e6]" started-at="2026-01-16T16:16:08 EST" name="runScenario" description="Runs Cucumber Scenarios" data-provider="scenarios" finished-at="2026-01-16T16:16:09 EST" duration-ms="617" status="FAIL">
          <params>
            <param index="0">
              <value>
                <![CDATA["Admin login token generation"]]>
              </value>
            </param>
            <param index="1">
              <value>
                <![CDATA["Admin Login Controller"]]>
              </value>
            </param>
          </params>
          <exception class="java.lang.AssertionError">
            <message>
              <![CDATA[Status Code Mismatch! expected [401] but found [405]]]>
            </message>
            <full-stacktrace>
              <![CDATA[java.lang.AssertionError: Status Code Mismatch! expected [401] but found [405]
at org.testng.Assert.fail(Assert.java:111)
at org.testng.Assert.failNotEquals(Assert.java:1590)
at org.testng.Assert.assertEqualsImpl(Assert.java:150)
at org.testng.Assert.assertEquals(Assert.java:132)
at org.testng.Assert.assertEquals(Assert.java:1431)
at org.testng.Assert.assertEquals(Assert.java:1395)
at stepDefinitions.UserLoginSteps.admin_validates_response(UserLoginSteps.java:35)
at ✽.Admin validates response(file:///Users/dineshdeshmukh/eclipse-workspace/Team05APISquadHackathon/src/test/resources/Feature/01UserLoginModule.feature:13)
]]>
            </full-stacktrace>
          </exception> <!-- java.lang.AssertionError -->
          <reporter-output>
          </reporter-output>
        </test-method> <!-- runScenario -->
        <test-method signature="runScenario(io.cucumber.testng.PickleWrapper,io.cucumber.testng.FeatureWrapper)[pri:0, instance:runner.TestRunner@560348e6]" started-at="2026-01-16T16:16:09 EST" name="runScenario" description="Runs Cucumber Scenarios" data-provider="scenarios" finished-at="2026-01-16T16:16:10 EST" duration-ms="641" status="FAIL">
          <params>
            <param index="0">
              <value>
                <![CDATA["Admin login token generation"]]>
              </value>
            </param>
            <param index="1">
              <value>
                <![CDATA["Admin Login Controller"]]>
              </value>
            </param>
          </params>
          <exception class="java.lang.AssertionError">
            <message>
              <![CDATA[Status Code Mismatch! expected [401] but found [400]]]>
            </message>
            <full-stacktrace>
              <![CDATA[java.lang.AssertionError: Status Code Mismatch! expected [401] but found [400]
at org.testng.Assert.fail(Assert.java:111)
at org.testng.Assert.failNotEquals(Assert.java:1590)
at org.testng.Assert.assertEqualsImpl(Assert.java:150)
at org.testng.Assert.assertEquals(Assert.java:132)
at org.testng.Assert.assertEquals(Assert.java:1431)
at org.testng.Assert.assertEquals(Assert.java:1395)
at stepDefinitions.UserLoginSteps.admin_validates_response(UserLoginSteps.java:35)
at ✽.Admin validates response(file:///Users/dineshdeshmukh/eclipse-workspace/Team05APISquadHackathon/src/test/resources/Feature/01UserLoginModule.feature:13)
]]>
            </full-stacktrace>
          </exception> <!-- java.lang.AssertionError -->
          <reporter-output>
          </reporter-output>
        </test-method> <!-- runScenario -->
        <test-method signature="runScenario(io.cucumber.testng.PickleWrapper,io.cucumber.testng.FeatureWrapper)[pri:0, instance:runner.TestRunner@560348e6]" started-at="2026-01-16T16:16:10 EST" name="runScenario" description="Runs Cucumber Scenarios" data-provider="scenarios" finished-at="2026-01-16T16:16:10 EST" duration-ms="639" status="FAIL">
          <params>
            <param index="0">
              <value>
                <![CDATA["Admin login token generation"]]>
              </value>
            </param>
            <param index="1">
              <value>
                <![CDATA["Admin Login Controller"]]>
              </value>
            </param>
          </params>
          <exception class="java.lang.AssertionError">
            <message>
              <![CDATA[Status Code Mismatch! expected [401] but found [400]]]>
            </message>
            <full-stacktrace>
              <![CDATA[java.lang.AssertionError: Status Code Mismatch! expected [401] but found [400]
at org.testng.Assert.fail(Assert.java:111)
at org.testng.Assert.failNotEquals(Assert.java:1590)
at org.testng.Assert.assertEqualsImpl(Assert.java:150)
at org.testng.Assert.assertEquals(Assert.java:132)
at org.testng.Assert.assertEquals(Assert.java:1431)
at org.testng.Assert.assertEquals(Assert.java:1395)
at stepDefinitions.UserLoginSteps.admin_validates_response(UserLoginSteps.java:35)
at ✽.Admin validates response(file:///Users/dineshdeshmukh/eclipse-workspace/Team05APISquadHackathon/src/test/resources/Feature/01UserLoginModule.feature:13)
]]>
            </full-stacktrace>
          </exception> <!-- java.lang.AssertionError -->
          <reporter-output>
          </reporter-output>
        </test-method> <!-- runScenario -->
        <test-method signature="runScenario(io.cucumber.testng.PickleWrapper,io.cucumber.testng.FeatureWrapper)[pri:0, instance:runner.TestRunner@560348e6]" started-at="2026-01-16T16:16:10 EST" name="runScenario" description="Runs Cucumber Scenarios" data-provider="scenarios" finished-at="2026-01-16T16:16:11 EST" duration-ms="533" status="FAIL">
          <params>
            <param index="0">
              <value>
                <![CDATA["Admin login token generation"]]>
              </value>
            </param>
            <param index="1">
              <value>
                <![CDATA["Admin Login Controller"]]>
              </value>
            </param>
          </params>
          <exception class="java.lang.RuntimeException">
            <message>
              <![CDATA[StatusCode is missing in Excel for scenario: numbers in email]]>
            </message>
            <full-stacktrace>
              <![CDATA[java.lang.RuntimeException: StatusCode is missing in Excel for scenario: numbers in email
at requests.UserLoginRequests.getStatusCode(UserLoginRequests.java:127)
at stepDefinitions.UserLoginSteps.admin_validates_response(UserLoginSteps.java:34)
at ✽.Admin validates response(file:///Users/dineshdeshmukh/eclipse-workspace/Team05APISquadHackathon/src/test/resources/Feature/01UserLoginModule.feature:13)
]]>
            </full-stacktrace>
          </exception> <!-- java.lang.RuntimeException -->
          <reporter-output>
          </reporter-output>
        </test-method> <!-- runScenario -->
        <test-method signature="runScenario(io.cucumber.testng.PickleWrapper,io.cucumber.testng.FeatureWrapper)[pri:0, instance:runner.TestRunner@560348e6]" started-at="2026-01-16T16:16:11 EST" name="runScenario" description="Runs Cucumber Scenarios" data-provider="scenarios" finished-at="2026-01-16T16:16:11 EST" duration-ms="503" status="FAIL">
          <params>
            <param index="0">
              <value>
                <![CDATA["Admin login token generation"]]>
              </value>
            </param>
            <param index="1">
              <value>
                <![CDATA["Admin Login Controller"]]>
              </value>
            </param>
          </params>
          <exception class="java.lang.AssertionError">
            <message>
              <![CDATA[Status Code Mismatch! expected [401] but found [400]]]>
            </message>
            <full-stacktrace>
              <![CDATA[java.lang.AssertionError: Status Code Mismatch! expected [401] but found [400]
at org.testng.Assert.fail(Assert.java:111)
at org.testng.Assert.failNotEquals(Assert.java:1590)
at org.testng.Assert.assertEqualsImpl(Assert.java:150)
at org.testng.Assert.assertEquals(Assert.java:132)
at org.testng.Assert.assertEquals(Assert.java:1431)
at org.testng.Assert.assertEquals(Assert.java:1395)
at stepDefinitions.UserLoginSteps.admin_validates_response(UserLoginSteps.java:35)
at ✽.Admin validates response(file:///Users/dineshdeshmukh/eclipse-workspace/Team05APISquadHackathon/src/test/resources/Feature/01UserLoginModule.feature:13)
]]>
            </full-stacktrace>
          </exception> <!-- java.lang.AssertionError -->
          <reporter-output>
          </reporter-output>
        </test-method> <!-- runScenario -->
        <test-method signature="runScenario(io.cucumber.testng.PickleWrapper,io.cucumber.testng.FeatureWrapper)[pri:0, instance:runner.TestRunner@560348e6]" started-at="2026-01-16T16:16:11 EST" name="runScenario" description="Runs Cucumber Scenarios" data-provider="scenarios" finished-at="2026-01-16T16:16:12 EST" duration-ms="540" status="FAIL">
          <params>
            <param index="0">
              <value>
                <![CDATA["Admin login token generation"]]>
              </value>
            </param>
            <param index="1">
              <value>
                <![CDATA["Admin Login Controller"]]>
              </value>
            </param>
          </params>
          <exception class="java.lang.AssertionError">
            <message>
              <![CDATA[Status Code Mismatch! expected [401] but found [400]]]>
            </message>
            <full-stacktrace>
              <![CDATA[java.lang.AssertionError: Status Code Mismatch! expected [401] but found [400]
at org.testng.Assert.fail(Assert.java:111)
at org.testng.Assert.failNotEquals(Assert.java:1590)
at org.testng.Assert.assertEqualsImpl(Assert.java:150)
at org.testng.Assert.assertEquals(Assert.java:132)
at org.testng.Assert.assertEquals(Assert.java:1431)
at org.testng.Assert.assertEquals(Assert.java:1395)
at stepDefinitions.UserLoginSteps.admin_validates_response(UserLoginSteps.java:35)
at ✽.Admin validates response(file:///Users/dineshdeshmukh/eclipse-workspace/Team05APISquadHackathon/src/test/resources/Feature/01UserLoginModule.feature:13)
]]>
            </full-stacktrace>
          </exception> <!-- java.lang.AssertionError -->
          <reporter-output>
          </reporter-output>
        </test-method> <!-- runScenario -->
        <test-method signature="runScenario(io.cucumber.testng.PickleWrapper,io.cucumber.testng.FeatureWrapper)[pri:0, instance:runner.TestRunner@560348e6]" started-at="2026-01-16T16:16:12 EST" name="runScenario" description="Runs Cucumber Scenarios" data-provider="scenarios" finished-at="2026-01-16T16:16:12 EST" duration-ms="523" status="FAIL">
          <params>
            <param index="0">
              <value>
                <![CDATA["Admin login token generation"]]>
              </value>
            </param>
            <param index="1">
              <value>
                <![CDATA["Admin Login Controller"]]>
              </value>
            </param>
          </params>
          <exception class="java.lang.AssertionError">
            <message>
              <![CDATA[Status Code Mismatch! expected [401] but found [400]]]>
            </message>
            <full-stacktrace>
              <![CDATA[java.lang.AssertionError: Status Code Mismatch! expected [401] but found [400]
at org.testng.Assert.fail(Assert.java:111)
at org.testng.Assert.failNotEquals(Assert.java:1590)
at org.testng.Assert.assertEqualsImpl(Assert.java:150)
at org.testng.Assert.assertEquals(Assert.java:132)
at org.testng.Assert.assertEquals(Assert.java:1431)
at org.testng.Assert.assertEquals(Assert.java:1395)
at stepDefinitions.UserLoginSteps.admin_validates_response(UserLoginSteps.java:35)
at ✽.Admin validates response(file:///Users/dineshdeshmukh/eclipse-workspace/Team05APISquadHackathon/src/test/resources/Feature/01UserLoginModule.feature:13)
]]>
            </full-stacktrace>
          </exception> <!-- java.lang.AssertionError -->
          <reporter-output>
          </reporter-output>
        </test-method> <!-- runScenario -->
        <test-method signature="runScenario(io.cucumber.testng.PickleWrapper,io.cucumber.testng.FeatureWrapper)[pri:0, instance:runner.TestRunner@560348e6]" started-at="2026-01-16T16:16:12 EST" name="runScenario" description="Runs Cucumber Scenarios" data-provider="scenarios" finished-at="2026-01-16T16:16:13 EST" duration-ms="345" status="PASS">
          <params>
            <param index="0">
              <value>
                <![CDATA["Admin login token generation"]]>
              </value>
            </param>
            <param index="1">
              <value>
                <![CDATA["Admin Login Controller"]]>
              </value>
            </param>
          </params>
          <reporter-output>
          </reporter-output>
        </test-method> <!-- runScenario -->
        <test-method signature="runScenario(io.cucumber.testng.PickleWrapper,io.cucumber.testng.FeatureWrapper)[pri:0, instance:runner.TestRunner@560348e6]" started-at="2026-01-16T16:16:13 EST" name="runScenario" description="Runs Cucumber Scenarios" data-provider="scenarios" finished-at="2026-01-16T16:16:13 EST" duration-ms="473" status="FAIL">
          <params>
            <param index="0">
              <value>
                <![CDATA["Admin login token generation"]]>
              </value>
            </param>
            <param index="1">
              <value>
                <![CDATA["Admin Login Controller"]]>
              </value>
            </param>
          </params>
          <exception class="io.restassured.path.json.exception.JsonPathException">
            <message>
              <![CDATA[Failed to parse the JSON document]]>
            </message>
            <full-stacktrace>
              <![CDATA[io.restassured.path.json.exception.JsonPathException: Failed to parse the JSON document
at io.restassured.path.json.JsonPath$ExceptionCatcher.invoke(JsonPath.java:1002)
at io.restassured.path.json.JsonPath$4.doParseWith(JsonPath.java:967)
at io.restassured.path.json.JsonPath$JsonParser.parseWith(JsonPath.java:1047)
at io.restassured.path.json.JsonPath.get(JsonPath.java:202)
at io.restassured.path.json.JsonPath.getString(JsonPath.java:352)
at utilities.CommonUtils.validateResponseMessage(CommonUtils.java:91)
at stepDefinitions.UserLoginSteps.admin_validates_response(UserLoginSteps.java:40)
at ✽.Admin validates response(file:///Users/dineshdeshmukh/eclipse-workspace/Team05APISquadHackathon/src/test/resources/Feature/01UserLoginModule.feature:13)
Caused by: java.lang.IllegalArgumentException: The JSON input text should neither be null nor empty.
at java.base/jdk.internal.reflect.DirectConstructorHandleAccessor.newInstance(DirectConstructorHandleAccessor.java:62)
at java.base/java.lang.reflect.Constructor.newInstanceWithCaller(Constructor.java:501)
at java.base/java.lang.reflect.Constructor.newInstance(Constructor.java:485)
at org.codehaus.groovy.reflection.CachedConstructor.invoke(CachedConstructor.java:73)
at org.codehaus.groovy.runtime.callsite.ConstructorSite$ConstructorSiteNoUnwrapNoCoerce.callConstructor(ConstructorSite.java:108)
at org.codehaus.groovy.runtime.callsite.CallSiteArray.defaultCallConstructor(CallSiteArray.java:57)
at org.codehaus.groovy.runtime.callsite.AbstractCallSite.callConstructor(AbstractCallSite.java:263)
at org.codehaus.groovy.runtime.callsite.AbstractCallSite.callConstructor(AbstractCallSite.java:277)
at io.restassured.internal.path.json.ConfigurableJsonSlurper.parseText(ConfigurableJsonSlurper.groovy:80)
at io.restassured.path.json.JsonPath$4$1.method(JsonPath.java:965)
at io.restassured.path.json.JsonPath$ExceptionCatcher.invoke(JsonPath.java:1000)
... 7 more
]]>
            </full-stacktrace>
          </exception> <!-- io.restassured.path.json.exception.JsonPathException -->
          <reporter-output>
          </reporter-output>
        </test-method> <!-- runScenario -->
        <test-method signature="runScenario(io.cucumber.testng.PickleWrapper,io.cucumber.testng.FeatureWrapper)[pri:0, instance:runner.TestRunner@560348e6]" started-at="2026-01-16T16:16:13 EST" name="runScenario" description="Runs Cucumber Scenarios" data-provider="scenarios" finished-at="2026-01-16T16:16:14 EST" duration-ms="551" status="FAIL">
          <params>
            <param index="0">
              <value>
                <![CDATA["Admin login token generation"]]>
              </value>
            </param>
            <param index="1">
              <value>
                <![CDATA["Admin Login Controller"]]>
              </value>
            </param>
          </params>
          <exception class="java.lang.AssertionError">
            <message>
              <![CDATA[Status Code Mismatch! expected [400] but found [401]]]>
            </message>
            <full-stacktrace>
              <![CDATA[java.lang.AssertionError: Status Code Mismatch! expected [400] but found [401]
at org.testng.Assert.fail(Assert.java:111)
at org.testng.Assert.failNotEquals(Assert.java:1590)
at org.testng.Assert.assertEqualsImpl(Assert.java:150)
at org.testng.Assert.assertEquals(Assert.java:132)
at org.testng.Assert.assertEquals(Assert.java:1431)
at org.testng.Assert.assertEquals(Assert.java:1395)
at stepDefinitions.UserLoginSteps.admin_validates_response(UserLoginSteps.java:35)
at ✽.Admin validates response(file:///Users/dineshdeshmukh/eclipse-workspace/Team05APISquadHackathon/src/test/resources/Feature/01UserLoginModule.feature:13)
]]>
            </full-stacktrace>
          </exception> <!-- java.lang.AssertionError -->
          <reporter-output>
          </reporter-output>
        </test-method> <!-- runScenario -->
        <test-method signature="runScenario(io.cucumber.testng.PickleWrapper,io.cucumber.testng.FeatureWrapper)[pri:0, instance:runner.TestRunner@560348e6]" started-at="2026-01-16T16:16:14 EST" name="runScenario" description="Runs Cucumber Scenarios" data-provider="scenarios" finished-at="2026-01-16T16:16:14 EST" duration-ms="551" status="FAIL">
          <params>
            <param index="0">
              <value>
                <![CDATA["Admin login token generation"]]>
              </value>
            </param>
            <param index="1">
              <value>
                <![CDATA["Admin Login Controller"]]>
              </value>
            </param>
          </params>
          <exception class="java.lang.AssertionError">
            <message>
              <![CDATA[Status Code Mismatch! expected [415] but found [401]]]>
            </message>
            <full-stacktrace>
              <![CDATA[java.lang.AssertionError: Status Code Mismatch! expected [415] but found [401]
at org.testng.Assert.fail(Assert.java:111)
at org.testng.Assert.failNotEquals(Assert.java:1590)
at org.testng.Assert.assertEqualsImpl(Assert.java:150)
at org.testng.Assert.assertEquals(Assert.java:132)
at org.testng.Assert.assertEquals(Assert.java:1431)
at org.testng.Assert.assertEquals(Assert.java:1395)
at stepDefinitions.UserLoginSteps.admin_validates_response(UserLoginSteps.java:35)
at ✽.Admin validates response(file:///Users/dineshdeshmukh/eclipse-workspace/Team05APISquadHackathon/src/test/resources/Feature/01UserLoginModule.feature:13)
]]>
            </full-stacktrace>
          </exception> <!-- java.lang.AssertionError -->
          <reporter-output>
          </reporter-output>
        </test-method> <!-- runScenario -->
        <test-method signature="runScenario(io.cucumber.testng.PickleWrapper,io.cucumber.testng.FeatureWrapper)[pri:0, instance:runner.TestRunner@560348e6]" started-at="2026-01-16T16:16:14 EST" name="runScenario" description="Runs Cucumber Scenarios" data-provider="scenarios" finished-at="2026-01-16T16:16:15 EST" duration-ms="484" status="PASS">
          <params>
            <param index="0">
              <value>
                <![CDATA["Admin login token generation"]]>
              </value>
            </param>
            <param index="1">
              <value>
                <![CDATA["Admin Login Controller"]]>
              </value>
            </param>
          </params>
          <reporter-output>
          </reporter-output>
        </test-method> <!-- runScenario -->
        <test-method signature="runScenario(io.cucumber.testng.PickleWrapper,io.cucumber.testng.FeatureWrapper)[pri:0, instance:runner.TestRunner@560348e6]" started-at="2026-01-16T16:16:15 EST" name="runScenario" description="Runs Cucumber Scenarios" data-provider="scenarios" finished-at="2026-01-16T16:16:15 EST" duration-ms="24" status="FAIL">
          <params>
            <param index="0">
              <value>
                <![CDATA["Check if admin is able to create user with valid/invalid details"]]>
              </value>
            </param>
            <param index="1">
              <value>
                <![CDATA["User Module1 [Post Operation]"]]>
              </value>
            </param>
          </params>
          <exception class="java.lang.RuntimeException">
            <message>
              <![CDATA[Login Token is missing!]]>
            </message>
            <full-stacktrace>
              <![CDATA[java.lang.RuntimeException: Login Token is missing!
at utilities.TokenManager.getToken(TokenManager.java:20)
at requests.UserRequest.setAuth(UserRequest.java:36)
at stepDefinitions.UserModuleSteps1.admin_sets_bearer_token(UserModuleSteps1.java:30)
at ✽.Admin sets Bearer token(file:///Users/dineshdeshmukh/eclipse-workspace/Team05APISquadHackathon/src/test/resources/Feature/02UserModule1Create.feature:5)
]]>
            </full-stacktrace>
          </exception> <!-- java.lang.RuntimeException -->
          <reporter-output>
          </reporter-output>
        </test-method> <!-- runScenario -->
        <test-method signature="runScenario(io.cucumber.testng.PickleWrapper,io.cucumber.testng.FeatureWrapper)[pri:0, instance:runner.TestRunner@560348e6]" started-at="2026-01-16T16:16:15 EST" name="runScenario" description="Runs Cucumber Scenarios" data-provider="scenarios" finished-at="2026-01-16T16:16:15 EST" duration-ms="12" status="FAIL">
          <params>
            <param index="0">
              <value>
                <![CDATA["Check if admin able to retrieve all users with valid/invalid Endpoints"]]>
              </value>
            </param>
            <param index="1">
              <value>
                <![CDATA["User Module1 [Post Operation]"]]>
              </value>
            </param>
          </params>
          <exception class="java.lang.RuntimeException">
            <message>
              <![CDATA[Login Token is missing!]]>
            </message>
            <full-stacktrace>
              <![CDATA[java.lang.RuntimeException: Login Token is missing!
at utilities.TokenManager.getToken(TokenManager.java:20)
at requests.UserRequest.setAuth(UserRequest.java:36)
at stepDefinitions.UserModuleSteps1.admin_sets_bearer_token(UserModuleSteps1.java:30)
at ✽.Admin sets Bearer token(file:///Users/dineshdeshmukh/eclipse-workspace/Team05APISquadHackathon/src/test/resources/Feature/02UserModule1Create.feature:5)
]]>
            </full-stacktrace>
          </exception> <!-- java.lang.RuntimeException -->
          <reporter-output>
          </reporter-output>
        </test-method> <!-- runScenario -->
        <test-method signature="runScenario(io.cucumber.testng.PickleWrapper,io.cucumber.testng.FeatureWrapper)[pri:0, instance:runner.TestRunner@560348e6]" started-at="2026-01-16T16:16:15 EST" name="runScenario" description="Runs Cucumber Scenarios" data-provider="scenarios" finished-at="2026-01-16T16:16:15 EST" duration-ms="17" status="FAIL">
          <params>
            <param index="0">
              <value>
                <![CDATA["Check if admin able to retrieve active users with valid/invalid Endpoints"]]>
              </value>
            </param>
            <param index="1">
              <value>
                <![CDATA["User Module1 [Post Operation]"]]>
              </value>
            </param>
          </params>
          <exception class="java.lang.RuntimeException">
            <message>
              <![CDATA[Login Token is missing!]]>
            </message>
            <full-stacktrace>
              <![CDATA[java.lang.RuntimeException: Login Token is missing!
at utilities.TokenManager.getToken(TokenManager.java:20)
at requests.UserRequest.setAuth(UserRequest.java:36)
at stepDefinitions.UserModuleSteps1.admin_sets_bearer_token(UserModuleSteps1.java:30)
at ✽.Admin sets Bearer token(file:///Users/dineshdeshmukh/eclipse-workspace/Team05APISquadHackathon/src/test/resources/Feature/02UserModule1Create.feature:5)
]]>
            </full-stacktrace>
          </exception> <!-- java.lang.RuntimeException -->
          <reporter-output>
          </reporter-output>
        </test-method> <!-- runScenario -->
        <test-method signature="runScenario(io.cucumber.testng.PickleWrapper,io.cucumber.testng.FeatureWrapper)[pri:0, instance:runner.TestRunner@560348e6]" started-at="2026-01-16T16:16:15 EST" name="runScenario" description="Runs Cucumber Scenarios" data-provider="scenarios" finished-at="2026-01-16T16:16:15 EST" duration-ms="12" status="FAIL">
          <params>
            <param index="0">
              <value>
                <![CDATA["Check if admin able to retrieve active users with valid/invalid Endpoints"]]>
              </value>
            </param>
            <param index="1">
              <value>
                <![CDATA["User Module1 [Post Operation]"]]>
              </value>
            </param>
          </params>
          <exception class="java.lang.RuntimeException">
            <message>
              <![CDATA[Login Token is missing!]]>
            </message>
            <full-stacktrace>
              <![CDATA[java.lang.RuntimeException: Login Token is missing!
at utilities.TokenManager.getToken(TokenManager.java:20)
at requests.UserRequest.setAuth(UserRequest.java:36)
at stepDefinitions.UserModuleSteps1.admin_sets_bearer_token(UserModuleSteps1.java:30)
at ✽.Admin sets Bearer token(file:///Users/dineshdeshmukh/eclipse-workspace/Team05APISquadHackathon/src/test/resources/Feature/02UserModule1Create.feature:5)
]]>
            </full-stacktrace>
          </exception> <!-- java.lang.RuntimeException -->
          <reporter-output>
          </reporter-output>
        </test-method> <!-- runScenario -->
        <test-method signature="runScenario(io.cucumber.testng.PickleWrapper,io.cucumber.testng.FeatureWrapper)[pri:0, instance:runner.TestRunner@560348e6]" started-at="2026-01-16T16:16:15 EST" name="runScenario" description="Runs Cucumber Scenarios" data-provider="scenarios" finished-at="2026-01-16T16:16:15 EST" duration-ms="10" status="FAIL">
          <params>
            <param index="0">
              <value>
                <![CDATA["Check if admin able to retrieve active users with valid/invalid Endpoints"]]>
              </value>
            </param>
            <param index="1">
              <value>
                <![CDATA["User Module1 [Post Operation]"]]>
              </value>
            </param>
          </params>
          <exception class="java.lang.RuntimeException">
            <message>
              <![CDATA[Login Token is missing!]]>
            </message>
            <full-stacktrace>
              <![CDATA[java.lang.RuntimeException: Login Token is missing!
at utilities.TokenManager.getToken(TokenManager.java:20)
at requests.UserRequest.setAuth(UserRequest.java:36)
at stepDefinitions.UserModuleSteps1.admin_sets_bearer_token(UserModuleSteps1.java:30)
at ✽.Admin sets Bearer token(file:///Users/dineshdeshmukh/eclipse-workspace/Team05APISquadHackathon/src/test/resources/Feature/02UserModule1Create.feature:5)
]]>
            </full-stacktrace>
          </exception> <!-- java.lang.RuntimeException -->
          <reporter-output>
          </reporter-output>
        </test-method> <!-- runScenario -->
        <test-method signature="runScenario(io.cucumber.testng.PickleWrapper,io.cucumber.testng.FeatureWrapper)[pri:0, instance:runner.TestRunner@560348e6]" started-at="2026-01-16T16:16:15 EST" name="runScenario" description="Runs Cucumber Scenarios" data-provider="scenarios" finished-at="2026-01-16T16:16:15 EST" duration-ms="11" status="FAIL">
          <params>
            <param index="0">
              <value>
                <![CDATA["Check if admin able to retrieve user by ID with valid/invalid details"]]>
              </value>
            </param>
            <param index="1">
              <value>
                <![CDATA["User Module1 [Post Operation]"]]>
              </value>
            </param>
          </params>
          <exception class="java.lang.RuntimeException">
            <message>
              <![CDATA[Login Token is missing!]]>
            </message>
            <full-stacktrace>
              <![CDATA[java.lang.RuntimeException: Login Token is missing!
at utilities.TokenManager.getToken(TokenManager.java:20)
at requests.UserRequest.setAuth(UserRequest.java:36)
at stepDefinitions.UserModuleSteps1.admin_sets_bearer_token(UserModuleSteps1.java:30)
at ✽.Admin sets Bearer token(file:///Users/dineshdeshmukh/eclipse-workspace/Team05APISquadHackathon/src/test/resources/Feature/02UserModule1Create.feature:5)
]]>
            </full-stacktrace>
          </exception> <!-- java.lang.RuntimeException -->
          <reporter-output>
          </reporter-output>
        </test-method> <!-- runScenario -->
        <test-method signature="runScenario(io.cucumber.testng.PickleWrapper,io.cucumber.testng.FeatureWrapper)[pri:0, instance:runner.TestRunner@560348e6]" started-at="2026-01-16T16:16:15 EST" name="runScenario" description="Runs Cucumber Scenarios" data-provider="scenarios" finished-at="2026-01-16T16:16:15 EST" duration-ms="14" status="FAIL">
          <params>
            <param index="0">
              <value>
                <![CDATA["Check if admin able to retrieve user by ID with valid/invalid details"]]>
              </value>
            </param>
            <param index="1">
              <value>
                <![CDATA["User Module1 [Post Operation]"]]>
              </value>
            </param>
          </params>
          <exception class="java.lang.RuntimeException">
            <message>
              <![CDATA[Login Token is missing!]]>
            </message>
            <full-stacktrace>
              <![CDATA[java.lang.RuntimeException: Login Token is missing!
at utilities.TokenManager.getToken(TokenManager.java:20)
at requests.UserRequest.setAuth(UserRequest.java:36)
at stepDefinitions.UserModuleSteps1.admin_sets_bearer_token(UserModuleSteps1.java:30)
at ✽.Admin sets Bearer token(file:///Users/dineshdeshmukh/eclipse-workspace/Team05APISquadHackathon/src/test/resources/Feature/02UserModule1Create.feature:5)
]]>
            </full-stacktrace>
          </exception> <!-- java.lang.RuntimeException -->
          <reporter-output>
          </reporter-output>
        </test-method> <!-- runScenario -->
        <test-method signature="runScenario(io.cucumber.testng.PickleWrapper,io.cucumber.testng.FeatureWrapper)[pri:0, instance:runner.TestRunner@560348e6]" started-at="2026-01-16T16:16:15 EST" name="runScenario" description="Runs Cucumber Scenarios" data-provider="scenarios" finished-at="2026-01-16T16:16:15 EST" duration-ms="10" status="FAIL">
          <params>
            <param index="0">
              <value>
                <![CDATA["Check if admin able to retrieve user by ID with valid/invalid details"]]>
              </value>
            </param>
            <param index="1">
              <value>
                <![CDATA["User Module1 [Post Operation]"]]>
              </value>
            </param>
          </params>
          <exception class="java.lang.RuntimeException">
            <message>
              <![CDATA[Login Token is missing!]]>
            </message>
            <full-stacktrace>
              <![CDATA[java.lang.RuntimeException: Login Token is missing!
at utilities.TokenManager.getToken(TokenManager.java:20)
at requests.UserRequest.setAuth(UserRequest.java:36)
at stepDefinitions.UserModuleSteps1.admin_sets_bearer_token(UserModuleSteps1.java:30)
at ✽.Admin sets Bearer token(file:///Users/dineshdeshmukh/eclipse-workspace/Team05APISquadHackathon/src/test/resources/Feature/02UserModule1Create.feature:5)
]]>
            </full-stacktrace>
          </exception> <!-- java.lang.RuntimeException -->
          <reporter-output>
          </reporter-output>
        </test-method> <!-- runScenario -->
        <test-method signature="runScenario(io.cucumber.testng.PickleWrapper,io.cucumber.testng.FeatureWrapper)[pri:0, instance:runner.TestRunner@560348e6]" started-at="2026-01-16T16:16:15 EST" name="runScenario" description="Runs Cucumber Scenarios" data-provider="scenarios" finished-at="2026-01-16T16:16:15 EST" duration-ms="12" status="FAIL">
          <params>
            <param index="0">
              <value>
                <![CDATA["Check if admin able to retrieve user by ID with valid/invalid details"]]>
              </value>
            </param>
            <param index="1">
              <value>
                <![CDATA["User Module1 [Post Operation]"]]>
              </value>
            </param>
          </params>
          <exception class="java.lang.RuntimeException">
            <message>
              <![CDATA[Login Token is missing!]]>
            </message>
            <full-stacktrace>
              <![CDATA[java.lang.RuntimeException: Login Token is missing!
at utilities.TokenManager.getToken(TokenManager.java:20)
at requests.UserRequest.setAuth(UserRequest.java:36)
at stepDefinitions.UserModuleSteps1.admin_sets_bearer_token(UserModuleSteps1.java:30)
at ✽.Admin sets Bearer token(file:///Users/dineshdeshmukh/eclipse-workspace/Team05APISquadHackathon/src/test/resources/Feature/02UserModule1Create.feature:5)
]]>
            </full-stacktrace>
          </exception> <!-- java.lang.RuntimeException -->
          <reporter-output>
          </reporter-output>
        </test-method> <!-- runScenario -->
        <test-method signature="runScenario(io.cucumber.testng.PickleWrapper,io.cucumber.testng.FeatureWrapper)[pri:0, instance:runner.TestRunner@560348e6]" started-at="2026-01-16T16:16:15 EST" name="runScenario" description="Runs Cucumber Scenarios" data-provider="scenarios" finished-at="2026-01-16T16:16:15 EST" duration-ms="10" status="FAIL">
          <params>
            <param index="0">
              <value>
                <![CDATA["Check if admin able to retrieve all roles"]]>
              </value>
            </param>
            <param index="1">
              <value>
                <![CDATA["User Module1 [Post Operation]"]]>
              </value>
            </param>
          </params>
          <exception class="java.lang.RuntimeException">
            <message>
              <![CDATA[Login Token is missing!]]>
            </message>
            <full-stacktrace>
              <![CDATA[java.lang.RuntimeException: Login Token is missing!
at utilities.TokenManager.getToken(TokenManager.java:20)
at requests.UserRequest.setAuth(UserRequest.java:36)
at stepDefinitions.UserModuleSteps1.admin_sets_bearer_token(UserModuleSteps1.java:30)
at ✽.Admin sets Bearer token(file:///Users/dineshdeshmukh/eclipse-workspace/Team05APISquadHackathon/src/test/resources/Feature/02UserModule1Create.feature:5)
]]>
            </full-stacktrace>
          </exception> <!-- java.lang.RuntimeException -->
          <reporter-output>
          </reporter-output>
        </test-method> <!-- runScenario -->
        <test-method signature="runScenario(io.cucumber.testng.PickleWrapper,io.cucumber.testng.FeatureWrapper)[pri:0, instance:runner.TestRunner@560348e6]" started-at="2026-01-16T16:16:15 EST" name="runScenario" description="Runs Cucumber Scenarios" data-provider="scenarios" finished-at="2026-01-16T16:16:15 EST" duration-ms="16" status="FAIL">
          <params>
            <param index="0">
              <value>
                <![CDATA["Check if admin able to retrieve all roles"]]>
              </value>
            </param>
            <param index="1">
              <value>
                <![CDATA["User Module1 [Post Operation]"]]>
              </value>
            </param>
          </params>
          <exception class="java.lang.RuntimeException">
            <message>
              <![CDATA[Login Token is missing!]]>
            </message>
            <full-stacktrace>
              <![CDATA[java.lang.RuntimeException: Login Token is missing!
at utilities.TokenManager.getToken(TokenManager.java:20)
at requests.UserRequest.setAuth(UserRequest.java:36)
at stepDefinitions.UserModuleSteps1.admin_sets_bearer_token(UserModuleSteps1.java:30)
at ✽.Admin sets Bearer token(file:///Users/dineshdeshmukh/eclipse-workspace/Team05APISquadHackathon/src/test/resources/Feature/02UserModule1Create.feature:5)
]]>
            </full-stacktrace>
          </exception> <!-- java.lang.RuntimeException -->
          <reporter-output>
          </reporter-output>
        </test-method> <!-- runScenario -->
        <test-method signature="runScenario(io.cucumber.testng.PickleWrapper,io.cucumber.testng.FeatureWrapper)[pri:0, instance:runner.TestRunner@560348e6]" started-at="2026-01-16T16:16:15 EST" name="runScenario" description="Runs Cucumber Scenarios" data-provider="scenarios" finished-at="2026-01-16T16:16:15 EST" duration-ms="10" status="FAIL">
          <params>
            <param index="0">
              <value>
                <![CDATA["Check if admin able to retrieve user counts by status/role"]]>
              </value>
            </param>
            <param index="1">
              <value>
                <![CDATA["User Module1 [Post Operation]"]]>
              </value>
            </param>
          </params>
          <exception class="java.lang.RuntimeException">
            <message>
              <![CDATA[Login Token is missing!]]>
            </message>
            <full-stacktrace>
              <![CDATA[java.lang.RuntimeException: Login Token is missing!
at utilities.TokenManager.getToken(TokenManager.java:20)
at requests.UserRequest.setAuth(UserRequest.java:36)
at stepDefinitions.UserModuleSteps1.admin_sets_bearer_token(UserModuleSteps1.java:30)
at ✽.Admin sets Bearer token(file:///Users/dineshdeshmukh/eclipse-workspace/Team05APISquadHackathon/src/test/resources/Feature/02UserModule1Create.feature:5)
]]>
            </full-stacktrace>
          </exception> <!-- java.lang.RuntimeException -->
          <reporter-output>
          </reporter-output>
        </test-method> <!-- runScenario -->
        <test-method signature="runScenario(io.cucumber.testng.PickleWrapper,io.cucumber.testng.FeatureWrapper)[pri:0, instance:runner.TestRunner@560348e6]" started-at="2026-01-16T16:16:15 EST" name="runScenario" description="Runs Cucumber Scenarios" data-provider="scenarios" finished-at="2026-01-16T16:16:15 EST" duration-ms="9" status="FAIL">
          <params>
            <param index="0">
              <value>
                <![CDATA["Check if admin able to retrieve user counts by status/role"]]>
              </value>
            </param>
            <param index="1">
              <value>
                <![CDATA["User Module1 [Post Operation]"]]>
              </value>
            </param>
          </params>
          <exception class="java.lang.RuntimeException">
            <message>
              <![CDATA[Login Token is missing!]]>
            </message>
            <full-stacktrace>
              <![CDATA[java.lang.RuntimeException: Login Token is missing!
at utilities.TokenManager.getToken(TokenManager.java:20)
at requests.UserRequest.setAuth(UserRequest.java:36)
at stepDefinitions.UserModuleSteps1.admin_sets_bearer_token(UserModuleSteps1.java:30)
at ✽.Admin sets Bearer token(file:///Users/dineshdeshmukh/eclipse-workspace/Team05APISquadHackathon/src/test/resources/Feature/02UserModule1Create.feature:5)
]]>
            </full-stacktrace>
          </exception> <!-- java.lang.RuntimeException -->
          <reporter-output>
          </reporter-output>
        </test-method> <!-- runScenario -->
        <test-method signature="runScenario(io.cucumber.testng.PickleWrapper,io.cucumber.testng.FeatureWrapper)[pri:0, instance:runner.TestRunner@560348e6]" started-at="2026-01-16T16:16:15 EST" name="runScenario" description="Runs Cucumber Scenarios" data-provider="scenarios" finished-at="2026-01-16T16:16:15 EST" duration-ms="10" status="FAIL">
          <params>
            <param index="0">
              <value>
                <![CDATA["Check if admin able to retrieve user counts by status/role"]]>
              </value>
            </param>
            <param index="1">
              <value>
                <![CDATA["User Module1 [Post Operation]"]]>
              </value>
            </param>
          </params>
          <exception class="java.lang.RuntimeException">
            <message>
              <![CDATA[Login Token is missing!]]>
            </message>
            <full-stacktrace>
              <![CDATA[java.lang.RuntimeException: Login Token is missing!
at utilities.TokenManager.getToken(TokenManager.java:20)
at requests.UserRequest.setAuth(UserRequest.java:36)
at stepDefinitions.UserModuleSteps1.admin_sets_bearer_token(UserModuleSteps1.java:30)
at ✽.Admin sets Bearer token(file:///Users/dineshdeshmukh/eclipse-workspace/Team05APISquadHackathon/src/test/resources/Feature/02UserModule1Create.feature:5)
]]>
            </full-stacktrace>
          </exception> <!-- java.lang.RuntimeException -->
          <reporter-output>
          </reporter-output>
        </test-method> <!-- runScenario -->
        <test-method signature="runScenario(io.cucumber.testng.PickleWrapper,io.cucumber.testng.FeatureWrapper)[pri:0, instance:runner.TestRunner@560348e6]" started-at="2026-01-16T16:16:15 EST" name="runScenario" description="Runs Cucumber Scenarios" data-provider="scenarios" finished-at="2026-01-16T16:16:15 EST" duration-ms="14" status="FAIL">
          <params>
            <param index="0">
              <value>
                <![CDATA["Check if admin able to retrieve user counts by status/role"]]>
              </value>
            </param>
            <param index="1">
              <value>
                <![CDATA["User Module1 [Post Operation]"]]>
              </value>
            </param>
          </params>
          <exception class="java.lang.RuntimeException">
            <message>
              <![CDATA[Login Token is missing!]]>
            </message>
            <full-stacktrace>
              <![CDATA[java.lang.RuntimeException: Login Token is missing!
at utilities.TokenManager.getToken(TokenManager.java:20)
at requests.UserRequest.setAuth(UserRequest.java:36)
at stepDefinitions.UserModuleSteps1.admin_sets_bearer_token(UserModuleSteps1.java:30)
at ✽.Admin sets Bearer token(file:///Users/dineshdeshmukh/eclipse-workspace/Team05APISquadHackathon/src/test/resources/Feature/02UserModule1Create.feature:5)
]]>
            </full-stacktrace>
          </exception> <!-- java.lang.RuntimeException -->
          <reporter-output>
          </reporter-output>
        </test-method> <!-- runScenario -->
        <test-method signature="runScenario(io.cucumber.testng.PickleWrapper,io.cucumber.testng.FeatureWrapper)[pri:0, instance:runner.TestRunner@560348e6]" started-at="2026-01-16T16:16:15 EST" name="runScenario" description="Runs Cucumber Scenarios" data-provider="scenarios" finished-at="2026-01-16T16:16:15 EST" duration-ms="15" status="FAIL">
          <params>
            <param index="0">
              <value>
                <![CDATA["Check if admin able to retrieve active user emails with valid/invalid Endpoints"]]>
              </value>
            </param>
            <param index="1">
              <value>
                <![CDATA["User Module1 [Post Operation]"]]>
              </value>
            </param>
          </params>
          <exception class="java.lang.RuntimeException">
            <message>
              <![CDATA[Login Token is missing!]]>
            </message>
            <full-stacktrace>
              <![CDATA[java.lang.RuntimeException: Login Token is missing!
at utilities.TokenManager.getToken(TokenManager.java:20)
at requests.UserRequest.setAuth(UserRequest.java:36)
at stepDefinitions.UserModuleSteps1.admin_sets_bearer_token(UserModuleSteps1.java:30)
at ✽.Admin sets Bearer token(file:///Users/dineshdeshmukh/eclipse-workspace/Team05APISquadHackathon/src/test/resources/Feature/02UserModule1Create.feature:5)
]]>
            </full-stacktrace>
          </exception> <!-- java.lang.RuntimeException -->
          <reporter-output>
          </reporter-output>
        </test-method> <!-- runScenario -->
        <test-method signature="runScenario(io.cucumber.testng.PickleWrapper,io.cucumber.testng.FeatureWrapper)[pri:0, instance:runner.TestRunner@560348e6]" started-at="2026-01-16T16:16:15 EST" name="runScenario" description="Runs Cucumber Scenarios" data-provider="scenarios" finished-at="2026-01-16T16:16:15 EST" duration-ms="11" status="FAIL">
          <params>
            <param index="0">
              <value>
                <![CDATA["Check if admin able to retrieve active user emails with valid/invalid Endpoints"]]>
              </value>
            </param>
            <param index="1">
              <value>
                <![CDATA["User Module1 [Post Operation]"]]>
              </value>
            </param>
          </params>
          <exception class="java.lang.RuntimeException">
            <message>
              <![CDATA[Login Token is missing!]]>
            </message>
            <full-stacktrace>
              <![CDATA[java.lang.RuntimeException: Login Token is missing!
at utilities.TokenManager.getToken(TokenManager.java:20)
at requests.UserRequest.setAuth(UserRequest.java:36)
at stepDefinitions.UserModuleSteps1.admin_sets_bearer_token(UserModuleSteps1.java:30)
at ✽.Admin sets Bearer token(file:///Users/dineshdeshmukh/eclipse-workspace/Team05APISquadHackathon/src/test/resources/Feature/02UserModule1Create.feature:5)
]]>
            </full-stacktrace>
          </exception> <!-- java.lang.RuntimeException -->
          <reporter-output>
          </reporter-output>
        </test-method> <!-- runScenario -->
        <test-method signature="runScenario(io.cucumber.testng.PickleWrapper,io.cucumber.testng.FeatureWrapper)[pri:0, instance:runner.TestRunner@560348e6]" started-at="2026-01-16T16:16:15 EST" name="runScenario" description="Runs Cucumber Scenarios" data-provider="scenarios" finished-at="2026-01-16T16:16:15 EST" duration-ms="10" status="FAIL">
          <params>
            <param index="0">
              <value>
                <![CDATA["Check if admin able to retrieve active user emails with valid/invalid Endpoints"]]>
              </value>
            </param>
            <param index="1">
              <value>
                <![CDATA["User Module1 [Post Operation]"]]>
              </value>
            </param>
          </params>
          <exception class="java.lang.RuntimeException">
            <message>
              <![CDATA[Login Token is missing!]]>
            </message>
            <full-stacktrace>
              <![CDATA[java.lang.RuntimeException: Login Token is missing!
at utilities.TokenManager.getToken(TokenManager.java:20)
at requests.UserRequest.setAuth(UserRequest.java:36)
at stepDefinitions.UserModuleSteps1.admin_sets_bearer_token(UserModuleSteps1.java:30)
at ✽.Admin sets Bearer token(file:///Users/dineshdeshmukh/eclipse-workspace/Team05APISquadHackathon/src/test/resources/Feature/02UserModule1Create.feature:5)
]]>
            </full-stacktrace>
          </exception> <!-- java.lang.RuntimeException -->
          <reporter-output>
          </reporter-output>
        </test-method> <!-- runScenario -->
        <test-method signature="runScenario(io.cucumber.testng.PickleWrapper,io.cucumber.testng.FeatureWrapper)[pri:0, instance:runner.TestRunner@560348e6]" started-at="2026-01-16T16:16:15 EST" name="runScenario" description="Runs Cucumber Scenarios" data-provider="scenarios" finished-at="2026-01-16T16:16:15 EST" duration-ms="17" status="FAIL">
          <params>
            <param index="0">
              <value>
                <![CDATA["Check if admin able to retrieve users with roles"]]>
              </value>
            </param>
            <param index="1">
              <value>
                <![CDATA["User Module1 [Post Operation]"]]>
              </value>
            </param>
          </params>
          <exception class="java.lang.RuntimeException">
            <message>
              <![CDATA[Login Token is missing!]]>
            </message>
            <full-stacktrace>
              <![CDATA[java.lang.RuntimeException: Login Token is missing!
at utilities.TokenManager.getToken(TokenManager.java:20)
at requests.UserRequest.setAuth(UserRequest.java:36)
at stepDefinitions.UserModuleSteps1.admin_sets_bearer_token(UserModuleSteps1.java:30)
at ✽.Admin sets Bearer token(file:///Users/dineshdeshmukh/eclipse-workspace/Team05APISquadHackathon/src/test/resources/Feature/02UserModule1Create.feature:5)
]]>
            </full-stacktrace>
          </exception> <!-- java.lang.RuntimeException -->
          <reporter-output>
          </reporter-output>
        </test-method> <!-- runScenario -->
        <test-method signature="runScenario(io.cucumber.testng.PickleWrapper,io.cucumber.testng.FeatureWrapper)[pri:0, instance:runner.TestRunner@560348e6]" started-at="2026-01-16T16:16:15 EST" name="runScenario" description="Runs Cucumber Scenarios" data-provider="scenarios" finished-at="2026-01-16T16:16:15 EST" duration-ms="9" status="FAIL">
          <params>
            <param index="0">
              <value>
                <![CDATA["Check if admin able to retrieve users with roles"]]>
              </value>
            </param>
            <param index="1">
              <value>
                <![CDATA["User Module1 [Post Operation]"]]>
              </value>
            </param>
          </params>
          <exception class="java.lang.RuntimeException">
            <message>
              <![CDATA[Login Token is missing!]]>
            </message>
            <full-stacktrace>
              <![CDATA[java.lang.RuntimeException: Login Token is missing!
at utilities.TokenManager.getToken(TokenManager.java:20)
at requests.UserRequest.setAuth(UserRequest.java:36)
at stepDefinitions.UserModuleSteps1.admin_sets_bearer_token(UserModuleSteps1.java:30)
at ✽.Admin sets Bearer token(file:///Users/dineshdeshmukh/eclipse-workspace/Team05APISquadHackathon/src/test/resources/Feature/02UserModule1Create.feature:5)
]]>
            </full-stacktrace>
          </exception> <!-- java.lang.RuntimeException -->
          <reporter-output>
          </reporter-output>
        </test-method> <!-- runScenario -->
        <test-method signature="runScenario(io.cucumber.testng.PickleWrapper,io.cucumber.testng.FeatureWrapper)[pri:0, instance:runner.TestRunner@560348e6]" started-at="2026-01-16T16:16:15 EST" name="runScenario" description="Runs Cucumber Scenarios" data-provider="scenarios" finished-at="2026-01-16T16:16:15 EST" duration-ms="10" status="FAIL">
          <params>
            <param index="0">
              <value>
                <![CDATA["Check if admin able to retrieve users with roles"]]>
              </value>
            </param>
            <param index="1">
              <value>
                <![CDATA["User Module1 [Post Operation]"]]>
              </value>
            </param>
          </params>
          <exception class="java.lang.RuntimeException">
            <message>
              <![CDATA[Login Token is missing!]]>
            </message>
            <full-stacktrace>
              <![CDATA[java.lang.RuntimeException: Login Token is missing!
at utilities.TokenManager.getToken(TokenManager.java:20)
at requests.UserRequest.setAuth(UserRequest.java:36)
at stepDefinitions.UserModuleSteps1.admin_sets_bearer_token(UserModuleSteps1.java:30)
at ✽.Admin sets Bearer token(file:///Users/dineshdeshmukh/eclipse-workspace/Team05APISquadHackathon/src/test/resources/Feature/02UserModule1Create.feature:5)
]]>
            </full-stacktrace>
          </exception> <!-- java.lang.RuntimeException -->
          <reporter-output>
          </reporter-output>
        </test-method> <!-- runScenario -->
        <test-method signature="runScenario(io.cucumber.testng.PickleWrapper,io.cucumber.testng.FeatureWrapper)[pri:0, instance:runner.TestRunner@560348e6]" started-at="2026-01-16T16:16:15 EST" name="runScenario" description="Runs Cucumber Scenarios" data-provider="scenarios" finished-at="2026-01-16T16:16:15 EST" duration-ms="11" status="FAIL">
          <params>
            <param index="0">
              <value>
                <![CDATA["Check if admin able to retrieve users by program batch ID"]]>
              </value>
            </param>
            <param index="1">
              <value>
                <![CDATA["User Module1 [Post Operation]"]]>
              </value>
            </param>
          </params>
          <exception class="java.lang.RuntimeException">
            <message>
              <![CDATA[Login Token is missing!]]>
            </message>
            <full-stacktrace>
              <![CDATA[java.lang.RuntimeException: Login Token is missing!
at utilities.TokenManager.getToken(TokenManager.java:20)
at requests.UserRequest.setAuth(UserRequest.java:36)
at stepDefinitions.UserModuleSteps1.admin_sets_bearer_token(UserModuleSteps1.java:30)
at ✽.Admin sets Bearer token(file:///Users/dineshdeshmukh/eclipse-workspace/Team05APISquadHackathon/src/test/resources/Feature/02UserModule1Create.feature:5)
]]>
            </full-stacktrace>
          </exception> <!-- java.lang.RuntimeException -->
          <reporter-output>
          </reporter-output>
        </test-method> <!-- runScenario -->
        <test-method signature="runScenario(io.cucumber.testng.PickleWrapper,io.cucumber.testng.FeatureWrapper)[pri:0, instance:runner.TestRunner@560348e6]" started-at="2026-01-16T16:16:15 EST" name="runScenario" description="Runs Cucumber Scenarios" data-provider="scenarios" finished-at="2026-01-16T16:16:15 EST" duration-ms="13" status="FAIL">
          <params>
            <param index="0">
              <value>
                <![CDATA["Check if admin able to retrieve users by program batch ID"]]>
              </value>
            </param>
            <param index="1">
              <value>
                <![CDATA["User Module1 [Post Operation]"]]>
              </value>
            </param>
          </params>
          <exception class="java.lang.RuntimeException">
            <message>
              <![CDATA[Login Token is missing!]]>
            </message>
            <full-stacktrace>
              <![CDATA[java.lang.RuntimeException: Login Token is missing!
at utilities.TokenManager.getToken(TokenManager.java:20)
at requests.UserRequest.setAuth(UserRequest.java:36)
at stepDefinitions.UserModuleSteps1.admin_sets_bearer_token(UserModuleSteps1.java:30)
at ✽.Admin sets Bearer token(file:///Users/dineshdeshmukh/eclipse-workspace/Team05APISquadHackathon/src/test/resources/Feature/02UserModule1Create.feature:5)
]]>
            </full-stacktrace>
          </exception> <!-- java.lang.RuntimeException -->
          <reporter-output>
          </reporter-output>
        </test-method> <!-- runScenario -->
        <test-method signature="runScenario(io.cucumber.testng.PickleWrapper,io.cucumber.testng.FeatureWrapper)[pri:0, instance:runner.TestRunner@560348e6]" started-at="2026-01-16T16:16:15 EST" name="runScenario" description="Runs Cucumber Scenarios" data-provider="scenarios" finished-at="2026-01-16T16:16:15 EST" duration-ms="9" status="FAIL">
          <params>
            <param index="0">
              <value>
                <![CDATA["Check if admin able to retrieve users by program batch ID"]]>
              </value>
            </param>
            <param index="1">
              <value>
                <![CDATA["User Module1 [Post Operation]"]]>
              </value>
            </param>
          </params>
          <exception class="java.lang.RuntimeException">
            <message>
              <![CDATA[Login Token is missing!]]>
            </message>
            <full-stacktrace>
              <![CDATA[java.lang.RuntimeException: Login Token is missing!
at utilities.TokenManager.getToken(TokenManager.java:20)
at requests.UserRequest.setAuth(UserRequest.java:36)
at stepDefinitions.UserModuleSteps1.admin_sets_bearer_token(UserModuleSteps1.java:30)
at ✽.Admin sets Bearer token(file:///Users/dineshdeshmukh/eclipse-workspace/Team05APISquadHackathon/src/test/resources/Feature/02UserModule1Create.feature:5)
]]>
            </full-stacktrace>
          </exception> <!-- java.lang.RuntimeException -->
          <reporter-output>
          </reporter-output>
        </test-method> <!-- runScenario -->
        <test-method signature="runScenario(io.cucumber.testng.PickleWrapper,io.cucumber.testng.FeatureWrapper)[pri:0, instance:runner.TestRunner@560348e6]" started-at="2026-01-16T16:16:15 EST" name="runScenario" description="Runs Cucumber Scenarios" data-provider="scenarios" finished-at="2026-01-16T16:16:16 EST" duration-ms="1003" status="PASS">
          <params>
            <param index="0">
              <value>
                <![CDATA["Admin forgot password"]]>
              </value>
            </param>
            <param index="1">
              <value>
                <![CDATA["User Controller Operations"]]>
              </value>
            </param>
          </params>
          <reporter-output>
          </reporter-output>
        </test-method> <!-- runScenario -->
        <test-method signature="runScenario(io.cucumber.testng.PickleWrapper,io.cucumber.testng.FeatureWrapper)[pri:0, instance:runner.TestRunner@560348e6]" started-at="2026-01-16T16:16:16 EST" name="runScenario" description="Runs Cucumber Scenarios" data-provider="scenarios" finished-at="2026-01-16T16:16:16 EST" duration-ms="165" status="FAIL">
          <params>
            <param index="0">
              <value>
                <![CDATA["Admin Reset Password Validation"]]>
              </value>
            </param>
            <param index="1">
              <value>
                <![CDATA["User Controller Operations"]]>
              </value>
            </param>
          </params>
          <exception class="java.lang.RuntimeException">
            <message>
              <![CDATA[Token1 is missing! Run Confirm Email scenario first.]]>
            </message>
            <full-stacktrace>
              <![CDATA[java.lang.RuntimeException: Token1 is missing! Run Confirm Email scenario first.
at utilities.TokenManager.getToken1(TokenManager.java:33)
at stepDefinitions.UserLoginSteps.admin_creates_reset_pwd(UserLoginSteps.java:88)
at ✽.Admin creates reset password request with "valid email and new password"(file:///Users/dineshdeshmukh/eclipse-workspace/Team05APISquadHackathon/src/test/resources/Feature/03UserForgotPassword.feature:27)
]]>
            </full-stacktrace>
          </exception> <!-- java.lang.RuntimeException -->
          <reporter-output>
          </reporter-output>
        </test-method> <!-- runScenario -->
        <test-method signature="runScenario(io.cucumber.testng.PickleWrapper,io.cucumber.testng.FeatureWrapper)[pri:0, instance:runner.TestRunner@560348e6]" started-at="2026-01-16T16:16:16 EST" name="runScenario" description="Runs Cucumber Scenarios" data-provider="scenarios" finished-at="2026-01-16T16:16:16 EST" duration-ms="15" status="FAIL">
          <params>
            <param index="0">
              <value>
                <![CDATA["Check if admin is able to create program with valid/invalid details"]]>
              </value>
            </param>
            <param index="1">
              <value>
                <![CDATA["Validating Program Module API"]]>
              </value>
            </param>
          </params>
          <exception class="java.lang.RuntimeException">
            <message>
              <![CDATA[Login Token is missing!]]>
            </message>
            <full-stacktrace>
              <![CDATA[java.lang.RuntimeException: Login Token is missing!
at utilities.TokenManager.getToken(TokenManager.java:20)
at requests.ProgramRequest.setAuth(ProgramRequest.java:32)
at stepDefinitions.ProgramStepDefinition.admin_set_authorization_to_bearer_token(ProgramStepDefinition.java:25)
at ✽.Admin set Authorization to Bearer token(file:///Users/dineshdeshmukh/eclipse-workspace/Team05APISquadHackathon/src/test/resources/Feature/04ProgramModule.feature:4)
]]>
            </full-stacktrace>
          </exception> <!-- java.lang.RuntimeException -->
          <reporter-output>
          </reporter-output>
        </test-method> <!-- runScenario -->
        <test-method signature="runScenario(io.cucumber.testng.PickleWrapper,io.cucumber.testng.FeatureWrapper)[pri:0, instance:runner.TestRunner@560348e6]" started-at="2026-01-16T16:16:16 EST" name="runScenario" description="Runs Cucumber Scenarios" data-provider="scenarios" finished-at="2026-01-16T16:16:16 EST" duration-ms="11" status="FAIL">
          <params>
            <param index="0">
              <value>
                <![CDATA["Check if admin is able to create program with valid/invalid details"]]>
              </value>
            </param>
            <param index="1">
              <value>
                <![CDATA["Validating Program Module API"]]>
              </value>
            </param>
          </params>
          <exception class="java.lang.RuntimeException">
            <message>
              <![CDATA[Login Token is missing!]]>
            </message>
            <full-stacktrace>
              <![CDATA[java.lang.RuntimeException: Login Token is missing!
at utilities.TokenManager.getToken(TokenManager.java:20)
at requests.ProgramRequest.setAuth(ProgramRequest.java:32)
at stepDefinitions.ProgramStepDefinition.admin_set_authorization_to_bearer_token(ProgramStepDefinition.java:25)
at ✽.Admin set Authorization to Bearer token(file:///Users/dineshdeshmukh/eclipse-workspace/Team05APISquadHackathon/src/test/resources/Feature/04ProgramModule.feature:4)
]]>
            </full-stacktrace>
          </exception> <!-- java.lang.RuntimeException -->
          <reporter-output>
          </reporter-output>
        </test-method> <!-- runScenario -->
        <test-method signature="runScenario(io.cucumber.testng.PickleWrapper,io.cucumber.testng.FeatureWrapper)[pri:0, instance:runner.TestRunner@560348e6]" started-at="2026-01-16T16:16:16 EST" name="runScenario" description="Runs Cucumber Scenarios" data-provider="scenarios" finished-at="2026-01-16T16:16:16 EST" duration-ms="9" status="FAIL">
          <params>
            <param index="0">
              <value>
                <![CDATA["Check if admin is able to create program with valid/invalid details"]]>
              </value>
            </param>
            <param index="1">
              <value>
                <![CDATA["Validating Program Module API"]]>
              </value>
            </param>
          </params>
          <exception class="java.lang.RuntimeException">
            <message>
              <![CDATA[Login Token is missing!]]>
            </message>
            <full-stacktrace>
              <![CDATA[java.lang.RuntimeException: Login Token is missing!
at utilities.TokenManager.getToken(TokenManager.java:20)
at requests.ProgramRequest.setAuth(ProgramRequest.java:32)
at stepDefinitions.ProgramStepDefinition.admin_set_authorization_to_bearer_token(ProgramStepDefinition.java:25)
at ✽.Admin set Authorization to Bearer token(file:///Users/dineshdeshmukh/eclipse-workspace/Team05APISquadHackathon/src/test/resources/Feature/04ProgramModule.feature:4)
]]>
            </full-stacktrace>
          </exception> <!-- java.lang.RuntimeException -->
          <reporter-output>
          </reporter-output>
        </test-method> <!-- runScenario -->
        <test-method signature="runScenario(io.cucumber.testng.PickleWrapper,io.cucumber.testng.FeatureWrapper)[pri:0, instance:runner.TestRunner@560348e6]" started-at="2026-01-16T16:16:16 EST" name="runScenario" description="Runs Cucumber Scenarios" data-provider="scenarios" finished-at="2026-01-16T16:16:16 EST" duration-ms="9" status="FAIL">
          <params>
            <param index="0">
              <value>
                <![CDATA["Check if admin is able to create program with valid/invalid details"]]>
              </value>
            </param>
            <param index="1">
              <value>
                <![CDATA["Validating Program Module API"]]>
              </value>
            </param>
          </params>
          <exception class="java.lang.RuntimeException">
            <message>
              <![CDATA[Login Token is missing!]]>
            </message>
            <full-stacktrace>
              <![CDATA[java.lang.RuntimeException: Login Token is missing!
at utilities.TokenManager.getToken(TokenManager.java:20)
at requests.ProgramRequest.setAuth(ProgramRequest.java:32)
at stepDefinitions.ProgramStepDefinition.admin_set_authorization_to_bearer_token(ProgramStepDefinition.java:25)
at ✽.Admin set Authorization to Bearer token(file:///Users/dineshdeshmukh/eclipse-workspace/Team05APISquadHackathon/src/test/resources/Feature/04ProgramModule.feature:4)
]]>
            </full-stacktrace>
          </exception> <!-- java.lang.RuntimeException -->
          <reporter-output>
          </reporter-output>
        </test-method> <!-- runScenario -->
        <test-method signature="runScenario(io.cucumber.testng.PickleWrapper,io.cucumber.testng.FeatureWrapper)[pri:0, instance:runner.TestRunner@560348e6]" started-at="2026-01-16T16:16:16 EST" name="runScenario" description="Runs Cucumber Scenarios" data-provider="scenarios" finished-at="2026-01-16T16:16:16 EST" duration-ms="13" status="FAIL">
          <params>
            <param index="0">
              <value>
                <![CDATA["Check if admin is able to create program with valid/invalid details"]]>
              </value>
            </param>
            <param index="1">
              <value>
                <![CDATA["Validating Program Module API"]]>
              </value>
            </param>
          </params>
          <exception class="java.lang.RuntimeException">
            <message>
              <![CDATA[Login Token is missing!]]>
            </message>
            <full-stacktrace>
              <![CDATA[java.lang.RuntimeException: Login Token is missing!
at utilities.TokenManager.getToken(TokenManager.java:20)
at requests.ProgramRequest.setAuth(ProgramRequest.java:32)
at stepDefinitions.ProgramStepDefinition.admin_set_authorization_to_bearer_token(ProgramStepDefinition.java:25)
at ✽.Admin set Authorization to Bearer token(file:///Users/dineshdeshmukh/eclipse-workspace/Team05APISquadHackathon/src/test/resources/Feature/04ProgramModule.feature:4)
]]>
            </full-stacktrace>
          </exception> <!-- java.lang.RuntimeException -->
          <reporter-output>
          </reporter-output>
        </test-method> <!-- runScenario -->
        <test-method signature="runScenario(io.cucumber.testng.PickleWrapper,io.cucumber.testng.FeatureWrapper)[pri:0, instance:runner.TestRunner@560348e6]" started-at="2026-01-16T16:16:16 EST" name="runScenario" description="Runs Cucumber Scenarios" data-provider="scenarios" finished-at="2026-01-16T16:16:16 EST" duration-ms="10" status="FAIL">
          <params>
            <param index="0">
              <value>
                <![CDATA["Check if admin is able to create program with valid/invalid details"]]>
              </value>
            </param>
            <param index="1">
              <value>
                <![CDATA["Validating Program Module API"]]>
              </value>
            </param>
          </params>
          <exception class="java.lang.RuntimeException">
            <message>
              <![CDATA[Login Token is missing!]]>
            </message>
            <full-stacktrace>
              <![CDATA[java.lang.RuntimeException: Login Token is missing!
at utilities.TokenManager.getToken(TokenManager.java:20)
at requests.ProgramRequest.setAuth(ProgramRequest.java:32)
at stepDefinitions.ProgramStepDefinition.admin_set_authorization_to_bearer_token(ProgramStepDefinition.java:25)
at ✽.Admin set Authorization to Bearer token(file:///Users/dineshdeshmukh/eclipse-workspace/Team05APISquadHackathon/src/test/resources/Feature/04ProgramModule.feature:4)
]]>
            </full-stacktrace>
          </exception> <!-- java.lang.RuntimeException -->
          <reporter-output>
          </reporter-output>
        </test-method> <!-- runScenario -->
        <test-method signature="runScenario(io.cucumber.testng.PickleWrapper,io.cucumber.testng.FeatureWrapper)[pri:0, instance:runner.TestRunner@560348e6]" started-at="2026-01-16T16:16:16 EST" name="runScenario" description="Runs Cucumber Scenarios" data-provider="scenarios" finished-at="2026-01-16T16:16:16 EST" duration-ms="9" status="FAIL">
          <params>
            <param index="0">
              <value>
                <![CDATA["Check if admin is able to create program with valid/invalid details"]]>
              </value>
            </param>
            <param index="1">
              <value>
                <![CDATA["Validating Program Module API"]]>
              </value>
            </param>
          </params>
          <exception class="java.lang.RuntimeException">
            <message>
              <![CDATA[Login Token is missing!]]>
            </message>
            <full-stacktrace>
              <![CDATA[java.lang.RuntimeException: Login Token is missing!
at utilities.TokenManager.getToken(TokenManager.java:20)
at requests.ProgramRequest.setAuth(ProgramRequest.java:32)
at stepDefinitions.ProgramStepDefinition.admin_set_authorization_to_bearer_token(ProgramStepDefinition.java:25)
at ✽.Admin set Authorization to Bearer token(file:///Users/dineshdeshmukh/eclipse-workspace/Team05APISquadHackathon/src/test/resources/Feature/04ProgramModule.feature:4)
]]>
            </full-stacktrace>
          </exception> <!-- java.lang.RuntimeException -->
          <reporter-output>
          </reporter-output>
        </test-method> <!-- runScenario -->
        <test-method signature="runScenario(io.cucumber.testng.PickleWrapper,io.cucumber.testng.FeatureWrapper)[pri:0, instance:runner.TestRunner@560348e6]" started-at="2026-01-16T16:16:16 EST" name="runScenario" description="Runs Cucumber Scenarios" data-provider="scenarios" finished-at="2026-01-16T16:16:16 EST" duration-ms="9" status="FAIL">
          <params>
            <param index="0">
              <value>
                <![CDATA["Check if admin is able to create program with valid/invalid details"]]>
              </value>
            </param>
            <param index="1">
              <value>
                <![CDATA["Validating Program Module API"]]>
              </value>
            </param>
          </params>
          <exception class="java.lang.RuntimeException">
            <message>
              <![CDATA[Login Token is missing!]]>
            </message>
            <full-stacktrace>
              <![CDATA[java.lang.RuntimeException: Login Token is missing!
at utilities.TokenManager.getToken(TokenManager.java:20)
at requests.ProgramRequest.setAuth(ProgramRequest.java:32)
at stepDefinitions.ProgramStepDefinition.admin_set_authorization_to_bearer_token(ProgramStepDefinition.java:25)
at ✽.Admin set Authorization to Bearer token(file:///Users/dineshdeshmukh/eclipse-workspace/Team05APISquadHackathon/src/test/resources/Feature/04ProgramModule.feature:4)
]]>
            </full-stacktrace>
          </exception> <!-- java.lang.RuntimeException -->
          <reporter-output>
          </reporter-output>
        </test-method> <!-- runScenario -->
        <test-method signature="runScenario(io.cucumber.testng.PickleWrapper,io.cucumber.testng.FeatureWrapper)[pri:0, instance:runner.TestRunner@560348e6]" started-at="2026-01-16T16:16:16 EST" name="runScenario" description="Runs Cucumber Scenarios" data-provider="scenarios" finished-at="2026-01-16T16:16:16 EST" duration-ms="10" status="FAIL">
          <params>
            <param index="0">
              <value>
                <![CDATA["Check if admin is able to create program with valid/invalid details"]]>
              </value>
            </param>
            <param index="1">
              <value>
                <![CDATA["Validating Program Module API"]]>
              </value>
            </param>
          </params>
          <exception class="java.lang.RuntimeException">
            <message>
              <![CDATA[Login Token is missing!]]>
            </message>
            <full-stacktrace>
              <![CDATA[java.lang.RuntimeException: Login Token is missing!
at utilities.TokenManager.getToken(TokenManager.java:20)
at requests.ProgramRequest.setAuth(ProgramRequest.java:32)
at stepDefinitions.ProgramStepDefinition.admin_set_authorization_to_bearer_token(ProgramStepDefinition.java:25)
at ✽.Admin set Authorization to Bearer token(file:///Users/dineshdeshmukh/eclipse-workspace/Team05APISquadHackathon/src/test/resources/Feature/04ProgramModule.feature:4)
]]>
            </full-stacktrace>
          </exception> <!-- java.lang.RuntimeException -->
          <reporter-output>
          </reporter-output>
        </test-method> <!-- runScenario -->
        <test-method signature="runScenario(io.cucumber.testng.PickleWrapper,io.cucumber.testng.FeatureWrapper)[pri:0, instance:runner.TestRunner@560348e6]" started-at="2026-01-16T16:16:16 EST" name="runScenario" description="Runs Cucumber Scenarios" data-provider="scenarios" finished-at="2026-01-16T16:16:16 EST" duration-ms="15" status="FAIL">
          <params>
            <param index="0">
              <value>
                <![CDATA["Check if admin is able to GetAllProgram with valid/invalid details"]]>
              </value>
            </param>
            <param index="1">
              <value>
                <![CDATA["Validating Program Module API"]]>
              </value>
            </param>
          </params>
          <exception class="java.lang.RuntimeException">
            <message>
              <![CDATA[Login Token is missing!]]>
            </message>
            <full-stacktrace>
              <![CDATA[java.lang.RuntimeException: Login Token is missing!
at utilities.TokenManager.getToken(TokenManager.java:20)
at requests.ProgramRequest.setAuth(ProgramRequest.java:32)
at stepDefinitions.ProgramStepDefinition.admin_set_authorization_to_bearer_token(ProgramStepDefinition.java:25)
at ✽.Admin set Authorization to Bearer token(file:///Users/dineshdeshmukh/eclipse-workspace/Team05APISquadHackathon/src/test/resources/Feature/04ProgramModule.feature:4)
]]>
            </full-stacktrace>
          </exception> <!-- java.lang.RuntimeException -->
          <reporter-output>
          </reporter-output>
        </test-method> <!-- runScenario -->
        <test-method signature="runScenario(io.cucumber.testng.PickleWrapper,io.cucumber.testng.FeatureWrapper)[pri:0, instance:runner.TestRunner@560348e6]" started-at="2026-01-16T16:16:16 EST" name="runScenario" description="Runs Cucumber Scenarios" data-provider="scenarios" finished-at="2026-01-16T16:16:17 EST" duration-ms="14" status="FAIL">
          <params>
            <param index="0">
              <value>
                <![CDATA["Check if admin is able to GetAllProgram with valid/invalid details"]]>
              </value>
            </param>
            <param index="1">
              <value>
                <![CDATA["Validating Program Module API"]]>
              </value>
            </param>
          </params>
          <exception class="java.lang.RuntimeException">
            <message>
              <![CDATA[Login Token is missing!]]>
            </message>
            <full-stacktrace>
              <![CDATA[java.lang.RuntimeException: Login Token is missing!
at utilities.TokenManager.getToken(TokenManager.java:20)
at requests.ProgramRequest.setAuth(ProgramRequest.java:32)
at stepDefinitions.ProgramStepDefinition.admin_set_authorization_to_bearer_token(ProgramStepDefinition.java:25)
at ✽.Admin set Authorization to Bearer token(file:///Users/dineshdeshmukh/eclipse-workspace/Team05APISquadHackathon/src/test/resources/Feature/04ProgramModule.feature:4)
]]>
            </full-stacktrace>
          </exception> <!-- java.lang.RuntimeException -->
          <reporter-output>
          </reporter-output>
        </test-method> <!-- runScenario -->
        <test-method signature="runScenario(io.cucumber.testng.PickleWrapper,io.cucumber.testng.FeatureWrapper)[pri:0, instance:runner.TestRunner@560348e6]" started-at="2026-01-16T16:16:17 EST" name="runScenario" description="Runs Cucumber Scenarios" data-provider="scenarios" finished-at="2026-01-16T16:16:17 EST" duration-ms="10" status="FAIL">
          <params>
            <param index="0">
              <value>
                <![CDATA["Check if admin is able to GetAllProgram with valid/invalid details"]]>
              </value>
            </param>
            <param index="1">
              <value>
                <![CDATA["Validating Program Module API"]]>
              </value>
            </param>
          </params>
          <exception class="java.lang.RuntimeException">
            <message>
              <![CDATA[Login Token is missing!]]>
            </message>
            <full-stacktrace>
              <![CDATA[java.lang.RuntimeException: Login Token is missing!
at utilities.TokenManager.getToken(TokenManager.java:20)
[...]
]]>
            </full-stacktrace>
          </exception> <!-- java.lang.RuntimeException -->
          <reporter-output>
          </reporter-output>
        </test-method> <!-- runScenario -->
        <test-method signature="runScenario(io.cucumber.testng.PickleWrapper,io.cucumber.testng.FeatureWrapper)[pri:0, instance:runner.TestRunner@560348e6]" started-at="2026-01-16T16:16:19 EST" name="runScenario" description="Runs Cucumber Scenarios" data-provider="scenarios" finished-at="2026-01-16T16:16:19 EST" duration-ms="20" status="FAIL">
          <params>
            <param index="0">
              <value>
                <![CDATA["Check if admin is able to Delete program by programName with valid/invalid details"]]>
              </value>
            </param>
            <param index="1">
              <value>
                <![CDATA["Validating Program Module API"]]>
              </value>
            </param>
          </params>
          <exception class="java.lang.RuntimeException">
            <message>
              <![CDATA[Login Token is missing!]]>
            </message>
            <full-stacktrace>
              <![CDATA[java.lang.RuntimeException: Login Token is missing!
at utilities.TokenManager.getToken(TokenManager.java:20)
at requests.ProgramRequest.setAuth(ProgramRequest.java:32)
at stepDefinitions.ProgramStepDefinition.admin_set_authorization_to_bearer_token(ProgramStepDefinition.java:25)
at ✽.Admin set Authorization to Bearer token(file:///Users/dineshdeshmukh/eclipse-workspace/Team05APISquadHackathon/src/test/resources/Feature/08Delete.feature:4)
]]>
            </full-stacktrace>
          </exception> <!-- java.lang.RuntimeException -->
          <reporter-output>
          </reporter-output>
        </test-method> <!-- runScenario -->
        <test-method signature="runScenario(io.cucumber.testng.PickleWrapper,io.cucumber.testng.FeatureWrapper)[pri:0, instance:runner.TestRunner@560348e6]" started-at="2026-01-16T16:16:19 EST" name="runScenario" description="Runs Cucumber Scenarios" data-provider="scenarios" finished-at="2026-01-16T16:16:19 EST" duration-ms="14" status="FAIL">
          <params>
            <param index="0">
              <value>
                <![CDATA["Check if admin is able to Delete program by programName with valid/invalid details"]]>
              </value>
            </param>
            <param index="1">
              <value>
                <![CDATA["Validating Program Module API"]]>
              </value>
            </param>
          </params>
          <exception class="java.lang.RuntimeException">
            <message>
              <![CDATA[Login Token is missing!]]>
            </message>
            <full-stacktrace>
              <![CDATA[java.lang.RuntimeException: Login Token is missing!
at utilities.TokenManager.getToken(TokenManager.java:20)
at requests.ProgramRequest.setAuth(ProgramRequest.java:32)
at stepDefinitions.ProgramStepDefinition.admin_set_authorization_to_bearer_token(ProgramStepDefinition.java:25)
at ✽.Admin set Authorization to Bearer token(file:///Users/dineshdeshmukh/eclipse-workspace/Team05APISquadHackathon/src/test/resources/Feature/08Delete.feature:4)
]]>
            </full-stacktrace>
          </exception> <!-- java.lang.RuntimeException -->
          <reporter-output>
          </reporter-output>
        </test-method> <!-- runScenario -->
        <test-method signature="runScenario(io.cucumber.testng.PickleWrapper,io.cucumber.testng.FeatureWrapper)[pri:0, instance:runner.TestRunner@560348e6]" started-at="2026-01-16T16:16:19 EST" name="runScenario" description="Runs Cucumber Scenarios" data-provider="scenarios" finished-at="2026-01-16T16:16:19 EST" duration-ms="14" status="FAIL">
          <params>
            <param index="0">
              <value>
                <![CDATA["Check if admin is able to Delete program by programName with valid/invalid details"]]>
              </value>
            </param>
            <param index="1">
              <value>
                <![CDATA["Validating Program Module API"]]>
              </value>
            </param>
          </params>
          <exception class="java.lang.RuntimeException">
            <message>
              <![CDATA[Login Token is missing!]]>
            </message>
            <full-stacktrace>
              <![CDATA[java.lang.RuntimeException: Login Token is missing!
at utilities.TokenManager.getToken(TokenManager.java:20)
at requests.ProgramRequest.setAuth(ProgramRequest.java:32)
at stepDefinitions.ProgramStepDefinition.admin_set_authorization_to_bearer_token(ProgramStepDefinition.java:25)
at ✽.Admin set Authorization to Bearer token(file:///Users/dineshdeshmukh/eclipse-workspace/Team05APISquadHackathon/src/test/resources/Feature/08Delete.feature:4)
]]>
            </full-stacktrace>
          </exception> <!-- java.lang.RuntimeException -->
          <reporter-output>
          </reporter-output>
        </test-method> <!-- runScenario -->
        <test-method signature="runScenario(io.cucumber.testng.PickleWrapper,io.cucumber.testng.FeatureWrapper)[pri:0, instance:runner.TestRunner@560348e6]" started-at="2026-01-16T16:16:19 EST" name="runScenario" description="Runs Cucumber Scenarios" data-provider="scenarios" finished-at="2026-01-16T16:16:19 EST" duration-ms="12" status="FAIL">
          <params>
            <param index="0">
              <value>
                <![CDATA["Check if admin is able to Delete program by programName with valid/invalid details"]]>
              </value>
            </param>
            <param index="1">
              <value>
                <![CDATA["Validating Program Module API"]]>
              </value>
            </param>
          </params>
          <exception class="java.lang.RuntimeException">
            <message>
              <![CDATA[Login Token is missing!]]>
            </message>
            <full-stacktrace>
              <![CDATA[java.lang.RuntimeException: Login Token is missing!
at utilities.TokenManager.getToken(TokenManager.java:20)
at requests.ProgramRequest.setAuth(ProgramRequest.java:32)
at stepDefinitions.ProgramStepDefinition.admin_set_authorization_to_bearer_token(ProgramStepDefinition.java:25)
at ✽.Admin set Authorization to Bearer token(file:///Users/dineshdeshmukh/eclipse-workspace/Team05APISquadHackathon/src/test/resources/Feature/08Delete.feature:4)
]]>
            </full-stacktrace>
          </exception> <!-- java.lang.RuntimeException -->
          <reporter-output>
          </reporter-output>
        </test-method> <!-- runScenario -->
        <test-method signature="runScenario(io.cucumber.testng.PickleWrapper,io.cucumber.testng.FeatureWrapper)[pri:0, instance:runner.TestRunner@560348e6]" started-at="2026-01-16T16:16:19 EST" name="runScenario" description="Runs Cucumber Scenarios" data-provider="scenarios" finished-at="2026-01-16T16:16:19 EST" duration-ms="8" status="FAIL">
          <params>
            <param index="0">
              <value>
                <![CDATA["Check if Admin able to delete a program with valid/invalid program ID"]]>
              </value>
            </param>
            <param index="1">
              <value>
                <![CDATA["Validating Program Module API"]]>
              </value>
            </param>
          </params>
          <exception class="java.lang.RuntimeException">
            <message>
              <![CDATA[Login Token is missing!]]>
            </message>
            <full-stacktrace>
              <![CDATA[java.lang.RuntimeException: Login Token is missing!
at utilities.TokenManager.getToken(TokenManager.java:20)
at requests.ProgramRequest.setAuth(ProgramRequest.java:32)
at stepDefinitions.ProgramStepDefinition.admin_set_authorization_to_bearer_token(ProgramStepDefinition.java:25)
at ✽.Admin set Authorization to Bearer token(file:///Users/dineshdeshmukh/eclipse-workspace/Team05APISquadHackathon/src/test/resources/Feature/08Delete.feature:4)
]]>
            </full-stacktrace>
          </exception> <!-- java.lang.RuntimeException -->
          <reporter-output>
          </reporter-output>
        </test-method> <!-- runScenario -->
        <test-method signature="runScenario(io.cucumber.testng.PickleWrapper,io.cucumber.testng.FeatureWrapper)[pri:0, instance:runner.TestRunner@560348e6]" started-at="2026-01-16T16:16:19 EST" name="runScenario" description="Runs Cucumber Scenarios" data-provider="scenarios" finished-at="2026-01-16T16:16:19 EST" duration-ms="8" status="FAIL">
          <params>
            <param index="0">
              <value>
                <![CDATA["Check if Admin able to delete a program with valid/invalid program ID"]]>
              </value>
            </param>
            <param index="1">
              <value>
                <![CDATA["Validating Program Module API"]]>
              </value>
            </param>
          </params>
          <exception class="java.lang.RuntimeException">
            <message>
              <![CDATA[Login Token is missing!]]>
            </message>
            <full-stacktrace>
              <![CDATA[java.lang.RuntimeException: Login Token is missing!
at utilities.TokenManager.getToken(TokenManager.java:20)
at requests.ProgramRequest.setAuth(ProgramRequest.java:32)
at stepDefinitions.ProgramStepDefinition.admin_set_authorization_to_bearer_token(ProgramStepDefinition.java:25)
at ✽.Admin set Authorization to Bearer token(file:///Users/dineshdeshmukh/eclipse-workspace/Team05APISquadHackathon/src/test/resources/Feature/08Delete.feature:4)
]]>
            </full-stacktrace>
          </exception> <!-- java.lang.RuntimeException -->
          <reporter-output>
          </reporter-output>
        </test-method> <!-- runScenario -->
        <test-method signature="runScenario(io.cucumber.testng.PickleWrapper,io.cucumber.testng.FeatureWrapper)[pri:0, instance:runner.TestRunner@560348e6]" started-at="2026-01-16T16:16:19 EST" name="runScenario" description="Runs Cucumber Scenarios" data-provider="scenarios" finished-at="2026-01-16T16:16:19 EST" duration-ms="8" status="FAIL">
          <params>
            <param index="0">
              <value>
                <![CDATA["Check if Admin able to delete a program with valid/invalid program ID"]]>
              </value>
            </param>
            <param index="1">
              <value>
                <![CDATA["Validating Program Module API"]]>
              </value>
            </param>
          </params>
          <exception class="java.lang.RuntimeException">
            <message>
              <![CDATA[Login Token is missing!]]>
            </message>
            <full-stacktrace>
              <![CDATA[java.lang.RuntimeException: Login Token is missing!
at utilities.TokenManager.getToken(TokenManager.java:20)
at requests.ProgramRequest.setAuth(ProgramRequest.java:32)
at stepDefinitions.ProgramStepDefinition.admin_set_authorization_to_bearer_token(ProgramStepDefinition.java:25)
at ✽.Admin set Authorization to Bearer token(file:///Users/dineshdeshmukh/eclipse-workspace/Team05APISquadHackathon/src/test/resources/Feature/08Delete.feature:4)
]]>
            </full-stacktrace>
          </exception> <!-- java.lang.RuntimeException -->
          <reporter-output>
          </reporter-output>
        </test-method> <!-- runScenario -->
        <test-method signature="runScenario(io.cucumber.testng.PickleWrapper,io.cucumber.testng.FeatureWrapper)[pri:0, instance:runner.TestRunner@560348e6]" started-at="2026-01-16T16:16:19 EST" name="runScenario" description="Runs Cucumber Scenarios" data-provider="scenarios" finished-at="2026-01-16T16:16:19 EST" duration-ms="12" status="FAIL">
          <params>
            <param index="0">
              <value>
                <![CDATA["Check if Admin is able to delete Valid/Invalid UserID"]]>
              </value>
            </param>
            <param index="1">
              <value>
                <![CDATA["Validating Program Module API"]]>
              </value>
            </param>
          </params>
          <exception class="java.lang.RuntimeException">
            <message>
              <![CDATA[Login Token is missing!]]>
            </message>
            <full-stacktrace>
              <![CDATA[java.lang.RuntimeException: Login Token is missing!
at utilities.TokenManager.getToken(TokenManager.java:20)
at requests.ProgramRequest.setAuth(ProgramRequest.java:32)
at stepDefinitions.ProgramStepDefinition.admin_set_authorization_to_bearer_token(ProgramStepDefinition.java:25)
at ✽.Admin set Authorization to Bearer token(file:///Users/dineshdeshmukh/eclipse-workspace/Team05APISquadHackathon/src/test/resources/Feature/08Delete.feature:4)
]]>
            </full-stacktrace>
          </exception> <!-- java.lang.RuntimeException -->
          <reporter-output>
          </reporter-output>
        </test-method> <!-- runScenario -->
        <test-method signature="runScenario(io.cucumber.testng.PickleWrapper,io.cucumber.testng.FeatureWrapper)[pri:0, instance:runner.TestRunner@560348e6]" started-at="2026-01-16T16:16:19 EST" name="runScenario" description="Runs Cucumber Scenarios" data-provider="scenarios" finished-at="2026-01-16T16:16:19 EST" duration-ms="10" status="FAIL">
          <params>
            <param index="0">
              <value>
                <![CDATA["Check if Admin is able to delete Valid/Invalid UserID"]]>
              </value>
            </param>
            <param index="1">
              <value>
                <![CDATA["Validating Program Module API"]]>
              </value>
            </param>
          </params>
          <exception class="java.lang.RuntimeException">
            <message>
              <![CDATA[Login Token is missing!]]>
            </message>
            <full-stacktrace>
              <![CDATA[java.lang.RuntimeException: Login Token is missing!
at utilities.TokenManager.getToken(TokenManager.java:20)
at requests.ProgramRequest.setAuth(ProgramRequest.java:32)
at stepDefinitions.ProgramStepDefinition.admin_set_authorization_to_bearer_token(ProgramStepDefinition.java:25)
at ✽.Admin set Authorization to Bearer token(file:///Users/dineshdeshmukh/eclipse-workspace/Team05APISquadHackathon/src/test/resources/Feature/08Delete.feature:4)
]]>
            </full-stacktrace>
          </exception> <!-- java.lang.RuntimeException -->
          <reporter-output>
          </reporter-output>
        </test-method> <!-- runScenario -->
        <test-method signature="runScenario(io.cucumber.testng.PickleWrapper,io.cucumber.testng.FeatureWrapper)[pri:0, instance:runner.TestRunner@560348e6]" started-at="2026-01-16T16:16:19 EST" name="runScenario" description="Runs Cucumber Scenarios" data-provider="scenarios" finished-at="2026-01-16T16:16:19 EST" duration-ms="166" status="FAIL">
          <params>
            <param index="0">
              <value>
                <![CDATA["Admin logout"]]>
              </value>
            </param>
            <param index="1">
              <value>
                <![CDATA["Validating User logout Module API"]]>
              </value>
            </param>
          </params>
          <exception class="java.lang.RuntimeException">
            <message>
              <![CDATA[Failed to find row for test case in Excel file: Admin logout]]>
            </message>
            <full-stacktrace>
              <![CDATA[java.lang.RuntimeException: Failed to find row for test case in Excel file: Admin logout
at utilities.CommonUtils.getCurrentRow(CommonUtils.java:40)
at requests.UserLoginRequests.createGenericRequest(UserLoginRequests.java:39)
at stepDefinitions.UserLoginSteps.admin_sets_authorization_and_creates_logout_request_for_user_login_module(UserLoginSteps.java:99)
at ✽.Admin sets authorization "Bearer Token" and creates logout request for userLoginModule(file:///Users/dineshdeshmukh/eclipse-workspace/Team05APISquadHackathon/src/test/resources/Feature/09Logout.feature:9)
]]>
            </full-stacktrace>
          </exception> <!-- java.lang.RuntimeException -->
          <reporter-output>
          </reporter-output>
        </test-method> <!-- runScenario -->
        <test-method signature="runScenario(io.cucumber.testng.PickleWrapper,io.cucumber.testng.FeatureWrapper)[pri:0, instance:runner.TestRunner@560348e6]" started-at="2026-01-16T16:16:19 EST" name="runScenario" description="Runs Cucumber Scenarios" data-provider="scenarios" finished-at="2026-01-16T16:16:19 EST" duration-ms="171" status="FAIL">
          <params>
            <param index="0">
              <value>
                <![CDATA["Admin logout"]]>
              </value>
            </param>
            <param index="1">
              <value>
                <![CDATA["Validating User logout Module API"]]>
              </value>
            </param>
          </params>
          <exception class="java.lang.RuntimeException">
            <message>
              <![CDATA[Failed to find row for test case in Excel file: Admin logout]]>
            </message>
            <full-stacktrace>
              <![CDATA[java.lang.RuntimeException: Failed to find row for test case in Excel file: Admin logout
at utilities.CommonUtils.getCurrentRow(CommonUtils.java:40)
at requests.UserLoginRequests.createGenericRequest(UserLoginRequests.java:39)
at stepDefinitions.UserLoginSteps.admin_sets_authorization_and_creates_logout_request_for_user_login_module(UserLoginSteps.java:99)
at ✽.Admin sets authorization "No Auth" and creates logout request for userLoginModule(file:///Users/dineshdeshmukh/eclipse-workspace/Team05APISquadHackathon/src/test/resources/Feature/09Logout.feature:9)
]]>
            </full-stacktrace>
          </exception> <!-- java.lang.RuntimeException -->
          <reporter-output>
          </reporter-output>
        </test-method> <!-- runScenario -->
        <test-method signature="runScenario(io.cucumber.testng.PickleWrapper,io.cucumber.testng.FeatureWrapper)[pri:0, instance:runner.TestRunner@560348e6]" started-at="2026-01-16T16:16:19 EST" name="runScenario" description="Runs Cucumber Scenarios" data-provider="scenarios" finished-at="2026-01-16T16:16:19 EST" duration-ms="144" status="FAIL">
          <params>
            <param index="0">
              <value>
                <![CDATA["Admin logout"]]>
              </value>
            </param>
            <param index="1">
              <value>
                <![CDATA["Validating User logout Module API"]]>
              </value>
            </param>
          </params>
          <exception class="java.lang.RuntimeException">
            <message>
              <![CDATA[Failed to find row for test case in Excel file: Admin logout]]>
            </message>
            <full-stacktrace>
              <![CDATA[java.lang.RuntimeException: Failed to find row for test case in Excel file: Admin logout
at utilities.CommonUtils.getCurrentRow(CommonUtils.java:40)
at requests.UserLoginRequests.createGenericRequest(UserLoginRequests.java:39)
at stepDefinitions.UserLoginSteps.admin_sets_authorization_and_creates_logout_request_for_user_login_module(UserLoginSteps.java:99)
at ✽.Admin sets authorization "Old Token" and creates logout request for userLoginModule(file:///Users/dineshdeshmukh/eclipse-workspace/Team05APISquadHackathon/src/test/resources/Feature/09Logout.feature:9)
]]>
            </full-stacktrace>
          </exception> <!-- java.lang.RuntimeException -->
          <reporter-output>
          </reporter-output>
        </test-method> <!-- runScenario -->
        <test-method is-config="true" signature="tearDownClass()[pri:0, instance:runner.TestRunner@560348e6]" started-at="2026-01-16T16:16:19 EST" name="tearDownClass" finished-at="2026-01-16T16:16:20 EST" duration-ms="777" status="PASS">
          <reporter-output>
          </reporter-output>
        </test-method> <!-- tearDownClass -->
      </class> <!-- runner.TestRunner -->
    </test> <!-- Default test -->
  </suite> <!-- Default suite -->
</testng-results>
