<?xml version="1.0" encoding="UTF-8"?>
<testng-results ignored="0" total="2" passed="1" failed="1" skipped="0">
  <reporter-output>
  </reporter-output>
  <suite started-at="2026-01-16T17:21:26 EST" name="Default suite" finished-at="2026-01-16T17:21:45 EST" duration-ms="18944">
    <groups>
      <group name="cucumber">
        <method signature="AbstractTestNGCucumberTests.runScenario(io.cucumber.testng.PickleWrapper,io.cucumber.testng.FeatureWrapper)[pri:0, instance:runner.TestRunner@560348e6]" name="runScenario" class="io.cucumber.testng.AbstractTestNGCucumberTests"/>
      </group> <!-- cucumber -->
    </groups>
    <test started-at="2026-01-16T17:21:26 EST" name="Default test" finished-at="2026-01-16T17:21:45 EST" duration-ms="18944">
      <class name="runner.TestRunner">
        <test-method is-config="true" signature="setUpClass(org.testng.ITestContext)[pri:0, instance:runner.TestRunner@560348e6]" started-at="2026-01-16T17:21:26 EST" name="setUpClass" finished-at="2026-01-16T17:21:28 EST" duration-ms="2195" status="PASS">
          <params>
            <param index="0">
              <value>
                <![CDATA[org.testng.TestRunner@5dc7881d]]>
              </value>
            </param>
          </params>
          <reporter-output>
          </reporter-output>
        </test-method> <!-- setUpClass -->
        <test-method signature="runScenario(io.cucumber.testng.PickleWrapper,io.cucumber.testng.FeatureWrapper)[pri:0, instance:runner.TestRunner@560348e6]" started-at="2026-01-16T17:21:28 EST" name="runScenario" description="Runs Cucumber Scenarios" data-provider="scenarios" finished-at="2026-01-16T17:21:42 EST" duration-ms="13936" status="PASS">
          <params>
            <param index="0">
              <value>
                <![CDATA["Admin forgot password"]]>
              </value>
            </param>
            <param index="1">
              <value>
                <![CDATA["User Controller Operations"]]>
              </value>
            </param>
          </params>
          <reporter-output>
          </reporter-output>
        </test-method> <!-- runScenario -->
        <test-method signature="runScenario(io.cucumber.testng.PickleWrapper,io.cucumber.testng.FeatureWrapper)[pri:0, instance:runner.TestRunner@560348e6]" started-at="2026-01-16T17:21:42 EST" name="runScenario" description="Runs Cucumber Scenarios" data-provider="scenarios" finished-at="2026-01-16T17:21:43 EST" duration-ms="1272" status="FAIL">
          <params>
            <param index="0">
              <value>
                <![CDATA["Admin Reset Password Validation"]]>
              </value>
            </param>
            <param index="1">
              <value>
                <![CDATA["User Controller Operations"]]>
              </value>
            </param>
          </params>
          <exception class="java.lang.RuntimeException">
            <message>
              <![CDATA[Token1 is missing! Run Confirm Email scenario first.]]>
            </message>
            <full-stacktrace>
              <![CDATA[java.lang.RuntimeException: Token1 is missing! Run Confirm Email scenario first.
at utilities.TokenManager.getToken1(TokenManager.java:33)
at stepDefinitions.UserLoginSteps.admin_creates_reset_pwd(UserLoginSteps.java:88)
at ✽.Admin creates reset password request with "valid email and new password"(file:///Users/dineshdeshmukh/eclipse-workspace/Team05APISquadHackathon/src/test/resources/Feature/03UserForgotPassword.feature:27)
]]>
            </full-stacktrace>
          </exception> <!-- java.lang.RuntimeException -->
          <reporter-output>
          </reporter-output>
        </test-method> <!-- runScenario -->
        <test-method is-config="true" signature="tearDownClass()[pri:0, instance:runner.TestRunner@560348e6]" started-at="2026-01-16T17:21:43 EST" name="tearDownClass" finished-at="2026-01-16T17:21:45 EST" duration-ms="1282" status="PASS">
          <reporter-output>
          </reporter-output>
        </test-method> <!-- tearDownClass -->
      </class> <!-- runner.TestRunner -->
    </test> <!-- Default test -->
  </suite> <!-- Default suite -->
</testng-results>
