<?xml version="1.0" encoding="UTF-8"?>
<testng-results ignored="0" total="13" passed="4" failed="9" skipped="0">
  <reporter-output>
  </reporter-output>
  <suite started-at="2026-01-16T00:10:07 EST" name="Default suite" finished-at="2026-01-16T00:10:17 EST" duration-ms="10044">
    <groups>
      <group name="cucumber">
        <method signature="AbstractTestNGCucumberTests.runScenario(io.cucumber.testng.PickleWrapper,io.cucumber.testng.FeatureWrapper)[pri:0, instance:runner.TestRunner@560348e6]" name="runScenario" class="io.cucumber.testng.AbstractTestNGCucumberTests"/>
      </group> <!-- cucumber -->
    </groups>
    <test started-at="2026-01-16T00:10:07 EST" name="Default test" finished-at="2026-01-16T00:10:17 EST" duration-ms="10044">
      <class name="runner.TestRunner">
        <test-method is-config="true" signature="setUpClass(org.testng.ITestContext)[pri:0, instance:runner.TestRunner@560348e6]" started-at="2026-01-16T00:10:07 EST" name="setUpClass" finished-at="2026-01-16T00:10:08 EST" duration-ms="593" status="PASS">
          <params>
            <param index="0">
              <value>
                <![CDATA[org.testng.TestRunner@6afb240d]]>
              </value>
            </param>
          </params>
          <reporter-output>
          </reporter-output>
        </test-method> <!-- setUpClass -->
        <test-method signature="runScenario(io.cucumber.testng.PickleWrapper,io.cucumber.testng.FeatureWrapper)[pri:0, instance:runner.TestRunner@560348e6]" started-at="2026-01-16T00:10:08 EST" name="runScenario" description="Runs Cucumber Scenarios" data-provider="scenarios" finished-at="2026-01-16T00:10:12 EST" duration-ms="3818" status="PASS">
          <params>
            <param index="0">
              <value>
                <![CDATA["Admin login token generation"]]>
              </value>
            </param>
            <param index="1">
              <value>
                <![CDATA["Admin Login Controller"]]>
              </value>
            </param>
          </params>
          <reporter-output>
          </reporter-output>
        </test-method> <!-- runScenario -->
        <test-method signature="runScenario(io.cucumber.testng.PickleWrapper,io.cucumber.testng.FeatureWrapper)[pri:0, instance:runner.TestRunner@560348e6]" started-at="2026-01-16T00:10:12 EST" name="runScenario" description="Runs Cucumber Scenarios" data-provider="scenarios" finished-at="2026-01-16T00:10:12 EST" duration-ms="550" status="PASS">
          <params>
            <param index="0">
              <value>
                <![CDATA["Admin login token generation"]]>
              </value>
            </param>
            <param index="1">
              <value>
                <![CDATA["Admin Login Controller"]]>
              </value>
            </param>
          </params>
          <reporter-output>
          </reporter-output>
        </test-method> <!-- runScenario -->
        <test-method signature="runScenario(io.cucumber.testng.PickleWrapper,io.cucumber.testng.FeatureWrapper)[pri:0, instance:runner.TestRunner@560348e6]" started-at="2026-01-16T00:10:12 EST" name="runScenario" description="Runs Cucumber Scenarios" data-provider="scenarios" finished-at="2026-01-16T00:10:13 EST" duration-ms="481" status="FAIL">
          <params>
            <param index="0">
              <value>
                <![CDATA["Admin login token generation"]]>
              </value>
            </param>
            <param index="1">
              <value>
                <![CDATA["Admin Login Controller"]]>
              </value>
            </param>
          </params>
          <exception class="java.lang.AssertionError">
            <message>
              <![CDATA[Status Code Mismatch! expected [401] but found [400]]]>
            </message>
            <full-stacktrace>
              <![CDATA[java.lang.AssertionError: Status Code Mismatch! expected [401] but found [400]
at org.testng.Assert.fail(Assert.java:111)
at org.testng.Assert.failNotEquals(Assert.java:1590)
at org.testng.Assert.assertEqualsImpl(Assert.java:150)
at org.testng.Assert.assertEquals(Assert.java:132)
at org.testng.Assert.assertEquals(Assert.java:1431)
at org.testng.Assert.assertEquals(Assert.java:1395)
at stepDefinitions.UserLoginSteps.admin_validates_response(UserLoginSteps.java:70)
at ✽.Admin validates response(file:///Users/dineshdeshmukh/eclipse-workspace/Team05APISquadHackathon/src/test/resources/Feature/01UserLoginModule.feature:13)
]]>
            </full-stacktrace>
          </exception> <!-- java.lang.AssertionError -->
          <reporter-output>
          </reporter-output>
        </test-method> <!-- runScenario -->
        <test-method signature="runScenario(io.cucumber.testng.PickleWrapper,io.cucumber.testng.FeatureWrapper)[pri:0, instance:runner.TestRunner@560348e6]" started-at="2026-01-16T00:10:13 EST" name="runScenario" description="Runs Cucumber Scenarios" data-provider="scenarios" finished-at="2026-01-16T00:10:13 EST" duration-ms="526" status="FAIL">
          <params>
            <param index="0">
              <value>
                <![CDATA["Admin login token generation"]]>
              </value>
            </param>
            <param index="1">
              <value>
                <![CDATA["Admin Login Controller"]]>
              </value>
            </param>
          </params>
          <exception class="java.lang.AssertionError">
            <message>
              <![CDATA[Status Code Mismatch! expected [401] but found [400]]]>
            </message>
            <full-stacktrace>
              <![CDATA[java.lang.AssertionError: Status Code Mismatch! expected [401] but found [400]
at org.testng.Assert.fail(Assert.java:111)
at org.testng.Assert.failNotEquals(Assert.java:1590)
at org.testng.Assert.assertEqualsImpl(Assert.java:150)
at org.testng.Assert.assertEquals(Assert.java:132)
at org.testng.Assert.assertEquals(Assert.java:1431)
at org.testng.Assert.assertEquals(Assert.java:1395)
at stepDefinitions.UserLoginSteps.admin_validates_response(UserLoginSteps.java:70)
at ✽.Admin validates response(file:///Users/dineshdeshmukh/eclipse-workspace/Team05APISquadHackathon/src/test/resources/Feature/01UserLoginModule.feature:13)
]]>
            </full-stacktrace>
          </exception> <!-- java.lang.AssertionError -->
          <reporter-output>
          </reporter-output>
        </test-method> <!-- runScenario -->
        <test-method signature="runScenario(io.cucumber.testng.PickleWrapper,io.cucumber.testng.FeatureWrapper)[pri:0, instance:runner.TestRunner@560348e6]" started-at="2026-01-16T00:10:13 EST" name="runScenario" description="Runs Cucumber Scenarios" data-provider="scenarios" finished-at="2026-01-16T00:10:14 EST" duration-ms="165" status="FAIL">
          <params>
            <param index="0">
              <value>
                <![CDATA["Admin login token generation"]]>
              </value>
            </param>
            <param index="1">
              <value>
                <![CDATA["Admin Login Controller"]]>
              </value>
            </param>
          </params>
          <exception class="java.lang.RuntimeException">
            <message>
              <![CDATA[Scenario not found in Excel: numbers in email]]>
            </message>
            <full-stacktrace>
              <![CDATA[java.lang.RuntimeException: Scenario not found in Excel: numbers in email
at payload.UserLoginPayload.lambda$1(UserLoginPayload.java:39)
at java.base/java.util.Optional.orElseThrow(Optional.java:403)
at payload.UserLoginPayload.getRowData(UserLoginPayload.java:39)
at payload.UserLoginPayload.getLoginPayload(UserLoginPayload.java:22)
at requests.UserLoginRequests.createLoginRequest(UserLoginRequests.java:46)
at stepDefinitions.UserLoginSteps.admin_creates_login_request(UserLoginSteps.java:40)
at ✽.Admin creates request with "numbers in email"(file:///Users/dineshdeshmukh/eclipse-workspace/Team05APISquadHackathon/src/test/resources/Feature/01UserLoginModule.feature:11)
]]>
            </full-stacktrace>
          </exception> <!-- java.lang.RuntimeException -->
          <reporter-output>
          </reporter-output>
        </test-method> <!-- runScenario -->
        <test-method signature="runScenario(io.cucumber.testng.PickleWrapper,io.cucumber.testng.FeatureWrapper)[pri:0, instance:runner.TestRunner@560348e6]" started-at="2026-01-16T00:10:14 EST" name="runScenario" description="Runs Cucumber Scenarios" data-provider="scenarios" finished-at="2026-01-16T00:10:14 EST" duration-ms="181" status="FAIL">
          <params>
            <param index="0">
              <value>
                <![CDATA["Admin login token generation"]]>
              </value>
            </param>
            <param index="1">
              <value>
                <![CDATA["Admin Login Controller"]]>
              </value>
            </param>
          </params>
          <exception class="java.lang.RuntimeException">
            <message>
              <![CDATA[Scenario not found in Excel: numbers in password]]>
            </message>
            <full-stacktrace>
              <![CDATA[java.lang.RuntimeException: Scenario not found in Excel: numbers in password
at payload.UserLoginPayload.lambda$1(UserLoginPayload.java:39)
at java.base/java.util.Optional.orElseThrow(Optional.java:403)
at payload.UserLoginPayload.getRowData(UserLoginPayload.java:39)
at payload.UserLoginPayload.getLoginPayload(UserLoginPayload.java:22)
at requests.UserLoginRequests.createLoginRequest(UserLoginRequests.java:46)
at stepDefinitions.UserLoginSteps.admin_creates_login_request(UserLoginSteps.java:40)
at ✽.Admin creates request with "numbers in password"(file:///Users/dineshdeshmukh/eclipse-workspace/Team05APISquadHackathon/src/test/resources/Feature/01UserLoginModule.feature:11)
]]>
            </full-stacktrace>
          </exception> <!-- java.lang.RuntimeException -->
          <reporter-output>
          </reporter-output>
        </test-method> <!-- runScenario -->
        <test-method signature="runScenario(io.cucumber.testng.PickleWrapper,io.cucumber.testng.FeatureWrapper)[pri:0, instance:runner.TestRunner@560348e6]" started-at="2026-01-16T00:10:14 EST" name="runScenario" description="Runs Cucumber Scenarios" data-provider="scenarios" finished-at="2026-01-16T00:10:14 EST" duration-ms="474" status="FAIL">
          <params>
            <param index="0">
              <value>
                <![CDATA["Admin login token generation"]]>
              </value>
            </param>
            <param index="1">
              <value>
                <![CDATA["Admin Login Controller"]]>
              </value>
            </param>
          </params>
          <exception class="java.lang.AssertionError">
            <message>
              <![CDATA[Status Code Mismatch! expected [401] but found [400]]]>
            </message>
            <full-stacktrace>
              <![CDATA[java.lang.AssertionError: Status Code Mismatch! expected [401] but found [400]
at org.testng.Assert.fail(Assert.java:111)
at org.testng.Assert.failNotEquals(Assert.java:1590)
at org.testng.Assert.assertEqualsImpl(Assert.java:150)
at org.testng.Assert.assertEquals(Assert.java:132)
at org.testng.Assert.assertEquals(Assert.java:1431)
at org.testng.Assert.assertEquals(Assert.java:1395)
at stepDefinitions.UserLoginSteps.admin_validates_response(UserLoginSteps.java:70)
at ✽.Admin validates response(file:///Users/dineshdeshmukh/eclipse-workspace/Team05APISquadHackathon/src/test/resources/Feature/01UserLoginModule.feature:13)
]]>
            </full-stacktrace>
          </exception> <!-- java.lang.AssertionError -->
          <reporter-output>
          </reporter-output>
        </test-method> <!-- runScenario -->
        <test-method signature="runScenario(io.cucumber.testng.PickleWrapper,io.cucumber.testng.FeatureWrapper)[pri:0, instance:runner.TestRunner@560348e6]" started-at="2026-01-16T00:10:14 EST" name="runScenario" description="Runs Cucumber Scenarios" data-provider="scenarios" finished-at="2026-01-16T00:10:15 EST" duration-ms="509" status="FAIL">
          <params>
            <param index="0">
              <value>
                <![CDATA["Admin login token generation"]]>
              </value>
            </param>
            <param index="1">
              <value>
                <![CDATA["Admin Login Controller"]]>
              </value>
            </param>
          </params>
          <exception class="java.lang.AssertionError">
            <message>
              <![CDATA[Status Code Mismatch! expected [401] but found [400]]]>
            </message>
            <full-stacktrace>
              <![CDATA[java.lang.AssertionError: Status Code Mismatch! expected [401] but found [400]
at org.testng.Assert.fail(Assert.java:111)
at org.testng.Assert.failNotEquals(Assert.java:1590)
at org.testng.Assert.assertEqualsImpl(Assert.java:150)
at org.testng.Assert.assertEquals(Assert.java:132)
at org.testng.Assert.assertEquals(Assert.java:1431)
at org.testng.Assert.assertEquals(Assert.java:1395)
at stepDefinitions.UserLoginSteps.admin_validates_response(UserLoginSteps.java:70)
at ✽.Admin validates response(file:///Users/dineshdeshmukh/eclipse-workspace/Team05APISquadHackathon/src/test/resources/Feature/01UserLoginModule.feature:13)
]]>
            </full-stacktrace>
          </exception> <!-- java.lang.AssertionError -->
          <reporter-output>
          </reporter-output>
        </test-method> <!-- runScenario -->
        <test-method signature="runScenario(io.cucumber.testng.PickleWrapper,io.cucumber.testng.FeatureWrapper)[pri:0, instance:runner.TestRunner@560348e6]" started-at="2026-01-16T00:10:15 EST" name="runScenario" description="Runs Cucumber Scenarios" data-provider="scenarios" finished-at="2026-01-16T00:10:15 EST" duration-ms="366" status="PASS">
          <params>
            <param index="0">
              <value>
                <![CDATA["Admin login token generation"]]>
              </value>
            </param>
            <param index="1">
              <value>
                <![CDATA["Admin Login Controller"]]>
              </value>
            </param>
          </params>
          <reporter-output>
          </reporter-output>
        </test-method> <!-- runScenario -->
        <test-method signature="runScenario(io.cucumber.testng.PickleWrapper,io.cucumber.testng.FeatureWrapper)[pri:0, instance:runner.TestRunner@560348e6]" started-at="2026-01-16T00:10:15 EST" name="runScenario" description="Runs Cucumber Scenarios" data-provider="scenarios" finished-at="2026-01-16T00:10:16 EST" duration-ms="650" status="PASS">
          <params>
            <param index="0">
              <value>
                <![CDATA["Admin login token generation"]]>
              </value>
            </param>
            <param index="1">
              <value>
                <![CDATA["Admin Login Controller"]]>
              </value>
            </param>
          </params>
          <reporter-output>
          </reporter-output>
        </test-method> <!-- runScenario -->
        <test-method signature="runScenario(io.cucumber.testng.PickleWrapper,io.cucumber.testng.FeatureWrapper)[pri:0, instance:runner.TestRunner@560348e6]" started-at="2026-01-16T00:10:16 EST" name="runScenario" description="Runs Cucumber Scenarios" data-provider="scenarios" finished-at="2026-01-16T00:10:16 EST" duration-ms="616" status="FAIL">
          <params>
            <param index="0">
              <value>
                <![CDATA["Admin login token generation"]]>
              </value>
            </param>
            <param index="1">
              <value>
                <![CDATA["Admin Login Controller"]]>
              </value>
            </param>
          </params>
          <exception class="java.lang.AssertionError">
            <message>
              <![CDATA[Status Code Mismatch! expected [400] but found [401]]]>
            </message>
            <full-stacktrace>
              <![CDATA[java.lang.AssertionError: Status Code Mismatch! expected [400] but found [401]
at org.testng.Assert.fail(Assert.java:111)
at org.testng.Assert.failNotEquals(Assert.java:1590)
at org.testng.Assert.assertEqualsImpl(Assert.java:150)
at org.testng.Assert.assertEquals(Assert.java:132)
at org.testng.Assert.assertEquals(Assert.java:1431)
at org.testng.Assert.assertEquals(Assert.java:1395)
at stepDefinitions.UserLoginSteps.admin_validates_response(UserLoginSteps.java:70)
at ✽.Admin validates response(file:///Users/dineshdeshmukh/eclipse-workspace/Team05APISquadHackathon/src/test/resources/Feature/01UserLoginModule.feature:13)
]]>
            </full-stacktrace>
          </exception> <!-- java.lang.AssertionError -->
          <reporter-output>
          </reporter-output>
        </test-method> <!-- runScenario -->
        <test-method signature="runScenario(io.cucumber.testng.PickleWrapper,io.cucumber.testng.FeatureWrapper)[pri:0, instance:runner.TestRunner@560348e6]" started-at="2026-01-16T00:10:16 EST" name="runScenario" description="Runs Cucumber Scenarios" data-provider="scenarios" finished-at="2026-01-16T00:10:17 EST" duration-ms="183" status="FAIL">
          <params>
            <param index="0">
              <value>
                <![CDATA["Admin login token generation"]]>
              </value>
            </param>
            <param index="1">
              <value>
                <![CDATA["Admin Login Controller"]]>
              </value>
            </param>
          </params>
          <exception class="java.lang.RuntimeException">
            <message>
              <![CDATA[Scenario not found in Excel: invalid content]]>
            </message>
            <full-stacktrace>
              <![CDATA[java.lang.RuntimeException: Scenario not found in Excel: invalid content
at payload.UserLoginPayload.lambda$1(UserLoginPayload.java:39)
at java.base/java.util.Optional.orElseThrow(Optional.java:403)
at payload.UserLoginPayload.getRowData(UserLoginPayload.java:39)
at payload.UserLoginPayload.getLoginPayload(UserLoginPayload.java:22)
at requests.UserLoginRequests.createLoginRequest(UserLoginRequests.java:46)
at stepDefinitions.UserLoginSteps.admin_creates_login_request(UserLoginSteps.java:40)
at ✽.Admin creates request with "invalid content"(file:///Users/dineshdeshmukh/eclipse-workspace/Team05APISquadHackathon/src/test/resources/Feature/01UserLoginModule.feature:11)
]]>
            </full-stacktrace>
          </exception> <!-- java.lang.RuntimeException -->
          <reporter-output>
          </reporter-output>
        </test-method> <!-- runScenario -->
        <test-method signature="runScenario(io.cucumber.testng.PickleWrapper,io.cucumber.testng.FeatureWrapper)[pri:0, instance:runner.TestRunner@560348e6]" started-at="2026-01-16T00:10:17 EST" name="runScenario" description="Runs Cucumber Scenarios" data-provider="scenarios" finished-at="2026-01-16T00:10:17 EST" duration-ms="206" status="FAIL">
          <params>
            <param index="0">
              <value>
                <![CDATA["Admin login token generation"]]>
              </value>
            </param>
            <param index="1">
              <value>
                <![CDATA["Admin Login Controller"]]>
              </value>
            </param>
          </params>
          <exception class="java.lang.RuntimeException">
            <message>
              <![CDATA[Scenario not found in Excel: GET method test]]>
            </message>
            <full-stacktrace>
              <![CDATA[java.lang.RuntimeException: Scenario not found in Excel: GET method test
at payload.UserLoginPayload.lambda$1(UserLoginPayload.java:39)
at java.base/java.util.Optional.orElseThrow(Optional.java:403)
at payload.UserLoginPayload.getRowData(UserLoginPayload.java:39)
at payload.UserLoginPayload.getLoginPayload(UserLoginPayload.java:22)
at requests.UserLoginRequests.createLoginRequest(UserLoginRequests.java:46)
at stepDefinitions.UserLoginSteps.admin_creates_login_request(UserLoginSteps.java:40)
at ✽.Admin creates request with "GET method test"(file:///Users/dineshdeshmukh/eclipse-workspace/Team05APISquadHackathon/src/test/resources/Feature/01UserLoginModule.feature:11)
]]>
            </full-stacktrace>
          </exception> <!-- java.lang.RuntimeException -->
          <reporter-output>
          </reporter-output>
        </test-method> <!-- runScenario -->
        <test-method is-config="true" signature="tearDownClass()[pri:0, instance:runner.TestRunner@560348e6]" started-at="2026-01-16T00:10:17 EST" name="tearDownClass" finished-at="2026-01-16T00:10:17 EST" duration-ms="662" status="PASS">
          <reporter-output>
          </reporter-output>
        </test-method> <!-- tearDownClass -->
      </class> <!-- runner.TestRunner -->
    </test> <!-- Default test -->
  </suite> <!-- Default suite -->
</testng-results>
