<?xml version="1.0" encoding="UTF-8"?>
<!-- Generated by org.testng.reporters.JUnitReportReporter -->
<testsuite hostname="Dineshs-MacBook-Pro.local" failures="5" tests="13" name="runner.TestRunner" time="8.725" errors="4" timestamp="2026-01-16T00:10:18 EST" skipped="0">
  <testcase classname="runner.TestRunner" name="runScenario" time="0.481">
    <failure message="Status Code Mismatch! expected [401] but found [400]" type="java.lang.AssertionError">
      <![CDATA[java.lang.AssertionError: Status Code Mismatch! expected [401] but found [400]
at org.testng.Assert.fail(Assert.java:111)
at org.testng.Assert.failNotEquals(Assert.java:1590)
at org.testng.Assert.assertEqualsImpl(Assert.java:150)
at org.testng.Assert.assertEquals(Assert.java:132)
at org.testng.Assert.assertEquals(Assert.java:1431)
at org.testng.Assert.assertEquals(Assert.java:1395)
at stepDefinitions.UserLoginSteps.admin_validates_response(UserLoginSteps.java:70)
at ✽.Admin validates response(file:///Users/dineshdeshmukh/eclipse-workspace/Team05APISquadHackathon/src/test/resources/Feature/01UserLoginModule.feature:13)
]]>
    </failure>
  </testcase> <!-- runScenario -->
  <testcase classname="runner.TestRunner" name="runScenario" time="0.550"/>
  <testcase classname="runner.TestRunner" name="runScenario" time="0.474">
    <failure message="Status Code Mismatch! expected [401] but found [400]" type="java.lang.AssertionError">
      <![CDATA[java.lang.AssertionError: Status Code Mismatch! expected [401] but found [400]
at org.testng.Assert.fail(Assert.java:111)
at org.testng.Assert.failNotEquals(Assert.java:1590)
at org.testng.Assert.assertEqualsImpl(Assert.java:150)
at org.testng.Assert.assertEquals(Assert.java:132)
at org.testng.Assert.assertEquals(Assert.java:1431)
at org.testng.Assert.assertEquals(Assert.java:1395)
at stepDefinitions.UserLoginSteps.admin_validates_response(UserLoginSteps.java:70)
at ✽.Admin validates response(file:///Users/dineshdeshmukh/eclipse-workspace/Team05APISquadHackathon/src/test/resources/Feature/01UserLoginModule.feature:13)
]]>
    </failure>
  </testcase> <!-- runScenario -->
  <testcase classname="runner.TestRunner" name="runScenario" time="0.206">
    <error message="Scenario not found in Excel: GET method test" type="java.lang.RuntimeException">
      <![CDATA[java.lang.RuntimeException: Scenario not found in Excel: GET method test
at payload.UserLoginPayload.lambda$1(UserLoginPayload.java:39)
at java.base/java.util.Optional.orElseThrow(Optional.java:403)
at payload.UserLoginPayload.getRowData(UserLoginPayload.java:39)
at payload.UserLoginPayload.getLoginPayload(UserLoginPayload.java:22)
at requests.UserLoginRequests.createLoginRequest(UserLoginRequests.java:46)
at stepDefinitions.UserLoginSteps.admin_creates_login_request(UserLoginSteps.java:40)
at ✽.Admin creates request with "GET method test"(file:///Users/dineshdeshmukh/eclipse-workspace/Team05APISquadHackathon/src/test/resources/Feature/01UserLoginModule.feature:11)
]]>
    </error>
  </testcase> <!-- runScenario -->
  <testcase classname="runner.TestRunner" name="runScenario" time="3.818"/>
  <testcase classname="runner.TestRunner" name="runScenario" time="0.366"/>
  <testcase classname="runner.TestRunner" name="runScenario" time="0.165">
    <error message="Scenario not found in Excel: numbers in email" type="java.lang.RuntimeException">
      <![CDATA[java.lang.RuntimeException: Scenario not found in Excel: numbers in email
at payload.UserLoginPayload.lambda$1(UserLoginPayload.java:39)
at java.base/java.util.Optional.orElseThrow(Optional.java:403)
at payload.UserLoginPayload.getRowData(UserLoginPayload.java:39)
at payload.UserLoginPayload.getLoginPayload(UserLoginPayload.java:22)
at requests.UserLoginRequests.createLoginRequest(UserLoginRequests.java:46)
at stepDefinitions.UserLoginSteps.admin_creates_login_request(UserLoginSteps.java:40)
at ✽.Admin creates request with "numbers in email"(file:///Users/dineshdeshmukh/eclipse-workspace/Team05APISquadHackathon/src/test/resources/Feature/01UserLoginModule.feature:11)
]]>
    </error>
  </testcase> <!-- runScenario -->
  <testcase classname="runner.TestRunner" name="runScenario" time="0.616">
    <failure message="Status Code Mismatch! expected [400] but found [401]" type="java.lang.AssertionError">
      <![CDATA[java.lang.AssertionError: Status Code Mismatch! expected [400] but found [401]
at org.testng.Assert.fail(Assert.java:111)
at org.testng.Assert.failNotEquals(Assert.java:1590)
at org.testng.Assert.assertEqualsImpl(Assert.java:150)
at org.testng.Assert.assertEquals(Assert.java:132)
at org.testng.Assert.assertEquals(Assert.java:1431)
at org.testng.Assert.assertEquals(Assert.java:1395)
at stepDefinitions.UserLoginSteps.admin_validates_response(UserLoginSteps.java:70)
at ✽.Admin validates response(file:///Users/dineshdeshmukh/eclipse-workspace/Team05APISquadHackathon/src/test/resources/Feature/01UserLoginModule.feature:13)
]]>
    </failure>
  </testcase> <!-- runScenario -->
  <testcase classname="runner.TestRunner" name="runScenario" time="0.183">
    <error message="Scenario not found in Excel: invalid content" type="java.lang.RuntimeException">
      <![CDATA[java.lang.RuntimeException: Scenario not found in Excel: invalid content
at payload.UserLoginPayload.lambda$1(UserLoginPayload.java:39)
at java.base/java.util.Optional.orElseThrow(Optional.java:403)
at payload.UserLoginPayload.getRowData(UserLoginPayload.java:39)
at payload.UserLoginPayload.getLoginPayload(UserLoginPayload.java:22)
at requests.UserLoginRequests.createLoginRequest(UserLoginRequests.java:46)
at stepDefinitions.UserLoginSteps.admin_creates_login_request(UserLoginSteps.java:40)
at ✽.Admin creates request with "invalid content"(file:///Users/dineshdeshmukh/eclipse-workspace/Team05APISquadHackathon/src/test/resources/Feature/01UserLoginModule.feature:11)
]]>
    </error>
  </testcase> <!-- runScenario -->
  <testcase classname="runner.TestRunner" name="runScenario" time="0.526">
    <failure message="Status Code Mismatch! expected [401] but found [400]" type="java.lang.AssertionError">
      <![CDATA[java.lang.AssertionError: Status Code Mismatch! expected [401] but found [400]
at org.testng.Assert.fail(Assert.java:111)
at org.testng.Assert.failNotEquals(Assert.java:1590)
at org.testng.Assert.assertEqualsImpl(Assert.java:150)
at org.testng.Assert.assertEquals(Assert.java:132)
at org.testng.Assert.assertEquals(Assert.java:1431)
at org.testng.Assert.assertEquals(Assert.java:1395)
at stepDefinitions.UserLoginSteps.admin_validates_response(UserLoginSteps.java:70)
at ✽.Admin validates response(file:///Users/dineshdeshmukh/eclipse-workspace/Team05APISquadHackathon/src/test/resources/Feature/01UserLoginModule.feature:13)
]]>
    </failure>
  </testcase> <!-- runScenario -->
  <testcase classname="runner.TestRunner" name="runScenario" time="0.509">
    <failure message="Status Code Mismatch! expected [401] but found [400]" type="java.lang.AssertionError">
      <![CDATA[java.lang.AssertionError: Status Code Mismatch! expected [401] but found [400]
at org.testng.Assert.fail(Assert.java:111)
at org.testng.Assert.failNotEquals(Assert.java:1590)
at org.testng.Assert.assertEqualsImpl(Assert.java:150)
at org.testng.Assert.assertEquals(Assert.java:132)
at org.testng.Assert.assertEquals(Assert.java:1431)
at org.testng.Assert.assertEquals(Assert.java:1395)
at stepDefinitions.UserLoginSteps.admin_validates_response(UserLoginSteps.java:70)
at ✽.Admin validates response(file:///Users/dineshdeshmukh/eclipse-workspace/Team05APISquadHackathon/src/test/resources/Feature/01UserLoginModule.feature:13)
]]>
    </failure>
  </testcase> <!-- runScenario -->
  <testcase classname="runner.TestRunner" name="runScenario" time="0.650"/>
  <testcase classname="runner.TestRunner" name="runScenario" time="0.181">
    <error message="Scenario not found in Excel: numbers in password" type="java.lang.RuntimeException">
      <![CDATA[java.lang.RuntimeException: Scenario not found in Excel: numbers in password
at payload.UserLoginPayload.lambda$1(UserLoginPayload.java:39)
at java.base/java.util.Optional.orElseThrow(Optional.java:403)
at payload.UserLoginPayload.getRowData(UserLoginPayload.java:39)
at payload.UserLoginPayload.getLoginPayload(UserLoginPayload.java:22)
at requests.UserLoginRequests.createLoginRequest(UserLoginRequests.java:46)
at stepDefinitions.UserLoginSteps.admin_creates_login_request(UserLoginSteps.java:40)
at ✽.Admin creates request with "numbers in password"(file:///Users/dineshdeshmukh/eclipse-workspace/Team05APISquadHackathon/src/test/resources/Feature/01UserLoginModule.feature:11)
]]>
    </error>
  </testcase> <!-- runScenario -->
</testsuite> <!-- runner.TestRunner -->
