<?xml version="1.0" encoding="UTF-8"?>
<!-- Generated by org.testng.reporters.JUnitReportReporter -->
<testsuite hostname="Dineshs-MacBook-Pro.local" failures="0" tests="2" name="runner.TestRunner" time="15.208" errors="1" timestamp="2026-01-16T17:21:45 EST" skipped="0">
  <testcase classname="runner.TestRunner" name="runScenario" time="13.936"/>
  <testcase classname="runner.TestRunner" name="runScenario" time="1.272">
    <error message="Token1 is missing! Run Confirm Email scenario first." type="java.lang.RuntimeException">
      <![CDATA[java.lang.RuntimeException: Token1 is missing! Run Confirm Email scenario first.
at utilities.TokenManager.getToken1(TokenManager.java:33)
at stepDefinitions.UserLoginSteps.admin_creates_reset_pwd(UserLoginSteps.java:88)
at ✽.Admin creates reset password request with "valid email and new password"(file:///Users/dineshdeshmukh/eclipse-workspace/Team05APISquadHackathon/src/test/resources/Feature/03UserForgotPassword.feature:27)
]]>
    </error>
  </testcase> <!-- runScenario -->
</testsuite> <!-- runner.TestRunner -->
